ERROR   03 Jul 2024 03:17:27 org.joget.apps.app.lib.EmailTool - org.apache.commons.mail.EmailException: Sending the email to the following server failed : smtp-relay.gmail.com:465
org.apache.commons.mail.EmailException: Sending the email to the following server failed : smtp-relay.gmail.com:465
	at org.apache.commons.mail.Email.sendMimeMessage(Email.java:1469) ~[commons-email-1.5.jar:1.5]
	at org.apache.commons.mail.Email.send(Email.java:1496) ~[commons-email-1.5.jar:1.5]
	at org.joget.apps.app.lib.EmailTool$1.run(EmailTool.java:154) [classes/:?]
	at java.lang.Thread.run(Thread.java:829) [?:?]
	at org.joget.commons.util.PluginThread.run(PluginThread.java:67) [wflow-commons-8.1.1.jar:?]
Caused by: javax.mail.AuthenticationFailedException: 535-5.7.8 Username and Password not accepted. For more information, go to
535 5.7.8  https://support.google.com/mail/?p=BadCredentials 586e51a60fabf-25dfa056978sm78591fac.31 - gsmtp

	at com.sun.mail.smtp.SMTPTransport$Authenticator.authenticate(SMTPTransport.java:965) ~[javax.mail-1.6.2.jar:1.6.2]
	at com.sun.mail.smtp.SMTPTransport.authenticate(SMTPTransport.java:876) ~[javax.mail-1.6.2.jar:1.6.2]
	at com.sun.mail.smtp.SMTPTransport.protocolConnect(SMTPTransport.java:780) ~[javax.mail-1.6.2.jar:1.6.2]
	at javax.mail.Service.connect(Service.java:388) ~[javax.mail-1.6.2.jar:1.6.2]
	at javax.mail.Service.connect(Service.java:246) ~[javax.mail-1.6.2.jar:1.6.2]
	at javax.mail.Service.connect(Service.java:195) ~[javax.mail-1.6.2.jar:1.6.2]
	at javax.mail.Transport.send0(Transport.java:254) ~[javax.mail-1.6.2.jar:1.6.2]
	at javax.mail.Transport.send(Transport.java:124) ~[javax.mail-1.6.2.jar:1.6.2]
	at org.apache.commons.mail.Email.sendMimeMessage(Email.java:1459) ~[commons-email-1.5.jar:1.5]
	... 4 more
WARN    03 Jul 2024 03:17:40 org.joget.apps.form.dao.FormDataDaoImpl - Detected duplicated column in Form "formApproval8" [ptfWorkflow v49]: "approverComBenHead" and "approverCombenHead". Removed "approverComBenHead" and replaced with "approverCombenHead".
WARN    03 Jul 2024 03:17:40 org.joget.apps.form.dao.FormDataDaoImpl - Detected duplicated column in Form "formApproval8" [ptfWorkflow v49]: "approverCombenHead" and "approverComBenHead". Removed "approverCombenHead" and replaced with "approverComBenHead".
WARN    03 Jul 2024 03:17:40 org.joget.apps.form.dao.FormDataDaoImpl - Detected duplicated column in Form "formApproval8" [ptfWorkflow v50]: "approverComBenHead" and "approverCombenHead". Removed "approverComBenHead" and replaced with "approverCombenHead".
WARN    03 Jul 2024 03:17:40 org.joget.apps.form.dao.FormDataDaoImpl - Detected duplicated column in Form "formApproval8" [ptfWorkflow v50]: "approverCombenHead" and "approverComBenHead". Removed "approverCombenHead" and replaced with "approverComBenHead".
WARN    03 Jul 2024 03:17:41 org.joget.apps.form.dao.FormDataDaoImpl - Detected duplicated column in Form "formApproval8" [ptfWorkflow v51]: "approverComBenHead" and "approverCombenHead". Removed "approverComBenHead" and replaced with "approverCombenHead".
WARN    03 Jul 2024 03:17:41 org.joget.apps.form.dao.FormDataDaoImpl - Detected duplicated column in Form "formApproval8" [ptfWorkflow v51]: "approverCombenHead" and "approverComBenHead". Removed "approverCombenHead" and replaced with "approverComBenHead".
WARN    03 Jul 2024 03:17:41 org.joget.apps.form.dao.FormDataDaoImpl - Detected duplicated column in Form "formApproval8" [ptfWorkflow v52]: "approverComBenHead" and "approverCombenHead". Removed "approverComBenHead" and replaced with "approverCombenHead".
WARN    03 Jul 2024 03:17:41 org.joget.apps.form.dao.FormDataDaoImpl - Detected duplicated column in Form "formApproval8" [ptfWorkflow v52]: "approverCombenHead" and "approverComBenHead". Removed "approverCombenHead" and replaced with "approverComBenHead".
WARN    03 Jul 2024 03:17:41 org.joget.apps.form.dao.FormDataDaoImpl - Detected duplicated column in Form "formApproval8" [ptfWorkflow v53]: "approverComBenHead" and "approverCombenHead". Removed "approverComBenHead" and replaced with "approverCombenHead".
WARN    03 Jul 2024 03:17:41 org.joget.apps.form.dao.FormDataDaoImpl - Detected duplicated column in Form "formApproval8" [ptfWorkflow v53]: "approverCombenHead" and "approverComBenHead". Removed "approverCombenHead" and replaced with "approverComBenHead".
INFO    03 Jul 2024 03:17:44 org.joget.apps.workflow.security.WorkflowAuthenticationProvider - Authentication for user gde (182.253.194.51) : true
INFO    03 Jul 2024 03:18:02 org.joget.apps.workflow.security.WorkflowAuthenticationProvider - Authentication for user gde (182.253.194.51) : true
INFO    03 Jul 2024 03:18:10 org.displaytag.export.ExportViewFactory - Initializing ExportViewFactory with type={csv,excel,xml,pdf}
INFO    03 Jul 2024 03:18:11 org.displaytag.properties.TableProperties - LocaleResolver initialized to org.joget.apps.app.web.LocalLocaleResolver.
INFO    03 Jul 2024 03:21:56 org.joget.apps.workflow.security.WorkflowAuthenticationProvider - Authentication for user admin (182.253.194.51) : true
INFO    03 Jul 2024 03:22:38 org.joget.apps.workflow.security.WorkflowAuthenticationProvider - Authentication for user 000001 (140.213.5.27) : true
INFO    03 Jul 2024 03:27:01 org.joget.apps.workflow.security.WorkflowAuthenticationProvider - Authentication for user 000001 (140.213.5.27) : false
INFO    03 Jul 2024 03:27:09 org.joget.apps.workflow.security.WorkflowAuthenticationProvider - Authentication for user 000001 (140.213.5.27) : true
INFO    03 Jul 2024 03:28:04 org.enhydra.shark.SharkUtilitiesAspect - Cache object id range : [56208800 - 56209000]
INFO    03 Jul 2024 03:28:04 org.enhydra.shark.SharkUtilitiesAspect - Cache counter range for _activitydata_ : [52335760 - 52335960]
INFO    03 Jul 2024 03:28:05 org.enhydra.shark.SharkUtilitiesAspect - Cache object id range : [56209000 - 56209200]
INFO    03 Jul 2024 03:28:05 org.enhydra.shark.SharkUtilitiesAspect - Cache counter range for _activitydata_ : [52335960 - 52336160]
INFO    03 Jul 2024 03:28:07 org.enhydra.shark.SharkUtilitiesAspect - Cache object id range : [56209200 - 56209400]
INFO    03 Jul 2024 03:28:07 org.enhydra.shark.SharkUtilitiesAspect - Cache counter range for _activitydata_ : [52336160 - 52336360]
ERROR   03 Jul 2024 03:28:08 org.joget.apps.app.service.AppPluginUtil - Error executing script, line number: 13
bsh.TargetError: Sourced file: inline evaluation of: ``import org.joget.workflow.model.service.*; import org.joget.apps.form.model.*; i . . . '' : Method Invocation DriverManager.getConnection
	at bsh.BSHMethodInvocation.eval(BSHMethodInvocation.java:91) ~[bsh-2.0b6.jar:2.0b6 2016-02-05 05:16:19]
	at bsh.BSHPrimaryExpression.eval(BSHPrimaryExpression.java:96) ~[bsh-2.0b6.jar:2.0b6 2016-02-05 05:16:19]
	at bsh.BSHPrimaryExpression.eval(BSHPrimaryExpression.java:41) ~[bsh-2.0b6.jar:2.0b6 2016-02-05 05:16:19]
	at bsh.BSHAssignment.eval(BSHAssignment.java:71) ~[bsh-2.0b6.jar:2.0b6 2016-02-05 05:16:19]
	at bsh.Interpreter.eval(Interpreter.java:659) ~[bsh-2.0b6.jar:2.0b6 2016-02-05 05:16:19]
	at bsh.Interpreter.eval(Interpreter.java:750) ~[bsh-2.0b6.jar:2.0b6 2016-02-05 05:16:19]
	at bsh.Interpreter.eval(Interpreter.java:739) ~[bsh-2.0b6.jar:2.0b6 2016-02-05 05:16:19]
	at org.joget.apps.app.service.AppPluginUtil.executeScript(AppPluginUtil.java:225) [classes/:?]
	at org.joget.apps.app.service.AppPluginUtil.executeScript(AppPluginUtil.java:209) [classes/:?]
	at org.joget.apps.app.lib.BeanShellTool.executeScript_aroundBody16(BeanShellTool.java:59) [classes/:?]
	at org.joget.apps.app.lib.BeanShellTool.executeScript_aroundBody17$advice(BeanShellTool.java:102) [classes/:?]
	at org.joget.apps.app.lib.BeanShellTool.executeScript(BeanShellTool.java:1) [classes/:?]
	at org.joget.apps.app.lib.BeanShellTool.execute_aroundBody6(BeanShellTool.java:37) [classes/:?]
	at org.joget.apps.app.lib.BeanShellTool.execute_aroundBody7$advice(BeanShellTool.java:102) [classes/:?]
	at org.joget.apps.app.lib.BeanShellTool.execute(BeanShellTool.java:1) [classes/:?]
	at org.joget.apps.app.service.AppWorkflowHelper.executeTool(AppWorkflowHelper.java:130) [classes/:?]
	at org.joget.workflow.shark.WorkflowToolActivityHandler.executeActivity(WorkflowToolActivityHandler.java:69) [wflow-wfengine-8.1.1.jar:?]
	at org.enhydra.shark.WfActivityImpl.runTool(WfActivityImpl.java:1487) [sharkkernel-standard-2.0.1.jar:2.0-1]
	at org.enhydra.shark.WfActivityImpl.startActivity(WfActivityImpl.java:1419) [sharkkernel-standard-2.0.1.jar:2.0-1]
	at org.enhydra.shark.WfActivityImpl.activate(WfActivityImpl.java:261) [sharkkernel-standard-2.0.1.jar:2.0-1]
	at org.enhydra.shark.WfProcessImpl.startActivity(WfProcessImpl.java:918) [sharkkernel-standard-2.0.1.jar:2.0-1]
	at org.enhydra.shark.WfProcessImpl.run(WfProcessImpl.java:742) [sharkkernel-standard-2.0.1.jar:2.0-1]
	at org.enhydra.shark.WfProcessImpl.start(WfProcessImpl.java:422) [sharkkernel-standard-2.0.1.jar:2.0-1]
	at org.enhydra.shark.WfActivityImpl.runSubFlow(WfActivityImpl.java:1562) [sharkkernel-standard-2.0.1.jar:2.0-1]
	at org.enhydra.shark.CustomWfActivityImpl.runSubFlow(CustomWfActivityImpl.java:64) [wflow-wfengine-8.1.1.jar:2.0-1]
	at org.enhydra.shark.WfActivityImpl.startActivity(WfActivityImpl.java:1452) [sharkkernel-standard-2.0.1.jar:2.0-1]
	at org.enhydra.shark.WfActivityImpl.activate(WfActivityImpl.java:261) [sharkkernel-standard-2.0.1.jar:2.0-1]
	at org.enhydra.shark.WfProcessImpl.startActivity(WfProcessImpl.java:918) [sharkkernel-standard-2.0.1.jar:2.0-1]
	at org.enhydra.shark.WfProcessImpl.queueNext(WfProcessImpl.java:1134) [sharkkernel-standard-2.0.1.jar:2.0-1]
	at org.enhydra.shark.WfProcessImpl.run(WfProcessImpl.java:750) [sharkkernel-standard-2.0.1.jar:2.0-1]
	at org.enhydra.shark.WfProcessImpl.activity_complete(WfProcessImpl.java:969) [sharkkernel-standard-2.0.1.jar:2.0-1]
	at org.enhydra.shark.WfActivityImpl.finish(WfActivityImpl.java:441) [sharkkernel-standard-2.0.1.jar:2.0-1]
	at org.enhydra.shark.CustomWfActivityImpl.finish(CustomWfActivityImpl.java:113) [wflow-wfengine-8.1.1.jar:2.0-1]
	at org.enhydra.shark.WfActivityImpl.startActivity(WfActivityImpl.java:1407) [sharkkernel-standard-2.0.1.jar:2.0-1]
	at org.enhydra.shark.WfActivityImpl.activate(WfActivityImpl.java:261) [sharkkernel-standard-2.0.1.jar:2.0-1]
	at org.enhydra.shark.WfProcessImpl.startActivity(WfProcessImpl.java:918) [sharkkernel-standard-2.0.1.jar:2.0-1]
	at org.enhydra.shark.WfProcessImpl.handleBrokenAsyncDeadlines(WfProcessImpl.java:2000) [sharkkernel-standard-2.0.1.jar:2.0-1]
	at org.enhydra.shark.CustomWfProcessImpl.checkDeadlines(CustomWfProcessImpl.java:117) [wflow-wfengine-8.1.1.jar:2.0-1]
	at org.enhydra.shark.ExecutionAdmin.checkDeadlinesForProcesses(ExecutionAdmin.java:825) [sharkkernel-standard-2.0.1.jar:2.0-1]
	at org.joget.workflow.model.service.WorkflowManagerImpl.internalCheckDeadlines(WorkflowManagerImpl.java:5304) [wflow-wfengine-8.1.1.jar:?]
	at jdk.internal.reflect.GeneratedMethodAccessor279.invoke(Unknown Source) ~[?:?]
	at jdk.internal.reflect.DelegatingMethodAccessorImpl.invoke(DelegatingMethodAccessorImpl.java:43) ~[?:?]
	at java.lang.reflect.Method.invoke(Method.java:566) ~[?:?]
	at org.springframework.aop.support.AopUtils.invokeJoinpointUsingReflection(AopUtils.java:344) [spring-aop-5.3.33.jar:5.3.33]
	at org.springframework.aop.framework.ReflectiveMethodInvocation.invokeJoinpoint(ReflectiveMethodInvocation.java:198) [spring-aop-5.3.33.jar:5.3.33]
	at org.springframework.aop.framework.ReflectiveMethodInvocation.proceed(ReflectiveMethodInvocation.java:163) [spring-aop-5.3.33.jar:5.3.33]
	at org.springframework.transaction.interceptor.TransactionInterceptor$1.proceedWithInvocation(TransactionInterceptor.java:123) [spring-tx-5.3.33.jar:5.3.33]
	at org.springframework.transaction.interceptor.TransactionAspectSupport.invokeWithinTransaction(TransactionAspectSupport.java:388) [spring-tx-5.3.33.jar:5.3.33]
	at org.springframework.transaction.interceptor.TransactionInterceptor.invoke(TransactionInterceptor.java:119) [spring-tx-5.3.33.jar:5.3.33]
	at org.springframework.aop.framework.ReflectiveMethodInvocation.proceed(ReflectiveMethodInvocation.java:186) [spring-aop-5.3.33.jar:5.3.33]
	at org.joget.apps.app.service.SqlFilterAspect.invoke(SqlFilterAspect.java:38) [classes/:?]
	at org.springframework.aop.framework.ReflectiveMethodInvocation.proceed(ReflectiveMethodInvocation.java:186) [spring-aop-5.3.33.jar:5.3.33]
	at org.springframework.aop.interceptor.ExposeInvocationInterceptor.invoke(ExposeInvocationInterceptor.java:97) [spring-aop-5.3.33.jar:5.3.33]
	at org.springframework.aop.framework.ReflectiveMethodInvocation.proceed(ReflectiveMethodInvocation.java:186) [spring-aop-5.3.33.jar:5.3.33]
	at org.springframework.aop.framework.JdkDynamicAopProxy.invoke(JdkDynamicAopProxy.java:241) [spring-aop-5.3.33.jar:5.3.33]
	at com.sun.proxy.$Proxy134.internalCheckDeadlines(Unknown Source) [?:?]
	at org.joget.workflow.shark.DeadlineChecker.runMe(DeadlineChecker.java:240) [wflow-wfengine-8.1.1.jar:?]
	at org.joget.workflow.shark.DeadlineChecker.run(DeadlineChecker.java:143) [wflow-wfengine-8.1.1.jar:?]
Caused by: java.sql.SQLException: Could not connect to address=(host=localhost)(port=3306)(type=master) : RSA public key is not available client side (option serverRsaPublicKeyFile not set)
	at org.mariadb.jdbc.internal.util.exceptions.ExceptionMapper.get(ExceptionMapper.java:262) ~[mariadb-java-client-2.5.0.jar:?]
	at org.mariadb.jdbc.internal.protocol.AbstractConnectProtocol.connectWithoutProxy(AbstractConnectProtocol.java:1241) ~[mariadb-java-client-2.5.0.jar:?]
	at org.mariadb.jdbc.internal.util.Utils.retrieveProxy(Utils.java:610) ~[mariadb-java-client-2.5.0.jar:?]
	at org.mariadb.jdbc.MariaDbConnection.newConnection(MariaDbConnection.java:142) ~[mariadb-java-client-2.5.0.jar:?]
	at org.mariadb.jdbc.Driver.connect_aroundBody0(Driver.java:86) ~[mariadb-java-client-2.5.0.jar:?]
	at org.mariadb.jdbc.Driver.connect_aroundBody1$advice(Driver.java:158) ~[mariadb-java-client-2.5.0.jar:?]
	at org.mariadb.jdbc.Driver.connect(Driver.java:1) ~[mariadb-java-client-2.5.0.jar:?]
	at java.sql.DriverManager.getConnection(DriverManager.java:677) ~[java.sql:?]
	at java.sql.DriverManager.getConnection(DriverManager.java:228) ~[java.sql:?]
	at jdk.internal.reflect.NativeMethodAccessorImpl.invoke0(Native Method) ~[?:?]
	at jdk.internal.reflect.NativeMethodAccessorImpl.invoke(NativeMethodAccessorImpl.java:62) ~[?:?]
	at jdk.internal.reflect.DelegatingMethodAccessorImpl.invoke(DelegatingMethodAccessorImpl.java:43) ~[?:?]
	at java.lang.reflect.Method.invoke(Method.java:566) ~[?:?]
	at bsh.Reflect.invokeMethod(Reflect.java:131) ~[bsh-2.0b6.jar:2.0b6 2016-02-05 05:16:19]
	at bsh.Reflect.invokeStaticMethod(Reflect.java:95) ~[bsh-2.0b6.jar:2.0b6 2016-02-05 05:16:19]
	at bsh.Name.invokeMethod(Name.java:868) ~[bsh-2.0b6.jar:2.0b6 2016-02-05 05:16:19]
	at bsh.BSHMethodInvocation.eval(BSHMethodInvocation.java:69) ~[bsh-2.0b6.jar:2.0b6 2016-02-05 05:16:19]
	... 57 more
Caused by: java.sql.SQLException: RSA public key is not available client side (option serverRsaPublicKeyFile not set)
	at org.mariadb.jdbc.internal.com.send.authentication.CachingSha2PasswordPlugin.process(CachingSha2PasswordPlugin.java:176) ~[mariadb-java-client-2.5.0.jar:?]
	at org.mariadb.jdbc.internal.protocol.AbstractConnectProtocol.authenticationHandler(AbstractConnectProtocol.java:703) ~[mariadb-java-client-2.5.0.jar:?]
	at org.mariadb.jdbc.internal.protocol.AbstractConnectProtocol.createConnection(AbstractConnectProtocol.java:507) ~[mariadb-java-client-2.5.0.jar:?]
	at org.mariadb.jdbc.internal.protocol.AbstractConnectProtocol.connectWithoutProxy(AbstractConnectProtocol.java:1236) ~[mariadb-java-client-2.5.0.jar:?]
	at org.mariadb.jdbc.internal.util.Utils.retrieveProxy(Utils.java:610) ~[mariadb-java-client-2.5.0.jar:?]
	at org.mariadb.jdbc.MariaDbConnection.newConnection(MariaDbConnection.java:142) ~[mariadb-java-client-2.5.0.jar:?]
	at org.mariadb.jdbc.Driver.connect_aroundBody0(Driver.java:86) ~[mariadb-java-client-2.5.0.jar:?]
	at org.mariadb.jdbc.Driver.connect_aroundBody1$advice(Driver.java:158) ~[mariadb-java-client-2.5.0.jar:?]
	at org.mariadb.jdbc.Driver.connect(Driver.java:1) ~[mariadb-java-client-2.5.0.jar:?]
	at java.sql.DriverManager.getConnection(DriverManager.java:677) ~[java.sql:?]
	at java.sql.DriverManager.getConnection(DriverManager.java:228) ~[java.sql:?]
	at jdk.internal.reflect.NativeMethodAccessorImpl.invoke0(Native Method) ~[?:?]
	at jdk.internal.reflect.NativeMethodAccessorImpl.invoke(NativeMethodAccessorImpl.java:62) ~[?:?]
	at jdk.internal.reflect.DelegatingMethodAccessorImpl.invoke(DelegatingMethodAccessorImpl.java:43) ~[?:?]
	at java.lang.reflect.Method.invoke(Method.java:566) ~[?:?]
	at bsh.Reflect.invokeMethod(Reflect.java:131) ~[bsh-2.0b6.jar:2.0b6 2016-02-05 05:16:19]
	at bsh.Reflect.invokeStaticMethod(Reflect.java:95) ~[bsh-2.0b6.jar:2.0b6 2016-02-05 05:16:19]
	at bsh.Name.invokeMethod(Name.java:868) ~[bsh-2.0b6.jar:2.0b6 2016-02-05 05:16:19]
	at bsh.BSHMethodInvocation.eval(BSHMethodInvocation.java:69) ~[bsh-2.0b6.jar:2.0b6 2016-02-05 05:16:19]
	... 57 more
INFO    03 Jul 2024 03:28:08 org.enhydra.shark.SharkUtilitiesAspect - Cache object id range : [56209400 - 56209600]
INFO    03 Jul 2024 03:28:09 org.enhydra.shark.SharkUtilitiesAspect - Cache counter range for _activitydata_ : [52336360 - 52336560]
INFO    03 Jul 2024 03:28:09 org.joget.apps.app.lib.EmailTool - EmailTool: Sending email from=noreply@sinarmasmining.com, to=dadan.setiadi@itasoft.co.id, cc=;, bcc=, subject=WeSign request of [PTF] Test Dummy Movement Tittle By Itasoft Need Your Approval as Current HRBP
INFO    03 Jul 2024 03:28:09 org.joget.apps.app.lib.JsonTool - POST : 
INFO    03 Jul 2024 03:28:09 org.joget.apps.app.lib.JsonTool - Adding param message : {     "11": "HRIS SMM",     "22": "WeSign request of [PTF] Test Dummy Movement Tittle By Itasoft Need Your Approval as Current HRBP",     "33": "https://wesign.sinarmasmining.com/jw/web/userview/ptfWorkflow/ptfWorkflowLog/_/FLog?u=admin&activityId=1123320_50005_ptfWorkflow_ptf_approver3Massal" }
INFO    03 Jul 2024 03:28:09 org.joget.apps.app.lib.JsonTool - Adding param template_id : v5_hris_1
INFO    03 Jul 2024 03:28:09 org.joget.apps.app.lib.JsonTool - Adding param api_key : MzyVE4m1_P
INFO    03 Jul 2024 03:28:09 org.joget.apps.app.lib.JsonTool - Adding param shorten_url : 33
INFO    03 Jul 2024 03:28:09 org.joget.apps.app.lib.JsonTool - Adding param to_no : 6285315646257
INFO    03 Jul 2024 03:28:09 org.joget.apps.app.lib.JsonTool - Adding request header Content-Type : application/x-www-form-urlencoded
ERROR   03 Jul 2024 03:28:09 org.joget.apps.app.lib.JsonTool - org.apache.http.client.ClientProtocolException
org.apache.http.client.ClientProtocolException: null
	at org.apache.http.impl.client.InternalHttpClient.doExecute(InternalHttpClient.java:187) ~[httpclient-4.5.13.jar:4.5.13]
	at org.apache.http.impl.client.CloseableHttpClient.execute(CloseableHttpClient.java:83) ~[httpclient-4.5.13.jar:4.5.13]
	at org.apache.http.impl.client.CloseableHttpClient.execute(CloseableHttpClient.java:108) ~[httpclient-4.5.13.jar:4.5.13]
	at org.joget.apps.app.lib.JsonTool.execute_aroundBody12(JsonTool.java:146) [classes/:?]
	at org.joget.apps.app.lib.JsonTool.execute_aroundBody13$advice(JsonTool.java:102) [classes/:?]
	at org.joget.apps.app.lib.JsonTool.execute(JsonTool.java:1) [classes/:?]
	at org.joget.apps.app.service.AppWorkflowHelper.executeTool(AppWorkflowHelper.java:130) [classes/:?]
	at org.joget.workflow.shark.WorkflowToolActivityHandler.executeActivity(WorkflowToolActivityHandler.java:69) [wflow-wfengine-8.1.1.jar:?]
	at org.enhydra.shark.WfActivityImpl.runTool(WfActivityImpl.java:1487) [sharkkernel-standard-2.0.1.jar:2.0-1]
	at org.enhydra.shark.WfActivityImpl.startActivity(WfActivityImpl.java:1419) [sharkkernel-standard-2.0.1.jar:2.0-1]
	at org.enhydra.shark.WfActivityImpl.activate(WfActivityImpl.java:261) [sharkkernel-standard-2.0.1.jar:2.0-1]
	at org.enhydra.shark.WfProcessImpl.startActivity(WfProcessImpl.java:918) [sharkkernel-standard-2.0.1.jar:2.0-1]
	at org.enhydra.shark.WfProcessImpl.queueNext(WfProcessImpl.java:1134) [sharkkernel-standard-2.0.1.jar:2.0-1]
	at org.enhydra.shark.WfProcessImpl.run(WfProcessImpl.java:750) [sharkkernel-standard-2.0.1.jar:2.0-1]
	at org.enhydra.shark.WfProcessImpl.start(WfProcessImpl.java:422) [sharkkernel-standard-2.0.1.jar:2.0-1]
	at org.enhydra.shark.WfActivityImpl.runSubFlow(WfActivityImpl.java:1562) [sharkkernel-standard-2.0.1.jar:2.0-1]
	at org.enhydra.shark.CustomWfActivityImpl.runSubFlow(CustomWfActivityImpl.java:64) [wflow-wfengine-8.1.1.jar:2.0-1]
	at org.enhydra.shark.WfActivityImpl.startActivity(WfActivityImpl.java:1452) [sharkkernel-standard-2.0.1.jar:2.0-1]
	at org.enhydra.shark.WfActivityImpl.activate(WfActivityImpl.java:261) [sharkkernel-standard-2.0.1.jar:2.0-1]
	at org.enhydra.shark.WfProcessImpl.startActivity(WfProcessImpl.java:918) [sharkkernel-standard-2.0.1.jar:2.0-1]
	at org.enhydra.shark.WfProcessImpl.queueNext(WfProcessImpl.java:1134) [sharkkernel-standard-2.0.1.jar:2.0-1]
	at org.enhydra.shark.WfProcessImpl.run(WfProcessImpl.java:750) [sharkkernel-standard-2.0.1.jar:2.0-1]
	at org.enhydra.shark.WfProcessImpl.activity_complete(WfProcessImpl.java:969) [sharkkernel-standard-2.0.1.jar:2.0-1]
	at org.enhydra.shark.WfActivityImpl.finish(WfActivityImpl.java:441) [sharkkernel-standard-2.0.1.jar:2.0-1]
	at org.enhydra.shark.CustomWfActivityImpl.finish(CustomWfActivityImpl.java:113) [wflow-wfengine-8.1.1.jar:2.0-1]
	at org.enhydra.shark.WfActivityImpl.startActivity(WfActivityImpl.java:1407) [sharkkernel-standard-2.0.1.jar:2.0-1]
	at org.enhydra.shark.WfActivityImpl.activate(WfActivityImpl.java:261) [sharkkernel-standard-2.0.1.jar:2.0-1]
	at org.enhydra.shark.WfProcessImpl.startActivity(WfProcessImpl.java:918) [sharkkernel-standard-2.0.1.jar:2.0-1]
	at org.enhydra.shark.WfProcessImpl.handleBrokenAsyncDeadlines(WfProcessImpl.java:2000) [sharkkernel-standard-2.0.1.jar:2.0-1]
	at org.enhydra.shark.CustomWfProcessImpl.checkDeadlines(CustomWfProcessImpl.java:117) [wflow-wfengine-8.1.1.jar:2.0-1]
	at org.enhydra.shark.ExecutionAdmin.checkDeadlinesForProcesses(ExecutionAdmin.java:825) [sharkkernel-standard-2.0.1.jar:2.0-1]
	at org.joget.workflow.model.service.WorkflowManagerImpl.internalCheckDeadlines(WorkflowManagerImpl.java:5304) [wflow-wfengine-8.1.1.jar:?]
	at jdk.internal.reflect.GeneratedMethodAccessor279.invoke(Unknown Source) ~[?:?]
	at jdk.internal.reflect.DelegatingMethodAccessorImpl.invoke(DelegatingMethodAccessorImpl.java:43) ~[?:?]
	at java.lang.reflect.Method.invoke(Method.java:566) ~[?:?]
	at org.springframework.aop.support.AopUtils.invokeJoinpointUsingReflection(AopUtils.java:344) [spring-aop-5.3.33.jar:5.3.33]
	at org.springframework.aop.framework.ReflectiveMethodInvocation.invokeJoinpoint(ReflectiveMethodInvocation.java:198) [spring-aop-5.3.33.jar:5.3.33]
	at org.springframework.aop.framework.ReflectiveMethodInvocation.proceed(ReflectiveMethodInvocation.java:163) [spring-aop-5.3.33.jar:5.3.33]
	at org.springframework.transaction.interceptor.TransactionInterceptor$1.proceedWithInvocation(TransactionInterceptor.java:123) [spring-tx-5.3.33.jar:5.3.33]
	at org.springframework.transaction.interceptor.TransactionAspectSupport.invokeWithinTransaction(TransactionAspectSupport.java:388) [spring-tx-5.3.33.jar:5.3.33]
	at org.springframework.transaction.interceptor.TransactionInterceptor.invoke(TransactionInterceptor.java:119) [spring-tx-5.3.33.jar:5.3.33]
	at org.springframework.aop.framework.ReflectiveMethodInvocation.proceed(ReflectiveMethodInvocation.java:186) [spring-aop-5.3.33.jar:5.3.33]
	at org.joget.apps.app.service.SqlFilterAspect.invoke(SqlFilterAspect.java:38) [classes/:?]
	at org.springframework.aop.framework.ReflectiveMethodInvocation.proceed(ReflectiveMethodInvocation.java:186) [spring-aop-5.3.33.jar:5.3.33]
	at org.springframework.aop.interceptor.ExposeInvocationInterceptor.invoke(ExposeInvocationInterceptor.java:97) [spring-aop-5.3.33.jar:5.3.33]
	at org.springframework.aop.framework.ReflectiveMethodInvocation.proceed(ReflectiveMethodInvocation.java:186) [spring-aop-5.3.33.jar:5.3.33]
	at org.springframework.aop.framework.JdkDynamicAopProxy.invoke(JdkDynamicAopProxy.java:241) [spring-aop-5.3.33.jar:5.3.33]
	at com.sun.proxy.$Proxy134.internalCheckDeadlines(Unknown Source) [?:?]
	at org.joget.workflow.shark.DeadlineChecker.runMe(DeadlineChecker.java:240) [wflow-wfengine-8.1.1.jar:?]
	at org.joget.workflow.shark.DeadlineChecker.run(DeadlineChecker.java:143) [wflow-wfengine-8.1.1.jar:?]
Caused by: org.apache.http.ProtocolException: Target host is not specified
	at org.apache.http.impl.conn.DefaultRoutePlanner.determineRoute(DefaultRoutePlanner.java:71) ~[httpclient-4.5.13.jar:4.5.13]
	at org.apache.http.impl.client.InternalHttpClient.determineRoute(InternalHttpClient.java:125) ~[httpclient-4.5.13.jar:4.5.13]
	at org.apache.http.impl.client.InternalHttpClient.doExecute(InternalHttpClient.java:184) ~[httpclient-4.5.13.jar:4.5.13]
	... 49 more
INFO    03 Jul 2024 03:28:13 org.joget.apps.app.lib.EmailTool - EmailTool: Sending email completed for subject=WeSign request of [PTF] Test Dummy Movement Tittle By Itasoft Need Your Approval as Current HRBP
INFO    03 Jul 2024 03:36:23 org.joget.apps.workflow.security.WorkflowAuthenticationProvider - Authentication for user 000001 (182.253.194.51) : true
INFO    03 Jul 2024 03:39:47 org.enhydra.shark.SharkUtilitiesAspect - Cache object id range : [56209600 - 56209800]
INFO    03 Jul 2024 03:39:47 org.enhydra.shark.SharkUtilitiesAspect - Cache counter range for _activitydata_ : [52336560 - 52336760]
INFO    03 Jul 2024 03:39:48 org.enhydra.shark.SharkUtilitiesAspect - Cache object id range : [56209800 - 56210000]
INFO    03 Jul 2024 03:39:48 org.enhydra.shark.SharkUtilitiesAspect - Cache counter range for _activitydata_ : [52336760 - 52336960]
INFO    03 Jul 2024 03:39:49 org.enhydra.shark.SharkUtilitiesAspect - Cache object id range : [56210000 - 56210200]
INFO    03 Jul 2024 03:39:50 org.enhydra.shark.SharkUtilitiesAspect - Cache counter range for _activitydata_ : [52336960 - 52337160]
INFO    03 Jul 2024 03:39:51 org.enhydra.shark.SharkUtilitiesAspect - Cache object id range : [56210200 - 56210400]
ERROR   03 Jul 2024 03:39:51 org.joget.apps.app.service.AppPluginUtil - Error executing script, line number: 13
bsh.TargetError: Sourced file: inline evaluation of: ``import org.joget.workflow.model.service.*; import org.joget.apps.form.model.*; i . . . '' : Method Invocation DriverManager.getConnection
	at bsh.BSHMethodInvocation.eval(BSHMethodInvocation.java:91) ~[bsh-2.0b6.jar:2.0b6 2016-02-05 05:16:19]
	at bsh.BSHPrimaryExpression.eval(BSHPrimaryExpression.java:96) ~[bsh-2.0b6.jar:2.0b6 2016-02-05 05:16:19]
	at bsh.BSHPrimaryExpression.eval(BSHPrimaryExpression.java:41) ~[bsh-2.0b6.jar:2.0b6 2016-02-05 05:16:19]
	at bsh.BSHAssignment.eval(BSHAssignment.java:71) ~[bsh-2.0b6.jar:2.0b6 2016-02-05 05:16:19]
	at bsh.Interpreter.eval(Interpreter.java:659) ~[bsh-2.0b6.jar:2.0b6 2016-02-05 05:16:19]
	at bsh.Interpreter.eval(Interpreter.java:750) ~[bsh-2.0b6.jar:2.0b6 2016-02-05 05:16:19]
	at bsh.Interpreter.eval(Interpreter.java:739) ~[bsh-2.0b6.jar:2.0b6 2016-02-05 05:16:19]
	at org.joget.apps.app.service.AppPluginUtil.executeScript(AppPluginUtil.java:225) [classes/:?]
	at org.joget.apps.app.service.AppPluginUtil.executeScript(AppPluginUtil.java:209) [classes/:?]
	at org.joget.apps.app.lib.BeanShellTool.executeScript_aroundBody16(BeanShellTool.java:59) [classes/:?]
	at org.joget.apps.app.lib.BeanShellTool.executeScript_aroundBody17$advice(BeanShellTool.java:102) [classes/:?]
	at org.joget.apps.app.lib.BeanShellTool.executeScript(BeanShellTool.java:1) [classes/:?]
	at org.joget.apps.app.lib.BeanShellTool.execute_aroundBody6(BeanShellTool.java:37) [classes/:?]
	at org.joget.apps.app.lib.BeanShellTool.execute_aroundBody7$advice(BeanShellTool.java:102) [classes/:?]
	at org.joget.apps.app.lib.BeanShellTool.execute(BeanShellTool.java:1) [classes/:?]
	at org.joget.apps.app.service.AppWorkflowHelper.executeTool(AppWorkflowHelper.java:130) [classes/:?]
	at org.joget.workflow.shark.WorkflowToolActivityHandler.executeActivity(WorkflowToolActivityHandler.java:69) [wflow-wfengine-8.1.1.jar:?]
	at org.enhydra.shark.WfActivityImpl.runTool(WfActivityImpl.java:1487) [sharkkernel-standard-2.0.1.jar:2.0-1]
	at org.enhydra.shark.WfActivityImpl.startActivity(WfActivityImpl.java:1419) [sharkkernel-standard-2.0.1.jar:2.0-1]
	at org.enhydra.shark.WfActivityImpl.activate(WfActivityImpl.java:261) [sharkkernel-standard-2.0.1.jar:2.0-1]
	at org.enhydra.shark.WfProcessImpl.startActivity(WfProcessImpl.java:918) [sharkkernel-standard-2.0.1.jar:2.0-1]
	at org.enhydra.shark.WfProcessImpl.run(WfProcessImpl.java:742) [sharkkernel-standard-2.0.1.jar:2.0-1]
	at org.enhydra.shark.WfProcessImpl.start(WfProcessImpl.java:422) [sharkkernel-standard-2.0.1.jar:2.0-1]
	at org.enhydra.shark.WfActivityImpl.runSubFlow(WfActivityImpl.java:1562) [sharkkernel-standard-2.0.1.jar:2.0-1]
	at org.enhydra.shark.CustomWfActivityImpl.runSubFlow(CustomWfActivityImpl.java:64) [wflow-wfengine-8.1.1.jar:2.0-1]
	at org.enhydra.shark.WfActivityImpl.startActivity(WfActivityImpl.java:1452) [sharkkernel-standard-2.0.1.jar:2.0-1]
	at org.enhydra.shark.WfActivityImpl.activate(WfActivityImpl.java:261) [sharkkernel-standard-2.0.1.jar:2.0-1]
	at org.enhydra.shark.WfProcessImpl.startActivity(WfProcessImpl.java:918) [sharkkernel-standard-2.0.1.jar:2.0-1]
	at org.enhydra.shark.WfProcessImpl.queueNext(WfProcessImpl.java:1134) [sharkkernel-standard-2.0.1.jar:2.0-1]
	at org.enhydra.shark.WfProcessImpl.run(WfProcessImpl.java:750) [sharkkernel-standard-2.0.1.jar:2.0-1]
	at org.enhydra.shark.WfProcessImpl.activity_complete(WfProcessImpl.java:969) [sharkkernel-standard-2.0.1.jar:2.0-1]
	at org.enhydra.shark.WfActivityImpl.finish(WfActivityImpl.java:441) [sharkkernel-standard-2.0.1.jar:2.0-1]
	at org.enhydra.shark.CustomWfActivityImpl.finish(CustomWfActivityImpl.java:113) [wflow-wfengine-8.1.1.jar:2.0-1]
	at org.enhydra.shark.WfActivityImpl.startActivity(WfActivityImpl.java:1407) [sharkkernel-standard-2.0.1.jar:2.0-1]
	at org.enhydra.shark.WfActivityImpl.activate(WfActivityImpl.java:261) [sharkkernel-standard-2.0.1.jar:2.0-1]
	at org.enhydra.shark.WfProcessImpl.startActivity(WfProcessImpl.java:918) [sharkkernel-standard-2.0.1.jar:2.0-1]
	at org.enhydra.shark.WfProcessImpl.handleBrokenAsyncDeadlines(WfProcessImpl.java:2000) [sharkkernel-standard-2.0.1.jar:2.0-1]
	at org.enhydra.shark.CustomWfProcessImpl.checkDeadlines(CustomWfProcessImpl.java:117) [wflow-wfengine-8.1.1.jar:2.0-1]
	at org.enhydra.shark.ExecutionAdmin.checkDeadlinesForProcesses(ExecutionAdmin.java:825) [sharkkernel-standard-2.0.1.jar:2.0-1]
	at org.joget.workflow.model.service.WorkflowManagerImpl.internalCheckDeadlines(WorkflowManagerImpl.java:5304) [wflow-wfengine-8.1.1.jar:?]
	at jdk.internal.reflect.GeneratedMethodAccessor279.invoke(Unknown Source) ~[?:?]
	at jdk.internal.reflect.DelegatingMethodAccessorImpl.invoke(DelegatingMethodAccessorImpl.java:43) ~[?:?]
	at java.lang.reflect.Method.invoke(Method.java:566) ~[?:?]
	at org.springframework.aop.support.AopUtils.invokeJoinpointUsingReflection(AopUtils.java:344) [spring-aop-5.3.33.jar:5.3.33]
	at org.springframework.aop.framework.ReflectiveMethodInvocation.invokeJoinpoint(ReflectiveMethodInvocation.java:198) [spring-aop-5.3.33.jar:5.3.33]
	at org.springframework.aop.framework.ReflectiveMethodInvocation.proceed(ReflectiveMethodInvocation.java:163) [spring-aop-5.3.33.jar:5.3.33]
	at org.springframework.transaction.interceptor.TransactionInterceptor$1.proceedWithInvocation(TransactionInterceptor.java:123) [spring-tx-5.3.33.jar:5.3.33]
	at org.springframework.transaction.interceptor.TransactionAspectSupport.invokeWithinTransaction(TransactionAspectSupport.java:388) [spring-tx-5.3.33.jar:5.3.33]
	at org.springframework.transaction.interceptor.TransactionInterceptor.invoke(TransactionInterceptor.java:119) [spring-tx-5.3.33.jar:5.3.33]
	at org.springframework.aop.framework.ReflectiveMethodInvocation.proceed(ReflectiveMethodInvocation.java:186) [spring-aop-5.3.33.jar:5.3.33]
	at org.joget.apps.app.service.SqlFilterAspect.invoke(SqlFilterAspect.java:38) [classes/:?]
	at org.springframework.aop.framework.ReflectiveMethodInvocation.proceed(ReflectiveMethodInvocation.java:186) [spring-aop-5.3.33.jar:5.3.33]
	at org.springframework.aop.interceptor.ExposeInvocationInterceptor.invoke(ExposeInvocationInterceptor.java:97) [spring-aop-5.3.33.jar:5.3.33]
	at org.springframework.aop.framework.ReflectiveMethodInvocation.proceed(ReflectiveMethodInvocation.java:186) [spring-aop-5.3.33.jar:5.3.33]
	at org.springframework.aop.framework.JdkDynamicAopProxy.invoke(JdkDynamicAopProxy.java:241) [spring-aop-5.3.33.jar:5.3.33]
	at com.sun.proxy.$Proxy134.internalCheckDeadlines(Unknown Source) [?:?]
	at org.joget.workflow.shark.DeadlineChecker.runMe(DeadlineChecker.java:240) [wflow-wfengine-8.1.1.jar:?]
	at org.joget.workflow.shark.DeadlineChecker.run(DeadlineChecker.java:143) [wflow-wfengine-8.1.1.jar:?]
Caused by: java.sql.SQLException: Could not connect to address=(host=localhost)(port=3306)(type=master) : RSA public key is not available client side (option serverRsaPublicKeyFile not set)
	at org.mariadb.jdbc.internal.util.exceptions.ExceptionMapper.get(ExceptionMapper.java:262) ~[mariadb-java-client-2.5.0.jar:?]
	at org.mariadb.jdbc.internal.protocol.AbstractConnectProtocol.connectWithoutProxy(AbstractConnectProtocol.java:1241) ~[mariadb-java-client-2.5.0.jar:?]
	at org.mariadb.jdbc.internal.util.Utils.retrieveProxy(Utils.java:610) ~[mariadb-java-client-2.5.0.jar:?]
	at org.mariadb.jdbc.MariaDbConnection.newConnection(MariaDbConnection.java:142) ~[mariadb-java-client-2.5.0.jar:?]
	at org.mariadb.jdbc.Driver.connect_aroundBody0(Driver.java:86) ~[mariadb-java-client-2.5.0.jar:?]
	at org.mariadb.jdbc.Driver.connect_aroundBody1$advice(Driver.java:158) ~[mariadb-java-client-2.5.0.jar:?]
	at org.mariadb.jdbc.Driver.connect(Driver.java:1) ~[mariadb-java-client-2.5.0.jar:?]
	at java.sql.DriverManager.getConnection(DriverManager.java:677) ~[java.sql:?]
	at java.sql.DriverManager.getConnection(DriverManager.java:228) ~[java.sql:?]
	at jdk.internal.reflect.NativeMethodAccessorImpl.invoke0(Native Method) ~[?:?]
	at jdk.internal.reflect.NativeMethodAccessorImpl.invoke(NativeMethodAccessorImpl.java:62) ~[?:?]
	at jdk.internal.reflect.DelegatingMethodAccessorImpl.invoke(DelegatingMethodAccessorImpl.java:43) ~[?:?]
	at java.lang.reflect.Method.invoke(Method.java:566) ~[?:?]
	at bsh.Reflect.invokeMethod(Reflect.java:131) ~[bsh-2.0b6.jar:2.0b6 2016-02-05 05:16:19]
	at bsh.Reflect.invokeStaticMethod(Reflect.java:95) ~[bsh-2.0b6.jar:2.0b6 2016-02-05 05:16:19]
	at bsh.Name.invokeMethod(Name.java:868) ~[bsh-2.0b6.jar:2.0b6 2016-02-05 05:16:19]
	at bsh.BSHMethodInvocation.eval(BSHMethodInvocation.java:69) ~[bsh-2.0b6.jar:2.0b6 2016-02-05 05:16:19]
	... 57 more
Caused by: java.sql.SQLException: RSA public key is not available client side (option serverRsaPublicKeyFile not set)
	at org.mariadb.jdbc.internal.com.send.authentication.CachingSha2PasswordPlugin.process(CachingSha2PasswordPlugin.java:176) ~[mariadb-java-client-2.5.0.jar:?]
	at org.mariadb.jdbc.internal.protocol.AbstractConnectProtocol.authenticationHandler(AbstractConnectProtocol.java:703) ~[mariadb-java-client-2.5.0.jar:?]
	at org.mariadb.jdbc.internal.protocol.AbstractConnectProtocol.createConnection(AbstractConnectProtocol.java:507) ~[mariadb-java-client-2.5.0.jar:?]
	at org.mariadb.jdbc.internal.protocol.AbstractConnectProtocol.connectWithoutProxy(AbstractConnectProtocol.java:1236) ~[mariadb-java-client-2.5.0.jar:?]
	at org.mariadb.jdbc.internal.util.Utils.retrieveProxy(Utils.java:610) ~[mariadb-java-client-2.5.0.jar:?]
	at org.mariadb.jdbc.MariaDbConnection.newConnection(MariaDbConnection.java:142) ~[mariadb-java-client-2.5.0.jar:?]
	at org.mariadb.jdbc.Driver.connect_aroundBody0(Driver.java:86) ~[mariadb-java-client-2.5.0.jar:?]
	at org.mariadb.jdbc.Driver.connect_aroundBody1$advice(Driver.java:158) ~[mariadb-java-client-2.5.0.jar:?]
	at org.mariadb.jdbc.Driver.connect(Driver.java:1) ~[mariadb-java-client-2.5.0.jar:?]
	at java.sql.DriverManager.getConnection(DriverManager.java:677) ~[java.sql:?]
	at java.sql.DriverManager.getConnection(DriverManager.java:228) ~[java.sql:?]
	at jdk.internal.reflect.NativeMethodAccessorImpl.invoke0(Native Method) ~[?:?]
	at jdk.internal.reflect.NativeMethodAccessorImpl.invoke(NativeMethodAccessorImpl.java:62) ~[?:?]
	at jdk.internal.reflect.DelegatingMethodAccessorImpl.invoke(DelegatingMethodAccessorImpl.java:43) ~[?:?]
	at java.lang.reflect.Method.invoke(Method.java:566) ~[?:?]
	at bsh.Reflect.invokeMethod(Reflect.java:131) ~[bsh-2.0b6.jar:2.0b6 2016-02-05 05:16:19]
	at bsh.Reflect.invokeStaticMethod(Reflect.java:95) ~[bsh-2.0b6.jar:2.0b6 2016-02-05 05:16:19]
	at bsh.Name.invokeMethod(Name.java:868) ~[bsh-2.0b6.jar:2.0b6 2016-02-05 05:16:19]
	at bsh.BSHMethodInvocation.eval(BSHMethodInvocation.java:69) ~[bsh-2.0b6.jar:2.0b6 2016-02-05 05:16:19]
	... 57 more
INFO    03 Jul 2024 03:39:51 org.enhydra.shark.SharkUtilitiesAspect - Cache counter range for _activitydata_ : [52337160 - 52337360]
INFO    03 Jul 2024 03:39:52 org.joget.apps.app.lib.EmailTool - EmailTool: Sending email from=noreply@sinarmasmining.com, to=dadan.setiadi@itasoft.co.id, cc=;, bcc=, subject=WeSign request of [PTF] Rotation  a.n. Aji Inisti Udma Wijaya Need Your Approval as Current HRBP
INFO    03 Jul 2024 03:39:52 org.joget.apps.app.lib.JsonTool - POST : 
INFO    03 Jul 2024 03:39:52 org.joget.apps.app.lib.JsonTool - Adding param message : {     "11": "HRIS SMM",     "22": "WeSign request of [PTF] Rotation  a.n. Aji Inisti Udma Wijaya Need Your Approval as Current HRBP",     "33": "https://wesign.sinarmasmining.com/jw/web/userview/ptfWorkflow/ptfWorkflowLog/_/FLog?u=admin&activityId=1121368_49216_ptfWorkflow_ptf_approver3" }
INFO    03 Jul 2024 03:39:52 org.joget.apps.app.lib.JsonTool - Adding param template_id : v5_hris_1
INFO    03 Jul 2024 03:39:52 org.joget.apps.app.lib.JsonTool - Adding param api_key : MzyVE4m1_P
INFO    03 Jul 2024 03:39:52 org.joget.apps.app.lib.JsonTool - Adding param shorten_url : 33
INFO    03 Jul 2024 03:39:52 org.joget.apps.app.lib.JsonTool - Adding param to_no : 6285315646257
INFO    03 Jul 2024 03:39:52 org.joget.apps.app.lib.JsonTool - Adding request header Content-Type : application/x-www-form-urlencoded
ERROR   03 Jul 2024 03:39:52 org.joget.apps.app.lib.JsonTool - org.apache.http.client.ClientProtocolException
org.apache.http.client.ClientProtocolException: null
	at org.apache.http.impl.client.InternalHttpClient.doExecute(InternalHttpClient.java:187) ~[httpclient-4.5.13.jar:4.5.13]
	at org.apache.http.impl.client.CloseableHttpClient.execute(CloseableHttpClient.java:83) ~[httpclient-4.5.13.jar:4.5.13]
	at org.apache.http.impl.client.CloseableHttpClient.execute(CloseableHttpClient.java:108) ~[httpclient-4.5.13.jar:4.5.13]
	at org.joget.apps.app.lib.JsonTool.execute_aroundBody12(JsonTool.java:146) [classes/:?]
	at org.joget.apps.app.lib.JsonTool.execute_aroundBody13$advice(JsonTool.java:102) [classes/:?]
	at org.joget.apps.app.lib.JsonTool.execute(JsonTool.java:1) [classes/:?]
	at org.joget.apps.app.service.AppWorkflowHelper.executeTool(AppWorkflowHelper.java:130) [classes/:?]
	at org.joget.workflow.shark.WorkflowToolActivityHandler.executeActivity(WorkflowToolActivityHandler.java:69) [wflow-wfengine-8.1.1.jar:?]
	at org.enhydra.shark.WfActivityImpl.runTool(WfActivityImpl.java:1487) [sharkkernel-standard-2.0.1.jar:2.0-1]
	at org.enhydra.shark.WfActivityImpl.startActivity(WfActivityImpl.java:1419) [sharkkernel-standard-2.0.1.jar:2.0-1]
	at org.enhydra.shark.WfActivityImpl.activate(WfActivityImpl.java:261) [sharkkernel-standard-2.0.1.jar:2.0-1]
	at org.enhydra.shark.WfProcessImpl.startActivity(WfProcessImpl.java:918) [sharkkernel-standard-2.0.1.jar:2.0-1]
	at org.enhydra.shark.WfProcessImpl.queueNext(WfProcessImpl.java:1134) [sharkkernel-standard-2.0.1.jar:2.0-1]
	at org.enhydra.shark.WfProcessImpl.run(WfProcessImpl.java:750) [sharkkernel-standard-2.0.1.jar:2.0-1]
	at org.enhydra.shark.WfProcessImpl.start(WfProcessImpl.java:422) [sharkkernel-standard-2.0.1.jar:2.0-1]
	at org.enhydra.shark.WfActivityImpl.runSubFlow(WfActivityImpl.java:1562) [sharkkernel-standard-2.0.1.jar:2.0-1]
	at org.enhydra.shark.CustomWfActivityImpl.runSubFlow(CustomWfActivityImpl.java:64) [wflow-wfengine-8.1.1.jar:2.0-1]
	at org.enhydra.shark.WfActivityImpl.startActivity(WfActivityImpl.java:1452) [sharkkernel-standard-2.0.1.jar:2.0-1]
	at org.enhydra.shark.WfActivityImpl.activate(WfActivityImpl.java:261) [sharkkernel-standard-2.0.1.jar:2.0-1]
	at org.enhydra.shark.WfProcessImpl.startActivity(WfProcessImpl.java:918) [sharkkernel-standard-2.0.1.jar:2.0-1]
	at org.enhydra.shark.WfProcessImpl.queueNext(WfProcessImpl.java:1134) [sharkkernel-standard-2.0.1.jar:2.0-1]
	at org.enhydra.shark.WfProcessImpl.run(WfProcessImpl.java:750) [sharkkernel-standard-2.0.1.jar:2.0-1]
	at org.enhydra.shark.WfProcessImpl.activity_complete(WfProcessImpl.java:969) [sharkkernel-standard-2.0.1.jar:2.0-1]
	at org.enhydra.shark.WfActivityImpl.finish(WfActivityImpl.java:441) [sharkkernel-standard-2.0.1.jar:2.0-1]
	at org.enhydra.shark.CustomWfActivityImpl.finish(CustomWfActivityImpl.java:113) [wflow-wfengine-8.1.1.jar:2.0-1]
	at org.enhydra.shark.WfActivityImpl.startActivity(WfActivityImpl.java:1407) [sharkkernel-standard-2.0.1.jar:2.0-1]
	at org.enhydra.shark.WfActivityImpl.activate(WfActivityImpl.java:261) [sharkkernel-standard-2.0.1.jar:2.0-1]
	at org.enhydra.shark.WfProcessImpl.startActivity(WfProcessImpl.java:918) [sharkkernel-standard-2.0.1.jar:2.0-1]
	at org.enhydra.shark.WfProcessImpl.handleBrokenAsyncDeadlines(WfProcessImpl.java:2000) [sharkkernel-standard-2.0.1.jar:2.0-1]
	at org.enhydra.shark.CustomWfProcessImpl.checkDeadlines(CustomWfProcessImpl.java:117) [wflow-wfengine-8.1.1.jar:2.0-1]
	at org.enhydra.shark.ExecutionAdmin.checkDeadlinesForProcesses(ExecutionAdmin.java:825) [sharkkernel-standard-2.0.1.jar:2.0-1]
	at org.joget.workflow.model.service.WorkflowManagerImpl.internalCheckDeadlines(WorkflowManagerImpl.java:5304) [wflow-wfengine-8.1.1.jar:?]
	at jdk.internal.reflect.GeneratedMethodAccessor279.invoke(Unknown Source) ~[?:?]
	at jdk.internal.reflect.DelegatingMethodAccessorImpl.invoke(DelegatingMethodAccessorImpl.java:43) ~[?:?]
	at java.lang.reflect.Method.invoke(Method.java:566) ~[?:?]
	at org.springframework.aop.support.AopUtils.invokeJoinpointUsingReflection(AopUtils.java:344) [spring-aop-5.3.33.jar:5.3.33]
	at org.springframework.aop.framework.ReflectiveMethodInvocation.invokeJoinpoint(ReflectiveMethodInvocation.java:198) [spring-aop-5.3.33.jar:5.3.33]
	at org.springframework.aop.framework.ReflectiveMethodInvocation.proceed(ReflectiveMethodInvocation.java:163) [spring-aop-5.3.33.jar:5.3.33]
	at org.springframework.transaction.interceptor.TransactionInterceptor$1.proceedWithInvocation(TransactionInterceptor.java:123) [spring-tx-5.3.33.jar:5.3.33]
	at org.springframework.transaction.interceptor.TransactionAspectSupport.invokeWithinTransaction(TransactionAspectSupport.java:388) [spring-tx-5.3.33.jar:5.3.33]
	at org.springframework.transaction.interceptor.TransactionInterceptor.invoke(TransactionInterceptor.java:119) [spring-tx-5.3.33.jar:5.3.33]
	at org.springframework.aop.framework.ReflectiveMethodInvocation.proceed(ReflectiveMethodInvocation.java:186) [spring-aop-5.3.33.jar:5.3.33]
	at org.joget.apps.app.service.SqlFilterAspect.invoke(SqlFilterAspect.java:38) [classes/:?]
	at org.springframework.aop.framework.ReflectiveMethodInvocation.proceed(ReflectiveMethodInvocation.java:186) [spring-aop-5.3.33.jar:5.3.33]
	at org.springframework.aop.interceptor.ExposeInvocationInterceptor.invoke(ExposeInvocationInterceptor.java:97) [spring-aop-5.3.33.jar:5.3.33]
	at org.springframework.aop.framework.ReflectiveMethodInvocation.proceed(ReflectiveMethodInvocation.java:186) [spring-aop-5.3.33.jar:5.3.33]
	at org.springframework.aop.framework.JdkDynamicAopProxy.invoke(JdkDynamicAopProxy.java:241) [spring-aop-5.3.33.jar:5.3.33]
	at com.sun.proxy.$Proxy134.internalCheckDeadlines(Unknown Source) [?:?]
	at org.joget.workflow.shark.DeadlineChecker.runMe(DeadlineChecker.java:240) [wflow-wfengine-8.1.1.jar:?]
	at org.joget.workflow.shark.DeadlineChecker.run(DeadlineChecker.java:143) [wflow-wfengine-8.1.1.jar:?]
Caused by: org.apache.http.ProtocolException: Target host is not specified
	at org.apache.http.impl.conn.DefaultRoutePlanner.determineRoute(DefaultRoutePlanner.java:71) ~[httpclient-4.5.13.jar:4.5.13]
	at org.apache.http.impl.client.InternalHttpClient.determineRoute(InternalHttpClient.java:125) ~[httpclient-4.5.13.jar:4.5.13]
	at org.apache.http.impl.client.InternalHttpClient.doExecute(InternalHttpClient.java:184) ~[httpclient-4.5.13.jar:4.5.13]
	... 49 more
ERROR   03 Jul 2024 03:39:55 org.joget.apps.app.lib.EmailTool - org.apache.commons.mail.EmailException: Sending the email to the following server failed : smtp-relay.gmail.com:465
org.apache.commons.mail.EmailException: Sending the email to the following server failed : smtp-relay.gmail.com:465
	at org.apache.commons.mail.Email.sendMimeMessage(Email.java:1469) ~[commons-email-1.5.jar:1.5]
	at org.apache.commons.mail.Email.send(Email.java:1496) ~[commons-email-1.5.jar:1.5]
	at org.joget.apps.app.lib.EmailTool$1.run(EmailTool.java:154) [classes/:?]
	at java.lang.Thread.run(Thread.java:829) [?:?]
	at org.joget.commons.util.PluginThread.run(PluginThread.java:67) [wflow-commons-8.1.1.jar:?]
Caused by: javax.mail.AuthenticationFailedException: 535-5.7.8 Username and Password not accepted. For more information, go to
535 5.7.8  https://support.google.com/mail/?p=BadCredentials 00721157ae682-64a9a61558fsm1900257b3.24 - gsmtp

	at com.sun.mail.smtp.SMTPTransport$Authenticator.authenticate(SMTPTransport.java:965) ~[javax.mail-1.6.2.jar:1.6.2]
	at com.sun.mail.smtp.SMTPTransport.authenticate(SMTPTransport.java:876) ~[javax.mail-1.6.2.jar:1.6.2]
	at com.sun.mail.smtp.SMTPTransport.protocolConnect(SMTPTransport.java:780) ~[javax.mail-1.6.2.jar:1.6.2]
	at javax.mail.Service.connect(Service.java:388) ~[javax.mail-1.6.2.jar:1.6.2]
	at javax.mail.Service.connect(Service.java:246) ~[javax.mail-1.6.2.jar:1.6.2]
	at javax.mail.Service.connect(Service.java:195) ~[javax.mail-1.6.2.jar:1.6.2]
	at javax.mail.Transport.send0(Transport.java:254) ~[javax.mail-1.6.2.jar:1.6.2]
	at javax.mail.Transport.send(Transport.java:124) ~[javax.mail-1.6.2.jar:1.6.2]
	at org.apache.commons.mail.Email.sendMimeMessage(Email.java:1459) ~[commons-email-1.5.jar:1.5]
	... 4 more
ERROR   03 Jul 2024 03:41:31 DatabaseManager -  <SqlQueryExecute><SqlQueryException>(<Replicated>:(conn=30) Server shutdown in progress)
ERROR   03 Jul 2024 03:41:31 org.joget.workflow.model.service.WorkflowManagerImpl - org.enhydra.shark.api.internal.instancepersistence.PersistenceException: Unknown SQLException: <SqlQueryExecute><SqlQueryException>(<Replicated>:(conn=30) Server shutdown in progress)
org.enhydra.shark.api.internal.instancepersistence.PersistenceException: Unknown SQLException: <SqlQueryExecute><SqlQueryException>(<Replicated>:(conn=30) Server shutdown in progress)
	at org.joget.workflow.shark.WorkflowDODSPersistentManager.getPersistedProcesses(WorkflowDODSPersistentManager.java:60) ~[wflow-wfengine-8.1.1.jar:?]
	at org.enhydra.shark.instancepersistence.DODSPersistentManager.getProcessesWhere(DODSPersistentManager.java:4556) ~[sharkinstancepersistence-dods-2.0.1.jar:2.0-1]
	at org.enhydra.shark.WfProcessIteratorWrapper.fillObjectList(WfProcessIteratorWrapper.java:132) ~[sharkkernel-standard-2.0.1.jar:2.0-1]
	at org.enhydra.shark.BaseIteratorWrapper.getNextNSequence(BaseIteratorWrapper.java:313) ~[sharkkernel-standard-2.0.1.jar:2.0-1]
	at org.enhydra.shark.WfProcessIteratorWrapper.get_next_n_sequence(WfProcessIteratorWrapper.java:95) ~[sharkkernel-standard-2.0.1.jar:2.0-1]
	at org.joget.workflow.model.service.WorkflowManagerImpl.getRunningProcessById(WorkflowManagerImpl.java:1267) [wflow-wfengine-8.1.1.jar:?]
	at jdk.internal.reflect.GeneratedMethodAccessor207.invoke(Unknown Source) ~[?:?]
	at jdk.internal.reflect.DelegatingMethodAccessorImpl.invoke(DelegatingMethodAccessorImpl.java:43) ~[?:?]
	at java.lang.reflect.Method.invoke(Method.java:566) ~[?:?]
	at org.springframework.aop.support.AopUtils.invokeJoinpointUsingReflection(AopUtils.java:344) [spring-aop-5.3.33.jar:5.3.33]
	at org.springframework.aop.framework.ReflectiveMethodInvocation.invokeJoinpoint(ReflectiveMethodInvocation.java:198) [spring-aop-5.3.33.jar:5.3.33]
	at org.springframework.aop.framework.ReflectiveMethodInvocation.proceed(ReflectiveMethodInvocation.java:163) [spring-aop-5.3.33.jar:5.3.33]
	at org.springframework.transaction.interceptor.TransactionInterceptor$1.proceedWithInvocation(TransactionInterceptor.java:123) [spring-tx-5.3.33.jar:5.3.33]
	at org.springframework.transaction.interceptor.TransactionAspectSupport.invokeWithinTransaction(TransactionAspectSupport.java:388) [spring-tx-5.3.33.jar:5.3.33]
	at org.springframework.transaction.interceptor.TransactionInterceptor.invoke(TransactionInterceptor.java:119) [spring-tx-5.3.33.jar:5.3.33]
	at org.springframework.aop.framework.ReflectiveMethodInvocation.proceed(ReflectiveMethodInvocation.java:186) [spring-aop-5.3.33.jar:5.3.33]
	at org.joget.apps.app.service.SqlFilterAspect.invoke(SqlFilterAspect.java:38) [classes/:?]
	at org.springframework.aop.framework.ReflectiveMethodInvocation.proceed(ReflectiveMethodInvocation.java:186) [spring-aop-5.3.33.jar:5.3.33]
	at org.springframework.aop.interceptor.ExposeInvocationInterceptor.invoke(ExposeInvocationInterceptor.java:97) [spring-aop-5.3.33.jar:5.3.33]
	at org.springframework.aop.framework.ReflectiveMethodInvocation.proceed(ReflectiveMethodInvocation.java:186) [spring-aop-5.3.33.jar:5.3.33]
	at org.springframework.aop.framework.JdkDynamicAopProxy.invoke(JdkDynamicAopProxy.java:241) [spring-aop-5.3.33.jar:5.3.33]
	at com.sun.proxy.$Proxy134.getRunningProcessById(Unknown Source) [?:?]
	at org.joget.apps.app.service.AppWorkflowHelper.executeDeadlinePlugin(AppWorkflowHelper.java:690) [classes/:?]
	at org.joget.workflow.shark.WorkflowJavaScriptEvaluator.evaluateExpression(WorkflowJavaScriptEvaluator.java:101) [wflow-wfengine-8.1.1.jar:?]
	at org.enhydra.shark.CustomWfActivityImpl.reevaluateDeadlines(CustomWfActivityImpl.java:387) [wflow-wfengine-8.1.1.jar:2.0-1]
	at org.enhydra.shark.CustomWfActivityImpl.checkDeadlines(CustomWfActivityImpl.java:298) [wflow-wfengine-8.1.1.jar:2.0-1]
	at org.enhydra.shark.CustomWfProcessImpl.checkDeadlines(CustomWfProcessImpl.java:106) [wflow-wfengine-8.1.1.jar:2.0-1]
	at org.enhydra.shark.ExecutionAdmin.checkDeadlinesForProcesses(ExecutionAdmin.java:825) [sharkkernel-standard-2.0.1.jar:2.0-1]
	at org.joget.workflow.model.service.WorkflowManagerImpl.internalCheckDeadlines(WorkflowManagerImpl.java:5304) [wflow-wfengine-8.1.1.jar:?]
	at jdk.internal.reflect.GeneratedMethodAccessor279.invoke(Unknown Source) ~[?:?]
	at jdk.internal.reflect.DelegatingMethodAccessorImpl.invoke(DelegatingMethodAccessorImpl.java:43) ~[?:?]
	at java.lang.reflect.Method.invoke(Method.java:566) ~[?:?]
	at org.springframework.aop.support.AopUtils.invokeJoinpointUsingReflection(AopUtils.java:344) [spring-aop-5.3.33.jar:5.3.33]
	at org.springframework.aop.framework.ReflectiveMethodInvocation.invokeJoinpoint(ReflectiveMethodInvocation.java:198) [spring-aop-5.3.33.jar:5.3.33]
	at org.springframework.aop.framework.ReflectiveMethodInvocation.proceed(ReflectiveMethodInvocation.java:163) [spring-aop-5.3.33.jar:5.3.33]
	at org.springframework.transaction.interceptor.TransactionInterceptor$1.proceedWithInvocation(TransactionInterceptor.java:123) [spring-tx-5.3.33.jar:5.3.33]
	at org.springframework.transaction.interceptor.TransactionAspectSupport.invokeWithinTransaction(TransactionAspectSupport.java:388) [spring-tx-5.3.33.jar:5.3.33]
	at org.springframework.transaction.interceptor.TransactionInterceptor.invoke(TransactionInterceptor.java:119) [spring-tx-5.3.33.jar:5.3.33]
	at org.springframework.aop.framework.ReflectiveMethodInvocation.proceed(ReflectiveMethodInvocation.java:186) [spring-aop-5.3.33.jar:5.3.33]
	at org.joget.apps.app.service.SqlFilterAspect.invoke(SqlFilterAspect.java:38) [classes/:?]
	at org.springframework.aop.framework.ReflectiveMethodInvocation.proceed(ReflectiveMethodInvocation.java:186) [spring-aop-5.3.33.jar:5.3.33]
	at org.springframework.aop.interceptor.ExposeInvocationInterceptor.invoke(ExposeInvocationInterceptor.java:97) [spring-aop-5.3.33.jar:5.3.33]
	at org.springframework.aop.framework.ReflectiveMethodInvocation.proceed(ReflectiveMethodInvocation.java:186) [spring-aop-5.3.33.jar:5.3.33]
	at org.springframework.aop.framework.JdkDynamicAopProxy.invoke(JdkDynamicAopProxy.java:241) [spring-aop-5.3.33.jar:5.3.33]
	at com.sun.proxy.$Proxy134.internalCheckDeadlines(Unknown Source) [?:?]
	at org.joget.workflow.shark.DeadlineChecker.runMe(DeadlineChecker.java:240) [wflow-wfengine-8.1.1.jar:?]
	at org.joget.workflow.shark.DeadlineChecker.run(DeadlineChecker.java:143) [wflow-wfengine-8.1.1.jar:?]
Caused by: com.lutris.dods.builder.generator.query.DataObjectException: Unknown SQLException: <SqlQueryExecute><SqlQueryException>(<Replicated>:(conn=30) Server shutdown in progress)
	at org.enhydra.shark.instancepersistence.data.ProcessQuery._runQuery(ProcessQuery.java:1181) ~[sharkinstancepersistence-dodslayer-2.0.1.jar:2.0-1]
	at org.enhydra.shark.instancepersistence.data.ProcessQuery.runQuery(ProcessQuery.java:632) ~[sharkinstancepersistence-dodslayer-2.0.1.jar:2.0-1]
	at org.enhydra.shark.instancepersistence.data.ProcessQuery.getDOArray(ProcessQuery.java:1391) ~[sharkinstancepersistence-dodslayer-2.0.1.jar:2.0-1]
	at org.joget.workflow.shark.WorkflowDODSPersistentManager.getPersistedProcesses(WorkflowDODSPersistentManager.java:57) ~[wflow-wfengine-8.1.1.jar:?]
	... 46 more
Caused by: java.sql.SQLException: <SqlQueryExecute><SqlQueryException>(<Replicated>:(conn=30) Server shutdown in progress)
	at com.lutris.dods.builder.generator.query.QueryBuilder.executeQuery(QueryBuilder.java:2522) ~[dbmanager-7.1-1-professional.jar:?]
	at org.enhydra.shark.instancepersistence.data.ProcessQuery.executeQuery(ProcessQuery.java:1592) ~[sharkinstancepersistence-dodslayer-2.0.1.jar:2.0-1]
	at com.lutris.appserver.server.sql.standard.StandardDBQuery.query(StandardDBQuery.java:118) ~[dbmanager-7.1-1-professional.jar:?]
	at org.enhydra.shark.instancepersistence.data.ProcessQuery._runQuery(ProcessQuery.java:904) ~[sharkinstancepersistence-dodslayer-2.0.1.jar:2.0-1]
	at org.enhydra.shark.instancepersistence.data.ProcessQuery.runQuery(ProcessQuery.java:632) ~[sharkinstancepersistence-dodslayer-2.0.1.jar:2.0-1]
	at org.enhydra.shark.instancepersistence.data.ProcessQuery.getDOArray(ProcessQuery.java:1391) ~[sharkinstancepersistence-dodslayer-2.0.1.jar:2.0-1]
	at org.joget.workflow.shark.WorkflowDODSPersistentManager.getPersistedProcesses(WorkflowDODSPersistentManager.java:57) ~[wflow-wfengine-8.1.1.jar:?]
	... 46 more
ERROR   03 Jul 2024 03:41:31 org.joget.apps.app.service.AppWorkflowHelper - Error executing Deadline plugin org.joget.plugin.enterprise.OfficeWorkingHourDeadline
java.lang.NullPointerException: null
	at org.joget.apps.app.service.AppWorkflowHelper.executeDeadlinePlugin(AppWorkflowHelper.java:702) [classes/:?]
	at org.joget.workflow.shark.WorkflowJavaScriptEvaluator.evaluateExpression(WorkflowJavaScriptEvaluator.java:101) [wflow-wfengine-8.1.1.jar:?]
	at org.enhydra.shark.CustomWfActivityImpl.reevaluateDeadlines(CustomWfActivityImpl.java:387) [wflow-wfengine-8.1.1.jar:2.0-1]
	at org.enhydra.shark.CustomWfActivityImpl.checkDeadlines(CustomWfActivityImpl.java:298) [wflow-wfengine-8.1.1.jar:2.0-1]
	at org.enhydra.shark.CustomWfProcessImpl.checkDeadlines(CustomWfProcessImpl.java:106) [wflow-wfengine-8.1.1.jar:2.0-1]
	at org.enhydra.shark.ExecutionAdmin.checkDeadlinesForProcesses(ExecutionAdmin.java:825) [sharkkernel-standard-2.0.1.jar:2.0-1]
	at org.joget.workflow.model.service.WorkflowManagerImpl.internalCheckDeadlines(WorkflowManagerImpl.java:5304) [wflow-wfengine-8.1.1.jar:?]
	at jdk.internal.reflect.GeneratedMethodAccessor279.invoke(Unknown Source) ~[?:?]
	at jdk.internal.reflect.DelegatingMethodAccessorImpl.invoke(DelegatingMethodAccessorImpl.java:43) ~[?:?]
	at java.lang.reflect.Method.invoke(Method.java:566) ~[?:?]
	at org.springframework.aop.support.AopUtils.invokeJoinpointUsingReflection(AopUtils.java:344) [spring-aop-5.3.33.jar:5.3.33]
	at org.springframework.aop.framework.ReflectiveMethodInvocation.invokeJoinpoint(ReflectiveMethodInvocation.java:198) [spring-aop-5.3.33.jar:5.3.33]
	at org.springframework.aop.framework.ReflectiveMethodInvocation.proceed(ReflectiveMethodInvocation.java:163) [spring-aop-5.3.33.jar:5.3.33]
	at org.springframework.transaction.interceptor.TransactionInterceptor$1.proceedWithInvocation(TransactionInterceptor.java:123) [spring-tx-5.3.33.jar:5.3.33]
	at org.springframework.transaction.interceptor.TransactionAspectSupport.invokeWithinTransaction(TransactionAspectSupport.java:388) [spring-tx-5.3.33.jar:5.3.33]
	at org.springframework.transaction.interceptor.TransactionInterceptor.invoke(TransactionInterceptor.java:119) [spring-tx-5.3.33.jar:5.3.33]
	at org.springframework.aop.framework.ReflectiveMethodInvocation.proceed(ReflectiveMethodInvocation.java:186) [spring-aop-5.3.33.jar:5.3.33]
	at org.joget.apps.app.service.SqlFilterAspect.invoke(SqlFilterAspect.java:38) [classes/:?]
	at org.springframework.aop.framework.ReflectiveMethodInvocation.proceed(ReflectiveMethodInvocation.java:186) [spring-aop-5.3.33.jar:5.3.33]
	at org.springframework.aop.interceptor.ExposeInvocationInterceptor.invoke(ExposeInvocationInterceptor.java:97) [spring-aop-5.3.33.jar:5.3.33]
	at org.springframework.aop.framework.ReflectiveMethodInvocation.proceed(ReflectiveMethodInvocation.java:186) [spring-aop-5.3.33.jar:5.3.33]
	at org.springframework.aop.framework.JdkDynamicAopProxy.invoke(JdkDynamicAopProxy.java:241) [spring-aop-5.3.33.jar:5.3.33]
	at com.sun.proxy.$Proxy134.internalCheckDeadlines(Unknown Source) [?:?]
	at org.joget.workflow.shark.DeadlineChecker.runMe(DeadlineChecker.java:240) [wflow-wfengine-8.1.1.jar:?]
	at org.joget.workflow.shark.DeadlineChecker.run(DeadlineChecker.java:143) [wflow-wfengine-8.1.1.jar:?]
ERROR   03 Jul 2024 03:41:31 DatabaseManager -  <SqlQueryExecute><SqlQueryException>(<Replicated>:(conn=30) Connection is closed)
ERROR   03 Jul 2024 03:41:31 org.joget.workflow.model.service.WorkflowManagerImpl - org.enhydra.shark.api.internal.instancepersistence.PersistenceException: Unknown SQLException: <SqlQueryExecute><SqlQueryException>(<Replicated>:(conn=30) Connection is closed)
org.enhydra.shark.api.internal.instancepersistence.PersistenceException: Unknown SQLException: <SqlQueryExecute><SqlQueryException>(<Replicated>:(conn=30) Connection is closed)
	at org.enhydra.shark.instancepersistence.DODSPersistentManager.getPersistedProcessObject(DODSPersistentManager.java:3698) ~[sharkinstancepersistence-dods-2.0.1.jar:2.0-1]
	at org.enhydra.shark.instancepersistence.DODSPersistentManager.restoreProcess(DODSPersistentManager.java:1503) ~[sharkinstancepersistence-dods-2.0.1.jar:2.0-1]
	at org.enhydra.shark.SharkUtilities.getProcess_aroundBody0(SharkUtilities.java:589) ~[sharkkernel-standard-2.0.1.jar:2.0-1]
	at org.enhydra.shark.SharkUtilities$AjcClosure1.run(SharkUtilities.java:1) ~[sharkkernel-standard-2.0.1.jar:2.0-1]
	at org.aspectj.runtime.reflect.JoinPointImpl.proceed(JoinPointImpl.java:167) ~[aspectjrt-1.9.7.jar:?]
	at org.enhydra.shark.SharkUtilitiesAspect.getProcess(SharkUtilitiesAspect.java:327) ~[wflow-wfengine-8.1.1.jar:2.0-1]
	at org.enhydra.shark.SharkUtilities.getProcess(SharkUtilities.java:582) ~[sharkkernel-standard-2.0.1.jar:2.0-1]
	at org.enhydra.shark.ExecutionAdmin.getProcessImpl(ExecutionAdmin.java:1165) ~[sharkkernel-standard-2.0.1.jar:2.0-1]
	at org.enhydra.shark.ExecutionAdmin.checkDeadlinesForProcesses(ExecutionAdmin.java:816) ~[sharkkernel-standard-2.0.1.jar:2.0-1]
	at org.joget.workflow.model.service.WorkflowManagerImpl.internalCheckDeadlines(WorkflowManagerImpl.java:5304) [wflow-wfengine-8.1.1.jar:?]
	at jdk.internal.reflect.GeneratedMethodAccessor279.invoke(Unknown Source) ~[?:?]
	at jdk.internal.reflect.DelegatingMethodAccessorImpl.invoke(DelegatingMethodAccessorImpl.java:43) ~[?:?]
	at java.lang.reflect.Method.invoke(Method.java:566) ~[?:?]
	at org.springframework.aop.support.AopUtils.invokeJoinpointUsingReflection(AopUtils.java:344) [spring-aop-5.3.33.jar:5.3.33]
	at org.springframework.aop.framework.ReflectiveMethodInvocation.invokeJoinpoint(ReflectiveMethodInvocation.java:198) [spring-aop-5.3.33.jar:5.3.33]
	at org.springframework.aop.framework.ReflectiveMethodInvocation.proceed(ReflectiveMethodInvocation.java:163) [spring-aop-5.3.33.jar:5.3.33]
	at org.springframework.transaction.interceptor.TransactionInterceptor$1.proceedWithInvocation(TransactionInterceptor.java:123) [spring-tx-5.3.33.jar:5.3.33]
	at org.springframework.transaction.interceptor.TransactionAspectSupport.invokeWithinTransaction(TransactionAspectSupport.java:388) [spring-tx-5.3.33.jar:5.3.33]
	at org.springframework.transaction.interceptor.TransactionInterceptor.invoke(TransactionInterceptor.java:119) [spring-tx-5.3.33.jar:5.3.33]
	at org.springframework.aop.framework.ReflectiveMethodInvocation.proceed(ReflectiveMethodInvocation.java:186) [spring-aop-5.3.33.jar:5.3.33]
	at org.joget.apps.app.service.SqlFilterAspect.invoke(SqlFilterAspect.java:38) [classes/:?]
	at org.springframework.aop.framework.ReflectiveMethodInvocation.proceed(ReflectiveMethodInvocation.java:186) [spring-aop-5.3.33.jar:5.3.33]
	at org.springframework.aop.interceptor.ExposeInvocationInterceptor.invoke(ExposeInvocationInterceptor.java:97) [spring-aop-5.3.33.jar:5.3.33]
	at org.springframework.aop.framework.ReflectiveMethodInvocation.proceed(ReflectiveMethodInvocation.java:186) [spring-aop-5.3.33.jar:5.3.33]
	at org.springframework.aop.framework.JdkDynamicAopProxy.invoke(JdkDynamicAopProxy.java:241) [spring-aop-5.3.33.jar:5.3.33]
	at com.sun.proxy.$Proxy134.internalCheckDeadlines(Unknown Source) [?:?]
	at org.joget.workflow.shark.DeadlineChecker.runMe(DeadlineChecker.java:240) [wflow-wfengine-8.1.1.jar:?]
	at org.joget.workflow.shark.DeadlineChecker.run(DeadlineChecker.java:143) [wflow-wfengine-8.1.1.jar:?]
Caused by: com.lutris.dods.builder.generator.query.DataObjectException: Unknown SQLException: <SqlQueryExecute><SqlQueryException>(<Replicated>:(conn=30) Connection is closed)
	at org.enhydra.shark.instancepersistence.data.ProcessQuery._runQuery(ProcessQuery.java:1181) ~[sharkinstancepersistence-dodslayer-2.0.1.jar:2.0-1]
	at org.enhydra.shark.instancepersistence.data.ProcessQuery.runQuery(ProcessQuery.java:632) ~[sharkinstancepersistence-dodslayer-2.0.1.jar:2.0-1]
	at org.enhydra.shark.instancepersistence.data.ProcessQuery.getNextDO(ProcessQuery.java:1406) ~[sharkinstancepersistence-dodslayer-2.0.1.jar:2.0-1]
	at org.enhydra.shark.instancepersistence.DODSPersistentManager.getPersistedProcessObject(DODSPersistentManager.java:3695) ~[sharkinstancepersistence-dods-2.0.1.jar:2.0-1]
	... 27 more
Caused by: java.sql.SQLException: <SqlQueryExecute><SqlQueryException>(<Replicated>:(conn=30) Connection is closed)
	at com.lutris.dods.builder.generator.query.QueryBuilder.executeQuery(QueryBuilder.java:2522) ~[dbmanager-7.1-1-professional.jar:?]
	at org.enhydra.shark.instancepersistence.data.ProcessQuery.executeQuery(ProcessQuery.java:1592) ~[sharkinstancepersistence-dodslayer-2.0.1.jar:2.0-1]
	at com.lutris.appserver.server.sql.standard.StandardDBQuery.query(StandardDBQuery.java:118) ~[dbmanager-7.1-1-professional.jar:?]
	at org.enhydra.shark.instancepersistence.data.ProcessQuery._runQuery(ProcessQuery.java:904) ~[sharkinstancepersistence-dodslayer-2.0.1.jar:2.0-1]
	at org.enhydra.shark.instancepersistence.data.ProcessQuery.runQuery(ProcessQuery.java:632) ~[sharkinstancepersistence-dodslayer-2.0.1.jar:2.0-1]
	at org.enhydra.shark.instancepersistence.data.ProcessQuery.getNextDO(ProcessQuery.java:1406) ~[sharkinstancepersistence-dodslayer-2.0.1.jar:2.0-1]
	at org.enhydra.shark.instancepersistence.DODSPersistentManager.getPersistedProcessObject(DODSPersistentManager.java:3695) ~[sharkinstancepersistence-dods-2.0.1.jar:2.0-1]
	... 27 more
ERROR   03 Jul 2024 03:41:31 org.hibernate.engine.jdbc.spi.SqlExceptionHelper - (conn=30) Connection is closed
ERROR   03 Jul 2024 03:41:31 org.hibernate.engine.jdbc.spi.SqlExceptionHelper - (conn=30) Connection is closed
ERROR   03 Jul 2024 03:41:31 org.joget.workflow.shark.DeadlineChecker - javax.persistence.PersistenceException: org.hibernate.exception.JDBCConnectionException: could not execute statement
javax.persistence.PersistenceException: org.hibernate.exception.JDBCConnectionException: could not execute statement
	at org.hibernate.internal.ExceptionConverterImpl.convert(ExceptionConverterImpl.java:154) ~[hibernate-core-5.6.15.Final.jar:5.6.15.Final]
	at org.hibernate.internal.ExceptionConverterImpl.convert(ExceptionConverterImpl.java:181) ~[hibernate-core-5.6.15.Final.jar:5.6.15.Final]
	at org.hibernate.internal.ExceptionConverterImpl.convert(ExceptionConverterImpl.java:188) ~[hibernate-core-5.6.15.Final.jar:5.6.15.Final]
	at org.hibernate.internal.SessionImpl.doFlush(SessionImpl.java:1411) ~[hibernate-core-5.6.15.Final.jar:5.6.15.Final]
	at org.hibernate.internal.SessionImpl.flush(SessionImpl.java:1394) ~[hibernate-core-5.6.15.Final.jar:5.6.15.Final]
	at org.joget.commons.spring.model.AbstractSpringDao.delete(AbstractSpringDao.java:49) ~[wflow-commons-8.1.1.jar:?]
	at org.joget.commons.util.SetupDao.delete(SetupDao.java:21) ~[wflow-commons-8.1.1.jar:?]
	at org.joget.commons.util.SetupDao$$FastClassBySpringCGLIB$$3a7fd694.invoke(<generated>) ~[wflow-commons-8.1.1.jar:?]
	at org.springframework.cglib.proxy.MethodProxy.invoke(MethodProxy.java:218) ~[spring-core-5.3.33.jar:5.3.33]
	at org.springframework.aop.framework.CglibAopProxy$CglibMethodInvocation.invokeJoinpoint(CglibAopProxy.java:792) ~[spring-aop-5.3.33.jar:5.3.33]
	at org.springframework.aop.framework.ReflectiveMethodInvocation.proceed(ReflectiveMethodInvocation.java:163) ~[spring-aop-5.3.33.jar:5.3.33]
	at org.springframework.aop.framework.CglibAopProxy$CglibMethodInvocation.proceed(CglibAopProxy.java:762) ~[spring-aop-5.3.33.jar:5.3.33]
	at org.springframework.transaction.interceptor.TransactionInterceptor$1.proceedWithInvocation(TransactionInterceptor.java:123) ~[spring-tx-5.3.33.jar:5.3.33]
	at org.springframework.transaction.interceptor.TransactionAspectSupport.invokeWithinTransaction(TransactionAspectSupport.java:388) ~[spring-tx-5.3.33.jar:5.3.33]
	at org.springframework.transaction.interceptor.TransactionInterceptor.invoke(TransactionInterceptor.java:119) ~[spring-tx-5.3.33.jar:5.3.33]
	at org.springframework.aop.framework.ReflectiveMethodInvocation.proceed(ReflectiveMethodInvocation.java:186) ~[spring-aop-5.3.33.jar:5.3.33]
	at org.springframework.aop.framework.CglibAopProxy$CglibMethodInvocation.proceed(CglibAopProxy.java:762) ~[spring-aop-5.3.33.jar:5.3.33]
	at org.springframework.aop.interceptor.ExposeInvocationInterceptor.invoke(ExposeInvocationInterceptor.java:97) ~[spring-aop-5.3.33.jar:5.3.33]
	at org.springframework.aop.framework.ReflectiveMethodInvocation.proceed(ReflectiveMethodInvocation.java:186) ~[spring-aop-5.3.33.jar:5.3.33]
	at org.springframework.aop.framework.CglibAopProxy$CglibMethodInvocation.proceed(CglibAopProxy.java:762) ~[spring-aop-5.3.33.jar:5.3.33]
	at org.springframework.aop.framework.CglibAopProxy$DynamicAdvisedInterceptor.intercept(CglibAopProxy.java:707) ~[spring-aop-5.3.33.jar:5.3.33]
	at org.joget.commons.util.SetupDao$$EnhancerBySpringCGLIB$$4298fc4d.delete(<generated>) ~[wflow-commons-8.1.1.jar:?]
	at org.joget.workflow.shark.DeadlineChecker.runMe(DeadlineChecker.java:253) [wflow-wfengine-8.1.1.jar:?]
	at org.joget.workflow.shark.DeadlineChecker.run(DeadlineChecker.java:143) [wflow-wfengine-8.1.1.jar:?]
Caused by: org.hibernate.exception.JDBCConnectionException: could not execute statement
	at org.hibernate.exception.internal.SQLExceptionTypeDelegate.convert(SQLExceptionTypeDelegate.java:48) ~[hibernate-core-5.6.15.Final.jar:5.6.15.Final]
	at org.hibernate.exception.internal.StandardSQLExceptionConverter.convert(StandardSQLExceptionConverter.java:37) ~[hibernate-core-5.6.15.Final.jar:5.6.15.Final]
	at org.hibernate.engine.jdbc.spi.SqlExceptionHelper.convert(SqlExceptionHelper.java:113) ~[hibernate-core-5.6.15.Final.jar:5.6.15.Final]
	at org.hibernate.engine.jdbc.spi.SqlExceptionHelper.convert(SqlExceptionHelper.java:99) ~[hibernate-core-5.6.15.Final.jar:5.6.15.Final]
	at org.hibernate.engine.jdbc.internal.ResultSetReturnImpl.executeUpdate(ResultSetReturnImpl.java:200) ~[hibernate-core-5.6.15.Final.jar:5.6.15.Final]
	at org.hibernate.engine.jdbc.batch.internal.NonBatchingBatch.addToBatch(NonBatchingBatch.java:46) ~[hibernate-core-5.6.15.Final.jar:5.6.15.Final]
	at org.hibernate.persister.entity.AbstractEntityPersister.delete(AbstractEntityPersister.java:3698) ~[hibernate-core-5.6.15.Final.jar:5.6.15.Final]
	at org.hibernate.persister.entity.AbstractEntityPersister.delete(AbstractEntityPersister.java:3987) ~[hibernate-core-5.6.15.Final.jar:5.6.15.Final]
	at org.hibernate.action.internal.EntityDeleteAction.execute(EntityDeleteAction.java:123) ~[hibernate-core-5.6.15.Final.jar:5.6.15.Final]
	at org.hibernate.engine.spi.ActionQueue.executeActions(ActionQueue.java:604) ~[hibernate-core-5.6.15.Final.jar:5.6.15.Final]
	at org.hibernate.engine.spi.ActionQueue.lambda$executeActions$1(ActionQueue.java:478) ~[hibernate-core-5.6.15.Final.jar:5.6.15.Final]
	at java.util.LinkedHashMap.forEach(LinkedHashMap.java:684) ~[?:?]
	at org.hibernate.engine.spi.ActionQueue.executeActions(ActionQueue.java:475) ~[hibernate-core-5.6.15.Final.jar:5.6.15.Final]
	at org.hibernate.event.internal.AbstractFlushingEventListener.performExecutions(AbstractFlushingEventListener.java:344) ~[hibernate-core-5.6.15.Final.jar:5.6.15.Final]
	at org.hibernate.event.internal.DefaultFlushEventListener.onFlush(DefaultFlushEventListener.java:40) ~[hibernate-core-5.6.15.Final.jar:5.6.15.Final]
	at org.hibernate.event.service.internal.EventListenerGroupImpl.fireEventOnEachListener(EventListenerGroupImpl.java:107) ~[hibernate-core-5.6.15.Final.jar:5.6.15.Final]
	at org.hibernate.internal.SessionImpl.doFlush(SessionImpl.java:1407) ~[hibernate-core-5.6.15.Final.jar:5.6.15.Final]
	... 20 more
Caused by: java.sql.SQLNonTransientConnectionException: (conn=30) Connection is closed
	at org.mariadb.jdbc.internal.util.exceptions.ExceptionMapper.get(ExceptionMapper.java:241) ~[mariadb-java-client-2.5.0.jar:?]
	at org.mariadb.jdbc.internal.util.exceptions.ExceptionMapper.getException(ExceptionMapper.java:164) ~[mariadb-java-client-2.5.0.jar:?]
	at org.mariadb.jdbc.MariaDbStatement.executeExceptionEpilogue_aroundBody2(MariaDbStatement.java:244) ~[mariadb-java-client-2.5.0.jar:?]
	at org.mariadb.jdbc.MariaDbStatement.executeExceptionEpilogue_aroundBody3$advice(MariaDbStatement.java:130) ~[mariadb-java-client-2.5.0.jar:?]
	at org.mariadb.jdbc.MariaDbStatement.executeExceptionEpilogue(MariaDbStatement.java:1) ~[mariadb-java-client-2.5.0.jar:?]
	at org.mariadb.jdbc.ClientSidePreparedStatement.executeInternal_aroundBody6(ClientSidePreparedStatement.java:225) ~[mariadb-java-client-2.5.0.jar:?]
	at org.mariadb.jdbc.ClientSidePreparedStatement.executeInternal_aroundBody7$advice(ClientSidePreparedStatement.java:130) ~[mariadb-java-client-2.5.0.jar:?]
	at org.mariadb.jdbc.ClientSidePreparedStatement.executeInternal(ClientSidePreparedStatement.java:1) ~[mariadb-java-client-2.5.0.jar:?]
	at org.mariadb.jdbc.ClientSidePreparedStatement.execute_aroundBody0(ClientSidePreparedStatement.java:145) ~[mariadb-java-client-2.5.0.jar:?]
	at org.mariadb.jdbc.ClientSidePreparedStatement.execute_aroundBody1$advice(ClientSidePreparedStatement.java:130) ~[mariadb-java-client-2.5.0.jar:?]
	at org.mariadb.jdbc.ClientSidePreparedStatement.execute(ClientSidePreparedStatement.java:1) ~[mariadb-java-client-2.5.0.jar:?]
	at org.mariadb.jdbc.ClientSidePreparedStatement.executeUpdate_aroundBody4(ClientSidePreparedStatement.java:176) ~[mariadb-java-client-2.5.0.jar:?]
	at org.mariadb.jdbc.ClientSidePreparedStatement.executeUpdate_aroundBody5$advice(ClientSidePreparedStatement.java:130) ~[mariadb-java-client-2.5.0.jar:?]
	at org.mariadb.jdbc.ClientSidePreparedStatement.executeUpdate(ClientSidePreparedStatement.java:1) ~[mariadb-java-client-2.5.0.jar:?]
	at jdk.internal.reflect.GeneratedMethodAccessor278.invoke(Unknown Source) ~[?:?]
	at jdk.internal.reflect.DelegatingMethodAccessorImpl.invoke(DelegatingMethodAccessorImpl.java:43) ~[?:?]
	at java.lang.reflect.Method.invoke(Method.java:566) ~[?:?]
	at org.apache.tomcat.jdbc.pool.StatementFacade$StatementProxy.invoke(StatementFacade.java:118) ~[tomcat-jdbc-9.0.86.jar:?]
	at com.sun.proxy.$Proxy108.executeUpdate_aroundBody16(Unknown Source) ~[?:?]
	at com.sun.proxy.$Proxy108.executeUpdate_aroundBody17$advice(Unknown Source) ~[?:?]
	at com.sun.proxy.$Proxy108.executeUpdate(Unknown Source) ~[?:?]
	at org.hibernate.engine.jdbc.internal.ResultSetReturnImpl.executeUpdate(ResultSetReturnImpl.java:197) ~[hibernate-core-5.6.15.Final.jar:5.6.15.Final]
	at org.hibernate.engine.jdbc.batch.internal.NonBatchingBatch.addToBatch(NonBatchingBatch.java:46) ~[hibernate-core-5.6.15.Final.jar:5.6.15.Final]
	at org.hibernate.persister.entity.AbstractEntityPersister.delete(AbstractEntityPersister.java:3698) ~[hibernate-core-5.6.15.Final.jar:5.6.15.Final]
	at org.hibernate.persister.entity.AbstractEntityPersister.delete(AbstractEntityPersister.java:3987) ~[hibernate-core-5.6.15.Final.jar:5.6.15.Final]
	at org.hibernate.action.internal.EntityDeleteAction.execute(EntityDeleteAction.java:123) ~[hibernate-core-5.6.15.Final.jar:5.6.15.Final]
	at org.hibernate.engine.spi.ActionQueue.executeActions(ActionQueue.java:604) ~[hibernate-core-5.6.15.Final.jar:5.6.15.Final]
	at org.hibernate.engine.spi.ActionQueue.lambda$executeActions$1(ActionQueue.java:478) ~[hibernate-core-5.6.15.Final.jar:5.6.15.Final]
	at java.util.LinkedHashMap.forEach(LinkedHashMap.java:684) ~[?:?]
	at org.hibernate.engine.spi.ActionQueue.executeActions(ActionQueue.java:475) ~[hibernate-core-5.6.15.Final.jar:5.6.15.Final]
	at org.hibernate.event.internal.AbstractFlushingEventListener.performExecutions(AbstractFlushingEventListener.java:344) ~[hibernate-core-5.6.15.Final.jar:5.6.15.Final]
	at org.hibernate.event.internal.DefaultFlushEventListener.onFlush(DefaultFlushEventListener.java:40) ~[hibernate-core-5.6.15.Final.jar:5.6.15.Final]
	at org.hibernate.event.service.internal.EventListenerGroupImpl.fireEventOnEachListener(EventListenerGroupImpl.java:107) ~[hibernate-core-5.6.15.Final.jar:5.6.15.Final]
	at org.hibernate.internal.SessionImpl.doFlush(SessionImpl.java:1407) ~[hibernate-core-5.6.15.Final.jar:5.6.15.Final]
	... 20 more
Caused by: java.sql.SQLException: Connection is closed
	at org.mariadb.jdbc.internal.protocol.AbstractQueryProtocol.cmdPrologue(AbstractQueryProtocol.java:1850) ~[mariadb-java-client-2.5.0.jar:?]
	at org.mariadb.jdbc.internal.protocol.AbstractQueryProtocol.executeQuery(AbstractQueryProtocol.java:225) ~[mariadb-java-client-2.5.0.jar:?]
	at org.mariadb.jdbc.ClientSidePreparedStatement.executeInternal_aroundBody6(ClientSidePreparedStatement.java:216) ~[mariadb-java-client-2.5.0.jar:?]
	at org.mariadb.jdbc.ClientSidePreparedStatement.executeInternal_aroundBody7$advice(ClientSidePreparedStatement.java:130) ~[mariadb-java-client-2.5.0.jar:?]
	at org.mariadb.jdbc.ClientSidePreparedStatement.executeInternal(ClientSidePreparedStatement.java:1) ~[mariadb-java-client-2.5.0.jar:?]
	at org.mariadb.jdbc.ClientSidePreparedStatement.execute_aroundBody0(ClientSidePreparedStatement.java:145) ~[mariadb-java-client-2.5.0.jar:?]
	at org.mariadb.jdbc.ClientSidePreparedStatement.execute_aroundBody1$advice(ClientSidePreparedStatement.java:130) ~[mariadb-java-client-2.5.0.jar:?]
	at org.mariadb.jdbc.ClientSidePreparedStatement.execute(ClientSidePreparedStatement.java:1) ~[mariadb-java-client-2.5.0.jar:?]
	at org.mariadb.jdbc.ClientSidePreparedStatement.executeUpdate_aroundBody4(ClientSidePreparedStatement.java:176) ~[mariadb-java-client-2.5.0.jar:?]
	at org.mariadb.jdbc.ClientSidePreparedStatement.executeUpdate_aroundBody5$advice(ClientSidePreparedStatement.java:130) ~[mariadb-java-client-2.5.0.jar:?]
	at org.mariadb.jdbc.ClientSidePreparedStatement.executeUpdate(ClientSidePreparedStatement.java:1) ~[mariadb-java-client-2.5.0.jar:?]
	at jdk.internal.reflect.GeneratedMethodAccessor278.invoke(Unknown Source) ~[?:?]
	at jdk.internal.reflect.DelegatingMethodAccessorImpl.invoke(DelegatingMethodAccessorImpl.java:43) ~[?:?]
	at java.lang.reflect.Method.invoke(Method.java:566) ~[?:?]
	at org.apache.tomcat.jdbc.pool.StatementFacade$StatementProxy.invoke(StatementFacade.java:118) ~[tomcat-jdbc-9.0.86.jar:?]
	at com.sun.proxy.$Proxy108.executeUpdate_aroundBody16(Unknown Source) ~[?:?]
	at com.sun.proxy.$Proxy108.executeUpdate_aroundBody17$advice(Unknown Source) ~[?:?]
	at com.sun.proxy.$Proxy108.executeUpdate(Unknown Source) ~[?:?]
	at org.hibernate.engine.jdbc.internal.ResultSetReturnImpl.executeUpdate(ResultSetReturnImpl.java:197) ~[hibernate-core-5.6.15.Final.jar:5.6.15.Final]
	at org.hibernate.engine.jdbc.batch.internal.NonBatchingBatch.addToBatch(NonBatchingBatch.java:46) ~[hibernate-core-5.6.15.Final.jar:5.6.15.Final]
	at org.hibernate.persister.entity.AbstractEntityPersister.delete(AbstractEntityPersister.java:3698) ~[hibernate-core-5.6.15.Final.jar:5.6.15.Final]
	at org.hibernate.persister.entity.AbstractEntityPersister.delete(AbstractEntityPersister.java:3987) ~[hibernate-core-5.6.15.Final.jar:5.6.15.Final]
	at org.hibernate.action.internal.EntityDeleteAction.execute(EntityDeleteAction.java:123) ~[hibernate-core-5.6.15.Final.jar:5.6.15.Final]
	at org.hibernate.engine.spi.ActionQueue.executeActions(ActionQueue.java:604) ~[hibernate-core-5.6.15.Final.jar:5.6.15.Final]
	at org.hibernate.engine.spi.ActionQueue.lambda$executeActions$1(ActionQueue.java:478) ~[hibernate-core-5.6.15.Final.jar:5.6.15.Final]
	at java.util.LinkedHashMap.forEach(LinkedHashMap.java:684) ~[?:?]
	at org.hibernate.engine.spi.ActionQueue.executeActions(ActionQueue.java:475) ~[hibernate-core-5.6.15.Final.jar:5.6.15.Final]
	at org.hibernate.event.internal.AbstractFlushingEventListener.performExecutions(AbstractFlushingEventListener.java:344) ~[hibernate-core-5.6.15.Final.jar:5.6.15.Final]
	at org.hibernate.event.internal.DefaultFlushEventListener.onFlush(DefaultFlushEventListener.java:40) ~[hibernate-core-5.6.15.Final.jar:5.6.15.Final]
	at org.hibernate.event.service.internal.EventListenerGroupImpl.fireEventOnEachListener(EventListenerGroupImpl.java:107) ~[hibernate-core-5.6.15.Final.jar:5.6.15.Final]
	at org.hibernate.internal.SessionImpl.doFlush(SessionImpl.java:1407) ~[hibernate-core-5.6.15.Final.jar:5.6.15.Final]
	... 20 more
INFO    03 Jul 2024 03:41:33 org.joget.apps.license.LicenseManager - Shutdown license system key generator org.joget.apps.license.AwsSystemKeyGenerator
INFO    03 Jul 2024 03:41:33 org.joget.apps.app.web.ThreadCleaner - cleaned 763 values in ThreadLocals
INFO    03 Jul 2024 03:41:33 bitronix.tm.BitronixTransactionManager - shutting down Bitronix Transaction Manager
