06-Jun-2024 09:04:34.773 INFO [main] org.apache.catalina.startup.VersionLoggerListener.log Server version name:   Apache Tomcat/9.0.86
06-Jun-2024 09:04:34.778 INFO [main] org.apache.catalina.startup.VersionLoggerListener.log Server built:          Feb 14 2024 08:15:12 UTC
06-Jun-2024 09:04:34.779 INFO [main] org.apache.catalina.startup.VersionLoggerListener.log Server version number: 9.0.86.0
06-Jun-2024 09:04:34.779 INFO [main] org.apache.catalina.startup.VersionLoggerListener.log OS Name:               Linux
06-Jun-2024 09:04:34.779 INFO [main] org.apache.catalina.startup.VersionLoggerListener.log OS Version:            6.5.0-1017-aws
06-Jun-2024 09:04:34.779 INFO [main] org.apache.catalina.startup.VersionLoggerListener.log Architecture:          amd64
06-Jun-2024 09:04:34.780 INFO [main] org.apache.catalina.startup.VersionLoggerListener.log Java Home:             /usr/lib/jvm/java-11-openjdk-amd64
06-Jun-2024 09:04:34.780 INFO [main] org.apache.catalina.startup.VersionLoggerListener.log JVM Version:           11.0.23+9-post-Ubuntu-1ubuntu122.04.1
06-Jun-2024 09:04:34.780 INFO [main] org.apache.catalina.startup.VersionLoggerListener.log JVM Vendor:            Ubuntu
06-Jun-2024 09:04:34.780 INFO [main] org.apache.catalina.startup.VersionLoggerListener.log CATALINA_BASE:         /opt/joget-enterprise-linux-8.1.1/apache-tomcat-9.0.86
06-Jun-2024 09:04:34.780 INFO [main] org.apache.catalina.startup.VersionLoggerListener.log CATALINA_HOME:         /opt/joget-enterprise-linux-8.1.1/apache-tomcat-9.0.86
06-Jun-2024 09:04:34.781 INFO [main] org.apache.catalina.startup.VersionLoggerListener.log Command line argument: --add-opens=java.base/java.lang=ALL-UNNAMED
06-Jun-2024 09:04:34.781 INFO [main] org.apache.catalina.startup.VersionLoggerListener.log Command line argument: --add-opens=java.base/java.io=ALL-UNNAMED
06-Jun-2024 09:04:34.781 INFO [main] org.apache.catalina.startup.VersionLoggerListener.log Command line argument: --add-opens=java.base/java.util=ALL-UNNAMED
06-Jun-2024 09:04:34.781 INFO [main] org.apache.catalina.startup.VersionLoggerListener.log Command line argument: --add-opens=java.base/java.util.concurrent=ALL-UNNAMED
06-Jun-2024 09:04:34.781 INFO [main] org.apache.catalina.startup.VersionLoggerListener.log Command line argument: --add-opens=java.rmi/sun.rmi.transport=ALL-UNNAMED
06-Jun-2024 09:04:34.781 INFO [main] org.apache.catalina.startup.VersionLoggerListener.log Command line argument: -Djava.util.logging.config.file=/opt/joget-enterprise-linux-8.1.1/apache-tomcat-9.0.86/conf/logging.properties
06-Jun-2024 09:04:34.781 INFO [main] org.apache.catalina.startup.VersionLoggerListener.log Command line argument: -Djava.util.logging.manager=org.apache.juli.ClassLoaderLogManager
06-Jun-2024 09:04:34.782 INFO [main] org.apache.catalina.startup.VersionLoggerListener.log Command line argument: -Xmx768M
06-Jun-2024 09:04:34.782 INFO [main] org.apache.catalina.startup.VersionLoggerListener.log Command line argument: -Dfile.encoding=UTF-8
06-Jun-2024 09:04:34.782 INFO [main] org.apache.catalina.startup.VersionLoggerListener.log Command line argument: -Dwflow.home=./wflow/
06-Jun-2024 09:04:34.782 INFO [main] org.apache.catalina.startup.VersionLoggerListener.log Command line argument: -javaagent:./wflow/wflow-cluster.jar
06-Jun-2024 09:04:34.782 INFO [main] org.apache.catalina.startup.VersionLoggerListener.log Command line argument: -javaagent:./wflow/aspectjweaver-1.9.22.jar
06-Jun-2024 09:04:34.782 INFO [main] org.apache.catalina.startup.VersionLoggerListener.log Command line argument: -javaagent:./wflow/glowroot/glowroot.jar
06-Jun-2024 09:04:34.782 INFO [main] org.apache.catalina.startup.VersionLoggerListener.log Command line argument: -Djdk.tls.ephemeralDHKeySize=2048
06-Jun-2024 09:04:34.782 INFO [main] org.apache.catalina.startup.VersionLoggerListener.log Command line argument: -Djava.protocol.handler.pkgs=org.apache.catalina.webresources
06-Jun-2024 09:04:34.782 INFO [main] org.apache.catalina.startup.VersionLoggerListener.log Command line argument: -Dorg.apache.catalina.security.SecurityListener.UMASK=0027
06-Jun-2024 09:04:34.783 INFO [main] org.apache.catalina.startup.VersionLoggerListener.log Command line argument: -Dignore.endorsed.dirs=
06-Jun-2024 09:04:34.783 INFO [main] org.apache.catalina.startup.VersionLoggerListener.log Command line argument: -Dcatalina.base=/opt/joget-enterprise-linux-8.1.1/apache-tomcat-9.0.86
06-Jun-2024 09:04:34.783 INFO [main] org.apache.catalina.startup.VersionLoggerListener.log Command line argument: -Dcatalina.home=/opt/joget-enterprise-linux-8.1.1/apache-tomcat-9.0.86
06-Jun-2024 09:04:34.783 INFO [main] org.apache.catalina.startup.VersionLoggerListener.log Command line argument: -Djava.io.tmpdir=/opt/joget-enterprise-linux-8.1.1/apache-tomcat-9.0.86/temp
06-Jun-2024 09:04:34.786 INFO [main] org.apache.catalina.core.AprLifecycleListener.lifecycleEvent The Apache Tomcat Native library which allows using OpenSSL was not found on the java.library.path: [/usr/java/packages/lib:/usr/lib/x86_64-linux-gnu/jni:/lib/x86_64-linux-gnu:/usr/lib/x86_64-linux-gnu:/usr/lib/jni:/lib:/usr/lib]
06-Jun-2024 09:04:35.087 INFO [main] org.apache.coyote.AbstractProtocol.init Initializing ProtocolHandler ["http-nio-8080"]
06-Jun-2024 09:04:35.126 INFO [main] org.apache.catalina.startup.Catalina.load Server initialization in [726] milliseconds
06-Jun-2024 09:04:35.263 INFO [main] org.apache.catalina.core.StandardService.startInternal Starting service [Catalina]
06-Jun-2024 09:04:35.263 INFO [main] org.apache.catalina.core.StandardEngine.startInternal Starting Servlet engine: [Apache Tomcat/9.0.86]
06-Jun-2024 09:04:35.295 INFO [main] org.apache.catalina.startup.HostConfig.deployWAR Deploying web application archive [/opt/joget-enterprise-linux-8.1.1/apache-tomcat-9.0.86/webapps/jw.war]
06-Jun-2024 09:04:50.877 INFO [main] org.apache.jasper.servlet.TldScanner.scanJars At least one JAR was scanned for TLDs yet contained no TLDs. Enable debug logging for this logger for a complete list of JARs that were scanned but no TLDs were found in them. Skipping unneeded JARs during scanning can improve startup time and JSP compilation time.
06-Jun-2024 09:05:18.633 INFO [main] org.apache.catalina.startup.HostConfig.deployWAR Deployment of web application archive [/opt/joget-enterprise-linux-8.1.1/apache-tomcat-9.0.86/webapps/jw.war] has finished in [43,333] ms
06-Jun-2024 09:05:18.638 INFO [main] org.apache.catalina.startup.HostConfig.deployDirectory Deploying web application directory [/opt/joget-enterprise-linux-8.1.1/apache-tomcat-9.0.86/webapps/host-manager]
06-Jun-2024 09:05:18.735 INFO [main] org.apache.catalina.startup.HostConfig.deployDirectory Deployment of web application directory [/opt/joget-enterprise-linux-8.1.1/apache-tomcat-9.0.86/webapps/host-manager] has finished in [97] ms
06-Jun-2024 09:05:18.736 INFO [main] org.apache.catalina.startup.HostConfig.deployDirectory Deploying web application directory [/opt/joget-enterprise-linux-8.1.1/apache-tomcat-9.0.86/webapps/examples]
06-Jun-2024 09:05:18.936 INFO [main] org.apache.catalina.startup.HostConfig.deployDirectory Deployment of web application directory [/opt/joget-enterprise-linux-8.1.1/apache-tomcat-9.0.86/webapps/examples] has finished in [200] ms
06-Jun-2024 09:05:18.936 INFO [main] org.apache.catalina.startup.HostConfig.deployDirectory Deploying web application directory [/opt/joget-enterprise-linux-8.1.1/apache-tomcat-9.0.86/webapps/manager]
06-Jun-2024 09:05:18.961 INFO [main] org.apache.catalina.startup.HostConfig.deployDirectory Deployment of web application directory [/opt/joget-enterprise-linux-8.1.1/apache-tomcat-9.0.86/webapps/manager] has finished in [25] ms
06-Jun-2024 09:05:18.962 INFO [main] org.apache.catalina.startup.HostConfig.deployDirectory Deploying web application directory [/opt/joget-enterprise-linux-8.1.1/apache-tomcat-9.0.86/webapps/docs]
06-Jun-2024 09:05:18.980 INFO [main] org.apache.catalina.startup.HostConfig.deployDirectory Deployment of web application directory [/opt/joget-enterprise-linux-8.1.1/apache-tomcat-9.0.86/webapps/docs] has finished in [17] ms
06-Jun-2024 09:05:18.981 INFO [main] org.apache.catalina.startup.HostConfig.deployDirectory Deploying web application directory [/opt/joget-enterprise-linux-8.1.1/apache-tomcat-9.0.86/webapps/ROOT]
06-Jun-2024 09:05:18.996 INFO [main] org.apache.catalina.startup.HostConfig.deployDirectory Deployment of web application directory [/opt/joget-enterprise-linux-8.1.1/apache-tomcat-9.0.86/webapps/ROOT] has finished in [15] ms
06-Jun-2024 09:05:19.005 INFO [main] org.apache.coyote.AbstractProtocol.start Starting ProtocolHandler ["http-nio-8080"]
06-Jun-2024 09:05:19.025 INFO [main] org.apache.catalina.startup.Catalina.start Server startup in [43897] milliseconds
06-Jun-2024 09:05:19.078 INFO [http-nio-8080-exec-2] org.apache.coyote.http11.Http11Processor.service Error parsing HTTP request header
 Note: further occurrences of HTTP request parsing errors will be logged at DEBUG level.
	java.lang.IllegalArgumentException: Invalid character found in method name [0x160x030x010x070x000x010x000x060xfc0x030x03=Y0xb3{0xde0xcc0xfa0xd60x070xa40xbb0xdev0x840xf20xe70xef^[0x160xce0xf9o0x830xe70x970x960xf2^ke: ]. HTTP method names must be tokens
		at org.apache.coyote.http11.Http11InputBuffer.parseRequestLine(Http11InputBuffer.java:407)
		at org.apache.coyote.http11.Http11Processor.service(Http11Processor.java:263)
		at org.apache.coyote.AbstractProcessorLight.process(AbstractProcessorLight.java:63)
		at org.apache.coyote.AbstractProtocol$ConnectionHandler.process(AbstractProtocol.java:928)
		at org.apache.tomcat.util.net.NioEndpoint$SocketProcessor.doRun(NioEndpoint.java:1794)
		at org.apache.tomcat.util.net.SocketProcessorBase.run(SocketProcessorBase.java:52)
		at org.apache.tomcat.util.threads.ThreadPoolExecutor.runWorker(ThreadPoolExecutor.java:1191)
		at org.apache.tomcat.util.threads.ThreadPoolExecutor$Worker.run(ThreadPoolExecutor.java:659)
		at org.apache.tomcat.util.threads.TaskThread$WrappingRunnable.run(TaskThread.java:63)
		at java.base/java.lang.Thread.run(Thread.java:829)
06-Jun-2024 09:05:19.450 INFO [http-nio-8080-exec-5] org.apache.coyote.http11.Http11Processor.service Error parsing HTTP request header
 Note: further occurrences of HTTP request parsing errors will be logged at DEBUG level.
	java.lang.IllegalArgumentException: Invalid character found in method name [0x160x030x010x060xa00x010x000x060x9c0x030x03<0x1130xbbq0xe6i0xd5%0xd53&$0xabgEhM/0x840x9dh5 ]. HTTP method names must be tokens
		at org.apache.coyote.http11.Http11InputBuffer.parseRequestLine(Http11InputBuffer.java:407)
		at org.apache.coyote.http11.Http11Processor.service(Http11Processor.java:263)
		at org.apache.coyote.AbstractProcessorLight.process(AbstractProcessorLight.java:63)
		at org.apache.coyote.AbstractProtocol$ConnectionHandler.process(AbstractProtocol.java:928)
		at org.apache.tomcat.util.net.NioEndpoint$SocketProcessor.doRun(NioEndpoint.java:1794)
		at org.apache.tomcat.util.net.SocketProcessorBase.run(SocketProcessorBase.java:52)
		at org.apache.tomcat.util.threads.ThreadPoolExecutor.runWorker(ThreadPoolExecutor.java:1191)
		at org.apache.tomcat.util.threads.ThreadPoolExecutor$Worker.run(ThreadPoolExecutor.java:659)
		at org.apache.tomcat.util.threads.TaskThread$WrappingRunnable.run(TaskThread.java:63)
		at java.base/java.lang.Thread.run(Thread.java:829)
06-Jun-2024 09:06:38.656 INFO [main] org.apache.catalina.core.StandardServer.await A valid shutdown command was received via the shutdown port. Stopping the Server instance.
06-Jun-2024 09:06:38.657 INFO [main] org.apache.coyote.AbstractProtocol.pause Pausing ProtocolHandler ["http-nio-8080"]
06-Jun-2024 09:06:38.659 INFO [main] org.apache.catalina.core.StandardService.stopInternal Stopping service [Catalina]
06-Jun-2024 09:06:39.658 WARNING [main] org.apache.catalina.loader.WebappClassLoaderBase.clearReferencesJdbc The web application [jw] registered the JDBC driver [org.mariadb.jdbc.Driver] but failed to unregister it when the web application was stopped. To prevent a memory leak, the JDBC Driver has been forcibly unregistered.
06-Jun-2024 09:06:39.659 WARNING [main] org.apache.catalina.loader.WebappClassLoaderBase.clearReferencesJdbc The web application [jw] registered the JDBC driver [org.mariadb.jdbc.Driver] but failed to unregister it when the web application was stopped. To prevent a memory leak, the JDBC Driver has been forcibly unregistered.
06-Jun-2024 09:06:39.660 WARNING [main] org.apache.catalina.loader.WebappClassLoaderBase.clearReferencesThreads The web application [jw] appears to have started a thread named [Thread-20] but has failed to stop it. This is very likely to create a memory leak. Stack trace of thread:
 java.base@11.0.23/java.lang.Thread.sleep(Native Method)
 org.joget.apps.license.LicenseListener.waitForDataSource(LicenseListener.java:43)
 org.joget.apps.license.LicenseListener.waitForDataSource(LicenseListener.java:44)
 org.joget.apps.license.LicenseListener.waitForDataSource(LicenseListener.java:44)
 org.joget.apps.license.LicenseListener.waitForDataSource(LicenseListener.java:44)
 org.joget.apps.license.LicenseListener.waitForDataSource(LicenseListener.java:44)
 org.joget.apps.license.LicenseListener.waitForDataSource(LicenseListener.java:44)
 org.joget.apps.license.LicenseListener.waitForDataSource(LicenseListener.java:44)
 org.joget.apps.license.LicenseListener.waitForDataSource(LicenseListener.java:44)
 org.joget.apps.license.LicenseListener.waitForDataSource(LicenseListener.java:44)
 org.joget.apps.license.LicenseListener.waitForDataSource(LicenseListener.java:44)
 org.joget.apps.license.LicenseListener.waitForDataSource(LicenseListener.java:44)
 org.joget.apps.license.LicenseListener.waitForDataSource(LicenseListener.java:44)
 org.joget.apps.license.LicenseListener.waitForDataSource(LicenseListener.java:44)
 org.joget.apps.license.LicenseListener.waitForDataSource(LicenseListener.java:44)
 org.joget.apps.license.LicenseListener.waitForDataSource(LicenseListener.java:44)
 org.joget.apps.license.LicenseListener.waitForDataSource(LicenseListener.java:44)
 org.joget.apps.license.LicenseListener.waitForDataSource(LicenseListener.java:44)
 org.joget.apps.license.LicenseListener.waitForDataSource(LicenseListener.java:44)
 org.joget.apps.license.LicenseListener.waitForDataSource(LicenseListener.java:44)
 org.joget.apps.license.LicenseListener.waitForDataSource(LicenseListener.java:44)
 org.joget.apps.license.LicenseListener.waitForDataSource(LicenseListener.java:44)
 org.joget.apps.license.LicenseListener.waitForDataSource(LicenseListener.java:44)
 org.joget.apps.license.LicenseListener.waitForDataSource(LicenseListener.java:44)
 org.joget.apps.license.LicenseListener.waitForDataSource(LicenseListener.java:44)
 org.joget.apps.license.LicenseListener.waitForDataSource(LicenseListener.java:44)
 org.joget.apps.license.LicenseListener.waitForDataSource(LicenseListener.java:44)
 org.joget.apps.license.LicenseListener.waitForDataSource(LicenseListener.java:44)
 org.joget.apps.license.LicenseListener.waitForDataSource(LicenseListener.java:44)
 org.joget.apps.license.LicenseListener.waitForDataSource(LicenseListener.java:44)
 org.joget.apps.license.LicenseListener.waitForDataSource(LicenseListener.java:44)
 org.joget.apps.license.LicenseListener.waitForDataSource(LicenseListener.java:44)
 org.joget.apps.license.LicenseListener.waitForDataSource(LicenseListener.java:44)
 org.joget.apps.license.LicenseListener.waitForDataSource(LicenseListener.java:44)
 org.joget.apps.license.LicenseListener.waitForDataSource(LicenseListener.java:44)
 org.joget.apps.license.LicenseListener.waitForDataSource(LicenseListener.java:44)
 org.joget.apps.license.LicenseListener.waitForDataSource(LicenseListener.java:44)
 org.joget.apps.license.LicenseListener.waitForDataSource(LicenseListener.java:44)
 org.joget.apps.license.LicenseListener.waitForDataSource(LicenseListener.java:44)
 org.joget.apps.license.LicenseListener.waitForDataSource(LicenseListener.java:44)
 org.joget.apps.license.LicenseListener.waitForDataSource(LicenseListener.java:44)
 org.joget.apps.license.LicenseListener.waitForDataSource(LicenseListener.java:44)
 org.joget.apps.license.LicenseListener.waitForDataSource(LicenseListener.java:44)
 org.joget.apps.license.LicenseListener.waitForDataSource(LicenseListener.java:44)
 org.joget.apps.license.LicenseListener.waitForDataSource(LicenseListener.java:44)
 org.joget.apps.license.LicenseListener.waitForDataSource(LicenseListener.java:44)
 org.joget.apps.license.LicenseListener.waitForDataSource(LicenseListener.java:44)
 org.joget.apps.license.LicenseListener.waitForDataSource(LicenseListener.java:44)
 org.joget.apps.license.LicenseListener.waitForDataSource(LicenseListener.java:44)
 org.joget.apps.license.LicenseListener.waitForDataSource(LicenseListener.java:44)
 org.joget.apps.license.LicenseListener.waitForDataSource(LicenseListener.java:44)
 org.joget.apps.license.LicenseListener.waitForDataSource(LicenseListener.java:44)
 org.joget.apps.license.LicenseListener.waitForDataSource(LicenseListener.java:44)
 org.joget.apps.license.LicenseListener.waitForDataSource(LicenseListener.java:44)
 org.joget.apps.license.LicenseListener.waitForDataSource(LicenseListener.java:44)
 org.joget.apps.license.LicenseListener.waitForDataSource(LicenseListener.java:44)
 org.joget.apps.license.LicenseListener.waitForDataSource(LicenseListener.java:44)
 org.joget.apps.license.LicenseListener.waitForDataSource(LicenseListener.java:44)
 org.joget.apps.license.LicenseListener.waitForDataSource(LicenseListener.java:44)
 org.joget.apps.license.LicenseListener.waitForDataSource(LicenseListener.java:44)
 org.joget.apps.license.LicenseListener.waitForDataSource(LicenseListener.java:44)
 org.joget.apps.license.LicenseListener.waitForDataSource(LicenseListener.java:44)
 org.joget.apps.license.LicenseListener.waitForDataSource(LicenseListener.java:44)
 org.joget.apps.license.LicenseListener.waitForDataSource(LicenseListener.java:44)
 org.joget.apps.license.LicenseListener.waitForDataSource(LicenseListener.java:44)
 org.joget.apps.license.LicenseListener.waitForDataSource(LicenseListener.java:44)
 org.joget.apps.license.LicenseListener.waitForDataSource(LicenseListener.java:44)
 org.joget.apps.license.LicenseListener.waitForDataSource(LicenseListener.java:44)
 org.joget.apps.license.LicenseListener.waitForDataSource(LicenseListener.java:44)
 org.joget.apps.license.LicenseListener.waitForDataSource(LicenseListener.java:44)
 org.joget.apps.license.LicenseListener.waitForDataSource(LicenseListener.java:44)
 org.joget.apps.license.LicenseListener.waitForDataSource(LicenseListener.java:44)
 org.joget.apps.license.LicenseListener.waitForDataSource(LicenseListener.java:44)
 org.joget.apps.license.LicenseListener.waitForDataSource(LicenseListener.java:44)
 org.joget.apps.license.LicenseListener.waitForDataSource(LicenseListener.java:44)
 org.joget.apps.license.LicenseListener.waitForDataSource(LicenseListener.java:44)
 org.joget.apps.license.LicenseListener.waitForDataSource(LicenseListener.java:44)
 org.joget.apps.license.LicenseListener.waitForDataSource(LicenseListener.java:44)
 org.joget.apps.license.LicenseListener.waitForDataSource(LicenseListener.java:44)
 org.joget.apps.license.LicenseListener.waitForDataSource(LicenseListener.java:44)
 org.joget.apps.license.LicenseListener.waitForDataSource(LicenseListener.java:44)
 org.joget.apps.license.LicenseListener.waitForDataSource(LicenseListener.java:44)
 org.joget.apps.license.LicenseListener.waitForDataSource(LicenseListener.java:44)
 org.joget.apps.license.LicenseListener.waitForDataSource(LicenseListener.java:44)
 org.joget.apps.license.LicenseListener.waitForDataSource(LicenseListener.java:44)
 org.joget.apps.license.LicenseListener.waitForDataSource(LicenseListener.java:44)
 org.joget.apps.license.LicenseListener.waitForDataSource(LicenseListener.java:44)
 org.joget.apps.license.LicenseListener.waitForDataSource(LicenseListener.java:44)
 org.joget.apps.license.LicenseListener.waitForDataSource(LicenseListener.java:44)
 org.joget.apps.license.LicenseListener.waitForDataSource(LicenseListener.java:44)
 org.joget.apps.license.LicenseListener.waitForDataSource(LicenseListener.java:44)
 org.joget.apps.license.LicenseListener.waitForDataSource(LicenseListener.java:44)
 org.joget.apps.license.LicenseListener.waitForDataSource(LicenseListener.java:44)
 org.joget.apps.license.LicenseListener.waitForDataSource(LicenseListener.java:44)
 org.joget.apps.license.LicenseListener.waitForDataSource(LicenseListener.java:44)
 org.joget.apps.license.LicenseListener.waitForDataSource(LicenseListener.java:44)
 org.joget.apps.license.LicenseListener.waitForDataSource(LicenseListener.java:44)
 org.joget.apps.license.LicenseListener.waitForDataSource(LicenseListener.java:44)
 org.joget.apps.license.LicenseListener.waitForDataSource(LicenseListener.java:44)
 org.joget.apps.license.LicenseListener.waitForDataSource(LicenseListener.java:44)
 org.joget.apps.license.LicenseListener.waitForDataSource(LicenseListener.java:44)
 org.joget.apps.license.LicenseListener.waitForDataSource(LicenseListener.java:44)
 org.joget.apps.license.LicenseListener.waitForDataSource(LicenseListener.java:44)
 org.joget.apps.license.LicenseListener.waitForDataSource(LicenseListener.java:44)
 org.joget.apps.license.LicenseListener.waitForDataSource(LicenseListener.java:44)
 org.joget.apps.license.LicenseListener.waitForDataSource(LicenseListener.java:44)
 org.joget.apps.license.LicenseListener.waitForDataSource(LicenseListener.java:44)
 org.joget.apps.license.LicenseListener.waitForDataSource(LicenseListener.java:44)
 org.joget.apps.license.LicenseListener.waitForDataSource(LicenseListener.java:44)
 org.joget.apps.license.LicenseListener.waitForDataSource(LicenseListener.java:44)
 org.joget.apps.license.LicenseListener.waitForDataSource(LicenseListener.java:44)
 org.joget.apps.license.LicenseListener.waitForDataSource(LicenseListener.java:44)
 org.joget.apps.license.LicenseListener.waitForDataSource(LicenseListener.java:44)
 org.joget.apps.license.LicenseListener.waitForDataSource(LicenseListener.java:44)
 org.joget.apps.license.LicenseListener.waitForDataSource(LicenseListener.java:44)
 org.joget.apps.license.LicenseListener.waitForDataSource(LicenseListener.java:44)
 org.joget.apps.license.LicenseListener.waitForDataSource(LicenseListener.java:44)
 org.joget.apps.license.LicenseListener.waitForDataSource(LicenseListener.java:44)
 org.joget.apps.license.LicenseListener.waitForDataSource(LicenseListener.java:44)
 org.joget.apps.license.LicenseListener.waitForDataSource(LicenseListener.java:44)
 org.joget.apps.license.LicenseListener.waitForDataSource(LicenseListener.java:44)
 org.joget.apps.license.LicenseListener.waitForDataSource(LicenseListener.java:44)
 org.joget.apps.license.LicenseListener.waitForDataSource(LicenseListener.java:44)
 org.joget.apps.license.LicenseListener.waitForDataSource(LicenseListener.java:44)
 org.joget.apps.license.LicenseListener.waitForDataSource(LicenseListener.java:44)
 org.joget.apps.license.LicenseListener.waitForDataSource(LicenseListener.java:44)
 org.joget.apps.license.LicenseListener.waitForDataSource(LicenseListener.java:44)
 org.joget.apps.license.LicenseListener.waitForDataSource(LicenseListener.java:44)
 org.joget.apps.license.LicenseListener.waitForDataSource(LicenseListener.java:44)
 org.joget.apps.license.LicenseListener.waitForDataSource(LicenseListener.java:44)
 org.joget.apps.license.LicenseListener.waitForDataSource(LicenseListener.java:44)
 org.joget.apps.license.LicenseListener.waitForDataSource(LicenseListener.java:44)
 org.joget.apps.license.LicenseListener.waitForDataSource(LicenseListener.java:44)
 org.joget.apps.license.LicenseListener.waitForDataSource(LicenseListener.java:44)
 org.joget.apps.license.LicenseListener.waitForDataSource(LicenseListener.java:44)
 org.joget.apps.license.LicenseListener.waitForDataSource(LicenseListener.java:44)
 org.joget.apps.license.LicenseListener.waitForDataSource(LicenseListener.java:44)
 org.joget.apps.license.LicenseListener.waitForDataSource(LicenseListener.java:44)
 org.joget.apps.license.LicenseListener.waitForDataSource(LicenseListener.java:44)
 org.joget.apps.license.LicenseListener.waitForDataSource(LicenseListener.java:44)
 org.joget.apps.license.LicenseListener.waitForDataSource(LicenseListener.java:44)
 org.joget.apps.license.LicenseListener.waitForDataSource(LicenseListener.java:44)
 org.joget.apps.license.LicenseListener.waitForDataSource(LicenseListener.java:44)
 org.joget.apps.license.LicenseListener.waitForDataSource(LicenseListener.java:44)
 org.joget.apps.license.LicenseListener.waitForDataSource(LicenseListener.java:44)
 org.joget.apps.license.LicenseListener.waitForDataSource(LicenseListener.java:44)
 org.joget.apps.license.LicenseListener.waitForDataSource(LicenseListener.java:44)
 org.joget.apps.license.LicenseListener.waitForDataSource(LicenseListener.java:44)
 org.joget.apps.license.LicenseListener.waitForDataSource(LicenseListener.java:44)
 org.joget.apps.license.LicenseListener.waitForDataSource(LicenseListener.java:44)
 org.joget.apps.license.LicenseListener.waitForDataSource(LicenseListener.java:44)
 org.joget.apps.license.LicenseListener.waitForDataSource(LicenseListener.java:44)
 org.joget.apps.license.LicenseListener.waitForDataSource(LicenseListener.java:44)
 org.joget.apps.license.LicenseListener.waitForDataSource(LicenseListener.java:44)
 org.joget.apps.license.LicenseListener.waitForDataSource(LicenseListener.java:44)
 org.joget.apps.license.LicenseListener.waitForDataSource(LicenseListener.java:44)
 org.joget.apps.license.LicenseListener.waitForDataSource(LicenseListener.java:44)
 org.joget.apps.license.LicenseListener.waitForDataSource(LicenseListener.java:44)
 org.joget.apps.license.LicenseListener.waitForDataSource(LicenseListener.java:44)
 org.joget.apps.license.LicenseListener.waitForDataSource(LicenseListener.java:44)
 org.joget.apps.license.LicenseListener.waitForDataSource(LicenseListener.java:44)
 org.joget.apps.license.LicenseListener.waitForDataSource(LicenseListener.java:44)
 org.joget.apps.license.LicenseListener.waitForDataSource(LicenseListener.java:44)
 org.joget.apps.license.LicenseListener.waitForDataSource(LicenseListener.java:44)
 org.joget.apps.license.LicenseListener.waitForDataSource(LicenseListener.java:44)
 org.joget.apps.license.LicenseListener.waitForDataSource(LicenseListener.java:44)
 org.joget.apps.license.LicenseListener.waitForDataSource(LicenseListener.java:44)
 org.joget.apps.license.LicenseListener.waitForDataSource(LicenseListener.java:44)
 org.joget.apps.license.LicenseListener.waitForDataSource(LicenseListener.java:44)
 org.joget.apps.license.LicenseListener$1.run(LicenseListener.java:19)
 java.base@11.0.23/java.lang.Thread.run(Thread.java:829)
06-Jun-2024 09:06:39.661 WARNING [main] org.apache.catalina.loader.WebappClassLoaderBase.clearReferencesThreads The web application [jw] appears to have started a thread named [net.sf.ehcache.CacheManager@636b687b] but has failed to stop it. This is very likely to create a memory leak. Stack trace of thread:
 java.base@11.0.23/java.lang.Object.wait(Native Method)
 java.base@11.0.23/java.util.TimerThread.mainLoop(Timer.java:553)
 java.base@11.0.23/java.util.TimerThread.run(Timer.java:506)
06-Jun-2024 09:06:39.676 INFO [main] org.apache.coyote.AbstractProtocol.stop Stopping ProtocolHandler ["http-nio-8080"]
06-Jun-2024 09:06:39.693 INFO [Finalizer] org.apache.catalina.loader.WebappClassLoaderBase.checkStateForResourceLoading Illegal access: this web application instance has been stopped already. Could not load [org.apache.http.impl.conn.PoolingHttpClientConnectionManager$2]. The following stack trace is thrown for debugging purposes as well as to attempt to terminate the thread which caused the illegal access.
	java.lang.IllegalStateException: Illegal access: this web application instance has been stopped already. Could not load [org.apache.http.impl.conn.PoolingHttpClientConnectionManager$2]. The following stack trace is thrown for debugging purposes as well as to attempt to terminate the thread which caused the illegal access.
		at org.apache.catalina.loader.WebappClassLoaderBase.checkStateForResourceLoading(WebappClassLoaderBase.java:1349)
		at org.apache.catalina.loader.WebappClassLoaderBase.checkStateForClassLoading(WebappClassLoaderBase.java:1337)
		at org.apache.catalina.loader.WebappClassLoaderBase.loadClass(WebappClassLoaderBase.java:1174)
		at org.apache.catalina.loader.WebappClassLoaderBase.loadClass(WebappClassLoaderBase.java:1141)
		at org.apache.http.impl.conn.PoolingHttpClientConnectionManager.shutdown(PoolingHttpClientConnectionManager.java:413)
		at org.apache.http.impl.conn.PoolingHttpClientConnectionManager.finalize(PoolingHttpClientConnectionManager.java:207)
		at java.base/java.lang.System$2.invokeFinalize(System.java:2142)
		at java.base/java.lang.ref.Finalizer.runFinalizer(Finalizer.java:87)
		at java.base/java.lang.ref.Finalizer$FinalizerThread.run(Unknown Source)
06-Jun-2024 09:06:39.696 INFO [main] org.apache.coyote.AbstractProtocol.destroy Destroying ProtocolHandler ["http-nio-8080"]
06-Jun-2024 09:11:06.022 INFO [main] org.apache.catalina.startup.VersionLoggerListener.log Server version name:   Apache Tomcat/9.0.86
06-Jun-2024 09:11:06.025 INFO [main] org.apache.catalina.startup.VersionLoggerListener.log Server built:          Feb 14 2024 08:15:12 UTC
06-Jun-2024 09:11:06.025 INFO [main] org.apache.catalina.startup.VersionLoggerListener.log Server version number: 9.0.86.0
06-Jun-2024 09:11:06.026 INFO [main] org.apache.catalina.startup.VersionLoggerListener.log OS Name:               Linux
06-Jun-2024 09:11:06.026 INFO [main] org.apache.catalina.startup.VersionLoggerListener.log OS Version:            6.5.0-1017-aws
06-Jun-2024 09:11:06.026 INFO [main] org.apache.catalina.startup.VersionLoggerListener.log Architecture:          amd64
06-Jun-2024 09:11:06.026 INFO [main] org.apache.catalina.startup.VersionLoggerListener.log Java Home:             /usr/lib/jvm/java-11-openjdk-amd64
06-Jun-2024 09:11:06.026 INFO [main] org.apache.catalina.startup.VersionLoggerListener.log JVM Version:           11.0.23+9-post-Ubuntu-1ubuntu122.04.1
06-Jun-2024 09:11:06.026 INFO [main] org.apache.catalina.startup.VersionLoggerListener.log JVM Vendor:            Ubuntu
06-Jun-2024 09:11:06.027 INFO [main] org.apache.catalina.startup.VersionLoggerListener.log CATALINA_BASE:         /opt/joget-enterprise-linux-8.1.1/apache-tomcat-9.0.86
06-Jun-2024 09:11:06.027 INFO [main] org.apache.catalina.startup.VersionLoggerListener.log CATALINA_HOME:         /opt/joget-enterprise-linux-8.1.1/apache-tomcat-9.0.86
06-Jun-2024 09:11:06.027 INFO [main] org.apache.catalina.startup.VersionLoggerListener.log Command line argument: --add-opens=java.base/java.lang=ALL-UNNAMED
06-Jun-2024 09:11:06.027 INFO [main] org.apache.catalina.startup.VersionLoggerListener.log Command line argument: --add-opens=java.base/java.io=ALL-UNNAMED
06-Jun-2024 09:11:06.027 INFO [main] org.apache.catalina.startup.VersionLoggerListener.log Command line argument: --add-opens=java.base/java.util=ALL-UNNAMED
06-Jun-2024 09:11:06.027 INFO [main] org.apache.catalina.startup.VersionLoggerListener.log Command line argument: --add-opens=java.base/java.util.concurrent=ALL-UNNAMED
06-Jun-2024 09:11:06.028 INFO [main] org.apache.catalina.startup.VersionLoggerListener.log Command line argument: --add-opens=java.rmi/sun.rmi.transport=ALL-UNNAMED
06-Jun-2024 09:11:06.028 INFO [main] org.apache.catalina.startup.VersionLoggerListener.log Command line argument: -Djava.util.logging.config.file=/opt/joget-enterprise-linux-8.1.1/apache-tomcat-9.0.86/conf/logging.properties
06-Jun-2024 09:11:06.028 INFO [main] org.apache.catalina.startup.VersionLoggerListener.log Command line argument: -Djava.util.logging.manager=org.apache.juli.ClassLoaderLogManager
06-Jun-2024 09:11:06.028 INFO [main] org.apache.catalina.startup.VersionLoggerListener.log Command line argument: -Xmx768M
06-Jun-2024 09:11:06.028 INFO [main] org.apache.catalina.startup.VersionLoggerListener.log Command line argument: -Dfile.encoding=UTF-8
06-Jun-2024 09:11:06.028 INFO [main] org.apache.catalina.startup.VersionLoggerListener.log Command line argument: -Dwflow.home=./wflow/
06-Jun-2024 09:11:06.028 INFO [main] org.apache.catalina.startup.VersionLoggerListener.log Command line argument: -javaagent:./wflow/wflow-cluster.jar
06-Jun-2024 09:11:06.028 INFO [main] org.apache.catalina.startup.VersionLoggerListener.log Command line argument: -javaagent:./wflow/aspectjweaver-1.9.22.jar
06-Jun-2024 09:11:06.029 INFO [main] org.apache.catalina.startup.VersionLoggerListener.log Command line argument: -javaagent:./wflow/glowroot/glowroot.jar
06-Jun-2024 09:11:06.029 INFO [main] org.apache.catalina.startup.VersionLoggerListener.log Command line argument: -Djdk.tls.ephemeralDHKeySize=2048
06-Jun-2024 09:11:06.029 INFO [main] org.apache.catalina.startup.VersionLoggerListener.log Command line argument: -Djava.protocol.handler.pkgs=org.apache.catalina.webresources
06-Jun-2024 09:11:06.029 INFO [main] org.apache.catalina.startup.VersionLoggerListener.log Command line argument: -Dorg.apache.catalina.security.SecurityListener.UMASK=0027
06-Jun-2024 09:11:06.029 INFO [main] org.apache.catalina.startup.VersionLoggerListener.log Command line argument: -Dignore.endorsed.dirs=
06-Jun-2024 09:11:06.029 INFO [main] org.apache.catalina.startup.VersionLoggerListener.log Command line argument: -Dcatalina.base=/opt/joget-enterprise-linux-8.1.1/apache-tomcat-9.0.86
06-Jun-2024 09:11:06.029 INFO [main] org.apache.catalina.startup.VersionLoggerListener.log Command line argument: -Dcatalina.home=/opt/joget-enterprise-linux-8.1.1/apache-tomcat-9.0.86
06-Jun-2024 09:11:06.030 INFO [main] org.apache.catalina.startup.VersionLoggerListener.log Command line argument: -Djava.io.tmpdir=/opt/joget-enterprise-linux-8.1.1/apache-tomcat-9.0.86/temp
06-Jun-2024 09:11:06.032 INFO [main] org.apache.catalina.core.AprLifecycleListener.lifecycleEvent The Apache Tomcat Native library which allows using OpenSSL was not found on the java.library.path: [/usr/java/packages/lib:/usr/lib/x86_64-linux-gnu/jni:/lib/x86_64-linux-gnu:/usr/lib/x86_64-linux-gnu:/usr/lib/jni:/lib:/usr/lib]
06-Jun-2024 09:11:06.404 INFO [main] org.apache.coyote.AbstractProtocol.init Initializing ProtocolHandler ["http-nio-8080"]
06-Jun-2024 09:11:06.430 INFO [main] org.apache.catalina.startup.Catalina.load Server initialization in [611] milliseconds
06-Jun-2024 09:11:06.503 INFO [main] org.apache.catalina.core.StandardService.startInternal Starting service [Catalina]
06-Jun-2024 09:11:06.503 INFO [main] org.apache.catalina.core.StandardEngine.startInternal Starting Servlet engine: [Apache Tomcat/9.0.86]
06-Jun-2024 09:11:06.531 INFO [main] org.apache.catalina.startup.HostConfig.deployWAR Deploying web application archive [/opt/joget-enterprise-linux-8.1.1/apache-tomcat-9.0.86/webapps/jw.war]
06-Jun-2024 09:11:18.340 INFO [main] org.apache.jasper.servlet.TldScanner.scanJars At least one JAR was scanned for TLDs yet contained no TLDs. Enable debug logging for this logger for a complete list of JARs that were scanned but no TLDs were found in them. Skipping unneeded JARs during scanning can improve startup time and JSP compilation time.
06-Jun-2024 09:11:39.092 INFO [main] org.apache.catalina.startup.HostConfig.deployWAR Deployment of web application archive [/opt/joget-enterprise-linux-8.1.1/apache-tomcat-9.0.86/webapps/jw.war] has finished in [32,561] ms
06-Jun-2024 09:11:39.094 INFO [main] org.apache.catalina.startup.HostConfig.deployDirectory Deploying web application directory [/opt/joget-enterprise-linux-8.1.1/apache-tomcat-9.0.86/webapps/host-manager]
06-Jun-2024 09:11:39.130 INFO [main] org.apache.catalina.startup.HostConfig.deployDirectory Deployment of web application directory [/opt/joget-enterprise-linux-8.1.1/apache-tomcat-9.0.86/webapps/host-manager] has finished in [35] ms
06-Jun-2024 09:11:39.130 INFO [main] org.apache.catalina.startup.HostConfig.deployDirectory Deploying web application directory [/opt/joget-enterprise-linux-8.1.1/apache-tomcat-9.0.86/webapps/examples]
06-Jun-2024 09:11:39.269 INFO [main] org.apache.catalina.startup.HostConfig.deployDirectory Deployment of web application directory [/opt/joget-enterprise-linux-8.1.1/apache-tomcat-9.0.86/webapps/examples] has finished in [139] ms
06-Jun-2024 09:11:39.269 INFO [main] org.apache.catalina.startup.HostConfig.deployDirectory Deploying web application directory [/opt/joget-enterprise-linux-8.1.1/apache-tomcat-9.0.86/webapps/manager]
06-Jun-2024 09:11:39.294 INFO [main] org.apache.catalina.startup.HostConfig.deployDirectory Deployment of web application directory [/opt/joget-enterprise-linux-8.1.1/apache-tomcat-9.0.86/webapps/manager] has finished in [25] ms
06-Jun-2024 09:11:39.295 INFO [main] org.apache.catalina.startup.HostConfig.deployDirectory Deploying web application directory [/opt/joget-enterprise-linux-8.1.1/apache-tomcat-9.0.86/webapps/docs]
06-Jun-2024 09:11:39.331 INFO [main] org.apache.catalina.startup.HostConfig.deployDirectory Deployment of web application directory [/opt/joget-enterprise-linux-8.1.1/apache-tomcat-9.0.86/webapps/docs] has finished in [36] ms
06-Jun-2024 09:11:39.332 INFO [main] org.apache.catalina.startup.HostConfig.deployDirectory Deploying web application directory [/opt/joget-enterprise-linux-8.1.1/apache-tomcat-9.0.86/webapps/ROOT]
06-Jun-2024 09:11:39.348 INFO [main] org.apache.catalina.startup.HostConfig.deployDirectory Deployment of web application directory [/opt/joget-enterprise-linux-8.1.1/apache-tomcat-9.0.86/webapps/ROOT] has finished in [16] ms
06-Jun-2024 09:11:39.353 INFO [main] org.apache.coyote.AbstractProtocol.start Starting ProtocolHandler ["http-nio-8080"]
06-Jun-2024 09:11:39.370 INFO [main] org.apache.catalina.startup.Catalina.start Server startup in [32940] milliseconds
06-Jun-2024 09:29:42.779 INFO [http-nio-8080-exec-1] org.apache.coyote.http11.Http11Processor.service Error parsing HTTP request header
 Note: further occurrences of HTTP request parsing errors will be logged at DEBUG level.
	java.lang.IllegalArgumentException: Invalid character found in method name [0x160x030x010x060xe00x010x000x060xdc0x030x033J0xf6"0x1aP0xadZ0x060xdb0x830xdd0x870xa6j0x910xc70xfe0x1d0xb2m0x9eP0xb1u3z0xd30x0c0xd4=N ]. HTTP method names must be tokens
		at org.apache.coyote.http11.Http11InputBuffer.parseRequestLine(Http11InputBuffer.java:407)
		at org.apache.coyote.http11.Http11Processor.service(Http11Processor.java:263)
		at org.apache.coyote.AbstractProcessorLight.process(AbstractProcessorLight.java:63)
		at org.apache.coyote.AbstractProtocol$ConnectionHandler.process(AbstractProtocol.java:928)
		at org.apache.tomcat.util.net.NioEndpoint$SocketProcessor.doRun(NioEndpoint.java:1794)
		at org.apache.tomcat.util.net.SocketProcessorBase.run(SocketProcessorBase.java:52)
		at org.apache.tomcat.util.threads.ThreadPoolExecutor.runWorker(ThreadPoolExecutor.java:1191)
		at org.apache.tomcat.util.threads.ThreadPoolExecutor$Worker.run(ThreadPoolExecutor.java:659)
		at org.apache.tomcat.util.threads.TaskThread$WrappingRunnable.run(TaskThread.java:63)
		at java.base/java.lang.Thread.run(Thread.java:829)
06-Jun-2024 09:29:51.765 INFO [http-nio-8080-exec-6] org.apache.coyote.http11.Http11Processor.service Error parsing HTTP request header
 Note: further occurrences of HTTP request parsing errors will be logged at DEBUG level.
	java.lang.IllegalArgumentException: Invalid character found in method name [0x160x030x010x060xc00x010x000x060xbc0x030x03aAD0xc60xf6(0xc7{0x02Z0x8bE@|0x7fm0xfa0x84%0x110x0f0xfb0xe50x170x170xa60xf40x1c]c;c ]. HTTP method names must be tokens
		at org.apache.coyote.http11.Http11InputBuffer.parseRequestLine(Http11InputBuffer.java:407)
		at org.apache.coyote.http11.Http11Processor.service(Http11Processor.java:263)
		at org.apache.coyote.AbstractProcessorLight.process(AbstractProcessorLight.java:63)
		at org.apache.coyote.AbstractProtocol$ConnectionHandler.process(AbstractProtocol.java:928)
		at org.apache.tomcat.util.net.NioEndpoint$SocketProcessor.doRun(NioEndpoint.java:1794)
		at org.apache.tomcat.util.net.SocketProcessorBase.run(SocketProcessorBase.java:52)
		at org.apache.tomcat.util.threads.ThreadPoolExecutor.runWorker(ThreadPoolExecutor.java:1191)
		at org.apache.tomcat.util.threads.ThreadPoolExecutor$Worker.run(ThreadPoolExecutor.java:659)
		at org.apache.tomcat.util.threads.TaskThread$WrappingRunnable.run(TaskThread.java:63)
		at java.base/java.lang.Thread.run(Thread.java:829)
06-Jun-2024 09:33:46.938 INFO [http-nio-8080-exec-4] org.apache.coyote.http11.Http11Processor.service Error parsing HTTP request header
 Note: further occurrences of HTTP request parsing errors will be logged at DEBUG level.
	java.lang.IllegalArgumentException: Invalid character found in method name [0x160x030x010x060xc00x010x000x060xbc0x030x030x0d}0xeaX0xb0W0xd30xa3@0xfa0x9c0x960x830x840xf6d0x8a0xf70x04Wt0xd57E0x8860x8e~0x18q0xa90xb3 ]. HTTP method names must be tokens
		at org.apache.coyote.http11.Http11InputBuffer.parseRequestLine(Http11InputBuffer.java:407)
		at org.apache.coyote.http11.Http11Processor.service(Http11Processor.java:263)
		at org.apache.coyote.AbstractProcessorLight.process(AbstractProcessorLight.java:63)
		at org.apache.coyote.AbstractProtocol$ConnectionHandler.process(AbstractProtocol.java:928)
		at org.apache.tomcat.util.net.NioEndpoint$SocketProcessor.doRun(NioEndpoint.java:1794)
		at org.apache.tomcat.util.net.SocketProcessorBase.run(SocketProcessorBase.java:52)
		at org.apache.tomcat.util.threads.ThreadPoolExecutor.runWorker(ThreadPoolExecutor.java:1191)
		at org.apache.tomcat.util.threads.ThreadPoolExecutor$Worker.run(ThreadPoolExecutor.java:659)
		at org.apache.tomcat.util.threads.TaskThread$WrappingRunnable.run(TaskThread.java:63)
		at java.base/java.lang.Thread.run(Thread.java:829)
06-Jun-2024 15:08:07.277 INFO [Thread-4] org.apache.coyote.AbstractProtocol.pause Pausing ProtocolHandler ["http-nio-8080"]
06-Jun-2024 15:08:07.278 INFO [Thread-4] org.apache.catalina.core.StandardService.stopInternal Stopping service [Catalina]
06-Jun-2024 15:08:07.566 WARNING [Thread-4] org.apache.catalina.loader.WebappClassLoaderBase.clearReferencesJdbc The web application [jw] registered the JDBC driver [org.mariadb.jdbc.Driver] but failed to unregister it when the web application was stopped. To prevent a memory leak, the JDBC Driver has been forcibly unregistered.
06-Jun-2024 15:08:07.566 WARNING [Thread-4] org.apache.catalina.loader.WebappClassLoaderBase.clearReferencesJdbc The web application [jw] registered the JDBC driver [org.mariadb.jdbc.Driver] but failed to unregister it when the web application was stopped. To prevent a memory leak, the JDBC Driver has been forcibly unregistered.
06-Jun-2024 15:08:07.567 WARNING [Thread-4] org.apache.catalina.loader.WebappClassLoaderBase.clearReferencesThreads The web application [jw] appears to have started a thread named [net.sf.ehcache.CacheManager@59555c19] but has failed to stop it. This is very likely to create a memory leak. Stack trace of thread:
 java.base@11.0.23/java.lang.Object.wait(Native Method)
 java.base@11.0.23/java.util.TimerThread.mainLoop(Timer.java:553)
 java.base@11.0.23/java.util.TimerThread.run(Timer.java:506)
06-Jun-2024 15:08:07.568 WARNING [Thread-4] org.apache.catalina.loader.WebappClassLoaderBase.clearReferencesThreads The web application [jw] appears to have started a thread named [Tomcat JDBC Pool Cleaner[564817260:1717665560836]] but has failed to stop it. This is very likely to create a memory leak. Stack trace of thread:
 java.base@11.0.23/java.lang.Object.wait(Native Method)
 java.base@11.0.23/java.util.TimerThread.mainLoop(Timer.java:553)
 java.base@11.0.23/java.util.TimerThread.run(Timer.java:506)
06-Jun-2024 15:08:07.568 WARNING [Thread-4] org.apache.catalina.loader.WebappClassLoaderBase.clearReferencesThreads The web application [jw] appears to have started a thread named [bitronix-task-scheduler] but has failed to stop it. This is very likely to create a memory leak. Stack trace of thread:
 java.base@11.0.23/java.lang.Thread.sleep(Native Method)
 bitronix.tm.timer.TaskScheduler.run(TaskScheduler.java:245)
06-Jun-2024 15:08:07.569 WARNING [Thread-4] org.apache.catalina.loader.WebappClassLoaderBase.clearReferencesThreads The web application [jw] appears to have started a thread named [pool-3-thread-1] but has failed to stop it. This is very likely to create a memory leak. Stack trace of thread:
 java.base@11.0.23/jdk.internal.misc.Unsafe.park(Native Method)
 java.base@11.0.23/java.util.concurrent.locks.LockSupport.parkNanos(LockSupport.java:234)
 java.base@11.0.23/java.util.concurrent.locks.AbstractQueuedSynchronizer$ConditionObject.awaitNanos(AbstractQueuedSynchronizer.java:2123)
 java.base@11.0.23/java.util.concurrent.ScheduledThreadPoolExecutor$DelayedWorkQueue.take(ScheduledThreadPoolExecutor.java:1182)
 java.base@11.0.23/java.util.concurrent.ScheduledThreadPoolExecutor$DelayedWorkQueue.take(ScheduledThreadPoolExecutor.java:899)
 java.base@11.0.23/java.util.concurrent.ThreadPoolExecutor.getTask(ThreadPoolExecutor.java:1054)
 java.base@11.0.23/java.util.concurrent.ThreadPoolExecutor.runWorker(ThreadPoolExecutor.java:1114)
 java.base@11.0.23/java.util.concurrent.ThreadPoolExecutor$Worker.run(ThreadPoolExecutor.java:628)
 java.base@11.0.23/java.lang.Thread.run(Thread.java:829)
06-Jun-2024 15:08:07.569 WARNING [Thread-4] org.apache.catalina.loader.WebappClassLoaderBase.clearReferencesThreads The web application [jw] appears to have started a thread named [JGit-FileStoreAttributeReader-1] but has failed to stop it. This is very likely to create a memory leak. Stack trace of thread:
 java.base@11.0.23/jdk.internal.misc.Unsafe.park(Native Method)
 java.base@11.0.23/java.util.concurrent.locks.LockSupport.park(LockSupport.java:194)
 java.base@11.0.23/java.util.concurrent.locks.AbstractQueuedSynchronizer$ConditionObject.await(AbstractQueuedSynchronizer.java:2081)
 java.base@11.0.23/java.util.concurrent.LinkedBlockingQueue.take(LinkedBlockingQueue.java:433)
 java.base@11.0.23/java.util.concurrent.ThreadPoolExecutor.getTask(ThreadPoolExecutor.java:1054)
 java.base@11.0.23/java.util.concurrent.ThreadPoolExecutor.runWorker(ThreadPoolExecutor.java:1114)
 java.base@11.0.23/java.util.concurrent.ThreadPoolExecutor$Worker.run(ThreadPoolExecutor.java:628)
 java.base@11.0.23/java.lang.Thread.run(Thread.java:829)
06-Jun-2024 15:08:07.597 INFO [Thread-4] org.apache.coyote.AbstractProtocol.stop Stopping ProtocolHandler ["http-nio-8080"]
06-Jun-2024 15:08:07.609 INFO [Thread-4] org.apache.coyote.AbstractProtocol.destroy Destroying ProtocolHandler ["http-nio-8080"]
