21-Jun-2024 02:41:43.206 INFO [main] org.apache.catalina.startup.VersionLoggerListener.log Server version name:   Apache Tomcat/9.0.86
21-Jun-2024 02:41:43.211 INFO [main] org.apache.catalina.startup.VersionLoggerListener.log Server built:          Feb 14 2024 08:15:12 UTC
21-Jun-2024 02:41:43.211 INFO [main] org.apache.catalina.startup.VersionLoggerListener.log Server version number: 9.0.86.0
21-Jun-2024 02:41:43.211 INFO [main] org.apache.catalina.startup.VersionLoggerListener.log OS Name:               Linux
21-Jun-2024 02:41:43.211 INFO [main] org.apache.catalina.startup.VersionLoggerListener.log OS Version:            6.5.0-1020-aws
21-Jun-2024 02:41:43.211 INFO [main] org.apache.catalina.startup.VersionLoggerListener.log Architecture:          amd64
21-Jun-2024 02:41:43.212 INFO [main] org.apache.catalina.startup.VersionLoggerListener.log Java Home:             /usr/lib/jvm/java-11-openjdk-amd64
21-Jun-2024 02:41:43.212 INFO [main] org.apache.catalina.startup.VersionLoggerListener.log JVM Version:           11.0.23+9-post-Ubuntu-1ubuntu122.04.1
21-Jun-2024 02:41:43.212 INFO [main] org.apache.catalina.startup.VersionLoggerListener.log JVM Vendor:            Ubuntu
21-Jun-2024 02:41:43.212 INFO [main] org.apache.catalina.startup.VersionLoggerListener.log CATALINA_BASE:         /opt/joget-enterprise-linux-8.1.1/apache-tomcat-9.0.86
21-Jun-2024 02:41:43.212 INFO [main] org.apache.catalina.startup.VersionLoggerListener.log CATALINA_HOME:         /opt/joget-enterprise-linux-8.1.1/apache-tomcat-9.0.86
21-Jun-2024 02:41:43.212 INFO [main] org.apache.catalina.startup.VersionLoggerListener.log Command line argument: --add-opens=java.base/java.lang=ALL-UNNAMED
21-Jun-2024 02:41:43.213 INFO [main] org.apache.catalina.startup.VersionLoggerListener.log Command line argument: --add-opens=java.base/java.io=ALL-UNNAMED
21-Jun-2024 02:41:43.213 INFO [main] org.apache.catalina.startup.VersionLoggerListener.log Command line argument: --add-opens=java.base/java.util=ALL-UNNAMED
21-Jun-2024 02:41:43.213 INFO [main] org.apache.catalina.startup.VersionLoggerListener.log Command line argument: --add-opens=java.base/java.util.concurrent=ALL-UNNAMED
21-Jun-2024 02:41:43.213 INFO [main] org.apache.catalina.startup.VersionLoggerListener.log Command line argument: --add-opens=java.rmi/sun.rmi.transport=ALL-UNNAMED
21-Jun-2024 02:41:43.213 INFO [main] org.apache.catalina.startup.VersionLoggerListener.log Command line argument: -Djava.util.logging.config.file=/opt/joget-enterprise-linux-8.1.1/apache-tomcat-9.0.86/conf/logging.properties
21-Jun-2024 02:41:43.214 INFO [main] org.apache.catalina.startup.VersionLoggerListener.log Command line argument: -Djava.util.logging.manager=org.apache.juli.ClassLoaderLogManager
21-Jun-2024 02:41:43.214 INFO [main] org.apache.catalina.startup.VersionLoggerListener.log Command line argument: -Xmx2048M
21-Jun-2024 02:41:43.214 INFO [main] org.apache.catalina.startup.VersionLoggerListener.log Command line argument: -Dfile.encoding=UTF-8
21-Jun-2024 02:41:43.214 INFO [main] org.apache.catalina.startup.VersionLoggerListener.log Command line argument: -Dwflow.home=./wflow/
21-Jun-2024 02:41:43.214 INFO [main] org.apache.catalina.startup.VersionLoggerListener.log Command line argument: -javaagent:./wflow/wflow-cluster.jar
21-Jun-2024 02:41:43.214 INFO [main] org.apache.catalina.startup.VersionLoggerListener.log Command line argument: -javaagent:./wflow/aspectjweaver-1.9.22.jar
21-Jun-2024 02:41:43.214 INFO [main] org.apache.catalina.startup.VersionLoggerListener.log Command line argument: -javaagent:./wflow/glowroot/glowroot.jar
21-Jun-2024 02:41:43.214 INFO [main] org.apache.catalina.startup.VersionLoggerListener.log Command line argument: -Dgit.disabled=true
21-Jun-2024 02:41:43.214 INFO [main] org.apache.catalina.startup.VersionLoggerListener.log Command line argument: -Djdk.tls.ephemeralDHKeySize=2048
21-Jun-2024 02:41:43.214 INFO [main] org.apache.catalina.startup.VersionLoggerListener.log Command line argument: -Djava.protocol.handler.pkgs=org.apache.catalina.webresources
21-Jun-2024 02:41:43.214 INFO [main] org.apache.catalina.startup.VersionLoggerListener.log Command line argument: -Dorg.apache.catalina.security.SecurityListener.UMASK=0027
21-Jun-2024 02:41:43.215 INFO [main] org.apache.catalina.startup.VersionLoggerListener.log Command line argument: -Dignore.endorsed.dirs=
21-Jun-2024 02:41:43.215 INFO [main] org.apache.catalina.startup.VersionLoggerListener.log Command line argument: -Dcatalina.base=/opt/joget-enterprise-linux-8.1.1/apache-tomcat-9.0.86
21-Jun-2024 02:41:43.215 INFO [main] org.apache.catalina.startup.VersionLoggerListener.log Command line argument: -Dcatalina.home=/opt/joget-enterprise-linux-8.1.1/apache-tomcat-9.0.86
21-Jun-2024 02:41:43.215 INFO [main] org.apache.catalina.startup.VersionLoggerListener.log Command line argument: -Djava.io.tmpdir=/opt/joget-enterprise-linux-8.1.1/apache-tomcat-9.0.86/temp
21-Jun-2024 02:41:43.217 INFO [main] org.apache.catalina.core.AprLifecycleListener.lifecycleEvent The Apache Tomcat Native library which allows using OpenSSL was not found on the java.library.path: [/usr/java/packages/lib:/usr/lib/x86_64-linux-gnu/jni:/lib/x86_64-linux-gnu:/usr/lib/x86_64-linux-gnu:/usr/lib/jni:/lib:/usr/lib]
21-Jun-2024 02:41:43.464 INFO [main] org.apache.coyote.AbstractProtocol.init Initializing ProtocolHandler ["http-nio-8080"]
21-Jun-2024 02:41:43.489 INFO [main] org.apache.catalina.startup.Catalina.load Server initialization in [855] milliseconds
21-Jun-2024 02:41:43.584 INFO [main] org.apache.catalina.core.StandardService.startInternal Starting service [Catalina]
21-Jun-2024 02:41:43.585 INFO [main] org.apache.catalina.core.StandardEngine.startInternal Starting Servlet engine: [Apache Tomcat/9.0.86]
21-Jun-2024 02:41:43.622 INFO [main] org.apache.catalina.startup.HostConfig.deployWAR Deploying web application archive [/opt/joget-enterprise-linux-8.1.1/apache-tomcat-9.0.86/webapps/jw.war]
21-Jun-2024 02:41:57.578 INFO [main] org.apache.jasper.servlet.TldScanner.scanJars At least one JAR was scanned for TLDs yet contained no TLDs. Enable debug logging for this logger for a complete list of JARs that were scanned but no TLDs were found in them. Skipping unneeded JARs during scanning can improve startup time and JSP compilation time.
21-Jun-2024 02:42:53.575 INFO [main] org.apache.catalina.startup.HostConfig.deployWAR Deployment of web application archive [/opt/joget-enterprise-linux-8.1.1/apache-tomcat-9.0.86/webapps/jw.war] has finished in [69,948] ms
21-Jun-2024 02:42:53.582 INFO [main] org.apache.catalina.startup.HostConfig.deployDirectory Deploying web application directory [/opt/joget-enterprise-linux-8.1.1/apache-tomcat-9.0.86/webapps/host-manager]
21-Jun-2024 02:42:53.645 INFO [main] org.apache.catalina.startup.HostConfig.deployDirectory Deployment of web application directory [/opt/joget-enterprise-linux-8.1.1/apache-tomcat-9.0.86/webapps/host-manager] has finished in [63] ms
21-Jun-2024 02:42:53.645 INFO [main] org.apache.catalina.startup.HostConfig.deployDirectory Deploying web application directory [/opt/joget-enterprise-linux-8.1.1/apache-tomcat-9.0.86/webapps/examples]
21-Jun-2024 02:42:53.877 INFO [main] org.apache.catalina.startup.HostConfig.deployDirectory Deployment of web application directory [/opt/joget-enterprise-linux-8.1.1/apache-tomcat-9.0.86/webapps/examples] has finished in [232] ms
21-Jun-2024 02:42:53.878 INFO [main] org.apache.catalina.startup.HostConfig.deployDirectory Deploying web application directory [/opt/joget-enterprise-linux-8.1.1/apache-tomcat-9.0.86/webapps/manager]
21-Jun-2024 02:42:53.908 INFO [main] org.apache.catalina.startup.HostConfig.deployDirectory Deployment of web application directory [/opt/joget-enterprise-linux-8.1.1/apache-tomcat-9.0.86/webapps/manager] has finished in [29] ms
21-Jun-2024 02:42:53.908 INFO [main] org.apache.catalina.startup.HostConfig.deployDirectory Deploying web application directory [/opt/joget-enterprise-linux-8.1.1/apache-tomcat-9.0.86/webapps/docs]
21-Jun-2024 02:42:53.929 INFO [main] org.apache.catalina.startup.HostConfig.deployDirectory Deployment of web application directory [/opt/joget-enterprise-linux-8.1.1/apache-tomcat-9.0.86/webapps/docs] has finished in [21] ms
21-Jun-2024 02:42:53.930 INFO [main] org.apache.catalina.startup.HostConfig.deployDirectory Deploying web application directory [/opt/joget-enterprise-linux-8.1.1/apache-tomcat-9.0.86/webapps/ROOT]
21-Jun-2024 02:42:53.951 INFO [main] org.apache.catalina.startup.HostConfig.deployDirectory Deployment of web application directory [/opt/joget-enterprise-linux-8.1.1/apache-tomcat-9.0.86/webapps/ROOT] has finished in [19] ms
21-Jun-2024 02:42:53.963 INFO [main] org.apache.coyote.AbstractProtocol.start Starting ProtocolHandler ["http-nio-8080"]
21-Jun-2024 02:42:53.988 INFO [main] org.apache.catalina.startup.Catalina.start Server startup in [70498] milliseconds
21-Jun-2024 03:23:41.862 INFO [http-nio-8080-exec-6] org.apache.coyote.http11.Http11Processor.service Error parsing HTTP request header
 Note: further occurrences of HTTP request parsing errors will be logged at DEBUG level.
	java.lang.IllegalArgumentException: Invalid character found in method name [0x160x030x010x000xee0x010x000x000xea0x030x03p0x130xdb70xb0F=0x050xb40xdc0xf90x1c0xb60x80J0xeb0xef0xa20xd90xa80xff0x910xad;7}0xc9r0xf40x980xef0x99 ]. HTTP method names must be tokens
		at org.apache.coyote.http11.Http11InputBuffer.parseRequestLine(Http11InputBuffer.java:407)
		at org.apache.coyote.http11.Http11Processor.service(Http11Processor.java:263)
		at org.apache.coyote.AbstractProcessorLight.process(AbstractProcessorLight.java:63)
		at org.apache.coyote.AbstractProtocol$ConnectionHandler.process(AbstractProtocol.java:928)
		at org.apache.tomcat.util.net.NioEndpoint$SocketProcessor.doRun(NioEndpoint.java:1794)
		at org.apache.tomcat.util.net.SocketProcessorBase.run(SocketProcessorBase.java:52)
		at org.apache.tomcat.util.threads.ThreadPoolExecutor.runWorker(ThreadPoolExecutor.java:1191)
		at org.apache.tomcat.util.threads.ThreadPoolExecutor$Worker.run(ThreadPoolExecutor.java:659)
		at org.apache.tomcat.util.threads.TaskThread$WrappingRunnable.run(TaskThread.java:63)
		at java.base/java.lang.Thread.run(Thread.java:829)
21-Jun-2024 03:46:42.331 INFO [http-nio-8080-exec-10] org.apache.tomcat.util.http.Parameters.processParameters Invalid chunk starting at byte [52] and ending at byte [53] with a value of [=] ignored
 Note: further occurrences of Parameter errors will be logged at DEBUG level.
21-Jun-2024 07:27:25.531 INFO [http-nio-8080-exec-8] org.apache.coyote.http11.Http11Processor.service Error parsing HTTP request header
 Note: further occurrences of HTTP request parsing errors will be logged at DEBUG level.
	java.lang.IllegalArgumentException: Invalid character found in method name [0x160x030x010x00{0x010x000x00w0x030x030xcf0x100x03i:|;0x816:0xc20x1340x9e*l!x0xe90x0e?L0xea0xa3+-0x840xc10x990xdc0xffb0x000x000x1a0xc0/0xc0+0xc00x110xc00x070xc00x130xc00x090xc00x140xc00x0a0x000x050x00/0x0050xc00x120x000x0a0x010x000x0040x000x050x000x050x010x000x000x000x000x000x0a0x000x080x000x060x000x170x000x180x000x190x000x0b0x000x020x010x000x000x0d0x000x100x000x0e0x040x010x040x030x020x010x020x030x040x010x050x010x060x010xff0x010x000x010x00...]. HTTP method names must be tokens
		at org.apache.coyote.http11.Http11InputBuffer.parseRequestLine(Http11InputBuffer.java:407)
		at org.apache.coyote.http11.Http11Processor.service(Http11Processor.java:263)
		at org.apache.coyote.AbstractProcessorLight.process(AbstractProcessorLight.java:63)
		at org.apache.coyote.AbstractProtocol$ConnectionHandler.process(AbstractProtocol.java:928)
		at org.apache.tomcat.util.net.NioEndpoint$SocketProcessor.doRun(NioEndpoint.java:1794)
		at org.apache.tomcat.util.net.SocketProcessorBase.run(SocketProcessorBase.java:52)
		at org.apache.tomcat.util.threads.ThreadPoolExecutor.runWorker(ThreadPoolExecutor.java:1191)
		at org.apache.tomcat.util.threads.ThreadPoolExecutor$Worker.run(ThreadPoolExecutor.java:659)
		at org.apache.tomcat.util.threads.TaskThread$WrappingRunnable.run(TaskThread.java:63)
		at java.base/java.lang.Thread.run(Thread.java:829)
21-Jun-2024 08:02:35.234 INFO [http-nio-8080-exec-6] org.apache.coyote.http11.Http11Processor.service Error parsing HTTP request header
 Note: further occurrences of HTTP request parsing errors will be logged at DEBUG level.
	java.lang.IllegalArgumentException: Invalid character found in method name [0x160x030x010x000xee0x010x000x000xea0x030x030xdcI0xf20xc80xc2B^0xa70xbb0x81?0xedW0xc8~0xc20xc50xcb0xa6i0xd90xa40xfe0x0f>{0xc60xb40xce$r? ]. HTTP method names must be tokens
		at org.apache.coyote.http11.Http11InputBuffer.parseRequestLine(Http11InputBuffer.java:407)
		at org.apache.coyote.http11.Http11Processor.service(Http11Processor.java:263)
		at org.apache.coyote.AbstractProcessorLight.process(AbstractProcessorLight.java:63)
		at org.apache.coyote.AbstractProtocol$ConnectionHandler.process(AbstractProtocol.java:928)
		at org.apache.tomcat.util.net.NioEndpoint$SocketProcessor.doRun(NioEndpoint.java:1794)
		at org.apache.tomcat.util.net.SocketProcessorBase.run(SocketProcessorBase.java:52)
		at org.apache.tomcat.util.threads.ThreadPoolExecutor.runWorker(ThreadPoolExecutor.java:1191)
		at org.apache.tomcat.util.threads.ThreadPoolExecutor$Worker.run(ThreadPoolExecutor.java:659)
		at org.apache.tomcat.util.threads.TaskThread$WrappingRunnable.run(TaskThread.java:63)
		at java.base/java.lang.Thread.run(Thread.java:829)
21-Jun-2024 09:08:08.184 INFO [http-nio-8080-exec-5] org.apache.coyote.http11.Http11Processor.service Error parsing HTTP request header
 Note: further occurrences of HTTP request parsing errors will be logged at DEBUG level.
	java.lang.IllegalArgumentException: Invalid character found in method name [0x160x030x010x010x070x010x000x010x030x030x030xcd?0xa0Qw<0xb40xd4`0x150xc60xfc0xf00x040xcd0x8b}\J0xda<0xf7?0xda(0xe70x980xaf0x9c0x040xb70x90 ]. HTTP method names must be tokens
		at org.apache.coyote.http11.Http11InputBuffer.parseRequestLine(Http11InputBuffer.java:407)
		at org.apache.coyote.http11.Http11Processor.service(Http11Processor.java:263)
		at org.apache.coyote.AbstractProcessorLight.process(AbstractProcessorLight.java:63)
		at org.apache.coyote.AbstractProtocol$ConnectionHandler.process(AbstractProtocol.java:928)
		at org.apache.tomcat.util.net.NioEndpoint$SocketProcessor.doRun(NioEndpoint.java:1794)
		at org.apache.tomcat.util.net.SocketProcessorBase.run(SocketProcessorBase.java:52)
		at org.apache.tomcat.util.threads.ThreadPoolExecutor.runWorker(ThreadPoolExecutor.java:1191)
		at org.apache.tomcat.util.threads.ThreadPoolExecutor$Worker.run(ThreadPoolExecutor.java:659)
		at org.apache.tomcat.util.threads.TaskThread$WrappingRunnable.run(TaskThread.java:63)
		at java.base/java.lang.Thread.run(Thread.java:829)
21-Jun-2024 11:30:45.575 INFO [Thread-32] org.apache.coyote.AbstractProtocol.pause Pausing ProtocolHandler ["http-nio-8080"]
21-Jun-2024 11:30:45.581 INFO [Thread-32] org.apache.catalina.core.StandardService.stopInternal Stopping service [Catalina]
21-Jun-2024 11:30:46.286 WARNING [Thread-32] org.apache.catalina.loader.WebappClassLoaderBase.clearReferencesJdbc The web application [jw] registered the JDBC driver [org.mariadb.jdbc.Driver] but failed to unregister it when the web application was stopped. To prevent a memory leak, the JDBC Driver has been forcibly unregistered.
21-Jun-2024 11:30:46.287 WARNING [Thread-32] org.apache.catalina.loader.WebappClassLoaderBase.clearReferencesJdbc The web application [jw] registered the JDBC driver [org.mariadb.jdbc.Driver] but failed to unregister it when the web application was stopped. To prevent a memory leak, the JDBC Driver has been forcibly unregistered.
21-Jun-2024 11:30:46.287 WARNING [Thread-32] org.apache.catalina.loader.WebappClassLoaderBase.clearReferencesThreads The web application [jw] appears to have started a thread named [pool-12-thread-1] but has failed to stop it. This is very likely to create a memory leak. Stack trace of thread:
 java.base@11.0.23/jdk.internal.misc.Unsafe.park(Native Method)
 java.base@11.0.23/java.util.concurrent.locks.LockSupport.parkNanos(LockSupport.java:234)
 java.base@11.0.23/java.util.concurrent.locks.AbstractQueuedSynchronizer$ConditionObject.awaitNanos(AbstractQueuedSynchronizer.java:2123)
 java.base@11.0.23/java.util.concurrent.ScheduledThreadPoolExecutor$DelayedWorkQueue.take(ScheduledThreadPoolExecutor.java:1182)
 java.base@11.0.23/java.util.concurrent.ScheduledThreadPoolExecutor$DelayedWorkQueue.take(ScheduledThreadPoolExecutor.java:899)
 java.base@11.0.23/java.util.concurrent.ThreadPoolExecutor.getTask(ThreadPoolExecutor.java:1054)
 java.base@11.0.23/java.util.concurrent.ThreadPoolExecutor.runWorker(ThreadPoolExecutor.java:1114)
 java.base@11.0.23/java.util.concurrent.ThreadPoolExecutor$Worker.run(ThreadPoolExecutor.java:628)
 java.base@11.0.23/java.lang.Thread.run(Thread.java:829)
21-Jun-2024 11:30:46.288 WARNING [Thread-32] org.apache.catalina.loader.WebappClassLoaderBase.clearReferencesThreads The web application [jw] appears to have started a thread named [Thread-28] but has failed to stop it. This is very likely to create a memory leak. Stack trace of thread:
 java.base@11.0.23/java.lang.Thread.sleep(Native Method)
 org.joget.workflow.shark.DeadlineChecker.run(DeadlineChecker.java:141)
21-Jun-2024 11:30:46.288 WARNING [Thread-32] org.apache.catalina.loader.WebappClassLoaderBase.clearReferencesThreads The web application [jw] appears to have started a thread named [Thread-34] but has failed to stop it. This is very likely to create a memory leak. Stack trace of thread:
 java.base@11.0.23/jdk.internal.misc.Unsafe.park(Native Method)
 java.base@11.0.23/java.util.concurrent.locks.LockSupport.parkNanos(LockSupport.java:234)
 java.base@11.0.23/java.util.concurrent.locks.AbstractQueuedSynchronizer$ConditionObject.awaitNanos(AbstractQueuedSynchronizer.java:2123)
 java.base@11.0.23/java.util.concurrent.LinkedBlockingQueue.poll(LinkedBlockingQueue.java:458)
 org.joget.web.presence.PresenceManager$2.run(PresenceManager.java:72)
 java.base@11.0.23/java.lang.Thread.run(Thread.java:829)
21-Jun-2024 11:30:46.290 SEVERE [Thread-32] org.apache.catalina.loader.WebappClassLoaderBase.checkThreadLocalMapForLeaks The web application [jw] created a ThreadLocal with key of type [java.lang.ThreadLocal] (value [java.lang.ThreadLocal@1d089130]) and a value of type [org.joget.commons.util.Analyzer] (value [org.joget.commons.util.Analyzer@433cb898]) but failed to remove it when the web application was stopped. Threads are going to be renewed over time to try and avoid a probable memory leak.
21-Jun-2024 11:30:46.313 INFO [Thread-32] org.apache.coyote.AbstractProtocol.stop Stopping ProtocolHandler ["http-nio-8080"]
21-Jun-2024 11:30:46.320 INFO [Thread-32] org.apache.coyote.AbstractProtocol.destroy Destroying ProtocolHandler ["http-nio-8080"]
