03-Jul-2024 03:15:20.879 INFO [main] org.apache.catalina.startup.VersionLoggerListener.log Server version name:   Apache Tomcat/9.0.86
03-Jul-2024 03:15:20.965 INFO [main] org.apache.catalina.startup.VersionLoggerListener.log Server built:          Feb 14 2024 08:15:12 UTC
03-Jul-2024 03:15:20.965 INFO [main] org.apache.catalina.startup.VersionLoggerListener.log Server version number: 9.0.86.0
03-Jul-2024 03:15:20.965 INFO [main] org.apache.catalina.startup.VersionLoggerListener.log OS Name:               Linux
03-Jul-2024 03:15:20.966 INFO [main] org.apache.catalina.startup.VersionLoggerListener.log OS Version:            6.5.0-1021-aws
03-Jul-2024 03:15:20.966 INFO [main] org.apache.catalina.startup.VersionLoggerListener.log Architecture:          amd64
03-Jul-2024 03:15:20.966 INFO [main] org.apache.catalina.startup.VersionLoggerListener.log Java Home:             /usr/lib/jvm/java-11-openjdk-amd64
03-Jul-2024 03:15:20.966 INFO [main] org.apache.catalina.startup.VersionLoggerListener.log JVM Version:           11.0.23+9-post-Ubuntu-1ubuntu122.04.1
03-Jul-2024 03:15:20.966 INFO [main] org.apache.catalina.startup.VersionLoggerListener.log JVM Vendor:            Ubuntu
03-Jul-2024 03:15:20.966 INFO [main] org.apache.catalina.startup.VersionLoggerListener.log CATALINA_BASE:         /opt/joget-enterprise-linux-8.1.1/apache-tomcat-9.0.86
03-Jul-2024 03:15:20.966 INFO [main] org.apache.catalina.startup.VersionLoggerListener.log CATALINA_HOME:         /opt/joget-enterprise-linux-8.1.1/apache-tomcat-9.0.86
03-Jul-2024 03:15:20.967 INFO [main] org.apache.catalina.startup.VersionLoggerListener.log Command line argument: --add-opens=java.base/java.lang=ALL-UNNAMED
03-Jul-2024 03:15:20.967 INFO [main] org.apache.catalina.startup.VersionLoggerListener.log Command line argument: --add-opens=java.base/java.io=ALL-UNNAMED
03-Jul-2024 03:15:20.967 INFO [main] org.apache.catalina.startup.VersionLoggerListener.log Command line argument: --add-opens=java.base/java.util=ALL-UNNAMED
03-Jul-2024 03:15:20.967 INFO [main] org.apache.catalina.startup.VersionLoggerListener.log Command line argument: --add-opens=java.base/java.util.concurrent=ALL-UNNAMED
03-Jul-2024 03:15:20.967 INFO [main] org.apache.catalina.startup.VersionLoggerListener.log Command line argument: --add-opens=java.rmi/sun.rmi.transport=ALL-UNNAMED
03-Jul-2024 03:15:20.967 INFO [main] org.apache.catalina.startup.VersionLoggerListener.log Command line argument: -Djava.util.logging.config.file=/opt/joget-enterprise-linux-8.1.1/apache-tomcat-9.0.86/conf/logging.properties
03-Jul-2024 03:15:20.967 INFO [main] org.apache.catalina.startup.VersionLoggerListener.log Command line argument: -Djava.util.logging.manager=org.apache.juli.ClassLoaderLogManager
03-Jul-2024 03:15:20.967 INFO [main] org.apache.catalina.startup.VersionLoggerListener.log Command line argument: -Xms6144M
03-Jul-2024 03:15:20.967 INFO [main] org.apache.catalina.startup.VersionLoggerListener.log Command line argument: -Xmx8192M
03-Jul-2024 03:15:20.967 INFO [main] org.apache.catalina.startup.VersionLoggerListener.log Command line argument: -Dfile.encoding=UTF-8
03-Jul-2024 03:15:20.968 INFO [main] org.apache.catalina.startup.VersionLoggerListener.log Command line argument: -Dwflow.home=./wflow/
03-Jul-2024 03:15:20.968 INFO [main] org.apache.catalina.startup.VersionLoggerListener.log Command line argument: -javaagent:./wflow/wflow-cluster.jar
03-Jul-2024 03:15:20.968 INFO [main] org.apache.catalina.startup.VersionLoggerListener.log Command line argument: -javaagent:./wflow/aspectjweaver-1.9.22.jar
03-Jul-2024 03:15:20.969 INFO [main] org.apache.catalina.startup.VersionLoggerListener.log Command line argument: -javaagent:./wflow/glowroot/glowroot.jar
03-Jul-2024 03:15:20.969 INFO [main] org.apache.catalina.startup.VersionLoggerListener.log Command line argument: -Dgit.disabled=true
03-Jul-2024 03:15:20.969 INFO [main] org.apache.catalina.startup.VersionLoggerListener.log Command line argument: -Djdk.tls.ephemeralDHKeySize=2048
03-Jul-2024 03:15:20.969 INFO [main] org.apache.catalina.startup.VersionLoggerListener.log Command line argument: -Djava.protocol.handler.pkgs=org.apache.catalina.webresources
03-Jul-2024 03:15:20.969 INFO [main] org.apache.catalina.startup.VersionLoggerListener.log Command line argument: -Dorg.apache.catalina.security.SecurityListener.UMASK=0027
03-Jul-2024 03:15:20.969 INFO [main] org.apache.catalina.startup.VersionLoggerListener.log Command line argument: -Dignore.endorsed.dirs=
03-Jul-2024 03:15:20.969 INFO [main] org.apache.catalina.startup.VersionLoggerListener.log Command line argument: -Dcatalina.base=/opt/joget-enterprise-linux-8.1.1/apache-tomcat-9.0.86
03-Jul-2024 03:15:20.969 INFO [main] org.apache.catalina.startup.VersionLoggerListener.log Command line argument: -Dcatalina.home=/opt/joget-enterprise-linux-8.1.1/apache-tomcat-9.0.86
03-Jul-2024 03:15:20.969 INFO [main] org.apache.catalina.startup.VersionLoggerListener.log Command line argument: -Djava.io.tmpdir=/opt/joget-enterprise-linux-8.1.1/apache-tomcat-9.0.86/temp
03-Jul-2024 03:15:20.975 INFO [main] org.apache.catalina.core.AprLifecycleListener.lifecycleEvent The Apache Tomcat Native library which allows using OpenSSL was not found on the java.library.path: [/usr/java/packages/lib:/usr/lib/x86_64-linux-gnu/jni:/lib/x86_64-linux-gnu:/usr/lib/x86_64-linux-gnu:/usr/lib/jni:/lib:/usr/lib]
03-Jul-2024 03:15:21.316 INFO [main] org.apache.coyote.AbstractProtocol.init Initializing ProtocolHandler ["http-nio-8080"]
03-Jul-2024 03:15:21.339 INFO [main] org.apache.catalina.startup.Catalina.load Server initialization in [897] milliseconds
03-Jul-2024 03:15:21.440 INFO [main] org.apache.catalina.core.StandardService.startInternal Starting service [Catalina]
03-Jul-2024 03:15:21.440 INFO [main] org.apache.catalina.core.StandardEngine.startInternal Starting Servlet engine: [Apache Tomcat/9.0.86]
03-Jul-2024 03:15:21.482 INFO [main] org.apache.catalina.startup.HostConfig.deployWAR Deploying web application archive [/opt/joget-enterprise-linux-8.1.1/apache-tomcat-9.0.86/webapps/jw.war]
03-Jul-2024 03:15:35.034 INFO [main] org.apache.jasper.servlet.TldScanner.scanJars At least one JAR was scanned for TLDs yet contained no TLDs. Enable debug logging for this logger for a complete list of JARs that were scanned but no TLDs were found in them. Skipping unneeded JARs during scanning can improve startup time and JSP compilation time.
03-Jul-2024 03:16:30.114 INFO [main] org.apache.catalina.startup.HostConfig.deployWAR Deployment of web application archive [/opt/joget-enterprise-linux-8.1.1/apache-tomcat-9.0.86/webapps/jw.war] has finished in [68,632] ms
03-Jul-2024 03:16:30.115 INFO [main] org.apache.catalina.startup.HostConfig.deployDirectory Deploying web application directory [/opt/joget-enterprise-linux-8.1.1/apache-tomcat-9.0.86/webapps/host-manager]
03-Jul-2024 03:16:30.174 INFO [main] org.apache.catalina.startup.HostConfig.deployDirectory Deployment of web application directory [/opt/joget-enterprise-linux-8.1.1/apache-tomcat-9.0.86/webapps/host-manager] has finished in [59] ms
03-Jul-2024 03:16:30.175 INFO [main] org.apache.catalina.startup.HostConfig.deployDirectory Deploying web application directory [/opt/joget-enterprise-linux-8.1.1/apache-tomcat-9.0.86/webapps/examples]
03-Jul-2024 03:16:30.359 INFO [main] org.apache.catalina.startup.HostConfig.deployDirectory Deployment of web application directory [/opt/joget-enterprise-linux-8.1.1/apache-tomcat-9.0.86/webapps/examples] has finished in [185] ms
03-Jul-2024 03:16:30.360 INFO [main] org.apache.catalina.startup.HostConfig.deployDirectory Deploying web application directory [/opt/joget-enterprise-linux-8.1.1/apache-tomcat-9.0.86/webapps/manager]
03-Jul-2024 03:16:30.389 INFO [main] org.apache.catalina.startup.HostConfig.deployDirectory Deployment of web application directory [/opt/joget-enterprise-linux-8.1.1/apache-tomcat-9.0.86/webapps/manager] has finished in [29] ms
03-Jul-2024 03:16:30.389 INFO [main] org.apache.catalina.startup.HostConfig.deployDirectory Deploying web application directory [/opt/joget-enterprise-linux-8.1.1/apache-tomcat-9.0.86/webapps/docs]
03-Jul-2024 03:16:30.407 INFO [main] org.apache.catalina.startup.HostConfig.deployDirectory Deployment of web application directory [/opt/joget-enterprise-linux-8.1.1/apache-tomcat-9.0.86/webapps/docs] has finished in [18] ms
03-Jul-2024 03:16:30.408 INFO [main] org.apache.catalina.startup.HostConfig.deployDirectory Deploying web application directory [/opt/joget-enterprise-linux-8.1.1/apache-tomcat-9.0.86/webapps/ROOT]
03-Jul-2024 03:16:30.423 INFO [main] org.apache.catalina.startup.HostConfig.deployDirectory Deployment of web application directory [/opt/joget-enterprise-linux-8.1.1/apache-tomcat-9.0.86/webapps/ROOT] has finished in [15] ms
03-Jul-2024 03:16:30.429 INFO [main] org.apache.coyote.AbstractProtocol.start Starting ProtocolHandler ["http-nio-8080"]
03-Jul-2024 03:16:30.447 INFO [main] org.apache.catalina.startup.Catalina.start Server startup in [69107] milliseconds
03-Jul-2024 03:17:44.978 INFO [http-nio-8080-exec-3] org.apache.tomcat.util.http.Parameters.processParameters Invalid chunk starting at byte [104] and ending at byte [105] with a value of [=] ignored
 Note: further occurrences of Parameter errors will be logged at DEBUG level.
03-Jul-2024 03:41:30.925 INFO [Thread-32] org.apache.coyote.AbstractProtocol.pause Pausing ProtocolHandler ["http-nio-8080"]
03-Jul-2024 03:41:30.927 INFO [Thread-32] org.apache.catalina.core.StandardService.stopInternal Stopping service [Catalina]
03-Jul-2024 03:41:31.088 WARNING [Thread-28] org.apache.tomcat.jdbc.pool.PooledConnection.clearWarnings Unable to clear Warnings, connection will be closed.
	java.sql.SQLException: Connection.clearWarnings cannot be called on a closed connection
		at org.mariadb.jdbc.internal.util.exceptions.ExceptionMapper.getSqlException(ExceptionMapper.java:278)
		at org.mariadb.jdbc.MariaDbConnection.clearWarnings(MariaDbConnection.java:974)
		at org.apache.tomcat.jdbc.pool.PooledConnection.clearWarnings(PooledConnection.java:868)
		at org.apache.tomcat.jdbc.pool.ConnectionPool.returnConnection(ConnectionPool.java:1022)
		at org.apache.tomcat.jdbc.pool.ProxyConnection.invoke(ProxyConnection.java:103)
		at org.apache.tomcat.jdbc.pool.JdbcInterceptor.invoke(JdbcInterceptor.java:107)
		at org.apache.tomcat.jdbc.pool.interceptor.ConnectionState.invoke(ConnectionState.java:159)
		at org.apache.tomcat.jdbc.pool.JdbcInterceptor.invoke(JdbcInterceptor.java:107)
		at org.apache.tomcat.jdbc.pool.TrapException.invoke(TrapException.java:39)
		at org.apache.tomcat.jdbc.pool.JdbcInterceptor.invoke(JdbcInterceptor.java:107)
		at org.apache.tomcat.jdbc.pool.interceptor.AbstractCreateStatementInterceptor.invoke(AbstractCreateStatementInterceptor.java:64)
		at org.apache.tomcat.jdbc.pool.JdbcInterceptor.invoke(JdbcInterceptor.java:107)
		at org.apache.tomcat.jdbc.pool.DisposableConnectionFacade.invoke(DisposableConnectionFacade.java:81)
		at com.sun.proxy.$Proxy100.close_aroundBody0(Unknown Source)
		at com.sun.proxy.$Proxy100.close_aroundBody1$advice(Unknown Source)
		at com.sun.proxy.$Proxy100.close(Unknown Source)
		at com.lutris.appserver.server.sql.ExtendedDBConnection.close(ExtendedDBConnection.java:650)
		at com.lutris.appserver.server.sql.ExtendedDBConnection.drop(ExtendedDBConnection.java:520)
		at com.lutris.appserver.server.sql.datasource.DataSourceDBConnection.release(DataSourceDBConnection.java:143)
		at com.lutris.appserver.server.sql.standard.StandardDBTransaction.connectionClose(StandardDBTransaction.java:373)
		at com.lutris.appserver.server.sql.standard.StandardDBTransaction.commit(StandardDBTransaction.java:361)
		at org.enhydra.dods.jta.SyncDBTransactionFactory$SyncDBTransaction.beforeCompletion(SyncDBTransactionFactory.java:182)
		at bitronix.tm.BitronixTransaction.fireBeforeCompletionEvent(BitronixTransaction.java:532)
		at bitronix.tm.BitronixTransaction.commit(BitronixTransaction.java:235)
		at bitronix.tm.BitronixTransactionManager.commit(BitronixTransactionManager.java:143)
		at org.springframework.transaction.jta.JtaTransactionManager.doCommit(JtaTransactionManager.java:1035)
		at org.springframework.transaction.support.AbstractPlatformTransactionManager.processCommit(AbstractPlatformTransactionManager.java:743)
		at org.springframework.transaction.support.AbstractPlatformTransactionManager.commit(AbstractPlatformTransactionManager.java:711)
		at org.springframework.transaction.interceptor.TransactionAspectSupport.commitTransactionAfterReturning(TransactionAspectSupport.java:654)
		at org.springframework.transaction.interceptor.TransactionAspectSupport.invokeWithinTransaction(TransactionAspectSupport.java:407)
		at org.springframework.transaction.interceptor.TransactionInterceptor.invoke(TransactionInterceptor.java:119)
		at org.springframework.aop.framework.ReflectiveMethodInvocation.proceed(ReflectiveMethodInvocation.java:186)
		at org.joget.apps.app.service.SqlFilterAspect.invoke(SqlFilterAspect.java:38)
		at org.springframework.aop.framework.ReflectiveMethodInvocation.proceed(ReflectiveMethodInvocation.java:186)
		at org.springframework.aop.interceptor.ExposeInvocationInterceptor.invoke(ExposeInvocationInterceptor.java:97)
		at org.springframework.aop.framework.ReflectiveMethodInvocation.proceed(ReflectiveMethodInvocation.java:186)
		at org.springframework.aop.framework.JdkDynamicAopProxy.invoke(JdkDynamicAopProxy.java:241)
		at com.sun.proxy.$Proxy134.internalCheckDeadlines(Unknown Source)
		at org.joget.workflow.shark.DeadlineChecker.runMe(DeadlineChecker.java:240)
		at org.joget.workflow.shark.DeadlineChecker.run(DeadlineChecker.java:143)
03-Jul-2024 03:41:31.104 WARNING [Thread-28] org.apache.tomcat.jdbc.pool.PooledConnection.clearWarnings Unable to clear Warnings, connection will be closed.
	java.sql.SQLException: Connection.clearWarnings cannot be called on a closed connection
		at org.mariadb.jdbc.internal.util.exceptions.ExceptionMapper.getSqlException(ExceptionMapper.java:278)
		at org.mariadb.jdbc.MariaDbConnection.clearWarnings(MariaDbConnection.java:974)
		at org.apache.tomcat.jdbc.pool.PooledConnection.clearWarnings(PooledConnection.java:868)
		at org.apache.tomcat.jdbc.pool.ConnectionPool.returnConnection(ConnectionPool.java:1022)
		at org.apache.tomcat.jdbc.pool.ProxyConnection.invoke(ProxyConnection.java:103)
		at org.apache.tomcat.jdbc.pool.JdbcInterceptor.invoke(JdbcInterceptor.java:107)
		at org.apache.tomcat.jdbc.pool.interceptor.ConnectionState.invoke(ConnectionState.java:159)
		at org.apache.tomcat.jdbc.pool.JdbcInterceptor.invoke(JdbcInterceptor.java:107)
		at org.apache.tomcat.jdbc.pool.TrapException.invoke(TrapException.java:39)
		at org.apache.tomcat.jdbc.pool.JdbcInterceptor.invoke(JdbcInterceptor.java:107)
		at org.apache.tomcat.jdbc.pool.interceptor.AbstractCreateStatementInterceptor.invoke(AbstractCreateStatementInterceptor.java:64)
		at org.apache.tomcat.jdbc.pool.JdbcInterceptor.invoke(JdbcInterceptor.java:107)
		at org.apache.tomcat.jdbc.pool.DisposableConnectionFacade.invoke(DisposableConnectionFacade.java:81)
		at com.sun.proxy.$Proxy100.close_aroundBody0(Unknown Source)
		at com.sun.proxy.$Proxy100.close_aroundBody1$advice(Unknown Source)
		at com.sun.proxy.$Proxy100.close(Unknown Source)
		at org.hibernate.engine.jdbc.connections.internal.DatasourceConnectionProviderImpl.closeConnection(DatasourceConnectionProviderImpl.java:127)
		at org.hibernate.internal.NonContextualJdbcConnectionAccess.releaseConnection(NonContextualJdbcConnectionAccess.java:49)
		at org.hibernate.resource.jdbc.internal.LogicalConnectionManagedImpl.releaseConnection(LogicalConnectionManagedImpl.java:219)
		at org.hibernate.resource.jdbc.internal.LogicalConnectionManagedImpl.afterStatement(LogicalConnectionManagedImpl.java:151)
		at org.hibernate.engine.jdbc.internal.JdbcCoordinatorImpl.afterStatementExecution(JdbcCoordinatorImpl.java:266)
		at org.hibernate.loader.Loader.getResultSet(Loader.java:2328)
		at org.hibernate.loader.Loader.executeQueryStatement(Loader.java:2075)
		at org.hibernate.loader.Loader.executeQueryStatement(Loader.java:2037)
		at org.hibernate.loader.Loader.doQuery(Loader.java:956)
		at org.hibernate.loader.Loader.doQueryAndInitializeNonLazyCollections(Loader.java:357)
		at org.hibernate.loader.Loader.doList(Loader.java:2868)
		at org.hibernate.loader.Loader.doList(Loader.java:2850)
		at org.hibernate.loader.Loader.listIgnoreQueryCache(Loader.java:2682)
		at org.hibernate.loader.Loader.list(Loader.java:2677)
		at org.hibernate.loader.hql.QueryLoader.list(QueryLoader.java:540)
		at org.hibernate.hql.internal.ast.QueryTranslatorImpl.list(QueryTranslatorImpl.java:400)
		at org.hibernate.engine.query.spi.HQLQueryPlan.performList(HQLQueryPlan.java:218)
		at org.hibernate.internal.SessionImpl.list(SessionImpl.java:1459)
		at org.hibernate.query.internal.AbstractProducedQuery.doList(AbstractProducedQuery.java:1649)
		at org.hibernate.query.internal.AbstractProducedQuery.list(AbstractProducedQuery.java:1617)
		at org.joget.commons.spring.model.AbstractSpringDao.find(AbstractSpringDao.java:95)
		at org.joget.commons.util.SetupDao.find(SetupDao.java:31)
		at org.joget.commons.util.SetupDao$$FastClassBySpringCGLIB$$3a7fd694.invoke(<generated>)
		at org.springframework.cglib.proxy.MethodProxy.invoke(MethodProxy.java:218)
		at org.springframework.aop.framework.CglibAopProxy$CglibMethodInvocation.invokeJoinpoint(CglibAopProxy.java:792)
		at org.springframework.aop.framework.ReflectiveMethodInvocation.proceed(ReflectiveMethodInvocation.java:163)
		at org.springframework.aop.framework.CglibAopProxy$CglibMethodInvocation.proceed(CglibAopProxy.java:762)
		at org.springframework.transaction.interceptor.TransactionInterceptor$1.proceedWithInvocation(TransactionInterceptor.java:123)
		at org.springframework.transaction.interceptor.TransactionAspectSupport.invokeWithinTransaction(TransactionAspectSupport.java:388)
		at org.springframework.transaction.interceptor.TransactionInterceptor.invoke(TransactionInterceptor.java:119)
		at org.springframework.aop.framework.ReflectiveMethodInvocation.proceed(ReflectiveMethodInvocation.java:186)
		at org.springframework.aop.framework.CglibAopProxy$CglibMethodInvocation.proceed(CglibAopProxy.java:762)
		at org.springframework.aop.interceptor.ExposeInvocationInterceptor.invoke(ExposeInvocationInterceptor.java:97)
		at org.springframework.aop.framework.ReflectiveMethodInvocation.proceed(ReflectiveMethodInvocation.java:186)
		at org.springframework.aop.framework.CglibAopProxy$CglibMethodInvocation.proceed(CglibAopProxy.java:762)
		at org.springframework.aop.framework.CglibAopProxy$DynamicAdvisedInterceptor.intercept(CglibAopProxy.java:707)
		at org.joget.commons.util.SetupDao$$EnhancerBySpringCGLIB$$4298fc4d.find(<generated>)
		at org.joget.workflow.shark.DeadlineChecker.runMe(DeadlineChecker.java:202)
		at org.joget.workflow.shark.DeadlineChecker.run(DeadlineChecker.java:143)
03-Jul-2024 03:41:31.137 WARNING [Thread-28] org.apache.tomcat.jdbc.pool.PooledConnection.clearWarnings Unable to clear Warnings, connection will be closed.
	java.sql.SQLException: Connection.clearWarnings cannot be called on a closed connection
		at org.mariadb.jdbc.internal.util.exceptions.ExceptionMapper.getSqlException(ExceptionMapper.java:278)
		at org.mariadb.jdbc.MariaDbConnection.clearWarnings(MariaDbConnection.java:974)
		at org.apache.tomcat.jdbc.pool.PooledConnection.clearWarnings(PooledConnection.java:868)
		at org.apache.tomcat.jdbc.pool.ConnectionPool.returnConnection(ConnectionPool.java:1022)
		at org.apache.tomcat.jdbc.pool.ProxyConnection.invoke(ProxyConnection.java:103)
		at org.apache.tomcat.jdbc.pool.JdbcInterceptor.invoke(JdbcInterceptor.java:107)
		at org.apache.tomcat.jdbc.pool.interceptor.ConnectionState.invoke(ConnectionState.java:159)
		at org.apache.tomcat.jdbc.pool.JdbcInterceptor.invoke(JdbcInterceptor.java:107)
		at org.apache.tomcat.jdbc.pool.TrapException.invoke(TrapException.java:39)
		at org.apache.tomcat.jdbc.pool.JdbcInterceptor.invoke(JdbcInterceptor.java:107)
		at org.apache.tomcat.jdbc.pool.interceptor.AbstractCreateStatementInterceptor.invoke(AbstractCreateStatementInterceptor.java:64)
		at org.apache.tomcat.jdbc.pool.JdbcInterceptor.invoke(JdbcInterceptor.java:107)
		at org.apache.tomcat.jdbc.pool.DisposableConnectionFacade.invoke(DisposableConnectionFacade.java:81)
		at com.sun.proxy.$Proxy100.close_aroundBody0(Unknown Source)
		at com.sun.proxy.$Proxy100.close_aroundBody1$advice(Unknown Source)
		at com.sun.proxy.$Proxy100.close(Unknown Source)
		at org.hibernate.engine.jdbc.connections.internal.DatasourceConnectionProviderImpl.closeConnection(DatasourceConnectionProviderImpl.java:127)
		at org.hibernate.internal.NonContextualJdbcConnectionAccess.releaseConnection(NonContextualJdbcConnectionAccess.java:49)
		at org.hibernate.resource.jdbc.internal.LogicalConnectionManagedImpl.releaseConnection(LogicalConnectionManagedImpl.java:219)
		at org.hibernate.resource.jdbc.internal.LogicalConnectionManagedImpl.afterStatement(LogicalConnectionManagedImpl.java:151)
		at org.hibernate.engine.jdbc.internal.JdbcCoordinatorImpl.afterStatementExecution(JdbcCoordinatorImpl.java:266)
		at org.hibernate.engine.jdbc.internal.JdbcCoordinatorImpl.flushEnding(JdbcCoordinatorImpl.java:161)
		at org.hibernate.event.internal.AbstractFlushingEventListener.performExecutions(AbstractFlushingEventListener.java:348)
		at org.hibernate.event.internal.DefaultFlushEventListener.onFlush(DefaultFlushEventListener.java:40)
		at org.hibernate.event.service.internal.EventListenerGroupImpl.fireEventOnEachListener(EventListenerGroupImpl.java:107)
		at org.hibernate.internal.SessionImpl.doFlush(SessionImpl.java:1407)
		at org.hibernate.internal.SessionImpl.flush(SessionImpl.java:1394)
		at org.joget.commons.spring.model.AbstractSpringDao.delete(AbstractSpringDao.java:49)
		at org.joget.commons.util.SetupDao.delete(SetupDao.java:21)
		at org.joget.commons.util.SetupDao$$FastClassBySpringCGLIB$$3a7fd694.invoke(<generated>)
		at org.springframework.cglib.proxy.MethodProxy.invoke(MethodProxy.java:218)
		at org.springframework.aop.framework.CglibAopProxy$CglibMethodInvocation.invokeJoinpoint(CglibAopProxy.java:792)
		at org.springframework.aop.framework.ReflectiveMethodInvocation.proceed(ReflectiveMethodInvocation.java:163)
		at org.springframework.aop.framework.CglibAopProxy$CglibMethodInvocation.proceed(CglibAopProxy.java:762)
		at org.springframework.transaction.interceptor.TransactionInterceptor$1.proceedWithInvocation(TransactionInterceptor.java:123)
		at org.springframework.transaction.interceptor.TransactionAspectSupport.invokeWithinTransaction(TransactionAspectSupport.java:388)
		at org.springframework.transaction.interceptor.TransactionInterceptor.invoke(TransactionInterceptor.java:119)
		at org.springframework.aop.framework.ReflectiveMethodInvocation.proceed(ReflectiveMethodInvocation.java:186)
		at org.springframework.aop.framework.CglibAopProxy$CglibMethodInvocation.proceed(CglibAopProxy.java:762)
		at org.springframework.aop.interceptor.ExposeInvocationInterceptor.invoke(ExposeInvocationInterceptor.java:97)
		at org.springframework.aop.framework.ReflectiveMethodInvocation.proceed(ReflectiveMethodInvocation.java:186)
		at org.springframework.aop.framework.CglibAopProxy$CglibMethodInvocation.proceed(CglibAopProxy.java:762)
		at org.springframework.aop.framework.CglibAopProxy$DynamicAdvisedInterceptor.intercept(CglibAopProxy.java:707)
		at org.joget.commons.util.SetupDao$$EnhancerBySpringCGLIB$$4298fc4d.delete(<generated>)
		at org.joget.workflow.shark.DeadlineChecker.runMe(DeadlineChecker.java:253)
		at org.joget.workflow.shark.DeadlineChecker.run(DeadlineChecker.java:143)
03-Jul-2024 03:41:33.484 WARNING [Thread-32] org.apache.catalina.loader.WebappClassLoaderBase.clearReferencesJdbc The web application [jw] registered the JDBC driver [org.mariadb.jdbc.Driver] but failed to unregister it when the web application was stopped. To prevent a memory leak, the JDBC Driver has been forcibly unregistered.
03-Jul-2024 03:41:33.485 WARNING [Thread-32] org.apache.catalina.loader.WebappClassLoaderBase.clearReferencesJdbc The web application [jw] registered the JDBC driver [org.mariadb.jdbc.Driver] but failed to unregister it when the web application was stopped. To prevent a memory leak, the JDBC Driver has been forcibly unregistered.
03-Jul-2024 03:41:33.486 WARNING [Thread-32] org.apache.catalina.loader.WebappClassLoaderBase.clearReferencesThreads The web application [jw] appears to have started a thread named [pool-12-thread-1] but has failed to stop it. This is very likely to create a memory leak. Stack trace of thread:
 java.base@11.0.23/jdk.internal.misc.Unsafe.park(Native Method)
 java.base@11.0.23/java.util.concurrent.locks.LockSupport.parkNanos(LockSupport.java:234)
 java.base@11.0.23/java.util.concurrent.locks.AbstractQueuedSynchronizer$ConditionObject.awaitNanos(AbstractQueuedSynchronizer.java:2123)
 java.base@11.0.23/java.util.concurrent.ScheduledThreadPoolExecutor$DelayedWorkQueue.take(ScheduledThreadPoolExecutor.java:1182)
 java.base@11.0.23/java.util.concurrent.ScheduledThreadPoolExecutor$DelayedWorkQueue.take(ScheduledThreadPoolExecutor.java:899)
 java.base@11.0.23/java.util.concurrent.ThreadPoolExecutor.getTask(ThreadPoolExecutor.java:1054)
 java.base@11.0.23/java.util.concurrent.ThreadPoolExecutor.runWorker(ThreadPoolExecutor.java:1114)
 java.base@11.0.23/java.util.concurrent.ThreadPoolExecutor$Worker.run(ThreadPoolExecutor.java:628)
 java.base@11.0.23/java.lang.Thread.run(Thread.java:829)
03-Jul-2024 03:41:33.486 WARNING [Thread-32] org.apache.catalina.loader.WebappClassLoaderBase.clearReferencesThreads The web application [jw] appears to have started a thread named [Thread-28] but has failed to stop it. This is very likely to create a memory leak. Stack trace of thread:
 java.base@11.0.23/java.lang.Thread.sleep(Native Method)
 org.joget.workflow.shark.DeadlineChecker.run(DeadlineChecker.java:141)
03-Jul-2024 03:41:33.486 WARNING [Thread-32] org.apache.catalina.loader.WebappClassLoaderBase.clearReferencesThreads The web application [jw] appears to have started a thread named [Thread-33] but has failed to stop it. This is very likely to create a memory leak. Stack trace of thread:
 java.base@11.0.23/jdk.internal.misc.Unsafe.park(Native Method)
 java.base@11.0.23/java.util.concurrent.locks.LockSupport.parkNanos(LockSupport.java:234)
 java.base@11.0.23/java.util.concurrent.locks.AbstractQueuedSynchronizer$ConditionObject.awaitNanos(AbstractQueuedSynchronizer.java:2123)
 java.base@11.0.23/java.util.concurrent.LinkedBlockingQueue.poll(LinkedBlockingQueue.java:458)
 org.joget.web.presence.PresenceManager$2.run(PresenceManager.java:72)
 java.base@11.0.23/java.lang.Thread.run(Thread.java:829)
03-Jul-2024 03:41:33.487 SEVERE [Thread-32] org.apache.catalina.loader.WebappClassLoaderBase.checkThreadLocalMapForLeaks The web application [jw] created a ThreadLocal with key of type [java.lang.ThreadLocal] (value [java.lang.ThreadLocal@37d4394b]) and a value of type [org.joget.commons.util.Analyzer] (value [org.joget.commons.util.Analyzer@42e87307]) but failed to remove it when the web application was stopped. Threads are going to be renewed over time to try and avoid a probable memory leak.
03-Jul-2024 03:41:33.502 INFO [Thread-32] org.apache.coyote.AbstractProtocol.stop Stopping ProtocolHandler ["http-nio-8080"]
03-Jul-2024 03:41:33.506 INFO [Thread-32] org.apache.coyote.AbstractProtocol.destroy Destroying ProtocolHandler ["http-nio-8080"]
