INFO  18 Jun 2024 01:53:29 org.joget.apps.app.lib.EmailTool                   - EmailTool: Sending email from=noreply@sinarmasmining.com, to=dadan.setiadi@itasoft.co.id, cc=dadan.setiadi@itasoft.co.id, bcc=dadan.setiadi@itasoft.co.id, subject=Payment Approval Request from Handy Aries need your approval.
INFO  18 Jun 2024 01:53:31 org.joget.apps.app.lib.EmailTool                   - EmailTool: Sending email from=noreply@sinarmasmining.com, to=dadan.setiadi@itasoft.co.id, cc=dadan.setiadi@itasoft.co.id, bcc=dadan.setiadi@itasoft.co.id, subject=Payment Approval Request from Handy Aries need your approval.
INFO  18 Jun 2024 01:53:32 org.joget.apps.app.lib.EmailTool                   - EmailTool: Sending email from=noreply@sinarmasmining.com, to=dadan.setiadi@itasoft.co.id, cc=dadan.setiadi@itasoft.co.id, bcc=dadan.setiadi@itasoft.co.id, subject=Payment Approval Request from Handy Aries need your approval.
INFO  18 Jun 2024 01:53:37 org.joget.apps.app.lib.EmailTool                   - EmailTool: Sending email completed for subject=Payment Approval Request from Handy Aries need your approval.
INFO  18 Jun 2024 01:53:37 org.joget.apps.app.lib.EmailTool                   - EmailTool: Sending email completed for subject=Payment Approval Request from Handy Aries need your approval.
ERROR 18 Jun 2024 01:54:14 org.joget.apps.app.lib.EmailTool                   - org.apache.commons.mail.EmailException: Sending the email to the following server failed : smtp-relay.gmail.com:465
INFO  18 Jun 2024 04:22:06 org.joget.apps.app.lib.EmailTool                   - EmailTool: Sending email from=noreply@sinarmasmining.com, to=dadan.setiadi@itasoft.co.id, cc=dadan.setiadi@itasoft.co.id, bcc=dadan.setiadi@itasoft.co.id, subject=Payment Approval Request from Handy Aries need your review.
INFO  18 Jun 2024 04:22:12 org.joget.apps.app.lib.EmailTool                   - EmailTool: Sending email completed for subject=Payment Approval Request from Handy Aries need your review.
INFO  18 Jun 2024 04:22:45 org.joget.apps.app.lib.EmailTool                   - EmailTool: Sending email from=noreply@sinarmasmining.com, to=dadan.setiadi@itasoft.co.id, cc=dadan.setiadi@itasoft.co.id, bcc=dadan.setiadi@itasoft.co.id, subject=Payment Approval Request from Handy Aries need your approval.
INFO  18 Jun 2024 04:22:50 org.joget.apps.app.lib.EmailTool                   - EmailTool: Sending email completed for subject=Payment Approval Request from Handy Aries need your approval.
INFO  18 Jun 2024 04:23:23 org.joget.apps.app.lib.EmailTool                   - EmailTool: Sending email from=noreply@sinarmasmining.com, to=dadan.setiadi@itasoft.co.id, cc=dadan.setiadi@itasoft.co.id, bcc=dadan.setiadi@itasoft.co.id, subject=Payment Approval Request from Handy Aries need your approval.
INFO  18 Jun 2024 04:23:28 org.joget.apps.app.lib.EmailTool                   - EmailTool: Sending email completed for subject=Payment Approval Request from Handy Aries need your approval.
INFO  18 Jun 2024 04:23:54 org.joget.apps.app.lib.EmailTool                   - EmailTool: Sending email from=noreply@sinarmasmining.com, to=dadan.setiadi@itasoft.co.id, cc=, bcc=, subject=Your Payment Request has Approved
INFO  18 Jun 2024 04:24:04 org.joget.apps.app.lib.EmailTool                   - EmailTool: Sending email completed for subject=Your Payment Request has Approved
INFO  18 Jun 2024 04:58:40 org.joget.apps.app.lib.EmailTool                   - EmailTool: Sending email from=noreply@sinarmasmining.com, to=dadan.setiadi@itasoft.co.id, cc=dadan.setiadi@itasoft.co.id, bcc=dadan.setiadi@itasoft.co.id, subject=Payment Approval Request from Handy Aries need your review.
INFO  18 Jun 2024 04:58:45 org.joget.apps.app.lib.EmailTool                   - EmailTool: Sending email completed for subject=Payment Approval Request from Handy Aries need your review.
INFO  18 Jun 2024 04:59:32 org.joget.apps.app.lib.EmailTool                   - EmailTool: Sending email from=noreply@sinarmasmining.com, to=dadan.setiadi@itasoft.co.id, cc=dadan.setiadi@itasoft.co.id, bcc=dadan.setiadi@itasoft.co.id, subject=Payment Approval Request from Handy Aries need your approval.
INFO  18 Jun 2024 04:59:38 org.joget.apps.app.lib.EmailTool                   - EmailTool: Sending email completed for subject=Payment Approval Request from Handy Aries need your approval.
INFO  18 Jun 2024 05:00:05 org.joget.apps.app.lib.EmailTool                   - EmailTool: Sending email from=noreply@sinarmasmining.com, to=dadan.setiadi@itasoft.co.id, cc=dadan.setiadi@itasoft.co.id, bcc=dadan.setiadi@itasoft.co.id, subject=Payment Approval Request from Handy Aries need your approval.
INFO  18 Jun 2024 05:00:09 org.joget.apps.app.lib.EmailTool                   - EmailTool: Sending email completed for subject=Payment Approval Request from Handy Aries need your approval.
INFO  18 Jun 2024 05:00:34 org.joget.apps.app.lib.EmailTool                   - EmailTool: Sending email from=noreply@sinarmasmining.com, to=dadan.setiadi@itasoft.co.id, cc=, bcc=, subject=Your Payment Request has Approved
INFO  18 Jun 2024 05:00:38 org.joget.apps.app.lib.EmailTool                   - EmailTool: Sending email completed for subject=Your Payment Request has Approved
