27-Jun-2024 03:25:55.103 INFO [main] org.apache.catalina.core.ApplicationContext.log No Spring WebApplicationInitializer types detected on classpath
27-Jun-2024 03:25:58.757 INFO [main] org.apache.catalina.core.ApplicationContext.log Initializing Spring root WebApplicationContext
27-Jun-2024 03:26:48.101 INFO [main] org.apache.catalina.core.ApplicationContext.log Printing properties before JavaScript servlet, note, the JavaScript properties might not be initialized yet: 
************************************************************
* OWASP CSRFGuard properties

* Actions: 
	* org.owasp.csrfguard.action.Log
		* Parameter: Message = potential cross-site request forgery (CSRF) attack thwarted (user:%user%, ip:%remote_ip%, method:%request_method%, uri:%request_uri%, error:%exception_message%)
	* org.owasp.csrfguard.action.Error
		* Parameter: Message = Security violation.
		* Parameter: Code = 403
	* org.owasp.csrfguard.action.Rotate
* Ajax: true
* Banned User Agent Properties: 
	* msie
	* trident
* Enabled: true
* Force Synchronous Ajax: false
* Is Javascript Inject Into Dynamically Created Nodes: false
* Javascript Domain Strict: false
* Javascript Inject Form Attributes: false
* Javascript Inject Get Forms: false
* Javascript Inject Into Attributes: false
* Javascript Inject Into Forms: false
* Javascript Params Initialized: false
* Javascript Referer Match Domain: false
* Javascript Referer Match Protocol: false
* Logical Session Extractor: org.owasp.csrfguard.session.SessionTokenKeyExtractor
* Page Token Synchronization Tolerance: 2000 ms
* Print Config: true
* Prng: java.security.SecureRandom(algorithm: SHA1PRNG, provider: SUN version 11)
* Protect: false
* Rotate: false
* Token Holder: org.owasp.csrfguard.token.storage.impl.InMemoryTokenHolder
* Token Length: 32
* Token Name: OWASP_CSRFTOKEN
* Token Per Page: false
* Token Per Page Precreate: false
* Unprotected Methods: 
	* GET
* Unprotected Pages: 
	* /jw/web/json/*
* Use New Token Landing Page: false
* Validation When No Session Exists: true
************************************************************

27-Jun-2024 03:26:48.209 INFO [main] org.apache.catalina.core.ApplicationContext.log Initializing Spring CustomDispatcherServlet 'dispatcher'
27-Jun-2024 03:26:48.585 INFO [main] org.apache.catalina.core.ApplicationContext.log ContextListener: contextInitialized()
27-Jun-2024 03:26:48.586 INFO [main] org.apache.catalina.core.ApplicationContext.log SessionListener: contextInitialized()
27-Jun-2024 03:26:48.589 INFO [main] org.apache.catalina.core.ApplicationContext.log ContextListener: attributeAdded('StockTicker', 'async.Stockticker@37ee2225')
27-Jun-2024 07:56:54.225 SEVERE [http-nio-8080-exec-10] org.apache.catalina.core.ApplicationDispatcher.invoke Servlet.service() for servlet [jsp] threw exception
	java.lang.OutOfMemoryError: Java heap space
		at java.base/java.util.Arrays.copyOfRange(Arrays.java:4030)
		at java.base/java.lang.StringCoding.decodeUTF8(StringCoding.java:732)
		at java.base/java.lang.StringCoding.decode(StringCoding.java:257)
		at java.base/java.lang.String.<init>(String.java:507)
		at org.mariadb.jdbc.internal.com.read.resultset.rowprotocol.TextRowProtocol.getInternalString(TextRowProtocol.java:238)
		at org.mariadb.jdbc.internal.com.read.resultset.SelectResultSet.getString(SelectResultSet.java:944)
		at org.mariadb.jdbc.internal.com.read.resultset.SelectResultSet.getString(SelectResultSet.java:949)
		at org.hibernate.type.descriptor.sql.VarcharTypeDescriptor$2.doExtract(VarcharTypeDescriptor.java:62)
		at org.hibernate.type.descriptor.sql.BasicExtractor.extract(BasicExtractor.java:47)
		at org.hibernate.type.AbstractStandardBasicType.nullSafeGet(AbstractStandardBasicType.java:257)
		at org.hibernate.type.AbstractStandardBasicType.nullSafeGet(AbstractStandardBasicType.java:253)
		at org.hibernate.type.AbstractStandardBasicType.nullSafeGet(AbstractStandardBasicType.java:243)
		at org.hibernate.type.AbstractStandardBasicType.hydrate(AbstractStandardBasicType.java:329)
		at org.hibernate.persister.entity.AbstractEntityPersister.hydrate(AbstractEntityPersister.java:3214)
		at org.hibernate.loader.Loader.loadFromResultSet(Loader.java:1887)
		at org.hibernate.loader.Loader.hydrateEntityState(Loader.java:1811)
		at org.hibernate.loader.Loader.instanceNotYetLoaded(Loader.java:1784)
		at org.hibernate.loader.Loader.getRow(Loader.java:1624)
		at org.hibernate.loader.Loader.getRowFromResultSet(Loader.java:748)
		at org.hibernate.loader.Loader.getRowsFromResultSet(Loader.java:1047)
		at org.hibernate.loader.Loader.processResultSet(Loader.java:998)
		at org.hibernate.loader.Loader.doQuery(Loader.java:967)
		at org.hibernate.loader.Loader.doQueryAndInitializeNonLazyCollections(Loader.java:357)
		at org.hibernate.loader.Loader.doList(Loader.java:2868)
		at org.hibernate.loader.Loader.doList(Loader.java:2850)
		at org.hibernate.loader.Loader.listIgnoreQueryCache(Loader.java:2682)
		at org.hibernate.loader.Loader.list(Loader.java:2677)
		at org.hibernate.loader.hql.QueryLoader.list(QueryLoader.java:540)
		at org.hibernate.hql.internal.ast.QueryTranslatorImpl.list(QueryTranslatorImpl.java:400)
		at org.hibernate.engine.query.spi.HQLQueryPlan.performList(HQLQueryPlan.java:218)
		at org.hibernate.internal.SessionImpl.list(SessionImpl.java:1459)
		at org.hibernate.query.internal.AbstractProducedQuery.doList(AbstractProducedQuery.java:1649)
27-Jun-2024 07:56:59.473 SEVERE [http-nio-8080-exec-10] org.apache.catalina.core.StandardWrapperValve.invoke Servlet.service() for servlet [dispatcher] in context with path [/jw] threw exception [javax.servlet.ServletException: java.lang.OutOfMemoryError: Java heap space] with root cause
	java.lang.OutOfMemoryError: Java heap space
		at java.base/java.util.Arrays.copyOfRange(Arrays.java:4030)
		at java.base/java.lang.StringCoding.decodeUTF8(StringCoding.java:732)
		at java.base/java.lang.StringCoding.decode(StringCoding.java:257)
		at java.base/java.lang.String.<init>(String.java:507)
		at org.mariadb.jdbc.internal.com.read.resultset.rowprotocol.TextRowProtocol.getInternalString(TextRowProtocol.java:238)
		at org.mariadb.jdbc.internal.com.read.resultset.SelectResultSet.getString(SelectResultSet.java:944)
		at org.mariadb.jdbc.internal.com.read.resultset.SelectResultSet.getString(SelectResultSet.java:949)
		at org.hibernate.type.descriptor.sql.VarcharTypeDescriptor$2.doExtract(VarcharTypeDescriptor.java:62)
		at org.hibernate.type.descriptor.sql.BasicExtractor.extract(BasicExtractor.java:47)
		at org.hibernate.type.AbstractStandardBasicType.nullSafeGet(AbstractStandardBasicType.java:257)
		at org.hibernate.type.AbstractStandardBasicType.nullSafeGet(AbstractStandardBasicType.java:253)
		at org.hibernate.type.AbstractStandardBasicType.nullSafeGet(AbstractStandardBasicType.java:243)
		at org.hibernate.type.AbstractStandardBasicType.hydrate(AbstractStandardBasicType.java:329)
		at org.hibernate.persister.entity.AbstractEntityPersister.hydrate(AbstractEntityPersister.java:3214)
		at org.hibernate.loader.Loader.loadFromResultSet(Loader.java:1887)
		at org.hibernate.loader.Loader.hydrateEntityState(Loader.java:1811)
		at org.hibernate.loader.Loader.instanceNotYetLoaded(Loader.java:1784)
		at org.hibernate.loader.Loader.getRow(Loader.java:1624)
		at org.hibernate.loader.Loader.getRowFromResultSet(Loader.java:748)
		at org.hibernate.loader.Loader.getRowsFromResultSet(Loader.java:1047)
		at org.hibernate.loader.Loader.processResultSet(Loader.java:998)
		at org.hibernate.loader.Loader.doQuery(Loader.java:967)
		at org.hibernate.loader.Loader.doQueryAndInitializeNonLazyCollections(Loader.java:357)
		at org.hibernate.loader.Loader.doList(Loader.java:2868)
		at org.hibernate.loader.Loader.doList(Loader.java:2850)
		at org.hibernate.loader.Loader.listIgnoreQueryCache(Loader.java:2682)
		at org.hibernate.loader.Loader.list(Loader.java:2677)
		at org.hibernate.loader.hql.QueryLoader.list(QueryLoader.java:540)
		at org.hibernate.hql.internal.ast.QueryTranslatorImpl.list(QueryTranslatorImpl.java:400)
		at org.hibernate.engine.query.spi.HQLQueryPlan.performList(HQLQueryPlan.java:218)
		at org.hibernate.internal.SessionImpl.list(SessionImpl.java:1459)
		at org.hibernate.query.internal.AbstractProducedQuery.doList(AbstractProducedQuery.java:1649)
27-Jun-2024 07:58:25.849 SEVERE [http-nio-8080-exec-11] org.apache.catalina.core.ApplicationDispatcher.invoke Servlet.service() for servlet [jsp] threw exception
	java.lang.OutOfMemoryError: Java heap space
		at java.base/java.lang.StringCoding.decodeUTF8_0(StringCoding.java:742)
		at java.base/java.lang.StringCoding.decodeUTF8(StringCoding.java:734)
		at java.base/java.lang.StringCoding.decode(StringCoding.java:257)
		at java.base/java.lang.String.<init>(String.java:507)
		at org.mariadb.jdbc.internal.com.read.resultset.rowprotocol.TextRowProtocol.getInternalString(TextRowProtocol.java:238)
		at org.mariadb.jdbc.internal.com.read.resultset.SelectResultSet.getString(SelectResultSet.java:944)
		at org.mariadb.jdbc.internal.com.read.resultset.SelectResultSet.getString(SelectResultSet.java:949)
		at org.hibernate.type.descriptor.sql.VarcharTypeDescriptor$2.doExtract(VarcharTypeDescriptor.java:62)
		at org.hibernate.type.descriptor.sql.BasicExtractor.extract(BasicExtractor.java:47)
		at org.hibernate.type.AbstractStandardBasicType.nullSafeGet(AbstractStandardBasicType.java:257)
		at org.hibernate.type.AbstractStandardBasicType.nullSafeGet(AbstractStandardBasicType.java:253)
		at org.hibernate.type.AbstractStandardBasicType.nullSafeGet(AbstractStandardBasicType.java:243)
		at org.hibernate.type.AbstractStandardBasicType.hydrate(AbstractStandardBasicType.java:329)
		at org.hibernate.persister.entity.AbstractEntityPersister.hydrate(AbstractEntityPersister.java:3214)
		at org.hibernate.loader.Loader.loadFromResultSet(Loader.java:1887)
		at org.hibernate.loader.Loader.hydrateEntityState(Loader.java:1811)
		at org.hibernate.loader.Loader.instanceNotYetLoaded(Loader.java:1784)
		at org.hibernate.loader.Loader.getRow(Loader.java:1624)
		at org.hibernate.loader.Loader.getRowFromResultSet(Loader.java:748)
		at org.hibernate.loader.Loader.getRowsFromResultSet(Loader.java:1047)
		at org.hibernate.loader.Loader.processResultSet(Loader.java:998)
		at org.hibernate.loader.Loader.doQuery(Loader.java:967)
		at org.hibernate.loader.Loader.doQueryAndInitializeNonLazyCollections(Loader.java:357)
		at org.hibernate.loader.Loader.doList(Loader.java:2868)
		at org.hibernate.loader.Loader.doList(Loader.java:2850)
		at org.hibernate.loader.Loader.listIgnoreQueryCache(Loader.java:2682)
		at org.hibernate.loader.Loader.list(Loader.java:2677)
		at org.hibernate.loader.hql.QueryLoader.list(QueryLoader.java:540)
		at org.hibernate.hql.internal.ast.QueryTranslatorImpl.list(QueryTranslatorImpl.java:400)
		at org.hibernate.engine.query.spi.HQLQueryPlan.performList(HQLQueryPlan.java:218)
		at org.hibernate.internal.SessionImpl.list(SessionImpl.java:1459)
		at org.hibernate.query.internal.AbstractProducedQuery.doList(AbstractProducedQuery.java:1649)
27-Jun-2024 07:58:27.824 SEVERE [http-nio-8080-exec-11] org.apache.catalina.core.StandardWrapperValve.invoke Servlet.service() for servlet [dispatcher] in context with path [/jw] threw exception [javax.servlet.ServletException: java.lang.OutOfMemoryError: Java heap space] with root cause
	java.lang.OutOfMemoryError: Java heap space
		at java.base/java.lang.StringCoding.decodeUTF8_0(StringCoding.java:742)
		at java.base/java.lang.StringCoding.decodeUTF8(StringCoding.java:734)
		at java.base/java.lang.StringCoding.decode(StringCoding.java:257)
		at java.base/java.lang.String.<init>(String.java:507)
		at org.mariadb.jdbc.internal.com.read.resultset.rowprotocol.TextRowProtocol.getInternalString(TextRowProtocol.java:238)
		at org.mariadb.jdbc.internal.com.read.resultset.SelectResultSet.getString(SelectResultSet.java:944)
		at org.mariadb.jdbc.internal.com.read.resultset.SelectResultSet.getString(SelectResultSet.java:949)
		at org.hibernate.type.descriptor.sql.VarcharTypeDescriptor$2.doExtract(VarcharTypeDescriptor.java:62)
		at org.hibernate.type.descriptor.sql.BasicExtractor.extract(BasicExtractor.java:47)
		at org.hibernate.type.AbstractStandardBasicType.nullSafeGet(AbstractStandardBasicType.java:257)
		at org.hibernate.type.AbstractStandardBasicType.nullSafeGet(AbstractStandardBasicType.java:253)
		at org.hibernate.type.AbstractStandardBasicType.nullSafeGet(AbstractStandardBasicType.java:243)
		at org.hibernate.type.AbstractStandardBasicType.hydrate(AbstractStandardBasicType.java:329)
		at org.hibernate.persister.entity.AbstractEntityPersister.hydrate(AbstractEntityPersister.java:3214)
		at org.hibernate.loader.Loader.loadFromResultSet(Loader.java:1887)
		at org.hibernate.loader.Loader.hydrateEntityState(Loader.java:1811)
		at org.hibernate.loader.Loader.instanceNotYetLoaded(Loader.java:1784)
		at org.hibernate.loader.Loader.getRow(Loader.java:1624)
		at org.hibernate.loader.Loader.getRowFromResultSet(Loader.java:748)
		at org.hibernate.loader.Loader.getRowsFromResultSet(Loader.java:1047)
		at org.hibernate.loader.Loader.processResultSet(Loader.java:998)
		at org.hibernate.loader.Loader.doQuery(Loader.java:967)
		at org.hibernate.loader.Loader.doQueryAndInitializeNonLazyCollections(Loader.java:357)
		at org.hibernate.loader.Loader.doList(Loader.java:2868)
		at org.hibernate.loader.Loader.doList(Loader.java:2850)
		at org.hibernate.loader.Loader.listIgnoreQueryCache(Loader.java:2682)
		at org.hibernate.loader.Loader.list(Loader.java:2677)
		at org.hibernate.loader.hql.QueryLoader.list(QueryLoader.java:540)
		at org.hibernate.hql.internal.ast.QueryTranslatorImpl.list(QueryTranslatorImpl.java:400)
		at org.hibernate.engine.query.spi.HQLQueryPlan.performList(HQLQueryPlan.java:218)
		at org.hibernate.internal.SessionImpl.list(SessionImpl.java:1459)
		at org.hibernate.query.internal.AbstractProducedQuery.doList(AbstractProducedQuery.java:1649)
27-Jun-2024 07:59:21.329 SEVERE [http-nio-8080-exec-15] org.apache.catalina.core.ApplicationDispatcher.invoke Servlet.service() for servlet [jsp] threw exception
	java.lang.OutOfMemoryError: Java heap space
27-Jun-2024 07:59:21.345 SEVERE [http-nio-8080-exec-7] org.apache.catalina.core.ApplicationDispatcher.invoke Servlet.service() for servlet [jsp] threw exception
	java.lang.OutOfMemoryError: Java heap space
27-Jun-2024 07:59:21.343 SEVERE [http-nio-8080-exec-1] org.apache.catalina.core.ApplicationDispatcher.invoke Servlet.service() for servlet [jsp] threw exception
	java.lang.OutOfMemoryError: Java heap space
27-Jun-2024 07:59:23.319 SEVERE [http-nio-8080-exec-7] org.apache.catalina.core.StandardWrapperValve.invoke Servlet.service() for servlet [dispatcher] in context with path [/jw] threw exception [javax.servlet.ServletException: java.lang.OutOfMemoryError: Java heap space] with root cause
	java.lang.OutOfMemoryError: Java heap space
27-Jun-2024 07:59:23.322 SEVERE [http-nio-8080-exec-1] org.apache.catalina.core.StandardWrapperValve.invoke Servlet.service() for servlet [dispatcher] in context with path [/jw] threw exception [javax.servlet.ServletException: java.lang.OutOfMemoryError: Java heap space] with root cause
	java.lang.OutOfMemoryError: Java heap space
27-Jun-2024 07:59:23.344 SEVERE [http-nio-8080-exec-15] org.apache.catalina.core.StandardWrapperValve.invoke Servlet.service() for servlet [dispatcher] in context with path [/jw] threw exception [javax.servlet.ServletException: java.lang.OutOfMemoryError: Java heap space] with root cause
	java.lang.OutOfMemoryError: Java heap space
27-Jun-2024 08:01:24.849 SEVERE [http-nio-8080-exec-8] org.apache.catalina.core.ApplicationDispatcher.invoke Servlet.service() for servlet [jsp] threw exception
	java.lang.OutOfMemoryError: Java heap space
27-Jun-2024 08:01:24.873 SEVERE [http-nio-8080-exec-4] org.apache.catalina.core.StandardWrapperValve.invoke Servlet.service() for servlet [dispatcher] in context with path [/jw] threw exception
	java.lang.IllegalStateException: java.io.IOException: java.lang.reflect.InvocationTargetException
		at org.apache.catalina.webresources.AbstractSingleArchiveResourceSet.getArchiveEntry(AbstractSingleArchiveResourceSet.java:100)
		at org.apache.catalina.webresources.AbstractArchiveResourceSet.getResource(AbstractArchiveResourceSet.java:249)
		at org.apache.catalina.webresources.StandardRoot.getResourceInternal(StandardRoot.java:272)
		at org.apache.catalina.webresources.CachedResource.validateResource(CachedResource.java:127)
		at org.apache.catalina.webresources.Cache.getResource(Cache.java:78)
		at org.apache.catalina.webresources.StandardRoot.getResource(StandardRoot.java:211)
		at org.apache.catalina.webresources.StandardRoot.getClassLoaderResource(StandardRoot.java:220)
		at org.apache.catalina.loader.WebappClassLoaderBase.getResourceAsStream(WebappClassLoaderBase.java:1087)
		at org.owasp.csrfguard.config.overlay.ConfigurationAutodetectProviderFactory.retrieveConfiguration(ConfigurationAutodetectProviderFactory.java:75)
		at org.owasp.csrfguard.CsrfGuard.retrieveNewConfig(CsrfGuard.java:413)
		at org.owasp.csrfguard.CsrfGuard.config(CsrfGuard.java:391)
		at org.owasp.csrfguard.CsrfGuard.isEnabled(CsrfGuard.java:151)
		at org.owasp.csrfguard.CsrfGuardFilter.doFilter(CsrfGuardFilter.java:62)
		at org.apache.catalina.core.ApplicationFilterChain.internalDoFilter(ApplicationFilterChain.java:178)
		at org.apache.catalina.core.ApplicationFilterChain.doFilter(ApplicationFilterChain.java:153)
		at org.springframework.web.multipart.support.MultipartFilter.doFilterInternal(MultipartFilter.java:125)
		at org.springframework.web.filter.OncePerRequestFilter.doFilter(OncePerRequestFilter.java:117)
		at org.apache.catalina.core.ApplicationFilterChain.internalDoFilter(ApplicationFilterChain.java:178)
		at org.apache.catalina.core.ApplicationFilterChain.doFilter(ApplicationFilterChain.java:153)
		at org.springframework.security.web.FilterChainProxy$VirtualFilterChain.doFilter(FilterChainProxy.java:352)
		at org.springframework.security.web.access.intercept.FilterSecurityInterceptor.invoke(FilterSecurityInterceptor.java:117)
		at org.springframework.security.web.access.intercept.FilterSecurityInterceptor.doFilter(FilterSecurityInterceptor.java:83)
		at org.springframework.security.web.FilterChainProxy$VirtualFilterChain.doFilter(FilterChainProxy.java:361)
		at org.springframework.security.web.access.ExceptionTranslationFilter.doFilter(ExceptionTranslationFilter.java:126)
		at org.springframework.security.web.access.ExceptionTranslationFilter.doFilter(ExceptionTranslationFilter.java:120)
		at org.springframework.security.web.FilterChainProxy$VirtualFilterChain.doFilter(FilterChainProxy.java:361)
		at org.springframework.security.web.session.SessionManagementFilter.doFilter(SessionManagementFilter.java:131)
		at org.springframework.security.web.session.SessionManagementFilter.doFilter(SessionManagementFilter.java:85)
		at org.springframework.security.web.FilterChainProxy$VirtualFilterChain.doFilter(FilterChainProxy.java:361)
		at org.springframework.security.web.authentication.AnonymousAuthenticationFilter.doFilter(AnonymousAuthenticationFilter.java:100)
		at org.springframework.security.web.FilterChainProxy$VirtualFilterChain.doFilter(FilterChainProxy.java:361)
		at org.springframework.security.web.savedrequest.RequestCacheAwareFilter.doFilter(RequestCacheAwareFilter.java:63)
		at org.springframework.security.web.FilterChainProxy$VirtualFilterChain.doFilter(FilterChainProxy.java:361)
		at org.springframework.security.web.authentication.AbstractAuthenticationProcessingFilter.doFilter(AbstractAuthenticationProcessingFilter.java:227)
		at org.springframework.security.web.authentication.AbstractAuthenticationProcessingFilter.doFilter(AbstractAuthenticationProcessingFilter.java:221)
		at org.joget.apps.workflow.security.WorkflowHttpAuthProcessingFilter.doFilter(WorkflowHttpAuthProcessingFilter.java:88)
		at org.springframework.security.web.FilterChainProxy$VirtualFilterChain.doFilter(FilterChainProxy.java:361)
		at org.springframework.security.web.authentication.www.BasicAuthenticationFilter.doFilterInternal(BasicAuthenticationFilter.java:168)
		at org.springframework.web.filter.OncePerRequestFilter.doFilter(OncePerRequestFilter.java:117)
		at org.springframework.security.web.FilterChainProxy$VirtualFilterChain.doFilter(FilterChainProxy.java:361)
		at org.springframework.security.web.authentication.AbstractAuthenticationProcessingFilter.doFilter(AbstractAuthenticationProcessingFilter.java:227)
		at org.springframework.security.web.authentication.AbstractAuthenticationProcessingFilter.doFilter(AbstractAuthenticationProcessingFilter.java:221)
		at org.springframework.security.web.FilterChainProxy$VirtualFilterChain.doFilter(FilterChainProxy.java:361)
		at org.springframework.security.web.authentication.logout.LogoutFilter.doFilter(LogoutFilter.java:107)
		at org.springframework.security.web.authentication.logout.LogoutFilter.doFilter(LogoutFilter.java:93)
		at org.springframework.security.web.FilterChainProxy$VirtualFilterChain.doFilter(FilterChainProxy.java:361)
		at org.springframework.security.web.header.HeaderWriterFilter.doHeadersAfter(HeaderWriterFilter.java:90)
		at org.springframework.security.web.header.HeaderWriterFilter.doFilterInternal(HeaderWriterFilter.java:75)
		at org.springframework.web.filter.OncePerRequestFilter.doFilter(OncePerRequestFilter.java:117)
		at org.springframework.security.web.FilterChainProxy$VirtualFilterChain.doFilter(FilterChainProxy.java:361)
		at org.springframework.security.web.context.request.async.WebAsyncManagerIntegrationFilter.doFilterInternal(WebAsyncManagerIntegrationFilter.java:62)
		at org.springframework.web.filter.OncePerRequestFilter.doFilter(OncePerRequestFilter.java:117)
		at org.springframework.security.web.FilterChainProxy$VirtualFilterChain.doFilter(FilterChainProxy.java:361)
		at org.springframework.security.web.context.SecurityContextPersistenceFilter.doFilter(SecurityContextPersistenceFilter.java:117)
		at org.springframework.security.web.context.SecurityContextPersistenceFilter.doFilter(SecurityContextPersistenceFilter.java:87)
		at org.springframework.security.web.FilterChainProxy$VirtualFilterChain.doFilter(FilterChainProxy.java:361)
		at org.springframework.security.web.session.DisableEncodeUrlFilter.doFilterInternal(DisableEncodeUrlFilter.java:42)
		at org.springframework.web.filter.OncePerRequestFilter.doFilter(OncePerRequestFilter.java:117)
		at org.springframework.security.web.FilterChainProxy$VirtualFilterChain.doFilter(FilterChainProxy.java:361)
		at org.springframework.security.web.FilterChainProxy.doFilterInternal(FilterChainProxy.java:225)
		at org.springframework.security.web.FilterChainProxy.doFilter(FilterChainProxy.java:190)
		at org.springframework.web.filter.DelegatingFilterProxy.invokeDelegate(DelegatingFilterProxy.java:354)
		at org.springframework.web.filter.DelegatingFilterProxy.doFilter(DelegatingFilterProxy.java:267)
		at org.joget.commons.spring.web.CustomDelegatingFilterProxy.doFilter(CustomDelegatingFilterProxy.java:31)
		at org.apache.catalina.core.ApplicationFilterChain.internalDoFilter(ApplicationFilterChain.java:178)
		at org.apache.catalina.core.ApplicationFilterChain.doFilter(ApplicationFilterChain.java:153)
		at org.joget.apps.app.web.ExpireFilter.doFilter(ExpireFilter.java:48)
		at org.apache.catalina.core.ApplicationFilterChain.internalDoFilter(ApplicationFilterChain.java:178)
		at org.apache.catalina.core.ApplicationFilterChain.doFilter(ApplicationFilterChain.java:153)
		at org.springframework.web.filter.CharacterEncodingFilter.doFilterInternal(CharacterEncodingFilter.java:201)
		at org.joget.apps.app.web.CustomCharacterEncodingFilter.doFilterInternal(CustomCharacterEncodingFilter.java:50)
		at org.springframework.web.filter.OncePerRequestFilter.doFilter(OncePerRequestFilter.java:117)
		at org.apache.catalina.core.ApplicationFilterChain.internalDoFilter(ApplicationFilterChain.java:178)
		at org.apache.catalina.core.ApplicationFilterChain.doFilter(ApplicationFilterChain.java:153)
		at org.apache.catalina.core.StandardWrapperValve.invoke(StandardWrapperValve.java:168)
		at org.apache.catalina.core.StandardContextValve.invoke(StandardContextValve.java:90)
		at org.apache.catalina.authenticator.AuthenticatorBase.invoke(AuthenticatorBase.java:481)
		at org.apache.catalina.core.StandardHostValve.invoke(StandardHostValve.java:130)
		at org.apache.catalina.valves.ErrorReportValve.invoke(ErrorReportValve.java:93)
		at org.apache.catalina.core.StandardEngineValve.invoke(StandardEngineValve.java:74)
		at org.apache.catalina.connector.CoyoteAdapter.service(CoyoteAdapter.java:346)
		at org.apache.coyote.http11.Http11Processor.service(Http11Processor.java:390)
		at org.apache.coyote.AbstractProcessorLight.process(AbstractProcessorLight.java:63)
		at org.apache.coyote.AbstractProtocol$ConnectionHandler.process(AbstractProtocol.java:928)
		at org.apache.tomcat.util.net.NioEndpoint$SocketProcessor.doRun(NioEndpoint.java:1794)
		at org.apache.tomcat.util.net.SocketProcessorBase.run(SocketProcessorBase.java:52)
		at org.apache.tomcat.util.threads.ThreadPoolExecutor.runWorker(ThreadPoolExecutor.java:1191)
		at org.apache.tomcat.util.threads.ThreadPoolExecutor$Worker.run(ThreadPoolExecutor.java:659)
		at org.apache.tomcat.util.threads.TaskThread$WrappingRunnable.run(TaskThread.java:63)
		at java.base/java.lang.Thread.run(Thread.java:829)
	Caused by: java.io.IOException: java.lang.reflect.InvocationTargetException
		at org.apache.tomcat.util.compat.Jre9Compat.jarFileNewInstance(Jre9Compat.java:209)
		at org.apache.tomcat.util.compat.JreCompat.jarFileNewInstance(JreCompat.java:275)
		at org.apache.catalina.webresources.AbstractArchiveResourceSet.openJarFile(AbstractArchiveResourceSet.java:299)
		at org.apache.catalina.webresources.AbstractSingleArchiveResourceSet.getArchiveEntry(AbstractSingleArchiveResourceSet.java:96)
		... 89 more
	Caused by: java.lang.reflect.InvocationTargetException
		at java.base/jdk.internal.reflect.GeneratedConstructorAccessor24.newInstance(Unknown Source)
		at java.base/jdk.internal.reflect.DelegatingConstructorAccessorImpl.newInstance(DelegatingConstructorAccessorImpl.java:45)
		at java.base/java.lang.reflect.Constructor.newInstance(Constructor.java:490)
		at org.apache.tomcat.util.compat.Jre9Compat.jarFileNewInstance(Jre9Compat.java:206)
		... 92 more
	Caused by: java.lang.OutOfMemoryError: Java heap space
27-Jun-2024 08:01:25.008 SEVERE [http-nio-8080-exec-8] org.apache.catalina.core.StandardWrapperValve.invoke Servlet.service() for servlet [dispatcher] in context with path [/jw] threw exception [javax.servlet.ServletException: java.lang.OutOfMemoryError: Java heap space] with root cause
	java.lang.OutOfMemoryError: Java heap space
27-Jun-2024 11:30:47.092 INFO [Thread-30] org.apache.catalina.core.ApplicationContext.log SessionListener: contextDestroyed()
27-Jun-2024 11:30:47.092 INFO [Thread-30] org.apache.catalina.core.ApplicationContext.log ContextListener: contextDestroyed()
27-Jun-2024 11:30:49.198 SEVERE [http-nio-8080-exec-2] org.apache.catalina.core.StandardWrapperValve.invoke Servlet.service() for servlet [dispatcher] in context with path [/jw] threw exception [Request processing failed; nested exception is javax.persistence.PersistenceException: org.hibernate.exception.JDBCConnectionException: could not extract ResultSet] with root cause
	java.io.EOFException: unexpected end of stream, read 6200171 bytes from 7300643 (socket was closed by server)
		at org.mariadb.jdbc.internal.io.input.StandardPacketInputStream.getPacketArray(StandardPacketInputStream.java:271)
		at org.mariadb.jdbc.internal.io.input.StandardPacketInputStream.getPacket(StandardPacketInputStream.java:212)
		at org.mariadb.jdbc.internal.protocol.AbstractQueryProtocol.readResultSet(AbstractQueryProtocol.java:1726)
		at org.mariadb.jdbc.internal.protocol.AbstractQueryProtocol.readPacket(AbstractQueryProtocol.java:1474)
		at org.mariadb.jdbc.internal.protocol.AbstractQueryProtocol.getResult(AbstractQueryProtocol.java:1424)
		at org.mariadb.jdbc.internal.protocol.AbstractQueryProtocol.executeQuery(AbstractQueryProtocol.java:240)
		at org.mariadb.jdbc.ClientSidePreparedStatement.executeInternal_aroundBody6(ClientSidePreparedStatement.java:216)
		at org.mariadb.jdbc.ClientSidePreparedStatement.executeInternal_aroundBody7$advice(ClientSidePreparedStatement.java:130)
		at org.mariadb.jdbc.ClientSidePreparedStatement.executeInternal(ClientSidePreparedStatement.java:1)
		at org.mariadb.jdbc.ClientSidePreparedStatement.execute_aroundBody0(ClientSidePreparedStatement.java:145)
		at org.mariadb.jdbc.ClientSidePreparedStatement.execute_aroundBody1$advice(ClientSidePreparedStatement.java:130)
		at org.mariadb.jdbc.ClientSidePreparedStatement.execute(ClientSidePreparedStatement.java:1)
		at org.mariadb.jdbc.ClientSidePreparedStatement.executeQuery_aroundBody2(ClientSidePreparedStatement.java:159)
		at org.mariadb.jdbc.ClientSidePreparedStatement.executeQuery_aroundBody3$advice(ClientSidePreparedStatement.java:130)
		at org.mariadb.jdbc.ClientSidePreparedStatement.executeQuery(ClientSidePreparedStatement.java:1)
		at jdk.internal.reflect.GeneratedMethodAccessor123.invoke(Unknown Source)
		at java.base/jdk.internal.reflect.DelegatingMethodAccessorImpl.invoke(DelegatingMethodAccessorImpl.java:43)
		at java.base/java.lang.reflect.Method.invoke(Method.java:566)
		at org.apache.tomcat.jdbc.pool.StatementFacade$StatementProxy.invoke(StatementFacade.java:118)
		at com.sun.proxy.$Proxy105.executeQuery_aroundBody26(Unknown Source)
		at com.sun.proxy.$Proxy105.executeQuery_aroundBody27$advice(Unknown Source)
		at com.sun.proxy.$Proxy105.executeQuery(Unknown Source)
		at org.hibernate.engine.jdbc.internal.ResultSetReturnImpl.extract(ResultSetReturnImpl.java:57)
		at org.hibernate.loader.Loader.getResultSet(Loader.java:2322)
		at org.hibernate.loader.Loader.executeQueryStatement(Loader.java:2075)
		at org.hibernate.loader.Loader.executeQueryStatement(Loader.java:2037)
		at org.hibernate.loader.Loader.doQuery(Loader.java:956)
		at org.hibernate.loader.Loader.doQueryAndInitializeNonLazyCollections(Loader.java:357)
		at org.hibernate.loader.Loader.doList(Loader.java:2868)
		at org.hibernate.loader.Loader.doList(Loader.java:2850)
		at org.hibernate.loader.Loader.listIgnoreQueryCache(Loader.java:2682)
		at org.hibernate.loader.Loader.list(Loader.java:2677)
		at org.hibernate.loader.hql.QueryLoader.list(QueryLoader.java:540)
		at org.hibernate.hql.internal.ast.QueryTranslatorImpl.list(QueryTranslatorImpl.java:400)
		at org.hibernate.engine.query.spi.HQLQueryPlan.performList(HQLQueryPlan.java:218)
		at org.hibernate.internal.SessionImpl.list(SessionImpl.java:1459)
		at org.hibernate.query.internal.AbstractProducedQuery.doList(AbstractProducedQuery.java:1649)
		at org.hibernate.query.internal.AbstractProducedQuery.list(AbstractProducedQuery.java:1617)
		at org.joget.commons.spring.model.AbstractSpringDao.find(AbstractSpringDao.java:95)
		at org.joget.apps.app.dao.AbstractVersionedObjectDao.loadVersion(AbstractVersionedObjectDao.java:72)
		at jdk.internal.reflect.GeneratedMethodAccessor420.invoke(Unknown Source)
		at java.base/jdk.internal.reflect.DelegatingMethodAccessorImpl.invoke(DelegatingMethodAccessorImpl.java:43)
		at java.base/java.lang.reflect.Method.invoke(Method.java:566)
		at org.springframework.aop.support.AopUtils.invokeJoinpointUsingReflection(AopUtils.java:344)
		at org.springframework.aop.framework.ReflectiveMethodInvocation.invokeJoinpoint(ReflectiveMethodInvocation.java:198)
		at org.springframework.aop.framework.ReflectiveMethodInvocation.proceed(ReflectiveMethodInvocation.java:163)
		at org.springframework.transaction.interceptor.TransactionInterceptor$1.proceedWithInvocation(TransactionInterceptor.java:123)
		at org.springframework.transaction.interceptor.TransactionAspectSupport.invokeWithinTransaction(TransactionAspectSupport.java:388)
		at org.springframework.transaction.interceptor.TransactionInterceptor.invoke(TransactionInterceptor.java:119)
		at org.springframework.aop.framework.ReflectiveMethodInvocation.proceed(ReflectiveMethodInvocation.java:186)
		at org.springframework.aop.interceptor.ExposeInvocationInterceptor.invoke(ExposeInvocationInterceptor.java:97)
		at org.springframework.aop.framework.ReflectiveMethodInvocation.proceed(ReflectiveMethodInvocation.java:186)
		at org.springframework.aop.framework.JdkDynamicAopProxy.invoke(JdkDynamicAopProxy.java:241)
		at com.sun.proxy.$Proxy126.loadVersion(Unknown Source)
		at org.joget.apps.app.service.AppServiceImpl.loadAppDefinition(AppServiceImpl.java:1185)
		at org.joget.apps.app.service.AppServiceImpl.getAppDefinition(AppServiceImpl.java:1151)
		at jdk.internal.reflect.GeneratedMethodAccessor407.invoke(Unknown Source)
		at java.base/jdk.internal.reflect.DelegatingMethodAccessorImpl.invoke(DelegatingMethodAccessorImpl.java:43)
		at java.base/java.lang.reflect.Method.invoke(Method.java:566)
		at org.springframework.aop.support.AopUtils.invokeJoinpointUsingReflection(AopUtils.java:344)
		at org.springframework.aop.framework.JdkDynamicAopProxy.invoke(JdkDynamicAopProxy.java:234)
		at com.sun.proxy.$Proxy141.getAppDefinition(Unknown Source)
		at org.joget.apps.app.controller.FormBuilderWebController.previewElement(FormBuilderWebController.java:224)
		at org.joget.apps.app.controller.FormBuilderWebController$$FastClassBySpringCGLIB$$f6ffe0a9.invoke(<generated>)
		at org.springframework.cglib.proxy.MethodProxy.invoke(MethodProxy.java:218)
		at org.springframework.aop.framework.CglibAopProxy.invokeMethod(CglibAopProxy.java:386)
		at org.springframework.aop.framework.CglibAopProxy.access$000(CglibAopProxy.java:85)
		at org.springframework.aop.framework.CglibAopProxy$DynamicAdvisedInterceptor.intercept(CglibAopProxy.java:703)
		at org.joget.apps.app.controller.FormBuilderWebController$$EnhancerBySpringCGLIB$$b3ae87a3.previewElement(<generated>)
		at jdk.internal.reflect.GeneratedMethodAccessor1085.invoke(Unknown Source)
		at java.base/jdk.internal.reflect.DelegatingMethodAccessorImpl.invoke(DelegatingMethodAccessorImpl.java:43)
		at java.base/java.lang.reflect.Method.invoke(Method.java:566)
		at org.springframework.web.method.support.InvocableHandlerMethod.doInvoke(InvocableHandlerMethod.java:205)
		at org.springframework.web.method.support.InvocableHandlerMethod.invokeForRequest(InvocableHandlerMethod.java:150)
		at org.springframework.web.servlet.mvc.method.annotation.ServletInvocableHandlerMethod.invokeAndHandle(ServletInvocableHandlerMethod.java:117)
		at org.springframework.web.servlet.mvc.method.annotation.RequestMappingHandlerAdapter.invokeHandlerMethod(RequestMappingHandlerAdapter.java:903)
		at org.springframework.web.servlet.mvc.method.annotation.RequestMappingHandlerAdapter.handleInternal(RequestMappingHandlerAdapter.java:809)
		at org.joget.commons.spring.web.ParameterizedAnnotationMethodHandlerAdapter.handleInternal(ParameterizedAnnotationMethodHandlerAdapter.java:32)
		at org.springframework.web.servlet.mvc.method.AbstractHandlerMethodAdapter.handle(AbstractHandlerMethodAdapter.java:87)
		at org.springframework.web.servlet.DispatcherServlet.doDispatch(DispatcherServlet.java:1072)
		at org.springframework.web.servlet.DispatcherServlet.doService(DispatcherServlet.java:965)
		at org.springframework.web.servlet.FrameworkServlet.processRequest(FrameworkServlet.java:1006)
		at org.springframework.web.servlet.FrameworkServlet.doPost(FrameworkServlet.java:909)
		at javax.servlet.http.HttpServlet.service(HttpServlet.java:555)
		at org.springframework.web.servlet.FrameworkServlet.service(FrameworkServlet.java:883)
		at javax.servlet.http.HttpServlet.service(HttpServlet.java:623)
		at org.apache.catalina.core.ApplicationFilterChain.internalDoFilter(ApplicationFilterChain.java:209)
		at org.apache.catalina.core.ApplicationFilterChain.doFilter(ApplicationFilterChain.java:153)
		at org.apache.tomcat.websocket.server.WsFilter.doFilter(WsFilter.java:51)
		at org.apache.catalina.core.ApplicationFilterChain.internalDoFilter(ApplicationFilterChain.java:178)
		at org.apache.catalina.core.ApplicationFilterChain.doFilter(ApplicationFilterChain.java:153)
		at org.joget.apps.app.web.GitRequestFilter.doFilter(GitRequestFilter.java:42)
		at org.apache.catalina.core.ApplicationFilterChain.internalDoFilter(ApplicationFilterChain.java:178)
		at org.apache.catalina.core.ApplicationFilterChain.doFilter(ApplicationFilterChain.java:153)
		at org.displaytag.filter.ResponseOverrideFilter.doFilter(ResponseOverrideFilter.java:125)
		at org.apache.catalina.core.ApplicationFilterChain.internalDoFilter(ApplicationFilterChain.java:178)
		at org.apache.catalina.core.ApplicationFilterChain.doFilter(ApplicationFilterChain.java:153)
		at org.owasp.csrfguard.CsrfGuardFilter.handleSession(CsrfGuardFilter.java:107)
		at org.owasp.csrfguard.CsrfGuardFilter.doFilter(CsrfGuardFilter.java:97)
		at org.owasp.csrfguard.CsrfGuardFilter.doFilter(CsrfGuardFilter.java:68)
		at org.apache.catalina.core.ApplicationFilterChain.internalDoFilter(ApplicationFilterChain.java:178)
		at org.apache.catalina.core.ApplicationFilterChain.doFilter(ApplicationFilterChain.java:153)
		at org.springframework.web.multipart.support.MultipartFilter.doFilterInternal(MultipartFilter.java:125)
		at org.springframework.web.filter.OncePerRequestFilter.doFilter(OncePerRequestFilter.java:117)
		at org.apache.catalina.core.ApplicationFilterChain.internalDoFilter(ApplicationFilterChain.java:178)
		at org.apache.catalina.core.ApplicationFilterChain.doFilter(ApplicationFilterChain.java:153)
		at org.springframework.security.web.FilterChainProxy$VirtualFilterChain.doFilter(FilterChainProxy.java:352)
		at org.springframework.security.web.access.intercept.FilterSecurityInterceptor.invoke(FilterSecurityInterceptor.java:117)
		at org.springframework.security.web.access.intercept.FilterSecurityInterceptor.doFilter(FilterSecurityInterceptor.java:83)
		at org.springframework.security.web.FilterChainProxy$VirtualFilterChain.doFilter(FilterChainProxy.java:361)
		at org.springframework.security.web.access.ExceptionTranslationFilter.doFilter(ExceptionTranslationFilter.java:126)
		at org.springframework.security.web.access.ExceptionTranslationFilter.doFilter(ExceptionTranslationFilter.java:120)
		at org.springframework.security.web.FilterChainProxy$VirtualFilterChain.doFilter(FilterChainProxy.java:361)
		at org.springframework.security.web.session.SessionManagementFilter.doFilter(SessionManagementFilter.java:131)
		at org.springframework.security.web.session.SessionManagementFilter.doFilter(SessionManagementFilter.java:85)
		at org.springframework.security.web.FilterChainProxy$VirtualFilterChain.doFilter(FilterChainProxy.java:361)
		at org.springframework.security.web.authentication.AnonymousAuthenticationFilter.doFilter(AnonymousAuthenticationFilter.java:100)
		at org.springframework.security.web.FilterChainProxy$VirtualFilterChain.doFilter(FilterChainProxy.java:361)
		at org.springframework.security.web.savedrequest.RequestCacheAwareFilter.doFilter(RequestCacheAwareFilter.java:63)
		at org.springframework.security.web.FilterChainProxy$VirtualFilterChain.doFilter(FilterChainProxy.java:361)
		at org.springframework.security.web.authentication.AbstractAuthenticationProcessingFilter.doFilter(AbstractAuthenticationProcessingFilter.java:227)
		at org.springframework.security.web.authentication.AbstractAuthenticationProcessingFilter.doFilter(AbstractAuthenticationProcessingFilter.java:221)
		at org.joget.apps.workflow.security.WorkflowHttpAuthProcessingFilter.doFilter(WorkflowHttpAuthProcessingFilter.java:88)
		at org.springframework.security.web.FilterChainProxy$VirtualFilterChain.doFilter(FilterChainProxy.java:361)
		at org.springframework.security.web.authentication.www.BasicAuthenticationFilter.doFilterInternal(BasicAuthenticationFilter.java:168)
		at org.springframework.web.filter.OncePerRequestFilter.doFilter(OncePerRequestFilter.java:117)
		at org.springframework.security.web.FilterChainProxy$VirtualFilterChain.doFilter(FilterChainProxy.java:361)
		at org.springframework.security.web.authentication.AbstractAuthenticationProcessingFilter.doFilter(AbstractAuthenticationProcessingFilter.java:227)
		at org.springframework.security.web.authentication.AbstractAuthenticationProcessingFilter.doFilter(AbstractAuthenticationProcessingFilter.java:221)
		at org.springframework.security.web.FilterChainProxy$VirtualFilterChain.doFilter(FilterChainProxy.java:361)
		at org.springframework.security.web.authentication.logout.LogoutFilter.doFilter(LogoutFilter.java:107)
		at org.springframework.security.web.authentication.logout.LogoutFilter.doFilter(LogoutFilter.java:93)
		at org.springframework.security.web.FilterChainProxy$VirtualFilterChain.doFilter(FilterChainProxy.java:361)
		at org.springframework.security.web.header.HeaderWriterFilter.doHeadersAfter(HeaderWriterFilter.java:90)
		at org.springframework.security.web.header.HeaderWriterFilter.doFilterInternal(HeaderWriterFilter.java:75)
		at org.springframework.web.filter.OncePerRequestFilter.doFilter(OncePerRequestFilter.java:117)
		at org.springframework.security.web.FilterChainProxy$VirtualFilterChain.doFilter(FilterChainProxy.java:361)
		at org.springframework.security.web.context.request.async.WebAsyncManagerIntegrationFilter.doFilterInternal(WebAsyncManagerIntegrationFilter.java:62)
		at org.springframework.web.filter.OncePerRequestFilter.doFilter(OncePerRequestFilter.java:117)
		at org.springframework.security.web.FilterChainProxy$VirtualFilterChain.doFilter(FilterChainProxy.java:361)
		at org.springframework.security.web.context.SecurityContextPersistenceFilter.doFilter(SecurityContextPersistenceFilter.java:117)
		at org.springframework.security.web.context.SecurityContextPersistenceFilter.doFilter(SecurityContextPersistenceFilter.java:87)
		at org.springframework.security.web.FilterChainProxy$VirtualFilterChain.doFilter(FilterChainProxy.java:361)
		at org.springframework.security.web.session.DisableEncodeUrlFilter.doFilterInternal(DisableEncodeUrlFilter.java:42)
		at org.springframework.web.filter.OncePerRequestFilter.doFilter(OncePerRequestFilter.java:117)
		at org.springframework.security.web.FilterChainProxy$VirtualFilterChain.doFilter(FilterChainProxy.java:361)
		at org.springframework.security.web.FilterChainProxy.doFilterInternal(FilterChainProxy.java:225)
		at org.springframework.security.web.FilterChainProxy.doFilter(FilterChainProxy.java:190)
		at org.springframework.web.filter.DelegatingFilterProxy.invokeDelegate(DelegatingFilterProxy.java:354)
		at org.springframework.web.filter.DelegatingFilterProxy.doFilter(DelegatingFilterProxy.java:267)
		at org.joget.commons.spring.web.CustomDelegatingFilterProxy.doFilter(CustomDelegatingFilterProxy.java:31)
		at org.apache.catalina.core.ApplicationFilterChain.internalDoFilter(ApplicationFilterChain.java:178)
		at org.apache.catalina.core.ApplicationFilterChain.doFilter(ApplicationFilterChain.java:153)
		at org.joget.apps.app.web.ExpireFilter.doFilter(ExpireFilter.java:48)
		at org.apache.catalina.core.ApplicationFilterChain.internalDoFilter(ApplicationFilterChain.java:178)
		at org.apache.catalina.core.ApplicationFilterChain.doFilter(ApplicationFilterChain.java:153)
		at org.springframework.web.filter.CharacterEncodingFilter.doFilterInternal(CharacterEncodingFilter.java:201)
		at org.joget.apps.app.web.CustomCharacterEncodingFilter.doFilterInternal(CustomCharacterEncodingFilter.java:50)
		at org.springframework.web.filter.OncePerRequestFilter.doFilter(OncePerRequestFilter.java:117)
		at org.apache.catalina.core.ApplicationFilterChain.internalDoFilter(ApplicationFilterChain.java:178)
		at org.apache.catalina.core.ApplicationFilterChain.doFilter(ApplicationFilterChain.java:153)
		at org.apache.catalina.core.StandardWrapperValve.invoke(StandardWrapperValve.java:168)
		at org.apache.catalina.core.StandardContextValve.invoke(StandardContextValve.java:90)
		at org.apache.catalina.authenticator.AuthenticatorBase.invoke(AuthenticatorBase.java:481)
		at org.apache.catalina.core.StandardHostValve.invoke(StandardHostValve.java:130)
		at org.apache.catalina.valves.ErrorReportValve.invoke(ErrorReportValve.java:93)
		at org.apache.catalina.core.StandardEngineValve.invoke(StandardEngineValve.java:74)
		at org.apache.catalina.connector.CoyoteAdapter.service(CoyoteAdapter.java:346)
		at org.apache.coyote.http11.Http11Processor.service(Http11Processor.java:390)
		at org.apache.coyote.AbstractProcessorLight.process(AbstractProcessorLight.java:63)
		at org.apache.coyote.AbstractProtocol$ConnectionHandler.process(AbstractProtocol.java:928)
		at org.apache.tomcat.util.net.NioEndpoint$SocketProcessor.doRun(NioEndpoint.java:1794)
		at org.apache.tomcat.util.net.SocketProcessorBase.run(SocketProcessorBase.java:52)
		at org.apache.tomcat.util.threads.ThreadPoolExecutor.runWorker(ThreadPoolExecutor.java:1191)
		at org.apache.tomcat.util.threads.ThreadPoolExecutor$Worker.run(ThreadPoolExecutor.java:659)
		at org.apache.tomcat.util.threads.TaskThread$WrappingRunnable.run(TaskThread.java:63)
		at java.base/java.lang.Thread.run(Thread.java:829)
27-Jun-2024 11:30:49.285 INFO [Thread-30] org.apache.catalina.core.ApplicationContext.log Destroying Spring FrameworkServlet 'dispatcher'
27-Jun-2024 11:30:49.309 SEVERE [Thread-30] org.apache.catalina.core.StandardContext.listenerStop Exception sending context destroyed event to listener instance of class [org.joget.apps.app.web.ContextListener]
	java.lang.Error: ThreadLocalCleaner.cleanThreads()
		at org.joget.apps.app.web.ThreadCleaner.cleanThreads(ThreadCleaner.java:61)
		at org.joget.apps.app.web.ContextListener.contextDestroyed(ContextListener.java:17)
		at org.apache.catalina.core.StandardContext.listenerStop(StandardContext.java:4508)
		at org.apache.catalina.core.StandardContext.stopInternal(StandardContext.java:5147)
		at org.apache.catalina.util.LifecycleBase.stop(LifecycleBase.java:242)
		at org.apache.catalina.core.ContainerBase$StopChild.call(ContainerBase.java:1348)
		at org.apache.catalina.core.ContainerBase$StopChild.call(ContainerBase.java:1337)
		at java.base/java.util.concurrent.FutureTask.run(FutureTask.java:264)
		at org.apache.tomcat.util.threads.InlineExecutorService.execute(InlineExecutorService.java:75)
		at java.base/java.util.concurrent.AbstractExecutorService.submit(AbstractExecutorService.java:140)
		at org.apache.catalina.core.ContainerBase.stopInternal(ContainerBase.java:931)
		at org.apache.catalina.util.LifecycleBase.stop(LifecycleBase.java:242)
		at org.apache.catalina.core.ContainerBase$StopChild.call(ContainerBase.java:1348)
		at org.apache.catalina.core.ContainerBase$StopChild.call(ContainerBase.java:1337)
		at java.base/java.util.concurrent.FutureTask.run(FutureTask.java:264)
		at org.apache.tomcat.util.threads.InlineExecutorService.execute(InlineExecutorService.java:75)
		at java.base/java.util.concurrent.AbstractExecutorService.submit(AbstractExecutorService.java:140)
		at org.apache.catalina.core.ContainerBase.stopInternal(ContainerBase.java:931)
		at org.apache.catalina.util.LifecycleBase.stop(LifecycleBase.java:242)
		at org.apache.catalina.core.StandardService.stopInternal(StandardService.java:496)
		at org.apache.catalina.util.LifecycleBase.stop(LifecycleBase.java:242)
		at org.apache.catalina.core.StandardServer.stopInternal(StandardServer.java:978)
		at org.apache.catalina.util.LifecycleBase.stop(LifecycleBase.java:242)
		at org.apache.catalina.startup.Catalina.stop(Catalina.java:810)
		at org.apache.catalina.startup.Catalina$CatalinaShutdownHook.run(Catalina.java:955)
	Caused by: java.lang.NullPointerException
		at org.joget.apps.app.web.ThreadCleaner.cleanThreads(ThreadCleaner.java:48)
		... 24 more
27-Jun-2024 11:30:49.309 INFO [Thread-30] org.apache.catalina.core.ApplicationContext.log Closing Spring root WebApplicationContext
