10-Jun-2024 02:50:18.689 INFO [main] org.apache.catalina.core.ApplicationContext.log No Spring WebApplicationInitializer types detected on classpath
10-Jun-2024 02:50:22.066 INFO [main] org.apache.catalina.core.ApplicationContext.log Initializing Spring root WebApplicationContext
10-Jun-2024 02:51:08.610 INFO [main] org.apache.catalina.core.ApplicationContext.log Printing properties before JavaScript servlet, note, the JavaScript properties might not be initialized yet: 
************************************************************
* OWASP CSRFGuard properties

* Actions: 
	* org.owasp.csrfguard.action.Log
		* Parameter: Message = potential cross-site request forgery (CSRF) attack thwarted (user:%user%, ip:%remote_ip%, method:%request_method%, uri:%request_uri%, error:%exception_message%)
	* org.owasp.csrfguard.action.Error
		* Parameter: Message = Security violation.
		* Parameter: Code = 403
	* org.owasp.csrfguard.action.Rotate
* Ajax: true
* Banned User Agent Properties: 
	* msie
	* trident
* Enabled: true
* Force Synchronous Ajax: false
* Is Javascript Inject Into Dynamically Created Nodes: false
* Javascript Domain Strict: false
* Javascript Inject Form Attributes: false
* Javascript Inject Get Forms: false
* Javascript Inject Into Attributes: false
* Javascript Inject Into Forms: false
* Javascript Params Initialized: false
* Javascript Referer Match Domain: false
* Javascript Referer Match Protocol: false
* Logical Session Extractor: org.owasp.csrfguard.session.SessionTokenKeyExtractor
* Page Token Synchronization Tolerance: 2000 ms
* Print Config: true
* Prng: java.security.SecureRandom(algorithm: SHA1PRNG, provider: SUN version 11)
* Protect: false
* Rotate: false
* Token Holder: org.owasp.csrfguard.token.storage.impl.InMemoryTokenHolder
* Token Length: 32
* Token Name: OWASP_CSRFTOKEN
* Token Per Page: false
* Token Per Page Precreate: false
* Unprotected Methods: 
	* GET
* Unprotected Pages: 
	* /jw/web/json/*
* Use New Token Landing Page: false
* Validation When No Session Exists: true
************************************************************

10-Jun-2024 02:51:08.725 INFO [main] org.apache.catalina.core.ApplicationContext.log Initializing Spring CustomDispatcherServlet 'dispatcher'
10-Jun-2024 02:51:09.086 INFO [main] org.apache.catalina.core.ApplicationContext.log ContextListener: contextInitialized()
10-Jun-2024 02:51:09.087 INFO [main] org.apache.catalina.core.ApplicationContext.log SessionListener: contextInitialized()
10-Jun-2024 02:51:09.089 INFO [main] org.apache.catalina.core.ApplicationContext.log ContextListener: attributeAdded('StockTicker', 'async.Stockticker@7ca94cc0')
10-Jun-2024 02:52:24.795 INFO [main] org.apache.catalina.core.ApplicationContext.log SessionListener: contextDestroyed()
10-Jun-2024 02:52:24.795 INFO [main] org.apache.catalina.core.ApplicationContext.log ContextListener: contextDestroyed()
10-Jun-2024 02:52:24.834 INFO [main] org.apache.catalina.core.ApplicationContext.log Destroying Spring FrameworkServlet 'dispatcher'
10-Jun-2024 02:52:24.871 INFO [main] org.apache.catalina.core.ApplicationContext.log Closing Spring root WebApplicationContext
10-Jun-2024 02:52:59.635 INFO [main] org.apache.catalina.core.ApplicationContext.log No Spring WebApplicationInitializer types detected on classpath
10-Jun-2024 02:53:02.872 INFO [main] org.apache.catalina.core.ApplicationContext.log Initializing Spring root WebApplicationContext
10-Jun-2024 02:53:49.168 INFO [main] org.apache.catalina.core.ApplicationContext.log Printing properties before JavaScript servlet, note, the JavaScript properties might not be initialized yet: 
************************************************************
* OWASP CSRFGuard properties

* Actions: 
	* org.owasp.csrfguard.action.Log
		* Parameter: Message = potential cross-site request forgery (CSRF) attack thwarted (user:%user%, ip:%remote_ip%, method:%request_method%, uri:%request_uri%, error:%exception_message%)
	* org.owasp.csrfguard.action.Error
		* Parameter: Message = Security violation.
		* Parameter: Code = 403
	* org.owasp.csrfguard.action.Rotate
* Ajax: true
* Banned User Agent Properties: 
	* msie
	* trident
* Enabled: true
* Force Synchronous Ajax: false
* Is Javascript Inject Into Dynamically Created Nodes: false
* Javascript Domain Strict: false
* Javascript Inject Form Attributes: false
* Javascript Inject Get Forms: false
* Javascript Inject Into Attributes: false
* Javascript Inject Into Forms: false
* Javascript Params Initialized: false
* Javascript Referer Match Domain: false
* Javascript Referer Match Protocol: false
* Logical Session Extractor: org.owasp.csrfguard.session.SessionTokenKeyExtractor
* Page Token Synchronization Tolerance: 2000 ms
* Print Config: true
* Prng: java.security.SecureRandom(algorithm: SHA1PRNG, provider: SUN version 11)
* Protect: false
* Rotate: false
* Token Holder: org.owasp.csrfguard.token.storage.impl.InMemoryTokenHolder
* Token Length: 32
* Token Name: OWASP_CSRFTOKEN
* Token Per Page: false
* Token Per Page Precreate: false
* Unprotected Methods: 
	* GET
* Unprotected Pages: 
	* /jw/web/json/*
* Use New Token Landing Page: false
* Validation When No Session Exists: true
************************************************************

10-Jun-2024 02:53:49.320 INFO [main] org.apache.catalina.core.ApplicationContext.log Initializing Spring CustomDispatcherServlet 'dispatcher'
10-Jun-2024 02:53:49.615 INFO [main] org.apache.catalina.core.ApplicationContext.log ContextListener: contextInitialized()
10-Jun-2024 02:53:49.616 INFO [main] org.apache.catalina.core.ApplicationContext.log SessionListener: contextInitialized()
10-Jun-2024 02:53:49.619 INFO [main] org.apache.catalina.core.ApplicationContext.log ContextListener: attributeAdded('StockTicker', 'async.Stockticker@3c0d6d2b')
10-Jun-2024 05:42:31.016 INFO [main] org.apache.catalina.core.ApplicationContext.log No Spring WebApplicationInitializer types detected on classpath
10-Jun-2024 05:42:34.007 INFO [main] org.apache.catalina.core.ApplicationContext.log Initializing Spring root WebApplicationContext
10-Jun-2024 05:43:20.063 INFO [main] org.apache.catalina.core.ApplicationContext.log Printing properties before JavaScript servlet, note, the JavaScript properties might not be initialized yet: 
************************************************************
* OWASP CSRFGuard properties

* Actions: 
	* org.owasp.csrfguard.action.Log
		* Parameter: Message = potential cross-site request forgery (CSRF) attack thwarted (user:%user%, ip:%remote_ip%, method:%request_method%, uri:%request_uri%, error:%exception_message%)
	* org.owasp.csrfguard.action.Error
		* Parameter: Message = Security violation.
		* Parameter: Code = 403
	* org.owasp.csrfguard.action.Rotate
* Ajax: true
* Banned User Agent Properties: 
	* msie
	* trident
* Enabled: true
* Force Synchronous Ajax: false
* Is Javascript Inject Into Dynamically Created Nodes: false
* Javascript Domain Strict: false
* Javascript Inject Form Attributes: false
* Javascript Inject Get Forms: false
* Javascript Inject Into Attributes: false
* Javascript Inject Into Forms: false
* Javascript Params Initialized: false
* Javascript Referer Match Domain: false
* Javascript Referer Match Protocol: false
* Logical Session Extractor: org.owasp.csrfguard.session.SessionTokenKeyExtractor
* Page Token Synchronization Tolerance: 2000 ms
* Print Config: true
* Prng: java.security.SecureRandom(algorithm: SHA1PRNG, provider: SUN version 11)
* Protect: false
* Rotate: false
* Token Holder: org.owasp.csrfguard.token.storage.impl.InMemoryTokenHolder
* Token Length: 32
* Token Name: OWASP_CSRFTOKEN
* Token Per Page: false
* Token Per Page Precreate: false
* Unprotected Methods: 
	* GET
* Unprotected Pages: 
	* /jw/web/json/*
* Use New Token Landing Page: false
* Validation When No Session Exists: true
************************************************************

10-Jun-2024 05:43:20.284 INFO [main] org.apache.catalina.core.ApplicationContext.log Initializing Spring CustomDispatcherServlet 'dispatcher'
10-Jun-2024 05:43:20.775 INFO [main] org.apache.catalina.core.ApplicationContext.log ContextListener: contextInitialized()
10-Jun-2024 05:43:20.775 INFO [main] org.apache.catalina.core.ApplicationContext.log SessionListener: contextInitialized()
10-Jun-2024 05:43:20.776 INFO [main] org.apache.catalina.core.ApplicationContext.log ContextListener: attributeAdded('StockTicker', 'async.Stockticker@7a4fa89f')
10-Jun-2024 05:43:20.845 INFO [main] org.apache.catalina.core.ApplicationContext.log SessionListener: contextDestroyed()
10-Jun-2024 05:43:20.845 INFO [main] org.apache.catalina.core.ApplicationContext.log ContextListener: contextDestroyed()
10-Jun-2024 05:43:20.856 INFO [main] org.apache.catalina.core.ApplicationContext.log Destroying Spring FrameworkServlet 'dispatcher'
10-Jun-2024 05:43:20.871 INFO [main] org.apache.catalina.core.ApplicationContext.log Closing Spring root WebApplicationContext
10-Jun-2024 10:00:16.618 INFO [main] org.apache.catalina.core.ApplicationContext.log SessionListener: contextDestroyed()
10-Jun-2024 10:00:16.618 INFO [main] org.apache.catalina.core.ApplicationContext.log ContextListener: contextDestroyed()
10-Jun-2024 10:00:16.682 INFO [main] org.apache.catalina.core.ApplicationContext.log Destroying Spring FrameworkServlet 'dispatcher'
10-Jun-2024 10:00:16.715 INFO [main] org.apache.catalina.core.ApplicationContext.log Closing Spring root WebApplicationContext
10-Jun-2024 10:35:58.147 INFO [main] org.apache.catalina.core.ApplicationContext.log No Spring WebApplicationInitializer types detected on classpath
10-Jun-2024 10:36:00.710 INFO [main] org.apache.catalina.core.ApplicationContext.log Initializing Spring root WebApplicationContext
10-Jun-2024 10:36:46.498 INFO [main] org.apache.catalina.core.ApplicationContext.log Printing properties before JavaScript servlet, note, the JavaScript properties might not be initialized yet: 
************************************************************
* OWASP CSRFGuard properties

* Actions: 
	* org.owasp.csrfguard.action.Log
		* Parameter: Message = potential cross-site request forgery (CSRF) attack thwarted (user:%user%, ip:%remote_ip%, method:%request_method%, uri:%request_uri%, error:%exception_message%)
	* org.owasp.csrfguard.action.Error
		* Parameter: Message = Security violation.
		* Parameter: Code = 403
	* org.owasp.csrfguard.action.Rotate
* Ajax: true
* Banned User Agent Properties: 
	* msie
	* trident
* Enabled: true
* Force Synchronous Ajax: false
* Is Javascript Inject Into Dynamically Created Nodes: false
* Javascript Domain Strict: false
* Javascript Inject Form Attributes: false
* Javascript Inject Get Forms: false
* Javascript Inject Into Attributes: false
* Javascript Inject Into Forms: false
* Javascript Params Initialized: false
* Javascript Referer Match Domain: false
* Javascript Referer Match Protocol: false
* Logical Session Extractor: org.owasp.csrfguard.session.SessionTokenKeyExtractor
* Page Token Synchronization Tolerance: 2000 ms
* Print Config: true
* Prng: java.security.SecureRandom(algorithm: SHA1PRNG, provider: SUN version 11)
* Protect: false
* Rotate: false
* Token Holder: org.owasp.csrfguard.token.storage.impl.InMemoryTokenHolder
* Token Length: 32
* Token Name: OWASP_CSRFTOKEN
* Token Per Page: false
* Token Per Page Precreate: false
* Unprotected Methods: 
	* GET
* Unprotected Pages: 
	* /jw/web/json/*
* Use New Token Landing Page: false
* Validation When No Session Exists: true
************************************************************

10-Jun-2024 10:36:46.698 INFO [main] org.apache.catalina.core.ApplicationContext.log Initializing Spring CustomDispatcherServlet 'dispatcher'
10-Jun-2024 10:36:47.070 INFO [main] org.apache.catalina.core.ApplicationContext.log ContextListener: contextInitialized()
10-Jun-2024 10:36:47.071 INFO [main] org.apache.catalina.core.ApplicationContext.log SessionListener: contextInitialized()
10-Jun-2024 10:36:47.073 INFO [main] org.apache.catalina.core.ApplicationContext.log ContextListener: attributeAdded('StockTicker', 'async.Stockticker@57c4819e')
10-Jun-2024 16:12:10.535 SEVERE [http-nio-8080-exec-6] org.apache.catalina.core.StandardWrapperValve.invoke Servlet.service() for servlet [dispatcher] in context with path [/jw] threw exception [Request processing failed; nested exception is org.hibernate.UnresolvableObjectException: No row with the given identifier exists: [UserviewDefinition#{id:"ptfWorkflow", appId:"ptfWorkflow", appVersion:"52", name:"PTF Approval", dateCreated:"2024-06-03 23:06:06.0", dateModified:"2024-06-03 23:06:06.0"}]] with root cause
	org.hibernate.UnresolvableObjectException: No row with the given identifier exists: [UserviewDefinition#{id:"ptfWorkflow", appId:"ptfWorkflow", appVersion:"52", name:"PTF Approval", dateCreated:"2024-06-03 23:06:06.0", dateModified:"2024-06-03 23:06:06.0"}]
		at org.hibernate.UnresolvableObjectException.throwIfNull(UnresolvableObjectException.java:51)
		at org.hibernate.event.internal.DefaultRefreshEventListener.onRefresh(DefaultRefreshEventListener.java:235)
		at org.hibernate.event.internal.DefaultRefreshEventListener.onRefresh(DefaultRefreshEventListener.java:52)
		at org.hibernate.event.service.internal.EventListenerGroupImpl.fireEventOnEachListener(EventListenerGroupImpl.java:107)
		at org.hibernate.internal.SessionImpl.fireRefresh(SessionImpl.java:1295)
		at org.hibernate.internal.SessionImpl.refresh(SessionImpl.java:1247)
		at org.joget.apps.app.dao.AbstractAppVersionedObjectDao.loadById(AbstractAppVersionedObjectDao.java:32)
		at org.joget.apps.app.dao.UserviewDefinitionDaoImpl.loadById(UserviewDefinitionDaoImpl.java:78)
		at org.joget.apps.app.dao.UserviewDefinitionDaoImpl.loadById(UserviewDefinitionDaoImpl.java:16)
		at jdk.internal.reflect.GeneratedMethodAccessor195.invoke(Unknown Source)
		at java.base/jdk.internal.reflect.DelegatingMethodAccessorImpl.invoke(DelegatingMethodAccessorImpl.java:43)
		at java.base/java.lang.reflect.Method.invoke(Method.java:566)
		at org.springframework.aop.support.AopUtils.invokeJoinpointUsingReflection(AopUtils.java:344)
		at org.springframework.aop.framework.ReflectiveMethodInvocation.invokeJoinpoint(ReflectiveMethodInvocation.java:198)
		at org.springframework.aop.framework.ReflectiveMethodInvocation.proceed(ReflectiveMethodInvocation.java:163)
		at org.springframework.transaction.interceptor.TransactionInterceptor$1.proceedWithInvocation(TransactionInterceptor.java:123)
		at org.springframework.transaction.interceptor.TransactionAspectSupport.invokeWithinTransaction(TransactionAspectSupport.java:388)
		at org.springframework.transaction.interceptor.TransactionInterceptor.invoke(TransactionInterceptor.java:119)
		at org.springframework.aop.framework.ReflectiveMethodInvocation.proceed(ReflectiveMethodInvocation.java:186)
		at org.springframework.aop.interceptor.ExposeInvocationInterceptor.invoke(ExposeInvocationInterceptor.java:97)
		at org.springframework.aop.framework.ReflectiveMethodInvocation.proceed(ReflectiveMethodInvocation.java:186)
		at org.springframework.aop.framework.JdkDynamicAopProxy.invoke(JdkDynamicAopProxy.java:241)
		at com.sun.proxy.$Proxy129.loadById(Unknown Source)
		at org.joget.apps.app.controller.UserviewWebController.embedView(UserviewWebController.java:102)
		at org.joget.apps.app.controller.UserviewWebController.view(UserviewWebController.java:45)
		at java.base/jdk.internal.reflect.NativeMethodAccessorImpl.invoke0(Native Method)
		at java.base/jdk.internal.reflect.NativeMethodAccessorImpl.invoke(NativeMethodAccessorImpl.java:62)
		at java.base/jdk.internal.reflect.DelegatingMethodAccessorImpl.invoke(DelegatingMethodAccessorImpl.java:43)
		at java.base/java.lang.reflect.Method.invoke(Method.java:566)
		at org.springframework.web.method.support.InvocableHandlerMethod.doInvoke(InvocableHandlerMethod.java:205)
		at org.springframework.web.method.support.InvocableHandlerMethod.invokeForRequest(InvocableHandlerMethod.java:150)
		at org.springframework.web.servlet.mvc.method.annotation.ServletInvocableHandlerMethod.invokeAndHandle(ServletInvocableHandlerMethod.java:117)
		at org.springframework.web.servlet.mvc.method.annotation.RequestMappingHandlerAdapter.invokeHandlerMethod(RequestMappingHandlerAdapter.java:903)
		at org.springframework.web.servlet.mvc.method.annotation.RequestMappingHandlerAdapter.handleInternal(RequestMappingHandlerAdapter.java:809)
		at org.joget.commons.spring.web.ParameterizedAnnotationMethodHandlerAdapter.handleInternal(ParameterizedAnnotationMethodHandlerAdapter.java:32)
		at org.springframework.web.servlet.mvc.method.AbstractHandlerMethodAdapter.handle(AbstractHandlerMethodAdapter.java:87)
		at org.springframework.web.servlet.DispatcherServlet.doDispatch(DispatcherServlet.java:1072)
		at org.springframework.web.servlet.DispatcherServlet.doService(DispatcherServlet.java:965)
		at org.springframework.web.servlet.FrameworkServlet.processRequest(FrameworkServlet.java:1006)
		at org.springframework.web.servlet.FrameworkServlet.doGet(FrameworkServlet.java:898)
		at javax.servlet.http.HttpServlet.service(HttpServlet.java:529)
		at org.springframework.web.servlet.FrameworkServlet.service(FrameworkServlet.java:883)
		at javax.servlet.http.HttpServlet.service(HttpServlet.java:623)
		at org.apache.catalina.core.ApplicationFilterChain.internalDoFilter(ApplicationFilterChain.java:209)
		at org.apache.catalina.core.ApplicationFilterChain.doFilter(ApplicationFilterChain.java:153)
		at org.apache.tomcat.websocket.server.WsFilter.doFilter(WsFilter.java:51)
		at org.apache.catalina.core.ApplicationFilterChain.internalDoFilter(ApplicationFilterChain.java:178)
		at org.apache.catalina.core.ApplicationFilterChain.doFilter(ApplicationFilterChain.java:153)
		at org.joget.apps.app.web.GitRequestFilter.doFilter(GitRequestFilter.java:42)
		at org.apache.catalina.core.ApplicationFilterChain.internalDoFilter(ApplicationFilterChain.java:178)
		at org.apache.catalina.core.ApplicationFilterChain.doFilter(ApplicationFilterChain.java:153)
		at org.joget.commons.util.AnalyzerFilter.doFilter_aroundBody0(AnalyzerFilter.java:17)
		at org.joget.commons.util.AnalyzerFilter$AjcClosure1.run(AnalyzerFilter.java:1)
		at org.aspectj.runtime.reflect.JoinPointImpl.proceed(JoinPointImpl.java:167)
		at org.joget.commons.util.AnalyzerAspect.analyzeRequests(AnalyzerAspect.java:57)
		at org.joget.commons.util.AnalyzerFilter.doFilter(AnalyzerFilter.java:17)
		at org.apache.catalina.core.ApplicationFilterChain.internalDoFilter(ApplicationFilterChain.java:178)
		at org.apache.catalina.core.ApplicationFilterChain.doFilter(ApplicationFilterChain.java:153)
		at org.displaytag.filter.ResponseOverrideFilter.doFilter(ResponseOverrideFilter.java:125)
		at org.apache.catalina.core.ApplicationFilterChain.internalDoFilter(ApplicationFilterChain.java:178)
		at org.apache.catalina.core.ApplicationFilterChain.doFilter(ApplicationFilterChain.java:153)
		at org.owasp.csrfguard.CsrfGuardFilter.handleSession(CsrfGuardFilter.java:107)
		at org.owasp.csrfguard.CsrfGuardFilter.doFilter(CsrfGuardFilter.java:97)
		at org.owasp.csrfguard.CsrfGuardFilter.doFilter(CsrfGuardFilter.java:68)
		at org.apache.catalina.core.ApplicationFilterChain.internalDoFilter(ApplicationFilterChain.java:178)
		at org.apache.catalina.core.ApplicationFilterChain.doFilter(ApplicationFilterChain.java:153)
		at org.springframework.web.multipart.support.MultipartFilter.doFilterInternal(MultipartFilter.java:125)
		at org.springframework.web.filter.OncePerRequestFilter.doFilter(OncePerRequestFilter.java:117)
		at org.apache.catalina.core.ApplicationFilterChain.internalDoFilter(ApplicationFilterChain.java:178)
		at org.apache.catalina.core.ApplicationFilterChain.doFilter(ApplicationFilterChain.java:153)
		at org.springframework.security.web.FilterChainProxy$VirtualFilterChain.doFilter(FilterChainProxy.java:352)
		at org.springframework.security.web.access.intercept.FilterSecurityInterceptor.invoke(FilterSecurityInterceptor.java:117)
		at org.springframework.security.web.access.intercept.FilterSecurityInterceptor.doFilter(FilterSecurityInterceptor.java:83)
		at org.springframework.security.web.FilterChainProxy$VirtualFilterChain.doFilter(FilterChainProxy.java:361)
		at org.springframework.security.web.access.ExceptionTranslationFilter.doFilter(ExceptionTranslationFilter.java:126)
		at org.springframework.security.web.access.ExceptionTranslationFilter.doFilter(ExceptionTranslationFilter.java:120)
		at org.springframework.security.web.FilterChainProxy$VirtualFilterChain.doFilter(FilterChainProxy.java:361)
		at org.springframework.security.web.session.SessionManagementFilter.doFilter(SessionManagementFilter.java:131)
		at org.springframework.security.web.session.SessionManagementFilter.doFilter(SessionManagementFilter.java:85)
		at org.springframework.security.web.FilterChainProxy$VirtualFilterChain.doFilter(FilterChainProxy.java:361)
		at org.springframework.security.web.authentication.AnonymousAuthenticationFilter.doFilter(AnonymousAuthenticationFilter.java:100)
		at org.springframework.security.web.FilterChainProxy$VirtualFilterChain.doFilter(FilterChainProxy.java:361)
		at org.springframework.security.web.savedrequest.RequestCacheAwareFilter.doFilter(RequestCacheAwareFilter.java:63)
		at org.springframework.security.web.FilterChainProxy$VirtualFilterChain.doFilter(FilterChainProxy.java:361)
		at org.springframework.security.web.authentication.AbstractAuthenticationProcessingFilter.doFilter(AbstractAuthenticationProcessingFilter.java:227)
		at org.springframework.security.web.authentication.AbstractAuthenticationProcessingFilter.doFilter(AbstractAuthenticationProcessingFilter.java:221)
		at org.joget.apps.workflow.security.WorkflowHttpAuthProcessingFilter.doFilter(WorkflowHttpAuthProcessingFilter.java:88)
		at org.springframework.security.web.FilterChainProxy$VirtualFilterChain.doFilter(FilterChainProxy.java:361)
		at org.springframework.security.web.authentication.www.BasicAuthenticationFilter.doFilterInternal(BasicAuthenticationFilter.java:168)
		at org.springframework.web.filter.OncePerRequestFilter.doFilter(OncePerRequestFilter.java:117)
		at org.springframework.security.web.FilterChainProxy$VirtualFilterChain.doFilter(FilterChainProxy.java:361)
		at org.springframework.security.web.authentication.AbstractAuthenticationProcessingFilter.doFilter(AbstractAuthenticationProcessingFilter.java:227)
		at org.springframework.security.web.authentication.AbstractAuthenticationProcessingFilter.doFilter(AbstractAuthenticationProcessingFilter.java:221)
		at org.springframework.security.web.FilterChainProxy$VirtualFilterChain.doFilter(FilterChainProxy.java:361)
		at org.springframework.security.web.authentication.logout.LogoutFilter.doFilter(LogoutFilter.java:107)
		at org.springframework.security.web.authentication.logout.LogoutFilter.doFilter(LogoutFilter.java:93)
		at org.springframework.security.web.FilterChainProxy$VirtualFilterChain.doFilter(FilterChainProxy.java:361)
		at org.springframework.security.web.header.HeaderWriterFilter.doHeadersAfter(HeaderWriterFilter.java:90)
		at org.springframework.security.web.header.HeaderWriterFilter.doFilterInternal(HeaderWriterFilter.java:75)
		at org.springframework.web.filter.OncePerRequestFilter.doFilter(OncePerRequestFilter.java:117)
		at org.springframework.security.web.FilterChainProxy$VirtualFilterChain.doFilter(FilterChainProxy.java:361)
		at org.springframework.security.web.context.request.async.WebAsyncManagerIntegrationFilter.doFilterInternal(WebAsyncManagerIntegrationFilter.java:62)
		at org.springframework.web.filter.OncePerRequestFilter.doFilter(OncePerRequestFilter.java:117)
		at org.springframework.security.web.FilterChainProxy$VirtualFilterChain.doFilter(FilterChainProxy.java:361)
		at org.springframework.security.web.context.SecurityContextPersistenceFilter.doFilter(SecurityContextPersistenceFilter.java:117)
		at org.springframework.security.web.context.SecurityContextPersistenceFilter.doFilter(SecurityContextPersistenceFilter.java:87)
		at org.springframework.security.web.FilterChainProxy$VirtualFilterChain.doFilter(FilterChainProxy.java:361)
		at org.springframework.security.web.session.DisableEncodeUrlFilter.doFilterInternal(DisableEncodeUrlFilter.java:42)
		at org.springframework.web.filter.OncePerRequestFilter.doFilter(OncePerRequestFilter.java:117)
		at org.springframework.security.web.FilterChainProxy$VirtualFilterChain.doFilter(FilterChainProxy.java:361)
		at org.springframework.security.web.FilterChainProxy.doFilterInternal(FilterChainProxy.java:225)
		at org.springframework.security.web.FilterChainProxy.doFilter(FilterChainProxy.java:190)
		at org.springframework.web.filter.DelegatingFilterProxy.invokeDelegate(DelegatingFilterProxy.java:354)
		at org.springframework.web.filter.DelegatingFilterProxy.doFilter(DelegatingFilterProxy.java:267)
		at org.joget.commons.spring.web.CustomDelegatingFilterProxy.doFilter(CustomDelegatingFilterProxy.java:31)
		at org.apache.catalina.core.ApplicationFilterChain.internalDoFilter(ApplicationFilterChain.java:178)
		at org.apache.catalina.core.ApplicationFilterChain.doFilter(ApplicationFilterChain.java:153)
		at org.joget.apps.app.web.ExpireFilter.doFilter(ExpireFilter.java:48)
		at org.apache.catalina.core.ApplicationFilterChain.internalDoFilter(ApplicationFilterChain.java:178)
		at org.apache.catalina.core.ApplicationFilterChain.doFilter(ApplicationFilterChain.java:153)
		at org.springframework.web.filter.CharacterEncodingFilter.doFilterInternal(CharacterEncodingFilter.java:201)
		at org.joget.apps.app.web.CustomCharacterEncodingFilter.doFilterInternal(CustomCharacterEncodingFilter.java:50)
		at org.springframework.web.filter.OncePerRequestFilter.doFilter(OncePerRequestFilter.java:117)
		at org.apache.catalina.core.ApplicationFilterChain.internalDoFilter(ApplicationFilterChain.java:178)
		at org.apache.catalina.core.ApplicationFilterChain.doFilter(ApplicationFilterChain.java:153)
		at org.apache.catalina.core.StandardWrapperValve.invoke(StandardWrapperValve.java:168)
		at org.apache.catalina.core.StandardContextValve.invoke(StandardContextValve.java:90)
		at org.apache.catalina.authenticator.AuthenticatorBase.invoke(AuthenticatorBase.java:481)
		at org.apache.catalina.core.StandardHostValve.invoke(StandardHostValve.java:130)
		at org.apache.catalina.valves.ErrorReportValve.invoke(ErrorReportValve.java:93)
		at org.apache.catalina.core.StandardEngineValve.invoke(StandardEngineValve.java:74)
		at org.apache.catalina.connector.CoyoteAdapter.service(CoyoteAdapter.java:346)
		at org.apache.coyote.http11.Http11Processor.service(Http11Processor.java:390)
		at org.apache.coyote.AbstractProcessorLight.process(AbstractProcessorLight.java:63)
		at org.apache.coyote.AbstractProtocol$ConnectionHandler.process(AbstractProtocol.java:928)
		at org.apache.tomcat.util.net.NioEndpoint$SocketProcessor.doRun(NioEndpoint.java:1794)
		at org.apache.tomcat.util.net.SocketProcessorBase.run(SocketProcessorBase.java:52)
		at org.apache.tomcat.util.threads.ThreadPoolExecutor.runWorker(ThreadPoolExecutor.java:1191)
		at org.apache.tomcat.util.threads.ThreadPoolExecutor$Worker.run(ThreadPoolExecutor.java:659)
		at org.apache.tomcat.util.threads.TaskThread$WrappingRunnable.run(TaskThread.java:63)
		at java.base/java.lang.Thread.run(Thread.java:829)
10-Jun-2024 16:14:12.226 SEVERE [http-nio-8080-exec-3] org.apache.catalina.core.StandardWrapperValve.invoke Servlet.service() for servlet [dispatcher] in context with path [/jw] threw exception [Request processing failed; nested exception is org.hibernate.exception.SQLGrammarException: could not extract ResultSet] with root cause
	java.sql.SQLException: Table 'jwdb_smm.app_builder' doesn't exist
		at org.mariadb.jdbc.internal.protocol.AbstractQueryProtocol.readErrorPacket(AbstractQueryProtocol.java:1599)
		at org.mariadb.jdbc.internal.protocol.AbstractQueryProtocol.readPacket(AbstractQueryProtocol.java:1461)
		at org.mariadb.jdbc.internal.protocol.AbstractQueryProtocol.getResult(AbstractQueryProtocol.java:1424)
		at org.mariadb.jdbc.internal.protocol.AbstractQueryProtocol.executeQuery(AbstractQueryProtocol.java:240)
		at org.mariadb.jdbc.ClientSidePreparedStatement.executeInternal_aroundBody6(ClientSidePreparedStatement.java:216)
		at org.mariadb.jdbc.ClientSidePreparedStatement.executeInternal_aroundBody7$advice(ClientSidePreparedStatement.java:130)
		at org.mariadb.jdbc.ClientSidePreparedStatement.executeInternal(ClientSidePreparedStatement.java:1)
		at org.mariadb.jdbc.ClientSidePreparedStatement.execute_aroundBody0(ClientSidePreparedStatement.java:145)
		at org.mariadb.jdbc.ClientSidePreparedStatement.execute_aroundBody1$advice(ClientSidePreparedStatement.java:130)
		at org.mariadb.jdbc.ClientSidePreparedStatement.execute(ClientSidePreparedStatement.java:1)
		at org.mariadb.jdbc.ClientSidePreparedStatement.executeQuery_aroundBody2(ClientSidePreparedStatement.java:159)
		at org.mariadb.jdbc.ClientSidePreparedStatement.executeQuery_aroundBody3$advice(ClientSidePreparedStatement.java:130)
		at org.mariadb.jdbc.ClientSidePreparedStatement.executeQuery(ClientSidePreparedStatement.java:1)
		at jdk.internal.reflect.GeneratedMethodAccessor122.invoke(Unknown Source)
		at java.base/jdk.internal.reflect.DelegatingMethodAccessorImpl.invoke(DelegatingMethodAccessorImpl.java:43)
		at java.base/java.lang.reflect.Method.invoke(Method.java:566)
		at org.apache.tomcat.jdbc.pool.StatementFacade$StatementProxy.invoke(StatementFacade.java:118)
		at com.sun.proxy.$Proxy105.executeQuery_aroundBody26(Unknown Source)
		at com.sun.proxy.$Proxy105.executeQuery_aroundBody27$advice(Unknown Source)
		at com.sun.proxy.$Proxy105.executeQuery(Unknown Source)
		at org.hibernate.engine.jdbc.internal.ResultSetReturnImpl.extract(ResultSetReturnImpl.java:57)
		at org.hibernate.loader.plan.exec.internal.AbstractLoadPlanBasedLoader.getResultSet(AbstractLoadPlanBasedLoader.java:390)
		at org.hibernate.loader.plan.exec.internal.AbstractLoadPlanBasedLoader.executeQueryStatement(AbstractLoadPlanBasedLoader.java:163)
		at org.hibernate.loader.plan.exec.internal.AbstractLoadPlanBasedLoader.executeLoad(AbstractLoadPlanBasedLoader.java:104)
		at org.hibernate.loader.collection.plan.AbstractLoadPlanBasedCollectionInitializer.initialize(AbstractLoadPlanBasedCollectionInitializer.java:87)
		at org.hibernate.persister.collection.AbstractCollectionPersister.initialize(AbstractCollectionPersister.java:705)
		at org.hibernate.event.internal.DefaultInitializeCollectionEventListener.onInitializeCollection(DefaultInitializeCollectionEventListener.java:76)
		at org.hibernate.event.service.internal.EventListenerGroupImpl.fireEventOnEachListener(EventListenerGroupImpl.java:107)
		at org.hibernate.internal.SessionImpl.initializeCollection(SessionImpl.java:2208)
		at org.hibernate.collection.internal.AbstractPersistentCollection$4.doWork(AbstractPersistentCollection.java:595)
		at org.hibernate.collection.internal.AbstractPersistentCollection.withTemporarySessionIfNeeded(AbstractPersistentCollection.java:264)
		at org.hibernate.collection.internal.AbstractPersistentCollection.initialize(AbstractPersistentCollection.java:591)
		at org.hibernate.collection.internal.AbstractPersistentCollection.read(AbstractPersistentCollection.java:149)
		at org.hibernate.collection.internal.PersistentBag.iterator(PersistentBag.java:387)
		at org.joget.apps.app.service.AppUtil.findMissingPlugins(AppUtil.java:1750)
		at org.joget.apps.app.controller.ConsoleWebController.consoleBuilderList(ConsoleWebController.java:3778)
		at org.joget.apps.app.controller.ConsoleWebController$$FastClassBySpringCGLIB$$e1402d89.invoke(<generated>)
		at org.springframework.cglib.proxy.MethodProxy.invoke(MethodProxy.java:218)
		at org.springframework.aop.framework.CglibAopProxy.invokeMethod(CglibAopProxy.java:386)
		at org.springframework.aop.framework.CglibAopProxy.access$000(CglibAopProxy.java:85)
		at org.springframework.aop.framework.CglibAopProxy$DynamicAdvisedInterceptor.intercept(CglibAopProxy.java:703)
		at org.joget.apps.app.controller.ConsoleWebController$$EnhancerBySpringCGLIB$$3a04abc.consoleBuilderList(<generated>)
		at java.base/jdk.internal.reflect.NativeMethodAccessorImpl.invoke0(Native Method)
		at java.base/jdk.internal.reflect.NativeMethodAccessorImpl.invoke(NativeMethodAccessorImpl.java:62)
		at java.base/jdk.internal.reflect.DelegatingMethodAccessorImpl.invoke(DelegatingMethodAccessorImpl.java:43)
		at java.base/java.lang.reflect.Method.invoke(Method.java:566)
		at org.springframework.web.method.support.InvocableHandlerMethod.doInvoke(InvocableHandlerMethod.java:205)
		at org.springframework.web.method.support.InvocableHandlerMethod.invokeForRequest(InvocableHandlerMethod.java:150)
		at org.springframework.web.servlet.mvc.method.annotation.ServletInvocableHandlerMethod.invokeAndHandle(ServletInvocableHandlerMethod.java:117)
		at org.springframework.web.servlet.mvc.method.annotation.RequestMappingHandlerAdapter.invokeHandlerMethod(RequestMappingHandlerAdapter.java:903)
		at org.springframework.web.servlet.mvc.method.annotation.RequestMappingHandlerAdapter.handleInternal(RequestMappingHandlerAdapter.java:809)
		at org.joget.commons.spring.web.ParameterizedAnnotationMethodHandlerAdapter.handleInternal(ParameterizedAnnotationMethodHandlerAdapter.java:32)
		at org.springframework.web.servlet.mvc.method.AbstractHandlerMethodAdapter.handle(AbstractHandlerMethodAdapter.java:87)
		at org.springframework.web.servlet.DispatcherServlet.doDispatch(DispatcherServlet.java:1072)
		at org.springframework.web.servlet.DispatcherServlet.doService(DispatcherServlet.java:965)
		at org.springframework.web.servlet.FrameworkServlet.processRequest(FrameworkServlet.java:1006)
		at org.springframework.web.servlet.FrameworkServlet.doGet(FrameworkServlet.java:898)
		at javax.servlet.http.HttpServlet.service(HttpServlet.java:529)
		at org.springframework.web.servlet.FrameworkServlet.service(FrameworkServlet.java:883)
		at javax.servlet.http.HttpServlet.service(HttpServlet.java:623)
		at org.apache.catalina.core.ApplicationFilterChain.internalDoFilter(ApplicationFilterChain.java:209)
		at org.apache.catalina.core.ApplicationFilterChain.doFilter(ApplicationFilterChain.java:153)
		at org.apache.tomcat.websocket.server.WsFilter.doFilter(WsFilter.java:51)
		at org.apache.catalina.core.ApplicationFilterChain.internalDoFilter(ApplicationFilterChain.java:178)
		at org.apache.catalina.core.ApplicationFilterChain.doFilter(ApplicationFilterChain.java:153)
		at org.joget.apps.app.web.GitRequestFilter.doFilter(GitRequestFilter.java:42)
		at org.apache.catalina.core.ApplicationFilterChain.internalDoFilter(ApplicationFilterChain.java:178)
		at org.apache.catalina.core.ApplicationFilterChain.doFilter(ApplicationFilterChain.java:153)
		at org.displaytag.filter.ResponseOverrideFilter.doFilter(ResponseOverrideFilter.java:125)
		at org.apache.catalina.core.ApplicationFilterChain.internalDoFilter(ApplicationFilterChain.java:178)
		at org.apache.catalina.core.ApplicationFilterChain.doFilter(ApplicationFilterChain.java:153)
		at org.owasp.csrfguard.CsrfGuardFilter.handleSession(CsrfGuardFilter.java:107)
		at org.owasp.csrfguard.CsrfGuardFilter.doFilter(CsrfGuardFilter.java:97)
		at org.owasp.csrfguard.CsrfGuardFilter.doFilter(CsrfGuardFilter.java:68)
		at org.apache.catalina.core.ApplicationFilterChain.internalDoFilter(ApplicationFilterChain.java:178)
		at org.apache.catalina.core.ApplicationFilterChain.doFilter(ApplicationFilterChain.java:153)
		at org.springframework.web.multipart.support.MultipartFilter.doFilterInternal(MultipartFilter.java:125)
		at org.springframework.web.filter.OncePerRequestFilter.doFilter(OncePerRequestFilter.java:117)
		at org.apache.catalina.core.ApplicationFilterChain.internalDoFilter(ApplicationFilterChain.java:178)
		at org.apache.catalina.core.ApplicationFilterChain.doFilter(ApplicationFilterChain.java:153)
		at org.springframework.security.web.FilterChainProxy$VirtualFilterChain.doFilter(FilterChainProxy.java:352)
		at org.springframework.security.web.access.intercept.FilterSecurityInterceptor.invoke(FilterSecurityInterceptor.java:117)
		at org.springframework.security.web.access.intercept.FilterSecurityInterceptor.doFilter(FilterSecurityInterceptor.java:83)
		at org.springframework.security.web.FilterChainProxy$VirtualFilterChain.doFilter(FilterChainProxy.java:361)
		at org.springframework.security.web.access.ExceptionTranslationFilter.doFilter(ExceptionTranslationFilter.java:126)
		at org.springframework.security.web.access.ExceptionTranslationFilter.doFilter(ExceptionTranslationFilter.java:120)
		at org.springframework.security.web.FilterChainProxy$VirtualFilterChain.doFilter(FilterChainProxy.java:361)
		at org.springframework.security.web.session.SessionManagementFilter.doFilter(SessionManagementFilter.java:131)
		at org.springframework.security.web.session.SessionManagementFilter.doFilter(SessionManagementFilter.java:85)
		at org.springframework.security.web.FilterChainProxy$VirtualFilterChain.doFilter(FilterChainProxy.java:361)
		at org.springframework.security.web.authentication.AnonymousAuthenticationFilter.doFilter(AnonymousAuthenticationFilter.java:100)
		at org.springframework.security.web.FilterChainProxy$VirtualFilterChain.doFilter(FilterChainProxy.java:361)
		at org.springframework.security.web.savedrequest.RequestCacheAwareFilter.doFilter(RequestCacheAwareFilter.java:63)
		at org.springframework.security.web.FilterChainProxy$VirtualFilterChain.doFilter(FilterChainProxy.java:361)
		at org.springframework.security.web.authentication.AbstractAuthenticationProcessingFilter.doFilter(AbstractAuthenticationProcessingFilter.java:227)
		at org.springframework.security.web.authentication.AbstractAuthenticationProcessingFilter.doFilter(AbstractAuthenticationProcessingFilter.java:221)
		at org.joget.apps.workflow.security.WorkflowHttpAuthProcessingFilter.doFilter(WorkflowHttpAuthProcessingFilter.java:88)
		at org.springframework.security.web.FilterChainProxy$VirtualFilterChain.doFilter(FilterChainProxy.java:361)
		at org.springframework.security.web.authentication.www.BasicAuthenticationFilter.doFilterInternal(BasicAuthenticationFilter.java:168)
		at org.springframework.web.filter.OncePerRequestFilter.doFilter(OncePerRequestFilter.java:117)
		at org.springframework.security.web.FilterChainProxy$VirtualFilterChain.doFilter(FilterChainProxy.java:361)
		at org.springframework.security.web.authentication.AbstractAuthenticationProcessingFilter.doFilter(AbstractAuthenticationProcessingFilter.java:227)
		at org.springframework.security.web.authentication.AbstractAuthenticationProcessingFilter.doFilter(AbstractAuthenticationProcessingFilter.java:221)
		at org.springframework.security.web.FilterChainProxy$VirtualFilterChain.doFilter(FilterChainProxy.java:361)
		at org.springframework.security.web.authentication.logout.LogoutFilter.doFilter(LogoutFilter.java:107)
		at org.springframework.security.web.authentication.logout.LogoutFilter.doFilter(LogoutFilter.java:93)
		at org.springframework.security.web.FilterChainProxy$VirtualFilterChain.doFilter(FilterChainProxy.java:361)
		at org.springframework.security.web.header.HeaderWriterFilter.doHeadersAfter(HeaderWriterFilter.java:90)
		at org.springframework.security.web.header.HeaderWriterFilter.doFilterInternal(HeaderWriterFilter.java:75)
		at org.springframework.web.filter.OncePerRequestFilter.doFilter(OncePerRequestFilter.java:117)
		at org.springframework.security.web.FilterChainProxy$VirtualFilterChain.doFilter(FilterChainProxy.java:361)
		at org.springframework.security.web.context.request.async.WebAsyncManagerIntegrationFilter.doFilterInternal(WebAsyncManagerIntegrationFilter.java:62)
		at org.springframework.web.filter.OncePerRequestFilter.doFilter(OncePerRequestFilter.java:117)
		at org.springframework.security.web.FilterChainProxy$VirtualFilterChain.doFilter(FilterChainProxy.java:361)
		at org.springframework.security.web.context.SecurityContextPersistenceFilter.doFilter(SecurityContextPersistenceFilter.java:117)
		at org.springframework.security.web.context.SecurityContextPersistenceFilter.doFilter(SecurityContextPersistenceFilter.java:87)
		at org.springframework.security.web.FilterChainProxy$VirtualFilterChain.doFilter(FilterChainProxy.java:361)
		at org.springframework.security.web.session.DisableEncodeUrlFilter.doFilterInternal(DisableEncodeUrlFilter.java:42)
		at org.springframework.web.filter.OncePerRequestFilter.doFilter(OncePerRequestFilter.java:117)
		at org.springframework.security.web.FilterChainProxy$VirtualFilterChain.doFilter(FilterChainProxy.java:361)
		at org.springframework.security.web.FilterChainProxy.doFilterInternal(FilterChainProxy.java:225)
		at org.springframework.security.web.FilterChainProxy.doFilter(FilterChainProxy.java:190)
		at org.springframework.web.filter.DelegatingFilterProxy.invokeDelegate(DelegatingFilterProxy.java:354)
		at org.springframework.web.filter.DelegatingFilterProxy.doFilter(DelegatingFilterProxy.java:267)
		at org.joget.commons.spring.web.CustomDelegatingFilterProxy.doFilter(CustomDelegatingFilterProxy.java:31)
		at org.apache.catalina.core.ApplicationFilterChain.internalDoFilter(ApplicationFilterChain.java:178)
		at org.apache.catalina.core.ApplicationFilterChain.doFilter(ApplicationFilterChain.java:153)
		at org.joget.apps.app.web.ExpireFilter.doFilter(ExpireFilter.java:48)
		at org.apache.catalina.core.ApplicationFilterChain.internalDoFilter(ApplicationFilterChain.java:178)
		at org.apache.catalina.core.ApplicationFilterChain.doFilter(ApplicationFilterChain.java:153)
		at org.springframework.web.filter.CharacterEncodingFilter.doFilterInternal(CharacterEncodingFilter.java:201)
		at org.joget.apps.app.web.CustomCharacterEncodingFilter.doFilterInternal(CustomCharacterEncodingFilter.java:50)
		at org.springframework.web.filter.OncePerRequestFilter.doFilter(OncePerRequestFilter.java:117)
		at org.apache.catalina.core.ApplicationFilterChain.internalDoFilter(ApplicationFilterChain.java:178)
		at org.apache.catalina.core.ApplicationFilterChain.doFilter(ApplicationFilterChain.java:153)
		at org.apache.catalina.core.StandardWrapperValve.invoke(StandardWrapperValve.java:168)
		at org.apache.catalina.core.StandardContextValve.invoke(StandardContextValve.java:90)
		at org.apache.catalina.authenticator.AuthenticatorBase.invoke(AuthenticatorBase.java:481)
		at org.apache.catalina.core.StandardHostValve.invoke(StandardHostValve.java:130)
		at org.apache.catalina.valves.ErrorReportValve.invoke(ErrorReportValve.java:93)
		at org.apache.catalina.core.StandardEngineValve.invoke(StandardEngineValve.java:74)
		at org.apache.catalina.connector.CoyoteAdapter.service(CoyoteAdapter.java:346)
		at org.apache.coyote.http11.Http11Processor.service(Http11Processor.java:390)
		at org.apache.coyote.AbstractProcessorLight.process(AbstractProcessorLight.java:63)
		at org.apache.coyote.AbstractProtocol$ConnectionHandler.process(AbstractProtocol.java:928)
		at org.apache.tomcat.util.net.NioEndpoint$SocketProcessor.doRun(NioEndpoint.java:1794)
		at org.apache.tomcat.util.net.SocketProcessorBase.run(SocketProcessorBase.java:52)
		at org.apache.tomcat.util.threads.ThreadPoolExecutor.runWorker(ThreadPoolExecutor.java:1191)
		at org.apache.tomcat.util.threads.ThreadPoolExecutor$Worker.run(ThreadPoolExecutor.java:659)
		at org.apache.tomcat.util.threads.TaskThread$WrappingRunnable.run(TaskThread.java:63)
		at java.base/java.lang.Thread.run(Thread.java:829)
10-Jun-2024 16:14:26.557 SEVERE [http-nio-8080-exec-4] org.apache.catalina.core.StandardWrapperValve.invoke Servlet.service() for servlet [dispatcher] in context with path [/jw] threw exception [Request processing failed; nested exception is org.hibernate.exception.SQLGrammarException: could not extract ResultSet] with root cause
	java.sql.SQLException: Table 'jwdb_smm.app_builder' doesn't exist
		at org.mariadb.jdbc.internal.protocol.AbstractQueryProtocol.readErrorPacket(AbstractQueryProtocol.java:1599)
		at org.mariadb.jdbc.internal.protocol.AbstractQueryProtocol.readPacket(AbstractQueryProtocol.java:1461)
		at org.mariadb.jdbc.internal.protocol.AbstractQueryProtocol.getResult(AbstractQueryProtocol.java:1424)
		at org.mariadb.jdbc.internal.protocol.AbstractQueryProtocol.executeQuery(AbstractQueryProtocol.java:240)
		at org.mariadb.jdbc.ClientSidePreparedStatement.executeInternal_aroundBody6(ClientSidePreparedStatement.java:216)
		at org.mariadb.jdbc.ClientSidePreparedStatement.executeInternal_aroundBody7$advice(ClientSidePreparedStatement.java:130)
		at org.mariadb.jdbc.ClientSidePreparedStatement.executeInternal(ClientSidePreparedStatement.java:1)
		at org.mariadb.jdbc.ClientSidePreparedStatement.execute_aroundBody0(ClientSidePreparedStatement.java:145)
		at org.mariadb.jdbc.ClientSidePreparedStatement.execute_aroundBody1$advice(ClientSidePreparedStatement.java:130)
		at org.mariadb.jdbc.ClientSidePreparedStatement.execute(ClientSidePreparedStatement.java:1)
		at org.mariadb.jdbc.ClientSidePreparedStatement.executeQuery_aroundBody2(ClientSidePreparedStatement.java:159)
		at org.mariadb.jdbc.ClientSidePreparedStatement.executeQuery_aroundBody3$advice(ClientSidePreparedStatement.java:130)
		at org.mariadb.jdbc.ClientSidePreparedStatement.executeQuery(ClientSidePreparedStatement.java:1)
		at jdk.internal.reflect.GeneratedMethodAccessor122.invoke(Unknown Source)
		at java.base/jdk.internal.reflect.DelegatingMethodAccessorImpl.invoke(DelegatingMethodAccessorImpl.java:43)
		at java.base/java.lang.reflect.Method.invoke(Method.java:566)
		at org.apache.tomcat.jdbc.pool.StatementFacade$StatementProxy.invoke(StatementFacade.java:118)
		at com.sun.proxy.$Proxy105.executeQuery_aroundBody26(Unknown Source)
		at com.sun.proxy.$Proxy105.executeQuery_aroundBody27$advice(Unknown Source)
		at com.sun.proxy.$Proxy105.executeQuery(Unknown Source)
		at org.hibernate.engine.jdbc.internal.ResultSetReturnImpl.extract(ResultSetReturnImpl.java:57)
		at org.hibernate.loader.plan.exec.internal.AbstractLoadPlanBasedLoader.getResultSet(AbstractLoadPlanBasedLoader.java:390)
		at org.hibernate.loader.plan.exec.internal.AbstractLoadPlanBasedLoader.executeQueryStatement(AbstractLoadPlanBasedLoader.java:163)
		at org.hibernate.loader.plan.exec.internal.AbstractLoadPlanBasedLoader.executeLoad(AbstractLoadPlanBasedLoader.java:104)
		at org.hibernate.loader.collection.plan.AbstractLoadPlanBasedCollectionInitializer.initialize(AbstractLoadPlanBasedCollectionInitializer.java:87)
		at org.hibernate.persister.collection.AbstractCollectionPersister.initialize(AbstractCollectionPersister.java:705)
		at org.hibernate.event.internal.DefaultInitializeCollectionEventListener.onInitializeCollection(DefaultInitializeCollectionEventListener.java:76)
		at org.hibernate.event.service.internal.EventListenerGroupImpl.fireEventOnEachListener(EventListenerGroupImpl.java:107)
		at org.hibernate.internal.SessionImpl.initializeCollection(SessionImpl.java:2208)
		at org.hibernate.collection.internal.AbstractPersistentCollection$4.doWork(AbstractPersistentCollection.java:595)
		at org.hibernate.collection.internal.AbstractPersistentCollection.withTemporarySessionIfNeeded(AbstractPersistentCollection.java:264)
		at org.hibernate.collection.internal.AbstractPersistentCollection.initialize(AbstractPersistentCollection.java:591)
		at org.hibernate.collection.internal.AbstractPersistentCollection.read(AbstractPersistentCollection.java:149)
		at org.hibernate.collection.internal.PersistentBag.iterator(PersistentBag.java:387)
		at org.joget.apps.app.service.AppUtil.findMissingPlugins(AppUtil.java:1750)
		at org.joget.apps.app.controller.ConsoleWebController.consoleBuilderList(ConsoleWebController.java:3778)
		at org.joget.apps.app.controller.ConsoleWebController$$FastClassBySpringCGLIB$$e1402d89.invoke(<generated>)
		at org.springframework.cglib.proxy.MethodProxy.invoke(MethodProxy.java:218)
		at org.springframework.aop.framework.CglibAopProxy.invokeMethod(CglibAopProxy.java:386)
		at org.springframework.aop.framework.CglibAopProxy.access$000(CglibAopProxy.java:85)
		at org.springframework.aop.framework.CglibAopProxy$DynamicAdvisedInterceptor.intercept(CglibAopProxy.java:703)
		at org.joget.apps.app.controller.ConsoleWebController$$EnhancerBySpringCGLIB$$3a04abc.consoleBuilderList(<generated>)
		at java.base/jdk.internal.reflect.NativeMethodAccessorImpl.invoke0(Native Method)
		at java.base/jdk.internal.reflect.NativeMethodAccessorImpl.invoke(NativeMethodAccessorImpl.java:62)
		at java.base/jdk.internal.reflect.DelegatingMethodAccessorImpl.invoke(DelegatingMethodAccessorImpl.java:43)
		at java.base/java.lang.reflect.Method.invoke(Method.java:566)
		at org.springframework.web.method.support.InvocableHandlerMethod.doInvoke(InvocableHandlerMethod.java:205)
		at org.springframework.web.method.support.InvocableHandlerMethod.invokeForRequest(InvocableHandlerMethod.java:150)
		at org.springframework.web.servlet.mvc.method.annotation.ServletInvocableHandlerMethod.invokeAndHandle(ServletInvocableHandlerMethod.java:117)
		at org.springframework.web.servlet.mvc.method.annotation.RequestMappingHandlerAdapter.invokeHandlerMethod(RequestMappingHandlerAdapter.java:903)
		at org.springframework.web.servlet.mvc.method.annotation.RequestMappingHandlerAdapter.handleInternal(RequestMappingHandlerAdapter.java:809)
		at org.joget.commons.spring.web.ParameterizedAnnotationMethodHandlerAdapter.handleInternal(ParameterizedAnnotationMethodHandlerAdapter.java:32)
		at org.springframework.web.servlet.mvc.method.AbstractHandlerMethodAdapter.handle(AbstractHandlerMethodAdapter.java:87)
		at org.springframework.web.servlet.DispatcherServlet.doDispatch(DispatcherServlet.java:1072)
		at org.springframework.web.servlet.DispatcherServlet.doService(DispatcherServlet.java:965)
		at org.springframework.web.servlet.FrameworkServlet.processRequest(FrameworkServlet.java:1006)
		at org.springframework.web.servlet.FrameworkServlet.doGet(FrameworkServlet.java:898)
		at javax.servlet.http.HttpServlet.service(HttpServlet.java:529)
		at org.springframework.web.servlet.FrameworkServlet.service(FrameworkServlet.java:883)
		at javax.servlet.http.HttpServlet.service(HttpServlet.java:623)
		at org.apache.catalina.core.ApplicationFilterChain.internalDoFilter(ApplicationFilterChain.java:209)
		at org.apache.catalina.core.ApplicationFilterChain.doFilter(ApplicationFilterChain.java:153)
		at org.apache.tomcat.websocket.server.WsFilter.doFilter(WsFilter.java:51)
		at org.apache.catalina.core.ApplicationFilterChain.internalDoFilter(ApplicationFilterChain.java:178)
		at org.apache.catalina.core.ApplicationFilterChain.doFilter(ApplicationFilterChain.java:153)
		at org.joget.apps.app.web.GitRequestFilter.doFilter(GitRequestFilter.java:42)
		at org.apache.catalina.core.ApplicationFilterChain.internalDoFilter(ApplicationFilterChain.java:178)
		at org.apache.catalina.core.ApplicationFilterChain.doFilter(ApplicationFilterChain.java:153)
		at org.displaytag.filter.ResponseOverrideFilter.doFilter(ResponseOverrideFilter.java:125)
		at org.apache.catalina.core.ApplicationFilterChain.internalDoFilter(ApplicationFilterChain.java:178)
		at org.apache.catalina.core.ApplicationFilterChain.doFilter(ApplicationFilterChain.java:153)
		at org.owasp.csrfguard.CsrfGuardFilter.handleSession(CsrfGuardFilter.java:107)
		at org.owasp.csrfguard.CsrfGuardFilter.doFilter(CsrfGuardFilter.java:97)
		at org.owasp.csrfguard.CsrfGuardFilter.doFilter(CsrfGuardFilter.java:68)
		at org.apache.catalina.core.ApplicationFilterChain.internalDoFilter(ApplicationFilterChain.java:178)
		at org.apache.catalina.core.ApplicationFilterChain.doFilter(ApplicationFilterChain.java:153)
		at org.springframework.web.multipart.support.MultipartFilter.doFilterInternal(MultipartFilter.java:125)
		at org.springframework.web.filter.OncePerRequestFilter.doFilter(OncePerRequestFilter.java:117)
		at org.apache.catalina.core.ApplicationFilterChain.internalDoFilter(ApplicationFilterChain.java:178)
		at org.apache.catalina.core.ApplicationFilterChain.doFilter(ApplicationFilterChain.java:153)
		at org.springframework.security.web.FilterChainProxy$VirtualFilterChain.doFilter(FilterChainProxy.java:352)
		at org.springframework.security.web.access.intercept.FilterSecurityInterceptor.invoke(FilterSecurityInterceptor.java:117)
		at org.springframework.security.web.access.intercept.FilterSecurityInterceptor.doFilter(FilterSecurityInterceptor.java:83)
		at org.springframework.security.web.FilterChainProxy$VirtualFilterChain.doFilter(FilterChainProxy.java:361)
		at org.springframework.security.web.access.ExceptionTranslationFilter.doFilter(ExceptionTranslationFilter.java:126)
		at org.springframework.security.web.access.ExceptionTranslationFilter.doFilter(ExceptionTranslationFilter.java:120)
		at org.springframework.security.web.FilterChainProxy$VirtualFilterChain.doFilter(FilterChainProxy.java:361)
		at org.springframework.security.web.session.SessionManagementFilter.doFilter(SessionManagementFilter.java:131)
		at org.springframework.security.web.session.SessionManagementFilter.doFilter(SessionManagementFilter.java:85)
		at org.springframework.security.web.FilterChainProxy$VirtualFilterChain.doFilter(FilterChainProxy.java:361)
		at org.springframework.security.web.authentication.AnonymousAuthenticationFilter.doFilter(AnonymousAuthenticationFilter.java:100)
		at org.springframework.security.web.FilterChainProxy$VirtualFilterChain.doFilter(FilterChainProxy.java:361)
		at org.springframework.security.web.savedrequest.RequestCacheAwareFilter.doFilter(RequestCacheAwareFilter.java:63)
		at org.springframework.security.web.FilterChainProxy$VirtualFilterChain.doFilter(FilterChainProxy.java:361)
		at org.springframework.security.web.authentication.AbstractAuthenticationProcessingFilter.doFilter(AbstractAuthenticationProcessingFilter.java:227)
		at org.springframework.security.web.authentication.AbstractAuthenticationProcessingFilter.doFilter(AbstractAuthenticationProcessingFilter.java:221)
		at org.joget.apps.workflow.security.WorkflowHttpAuthProcessingFilter.doFilter(WorkflowHttpAuthProcessingFilter.java:88)
		at org.springframework.security.web.FilterChainProxy$VirtualFilterChain.doFilter(FilterChainProxy.java:361)
		at org.springframework.security.web.authentication.www.BasicAuthenticationFilter.doFilterInternal(BasicAuthenticationFilter.java:168)
		at org.springframework.web.filter.OncePerRequestFilter.doFilter(OncePerRequestFilter.java:117)
		at org.springframework.security.web.FilterChainProxy$VirtualFilterChain.doFilter(FilterChainProxy.java:361)
		at org.springframework.security.web.authentication.AbstractAuthenticationProcessingFilter.doFilter(AbstractAuthenticationProcessingFilter.java:227)
		at org.springframework.security.web.authentication.AbstractAuthenticationProcessingFilter.doFilter(AbstractAuthenticationProcessingFilter.java:221)
		at org.springframework.security.web.FilterChainProxy$VirtualFilterChain.doFilter(FilterChainProxy.java:361)
		at org.springframework.security.web.authentication.logout.LogoutFilter.doFilter(LogoutFilter.java:107)
		at org.springframework.security.web.authentication.logout.LogoutFilter.doFilter(LogoutFilter.java:93)
		at org.springframework.security.web.FilterChainProxy$VirtualFilterChain.doFilter(FilterChainProxy.java:361)
		at org.springframework.security.web.header.HeaderWriterFilter.doHeadersAfter(HeaderWriterFilter.java:90)
		at org.springframework.security.web.header.HeaderWriterFilter.doFilterInternal(HeaderWriterFilter.java:75)
		at org.springframework.web.filter.OncePerRequestFilter.doFilter(OncePerRequestFilter.java:117)
		at org.springframework.security.web.FilterChainProxy$VirtualFilterChain.doFilter(FilterChainProxy.java:361)
		at org.springframework.security.web.context.request.async.WebAsyncManagerIntegrationFilter.doFilterInternal(WebAsyncManagerIntegrationFilter.java:62)
		at org.springframework.web.filter.OncePerRequestFilter.doFilter(OncePerRequestFilter.java:117)
		at org.springframework.security.web.FilterChainProxy$VirtualFilterChain.doFilter(FilterChainProxy.java:361)
		at org.springframework.security.web.context.SecurityContextPersistenceFilter.doFilter(SecurityContextPersistenceFilter.java:117)
		at org.springframework.security.web.context.SecurityContextPersistenceFilter.doFilter(SecurityContextPersistenceFilter.java:87)
		at org.springframework.security.web.FilterChainProxy$VirtualFilterChain.doFilter(FilterChainProxy.java:361)
		at org.springframework.security.web.session.DisableEncodeUrlFilter.doFilterInternal(DisableEncodeUrlFilter.java:42)
		at org.springframework.web.filter.OncePerRequestFilter.doFilter(OncePerRequestFilter.java:117)
		at org.springframework.security.web.FilterChainProxy$VirtualFilterChain.doFilter(FilterChainProxy.java:361)
		at org.springframework.security.web.FilterChainProxy.doFilterInternal(FilterChainProxy.java:225)
		at org.springframework.security.web.FilterChainProxy.doFilter(FilterChainProxy.java:190)
		at org.springframework.web.filter.DelegatingFilterProxy.invokeDelegate(DelegatingFilterProxy.java:354)
		at org.springframework.web.filter.DelegatingFilterProxy.doFilter(DelegatingFilterProxy.java:267)
		at org.joget.commons.spring.web.CustomDelegatingFilterProxy.doFilter(CustomDelegatingFilterProxy.java:31)
		at org.apache.catalina.core.ApplicationFilterChain.internalDoFilter(ApplicationFilterChain.java:178)
		at org.apache.catalina.core.ApplicationFilterChain.doFilter(ApplicationFilterChain.java:153)
		at org.joget.apps.app.web.ExpireFilter.doFilter(ExpireFilter.java:48)
		at org.apache.catalina.core.ApplicationFilterChain.internalDoFilter(ApplicationFilterChain.java:178)
		at org.apache.catalina.core.ApplicationFilterChain.doFilter(ApplicationFilterChain.java:153)
		at org.springframework.web.filter.CharacterEncodingFilter.doFilterInternal(CharacterEncodingFilter.java:201)
		at org.joget.apps.app.web.CustomCharacterEncodingFilter.doFilterInternal(CustomCharacterEncodingFilter.java:50)
		at org.springframework.web.filter.OncePerRequestFilter.doFilter(OncePerRequestFilter.java:117)
		at org.apache.catalina.core.ApplicationFilterChain.internalDoFilter(ApplicationFilterChain.java:178)
		at org.apache.catalina.core.ApplicationFilterChain.doFilter(ApplicationFilterChain.java:153)
		at org.apache.catalina.core.StandardWrapperValve.invoke(StandardWrapperValve.java:168)
		at org.apache.catalina.core.StandardContextValve.invoke(StandardContextValve.java:90)
		at org.apache.catalina.authenticator.AuthenticatorBase.invoke(AuthenticatorBase.java:481)
		at org.apache.catalina.core.StandardHostValve.invoke(StandardHostValve.java:130)
		at org.apache.catalina.valves.ErrorReportValve.invoke(ErrorReportValve.java:93)
		at org.apache.catalina.core.StandardEngineValve.invoke(StandardEngineValve.java:74)
		at org.apache.catalina.connector.CoyoteAdapter.service(CoyoteAdapter.java:346)
		at org.apache.coyote.http11.Http11Processor.service(Http11Processor.java:390)
		at org.apache.coyote.AbstractProcessorLight.process(AbstractProcessorLight.java:63)
		at org.apache.coyote.AbstractProtocol$ConnectionHandler.process(AbstractProtocol.java:928)
		at org.apache.tomcat.util.net.NioEndpoint$SocketProcessor.doRun(NioEndpoint.java:1794)
		at org.apache.tomcat.util.net.SocketProcessorBase.run(SocketProcessorBase.java:52)
		at org.apache.tomcat.util.threads.ThreadPoolExecutor.runWorker(ThreadPoolExecutor.java:1191)
		at org.apache.tomcat.util.threads.ThreadPoolExecutor$Worker.run(ThreadPoolExecutor.java:659)
		at org.apache.tomcat.util.threads.TaskThread$WrappingRunnable.run(TaskThread.java:63)
		at java.base/java.lang.Thread.run(Thread.java:829)
10-Jun-2024 16:14:54.384 SEVERE [http-nio-8080-exec-7] org.apache.catalina.core.StandardWrapperValve.invoke Servlet.service() for servlet [dispatcher] in context with path [/jw] threw exception [Handler dispatch failed; nested exception is java.lang.OutOfMemoryError: Java heap space] with root cause
	java.lang.OutOfMemoryError: Java heap space
		at org.joget.apps.app.service.AppUtil.findMissingPlugins(AppUtil.java:1746)
		at org.joget.apps.app.controller.ConsoleWebController.consoleBuilderList(ConsoleWebController.java:3778)
		at org.joget.apps.app.controller.ConsoleWebController$$FastClassBySpringCGLIB$$e1402d89.invoke(<generated>)
		at org.springframework.cglib.proxy.MethodProxy.invoke(MethodProxy.java:218)
		at org.springframework.aop.framework.CglibAopProxy.invokeMethod(CglibAopProxy.java:386)
		at org.springframework.aop.framework.CglibAopProxy.access$000(CglibAopProxy.java:85)
		at org.springframework.aop.framework.CglibAopProxy$DynamicAdvisedInterceptor.intercept(CglibAopProxy.java:703)
		at org.joget.apps.app.controller.ConsoleWebController$$EnhancerBySpringCGLIB$$3a04abc.consoleBuilderList(<generated>)
		at java.base/jdk.internal.reflect.NativeMethodAccessorImpl.invoke0(Native Method)
		at java.base/jdk.internal.reflect.NativeMethodAccessorImpl.invoke(NativeMethodAccessorImpl.java:62)
		at java.base/jdk.internal.reflect.DelegatingMethodAccessorImpl.invoke(DelegatingMethodAccessorImpl.java:43)
		at java.base/java.lang.reflect.Method.invoke(Method.java:566)
		at org.springframework.web.method.support.InvocableHandlerMethod.doInvoke(InvocableHandlerMethod.java:205)
		at org.springframework.web.method.support.InvocableHandlerMethod.invokeForRequest(InvocableHandlerMethod.java:150)
		at org.springframework.web.servlet.mvc.method.annotation.ServletInvocableHandlerMethod.invokeAndHandle(ServletInvocableHandlerMethod.java:117)
		at org.springframework.web.servlet.mvc.method.annotation.RequestMappingHandlerAdapter.invokeHandlerMethod(RequestMappingHandlerAdapter.java:903)
		at org.springframework.web.servlet.mvc.method.annotation.RequestMappingHandlerAdapter.handleInternal(RequestMappingHandlerAdapter.java:809)
		at org.joget.commons.spring.web.ParameterizedAnnotationMethodHandlerAdapter.handleInternal(ParameterizedAnnotationMethodHandlerAdapter.java:32)
		at org.springframework.web.servlet.mvc.method.AbstractHandlerMethodAdapter.handle(AbstractHandlerMethodAdapter.java:87)
		at org.springframework.web.servlet.DispatcherServlet.doDispatch(DispatcherServlet.java:1072)
		at org.springframework.web.servlet.DispatcherServlet.doService(DispatcherServlet.java:965)
		at org.springframework.web.servlet.FrameworkServlet.processRequest(FrameworkServlet.java:1006)
		at org.springframework.web.servlet.FrameworkServlet.doGet(FrameworkServlet.java:898)
		at javax.servlet.http.HttpServlet.service(HttpServlet.java:529)
		at org.springframework.web.servlet.FrameworkServlet.service(FrameworkServlet.java:883)
		at javax.servlet.http.HttpServlet.service(HttpServlet.java:623)
		at org.apache.catalina.core.ApplicationFilterChain.internalDoFilter(ApplicationFilterChain.java:209)
		at org.apache.catalina.core.ApplicationFilterChain.doFilter(ApplicationFilterChain.java:153)
		at org.apache.tomcat.websocket.server.WsFilter.doFilter(WsFilter.java:51)
		at org.apache.catalina.core.ApplicationFilterChain.internalDoFilter(ApplicationFilterChain.java:178)
		at org.apache.catalina.core.ApplicationFilterChain.doFilter(ApplicationFilterChain.java:153)
		at org.joget.apps.app.web.GitRequestFilter.doFilter(GitRequestFilter.java:42)
10-Jun-2024 16:15:05.016 SEVERE [http-nio-8080-exec-4] org.apache.catalina.core.StandardWrapperValve.invoke Servlet.service() for servlet [dispatcher] in context with path [/jw] threw exception [Handler dispatch failed; nested exception is java.lang.OutOfMemoryError: Java heap space] with root cause
	java.lang.OutOfMemoryError: Java heap space
10-Jun-2024 16:15:35.703 INFO [Thread-17] org.apache.catalina.core.ApplicationContext.log SessionListener: contextDestroyed()
10-Jun-2024 16:15:35.704 INFO [Thread-17] org.apache.catalina.core.ApplicationContext.log ContextListener: contextDestroyed()
10-Jun-2024 16:15:35.751 INFO [Thread-17] org.apache.catalina.core.ApplicationContext.log Destroying Spring FrameworkServlet 'dispatcher'
10-Jun-2024 16:15:35.817 SEVERE [Thread-17] org.apache.catalina.core.StandardContext.listenerStop Exception sending context destroyed event to listener instance of class [org.joget.apps.app.web.ContextListener]
	java.lang.Error: ThreadLocalCleaner.cleanThreads()
		at org.joget.apps.app.web.ThreadCleaner.cleanThreads(ThreadCleaner.java:61)
		at org.joget.apps.app.web.ContextListener.contextDestroyed(ContextListener.java:17)
		at org.apache.catalina.core.StandardContext.listenerStop(StandardContext.java:4508)
		at org.apache.catalina.core.StandardContext.stopInternal(StandardContext.java:5147)
		at org.apache.catalina.util.LifecycleBase.stop(LifecycleBase.java:242)
		at org.apache.catalina.core.ContainerBase$StopChild.call(ContainerBase.java:1348)
		at org.apache.catalina.core.ContainerBase$StopChild.call(ContainerBase.java:1337)
		at java.base/java.util.concurrent.FutureTask.run(FutureTask.java:264)
		at org.apache.tomcat.util.threads.InlineExecutorService.execute(InlineExecutorService.java:75)
		at java.base/java.util.concurrent.AbstractExecutorService.submit(AbstractExecutorService.java:140)
		at org.apache.catalina.core.ContainerBase.stopInternal(ContainerBase.java:931)
		at org.apache.catalina.util.LifecycleBase.stop(LifecycleBase.java:242)
		at org.apache.catalina.core.ContainerBase$StopChild.call(ContainerBase.java:1348)
		at org.apache.catalina.core.ContainerBase$StopChild.call(ContainerBase.java:1337)
		at java.base/java.util.concurrent.FutureTask.run(FutureTask.java:264)
		at org.apache.tomcat.util.threads.InlineExecutorService.execute(InlineExecutorService.java:75)
		at java.base/java.util.concurrent.AbstractExecutorService.submit(AbstractExecutorService.java:140)
		at org.apache.catalina.core.ContainerBase.stopInternal(ContainerBase.java:931)
		at org.apache.catalina.util.LifecycleBase.stop(LifecycleBase.java:242)
		at org.apache.catalina.core.StandardService.stopInternal(StandardService.java:496)
		at org.apache.catalina.util.LifecycleBase.stop(LifecycleBase.java:242)
		at org.apache.catalina.core.StandardServer.stopInternal(StandardServer.java:978)
		at org.apache.catalina.util.LifecycleBase.stop(LifecycleBase.java:242)
		at org.apache.catalina.startup.Catalina.stop(Catalina.java:810)
		at org.apache.catalina.startup.Catalina$CatalinaShutdownHook.run(Catalina.java:955)
	Caused by: java.lang.NullPointerException
		at org.joget.apps.app.web.ThreadCleaner.cleanThreads(ThreadCleaner.java:48)
		... 24 more
10-Jun-2024 16:15:35.817 INFO [Thread-17] org.apache.catalina.core.ApplicationContext.log Closing Spring root WebApplicationContext
