WARN    02 Jul 2024 08:18:46 org.joget.commons.util.Analyzer - Possible unclosed DB connections: 4; URL: /jw/web/userview/ptfWorkflow/ptfWorkflow/_/submitPTF
WARN    02 Jul 2024 08:18:46 org.joget.commons.util.Analyzer - Possible unclosed DB connections: 4; URL: /jw/web/userview/ptfWorkflow/ptfWorkflow/_/submitPTF
INFO    02 Jul 2024 09:14:28 org.enhydra.shark.SharkUtilitiesAspect - Cache object id range : [56204600 - 56204800]
WARN    02 Jul 2024 09:14:30 org.joget.workflow.model.service.WorkflowManagerImpl - Process [key=50016_ptfWorkflow_ptf,mgrname=ptfWorkflow#108#ptf] - context attribute IJPCompanyCode does not exist in process context - adding new attributes to the process context is not allowed
INFO    02 Jul 2024 09:14:30 org.enhydra.shark.SharkUtilitiesAspect - Cache counter range for _activitydata_ : [52331760 - 52331960]
INFO    02 Jul 2024 09:14:30 org.enhydra.shark.SharkUtilitiesAspect - Cache object id range : [56204800 - 56205000]
INFO    02 Jul 2024 09:14:32 org.enhydra.shark.SharkUtilitiesAspect - Cache counter range for _activitydata_ : [52331960 - 52332160]
INFO    02 Jul 2024 09:14:32 org.enhydra.shark.SharkUtilitiesAspect - Cache object id range : [56205000 - 56205200]
INFO    02 Jul 2024 09:14:34 org.enhydra.shark.SharkUtilitiesAspect - Cache counter range for _activitydata_ : [52332160 - 52332360]
INFO    02 Jul 2024 09:14:34 org.enhydra.shark.SharkUtilitiesAspect - Cache object id range : [56205200 - 56205400]
INFO    02 Jul 2024 09:14:36 org.enhydra.shark.SharkUtilitiesAspect - Cache counter range for _activitydata_ : [52332360 - 52332560]
INFO    02 Jul 2024 09:14:36 org.enhydra.shark.SharkUtilitiesAspect - Cache object id range : [56205400 - 56205600]
INFO    02 Jul 2024 09:14:36 org.joget.apps.app.lib.JsonTool - GET : https://fiori.sinarmasmining.com/sap/SMM_API/LMS/GETDETAIL_EMPLOYEE/75000859?sap-client=300
INFO    02 Jul 2024 09:14:36 org.joget.apps.app.lib.JsonTool - Adding request header Content-Type : application/x-www-form-urlencoded
INFO    02 Jul 2024 09:14:36 org.joget.apps.app.lib.JsonTool - Adding request header Authorization : Basic U0FQX0VSUDpHcjMzbkFwcGxlJA==
INFO    02 Jul 2024 09:14:37 org.joget.apps.app.lib.JsonTool - https://fiori.sinarmasmining.com/sap/SMM_API/LMS/GETDETAIL_EMPLOYEE/75000859?sap-client=300 returned with status : 200
INFO    02 Jul 2024 09:14:37 org.joget.apps.app.lib.JsonTool - {"PERNR":75000859,"FULLNAME":"Vinzen Ferryl Yuwanto","JOIN_DATE":"2018-02-01","COMPANY_CODE":"5500","COMPANY_CODE_DESC":"PT. BANK SINARMAS","EMPLOYEE_STATUS":"Permanent","ORG_STRUCTURE_ID":60055625,"ORG_STRUCTURE_DESC":"BANK SINARMAS","END_CONTRACT":"9999-12-31","CONTRACT_TYPE":"Z1","CONTRACT_TEXT":"Permanent","ID_POSITION":"60059440","POSITION_NAME":"Developer 1.2.","POSITION_COMPANY":"PT. BANK SINARMAS","POSITION_START":"2023-01-01","POSITION_END":"9999-12-31","ID_POSITION1":"99999999","POSITION_NAME1":"","POSITION_COMPANY1":"PT. BANK SINARMAS","POSITION_START1":"2018-02-01","POSITION_END1":"2022-12-31","ID_POSITION2":"","POSITION_NAME2":"","POSITION_COMPANY2":"","POSITION_START2":"0000-00-00","POSITION_END2":"0000-00-00","ID_POSITION3":"","POSITION_NAME3":"","POSITION_COMPANY3":"","POSITION_START3":"0000-00-00","POSITION_END3":"0000-00-00","ID_POSITION4":"","POSITION_NAME4":"","POSITION_COMPANY4":"","POSITION_START4":"0000-00-00","POSITION_END4":"0000-00-00","PAT_1":"B+","YEAR_OF_PAT_1":"2022","PAT_2":"B+","YEAR_OF_PAT_2":"2021","DIVISION_ID":60055828,"DIVISION_NAME":"Engineering Division 1","DEPT_ID":60058694,"DEPT_NAME":"Engineering 1.2.","SECT_ID":0,"SECT_NAME":"","CURRENT_SPV":"irwan.wijaya","CURRENT_HEAD":"sendy","CURR_HRBP":"martha.setiawati","CURR_BU_HEAD":"frenky.t.susilo","HP":"6281995550907","AGE":"27","LAST_EDU_ID":"","LAST_EDU":"","LAST_EDU_JUR":"","LAST_EDU_IPK":"","LAST_EDU_START":"0000-00-00","LAST_EDU_END":"0000-00-00","LAST_EDU_ID1":"","LAST_EDU1":"","LAST_EDU_JUR1":"","LAST_EDU_IPK1":"","LAST_EDU_START1":"0000-00-00","LAST_EDU_END1":"0000-00-00","LAST_EDU_ID2":"","LAST_EDU2":"","LAST_EDU_JUR2":"","LAST_EDU_IPK2":"","LAST_EDU_START2":"0000-00-00","LAST_EDU_END2":"0000-00-00","LAST_EDU_ID3":"","LAST_EDU3":"","LAST_EDU_JUR3":"","LAST_EDU_IPK3":"","LAST_EDU_START3":"0000-00-00","LAST_EDU_END3":"0000-00-00","GROUP_BU_ID":"","GROUP_BU_DESC":"","ORG_UNIT_ID":60058694,"ORG_UNIT_DESC":"Engineering 1.2.","LEVEL_ID":"","LEVEL_DESC":"","WORK_LOC_ID":"55AA","WORK_LOC_NAME":"KPNO","INSTI":"","INSTI1":"","INSTI2":"","INSTI3":"","MAJOR1":"","MAJOR2":"","SPVEMAIL":"irwan.wijaya@banksinarmas.com","SCHKZ":"N5D1","SPVNAME":"IRWAN WIJAYA","HEADNAME":"SENDY","HEADNAME_EMAIL":"sendy@banksinarmas.com","HRBPNAME":"MARTHA.SETIAWATI@TECHCONNECT.CO.ID","BUHEADNAME":"FRENKY TIRTOWIJOYO","PERS_AREA_ID":"55A0","PERS_AREA":"BSIM KP Non Operasional (KPNO)","WORK_SCHEDULE_ID":"N101","BIRTH_PLACE":"Pangkalpinang","BIRTH_DATE":"1997-04-01","SEX":"LAKI-LAKI","ADDRESS":"","ID_NUMBER":"86765475347375800","TELP_RUMAH":"","ZTRAINC1":"Sosialisasi Brcm","ZSTEMC1":"Non-STEM Legal","ZPARAMC1":" - Sosialisasi Brcm","ZPROVIDE1":"","ZTRAIN_START1":"2022-08-02","ZTRAIN_END1":"2022-12-11","ZTRAINC2":"Sosialisasi Anti Fraud Dan Kode Etik","ZSTEMC2":"Non-STEM Legal","ZPARAMC2":" - Sosialisasi Anti Fraud Dan Kode Etik","ZPROVIDE2":"","ZTRAIN_START2":"2022-08-01","ZTRAIN_END2":"2022-08-01","ZTRAINC3":"Progressive Web Apps (pwa) - The Complete Guide","ZSTEMC3":"Non-STEM General Management & Leadership","ZPARAMC3":" - Progressive Web Apps (pwa) - The Complete Guide","ZPROVIDE3":"","ZTRAIN_START3":"2022-07-01","ZTRAIN_END3":"2022-07-31","ZTRAINC4":"Progressive Web Apps (pwa) - The Complete Guide","ZSTEMC4":"Technology","ZPARAMC4":" - Progressive Web Apps (pwa) - The Complete Guide","ZPROVIDE4":"","ZTRAIN_START4":"2022-04-03","ZTRAIN_END4":"2022-06-30","ZTRAINC5":"Complete React Developer In 2022 (w/ Redux, Hooks, Graphql)","ZSTEMC5":"Technology","ZPARAMC5":" - Complete React Developer In 2022 (w/ Redux, Hooks, Graphql)","ZPROVIDE5":"","ZTRAIN_START5":"2022-04-02","ZTRAIN_END5":"2022-04-02","ZPASSPORT":"","ZKITAS":"","ZEND_KITAS":"0000-00-00","ZPOH":"A1","ZSCORE":0,"ZINT":0,"ZPOS":0,"ZKOM":0,"ZIMPROVE":0,"ZINOVASI":0,"ZLOYAL":0,"BU_GRP_ID":0,"BU_GRP_DESC":"","USERNAME_OF_TM":"","PS_GROUP":""}
INFO    02 Jul 2024 09:14:39 org.enhydra.shark.SharkUtilitiesAspect - Cache counter range for _activitydata_ : [52332560 - 52332760]
INFO    02 Jul 2024 09:14:39 org.enhydra.shark.SharkUtilitiesAspect - Cache object id range : [56205600 - 56205800]
INFO    02 Jul 2024 09:14:41 org.enhydra.shark.SharkUtilitiesAspect - Cache counter range for _activitydata_ : [52332760 - 52332960]
INFO    02 Jul 2024 09:14:41 org.enhydra.shark.SharkUtilitiesAspect - Cache object id range : [56205800 - 56206000]
INFO    02 Jul 2024 09:14:43 org.enhydra.shark.SharkUtilitiesAspect - Cache counter range for _activitydata_ : [52332960 - 52333160]
INFO    02 Jul 2024 09:14:43 org.enhydra.shark.SharkUtilitiesAspect - Cache object id range : [56206000 - 56206200]
INFO    02 Jul 2024 09:14:44 org.joget.apps.app.lib.JsonTool - GET : https://fiori.sinarmasmining.com/sap/SMM_API/LMS/GETDETAIL_EMPLOYEE/10001206?sap-client=300
INFO    02 Jul 2024 09:14:44 org.joget.apps.app.lib.JsonTool - Adding request header Content-Type : application/x-www-form-urlencoded
INFO    02 Jul 2024 09:14:44 org.joget.apps.app.lib.JsonTool - Adding request header Authorization : Basic U0FQX0VSUDpHcjMzbkFwcGxlJA==
INFO    02 Jul 2024 09:14:44 org.joget.apps.app.lib.JsonTool - https://fiori.sinarmasmining.com/sap/SMM_API/LMS/GETDETAIL_EMPLOYEE/10001206?sap-client=300 returned with status : 200
INFO    02 Jul 2024 09:14:44 org.joget.apps.app.lib.JsonTool - {"PERNR":10001206,"FULLNAME":"Aji Inisti Udma Wijaya","JOIN_DATE":"2022-12-23","COMPANY_CODE":"1000","COMPANY_CODE_DESC":"PT.Berau Coal Energy Tbk.","EMPLOYEE_STATUS":"Contract 1","ORG_STRUCTURE_ID":0,"ORG_STRUCTURE_DESC":"","END_CONTRACT":"2024-01-18","CONTRACT_TYPE":"Y3","CONTRACT_TEXT":"Contract 1 - 12 mo","ID_POSITION":"99999999","POSITION_NAME":"","POSITION_COMPANY":"PT.Berau Coal Energy Tbk.","POSITION_START":"2024-02-24","POSITION_END":"9999-12-31","ID_POSITION1":"60041279","POSITION_NAME1":"ITDP","POSITION_COMPANY1":"PT.Berau Coal Energy Tbk.","POSITION_START1":"2023-01-01","POSITION_END1":"2024-02-23","ID_POSITION2":"","POSITION_NAME2":"","POSITION_COMPANY2":"","POSITION_START2":"0000-00-00","POSITION_END2":"0000-00-00","ID_POSITION3":"","POSITION_NAME3":"","POSITION_COMPANY3":"","POSITION_START3":"0000-00-00","POSITION_END3":"0000-00-00","ID_POSITION4":"","POSITION_NAME4":"","POSITION_COMPANY4":"","POSITION_START4":"0000-00-00","POSITION_END4":"0000-00-00","PAT_1":"-","YEAR_OF_PAT_1":"-","PAT_2":"-","YEAR_OF_PAT_2":"-","DIVISION_ID":0,"DIVISION_NAME":"","DEPT_ID":0,"DEPT_NAME":"","SECT_ID":0,"SECT_NAME":"","CURRENT_SPV":"","CURRENT_HEAD":"","CURR_HRBP":"hermawan.hermawan","CURR_BU_HEAD":"","HP":"","AGE":"23","LAST_EDU_ID":"Z9","LAST_EDU":"S1","LAST_EDU_JUR":"Fakultas Ilmu Komputer","LAST_EDU_IPK":"","LAST_EDU_START":"2018-01-01","LAST_EDU_END":"2022-01-01","LAST_EDU_ID1":"","LAST_EDU1":"","LAST_EDU_JUR1":"","LAST_EDU_IPK1":"","LAST_EDU_START1":"0000-00-00","LAST_EDU_END1":"0000-00-00","LAST_EDU_ID2":"","LAST_EDU2":"","LAST_EDU_JUR2":"","LAST_EDU_IPK2":"","LAST_EDU_START2":"0000-00-00","LAST_EDU_END2":"0000-00-00","LAST_EDU_ID3":"","LAST_EDU3":"","LAST_EDU_JUR3":"","LAST_EDU_IPK3":"","LAST_EDU_START3":"0000-00-00","LAST_EDU_END3":"0000-00-00","GROUP_BU_ID":"BA03","GROUP_BU_DESC":"CSS Group","ORG_UNIT_ID":60031034,"ORG_UNIT_DESC":"TECHNOLOGY DEVELOPMENT PR","LEVEL_ID":"","LEVEL_DESC":"","WORK_LOC_ID":"A100","WORK_LOC_NAME":"JAKARTA","INSTI":"Universitas Indonesia","INSTI1":"","INSTI2":"","INSTI3":"","MAJOR1":"Teknik Komputer","MAJOR2":"","SPVEMAIL":"","SCHKZ":"JKN1","SPVNAME":"","HEADNAME":"","HEADNAME_EMAIL":"","HRBPNAME":"HERMAWAN.HERMAWAN@PARTNERS97.COM","BUHEADNAME":"","PERS_AREA_ID":"12A0","PERS_AREA":"Corporate","WORK_SCHEDULE_ID":"JKN1","BIRTH_PLACE":"Bogor","BIRTH_DATE":"2000-12-08","SEX":"LAKI-LAKI","ADDRESS":"","ID_NUMBER":"","TELP_RUMAH":"","ZTRAINC1":"","ZSTEMC1":"","ZPARAMC1":"","ZPROVIDE1":"","ZTRAIN_START1":"0000-00-00","ZTRAIN_END1":"0000-00-00","ZTRAINC2":"","ZSTEMC2":"","ZPARAMC2":"","ZPROVIDE2":"","ZTRAIN_START2":"0000-00-00","ZTRAIN_END2":"0000-00-00","ZTRAINC3":"","ZSTEMC3":"","ZPARAMC3":"","ZPROVIDE3":"","ZTRAIN_START3":"0000-00-00","ZTRAIN_END3":"0000-00-00","ZTRAINC4":"","ZSTEMC4":"","ZPARAMC4":"","ZPROVIDE4":"","ZTRAIN_START4":"0000-00-00","ZTRAIN_END4":"0000-00-00","ZTRAINC5":"","ZSTEMC5":"","ZPARAMC5":"","ZPROVIDE5":"","ZTRAIN_START5":"0000-00-00","ZTRAIN_END5":"0000-00-00","ZPASSPORT":"","ZKITAS":"","ZEND_KITAS":"0000-00-00","ZPOH":"A1","ZSCORE":0,"ZINT":0,"ZPOS":0,"ZKOM":0,"ZIMPROVE":0,"ZINOVASI":0,"ZLOYAL":0,"BU_GRP_ID":0,"BU_GRP_DESC":"","USERNAME_OF_TM":"karina.aswida","PS_GROUP":""}
INFO    02 Jul 2024 09:14:46 org.enhydra.shark.SharkUtilitiesAspect - Cache counter range for _activitydata_ : [52333160 - 52333360]
INFO    02 Jul 2024 09:14:46 org.enhydra.shark.SharkUtilitiesAspect - Cache object id range : [56206200 - 56206400]
INFO    02 Jul 2024 09:14:47 org.enhydra.shark.SharkUtilitiesAspect - Cache counter range for _activitydata_ : [52333360 - 52333560]
INFO    02 Jul 2024 09:14:48 org.enhydra.shark.SharkUtilitiesAspect - Cache object id range : [56206400 - 56206600]
INFO    02 Jul 2024 09:14:49 org.enhydra.shark.SharkUtilitiesAspect - Cache counter range for _activitydata_ : [52333560 - 52333760]
INFO    02 Jul 2024 09:14:50 org.enhydra.shark.SharkUtilitiesAspect - Cache object id range : [56206600 - 56206800]
INFO    02 Jul 2024 09:14:51 org.enhydra.shark.SharkUtilitiesAspect - Cache counter range for _activitydata_ : [52333760 - 52333960]
INFO    02 Jul 2024 09:14:51 org.enhydra.shark.SharkUtilitiesAspect - Cache object id range : [56206800 - 56207000]
INFO    02 Jul 2024 09:14:52 org.joget.workflow.shark.WorkflowAssignmentManager - [processId=50016_ptfWorkflow_ptf, processDefId=ptfWorkflow#108#ptf, participantId=requester, next user=[gde]]
INFO    02 Jul 2024 09:35:15 org.enhydra.shark.SharkUtilitiesAspect - Cache counter range for _activitydata_ : [52333960 - 52334160]
INFO    02 Jul 2024 09:35:15 org.enhydra.shark.SharkUtilitiesAspect - Cache object id range : [56207000 - 56207200]
INFO    02 Jul 2024 09:35:16 org.enhydra.shark.SharkUtilitiesAspect - Cache counter range for _activitydata_ : [52334160 - 52334360]
INFO    02 Jul 2024 09:35:17 org.enhydra.shark.SharkUtilitiesAspect - Cache object id range : [56207200 - 56207400]
INFO    02 Jul 2024 09:35:18 org.enhydra.shark.SharkUtilitiesAspect - Cache counter range for _activitydata_ : [52334360 - 52334560]
INFO    02 Jul 2024 09:35:18 org.enhydra.shark.SharkUtilitiesAspect - Cache object id range : [56207400 - 56207600]
INFO    02 Jul 2024 09:35:20 org.enhydra.shark.SharkUtilitiesAspect - Cache counter range for _activitydata_ : [52334560 - 52334760]
INFO    02 Jul 2024 09:35:20 org.enhydra.shark.SharkUtilitiesAspect - Cache object id range : [56207600 - 56207800]
INFO    02 Jul 2024 09:35:20 org.enhydra.shark.SharkUtilitiesAspect - Cache counter range for _processdata_ : [1515052 - 1515252]
ERROR   02 Jul 2024 09:35:21 org.joget.apps.app.service.AppPluginUtil - Error executing script, line number: 13
bsh.TargetError: Sourced file: inline evaluation of: ``import org.joget.workflow.model.service.*; import org.joget.apps.form.model.*; i . . . '' : Method Invocation DriverManager.getConnection
	at bsh.BSHMethodInvocation.eval(BSHMethodInvocation.java:91) ~[bsh-2.0b6.jar:2.0b6 2016-02-05 05:16:19]
	at bsh.BSHPrimaryExpression.eval(BSHPrimaryExpression.java:96) ~[bsh-2.0b6.jar:2.0b6 2016-02-05 05:16:19]
	at bsh.BSHPrimaryExpression.eval(BSHPrimaryExpression.java:41) ~[bsh-2.0b6.jar:2.0b6 2016-02-05 05:16:19]
	at bsh.BSHAssignment.eval(BSHAssignment.java:71) ~[bsh-2.0b6.jar:2.0b6 2016-02-05 05:16:19]
	at bsh.Interpreter.eval(Interpreter.java:659) ~[bsh-2.0b6.jar:2.0b6 2016-02-05 05:16:19]
	at bsh.Interpreter.eval(Interpreter.java:750) ~[bsh-2.0b6.jar:2.0b6 2016-02-05 05:16:19]
	at bsh.Interpreter.eval(Interpreter.java:739) ~[bsh-2.0b6.jar:2.0b6 2016-02-05 05:16:19]
	at org.joget.apps.app.service.AppPluginUtil.executeScript(AppPluginUtil.java:225) [classes/:?]
	at org.joget.apps.app.service.AppPluginUtil.executeScript(AppPluginUtil.java:209) [classes/:?]
	at org.joget.apps.app.lib.BeanShellTool.executeScript_aroundBody16(BeanShellTool.java:59) [classes/:?]
	at org.joget.apps.app.lib.BeanShellTool.executeScript_aroundBody17$advice(BeanShellTool.java:102) [classes/:?]
	at org.joget.apps.app.lib.BeanShellTool.executeScript(BeanShellTool.java:1) [classes/:?]
	at org.joget.apps.app.lib.BeanShellTool.execute_aroundBody6(BeanShellTool.java:37) [classes/:?]
	at org.joget.apps.app.lib.BeanShellTool.execute_aroundBody7$advice(BeanShellTool.java:102) [classes/:?]
	at org.joget.apps.app.lib.BeanShellTool.execute(BeanShellTool.java:1) [classes/:?]
	at org.joget.apps.app.service.AppWorkflowHelper.executeTool(AppWorkflowHelper.java:130) [classes/:?]
	at org.joget.workflow.shark.WorkflowToolActivityHandler.executeActivity(WorkflowToolActivityHandler.java:69) [wflow-wfengine-8.1.1.jar:?]
	at org.enhydra.shark.WfActivityImpl.runTool(WfActivityImpl.java:1487) [sharkkernel-standard-2.0.1.jar:2.0-1]
	at org.enhydra.shark.WfActivityImpl.startActivity(WfActivityImpl.java:1419) [sharkkernel-standard-2.0.1.jar:2.0-1]
	at org.enhydra.shark.WfActivityImpl.activate(WfActivityImpl.java:261) [sharkkernel-standard-2.0.1.jar:2.0-1]
	at org.enhydra.shark.WfProcessImpl.startActivity(WfProcessImpl.java:918) [sharkkernel-standard-2.0.1.jar:2.0-1]
	at org.enhydra.shark.WfProcessImpl.run(WfProcessImpl.java:742) [sharkkernel-standard-2.0.1.jar:2.0-1]
	at org.enhydra.shark.WfProcessImpl.start(WfProcessImpl.java:422) [sharkkernel-standard-2.0.1.jar:2.0-1]
	at org.enhydra.shark.WfActivityImpl.runSubFlow(WfActivityImpl.java:1562) [sharkkernel-standard-2.0.1.jar:2.0-1]
	at org.enhydra.shark.CustomWfActivityImpl.runSubFlow(CustomWfActivityImpl.java:64) [wflow-wfengine-8.1.1.jar:2.0-1]
	at org.enhydra.shark.WfActivityImpl.startActivity(WfActivityImpl.java:1452) [sharkkernel-standard-2.0.1.jar:2.0-1]
	at org.enhydra.shark.WfActivityImpl.activate(WfActivityImpl.java:261) [sharkkernel-standard-2.0.1.jar:2.0-1]
	at org.enhydra.shark.WfProcessImpl.startActivity(WfProcessImpl.java:918) [sharkkernel-standard-2.0.1.jar:2.0-1]
	at org.enhydra.shark.WfProcessImpl.queueNext(WfProcessImpl.java:1134) [sharkkernel-standard-2.0.1.jar:2.0-1]
	at org.enhydra.shark.WfProcessImpl.run(WfProcessImpl.java:750) [sharkkernel-standard-2.0.1.jar:2.0-1]
	at org.enhydra.shark.WfProcessImpl.activity_complete(WfProcessImpl.java:969) [sharkkernel-standard-2.0.1.jar:2.0-1]
	at org.enhydra.shark.WfActivityImpl.finish(WfActivityImpl.java:441) [sharkkernel-standard-2.0.1.jar:2.0-1]
	at org.enhydra.shark.CustomWfActivityImpl.finish(CustomWfActivityImpl.java:113) [wflow-wfengine-8.1.1.jar:2.0-1]
	at org.enhydra.shark.WfActivityImpl.startActivity(WfActivityImpl.java:1407) [sharkkernel-standard-2.0.1.jar:2.0-1]
	at org.enhydra.shark.WfActivityImpl.activate(WfActivityImpl.java:261) [sharkkernel-standard-2.0.1.jar:2.0-1]
	at org.enhydra.shark.WfProcessImpl.startActivity(WfProcessImpl.java:918) [sharkkernel-standard-2.0.1.jar:2.0-1]
	at org.enhydra.shark.WfProcessImpl.handleBrokenAsyncDeadlines(WfProcessImpl.java:2000) [sharkkernel-standard-2.0.1.jar:2.0-1]
	at org.enhydra.shark.CustomWfProcessImpl.checkDeadlines(CustomWfProcessImpl.java:117) [wflow-wfengine-8.1.1.jar:2.0-1]
	at org.enhydra.shark.ExecutionAdmin.checkDeadlinesForProcesses(ExecutionAdmin.java:825) [sharkkernel-standard-2.0.1.jar:2.0-1]
	at org.joget.workflow.model.service.WorkflowManagerImpl.internalCheckDeadlines(WorkflowManagerImpl.java:5304) [wflow-wfengine-8.1.1.jar:?]
	at jdk.internal.reflect.GeneratedMethodAccessor283.invoke(Unknown Source) ~[?:?]
	at jdk.internal.reflect.DelegatingMethodAccessorImpl.invoke(DelegatingMethodAccessorImpl.java:43) ~[?:?]
	at java.lang.reflect.Method.invoke(Method.java:566) ~[?:?]
	at org.springframework.aop.support.AopUtils.invokeJoinpointUsingReflection(AopUtils.java:344) [spring-aop-5.3.33.jar:5.3.33]
	at org.springframework.aop.framework.ReflectiveMethodInvocation.invokeJoinpoint(ReflectiveMethodInvocation.java:198) [spring-aop-5.3.33.jar:5.3.33]
	at org.springframework.aop.framework.ReflectiveMethodInvocation.proceed(ReflectiveMethodInvocation.java:163) [spring-aop-5.3.33.jar:5.3.33]
	at org.springframework.transaction.interceptor.TransactionInterceptor$1.proceedWithInvocation(TransactionInterceptor.java:123) [spring-tx-5.3.33.jar:5.3.33]
	at org.springframework.transaction.interceptor.TransactionAspectSupport.invokeWithinTransaction(TransactionAspectSupport.java:388) [spring-tx-5.3.33.jar:5.3.33]
	at org.springframework.transaction.interceptor.TransactionInterceptor.invoke(TransactionInterceptor.java:119) [spring-tx-5.3.33.jar:5.3.33]
	at org.springframework.aop.framework.ReflectiveMethodInvocation.proceed(ReflectiveMethodInvocation.java:186) [spring-aop-5.3.33.jar:5.3.33]
	at org.joget.apps.app.service.SqlFilterAspect.invoke(SqlFilterAspect.java:38) [classes/:?]
	at org.springframework.aop.framework.ReflectiveMethodInvocation.proceed(ReflectiveMethodInvocation.java:186) [spring-aop-5.3.33.jar:5.3.33]
	at org.springframework.aop.interceptor.ExposeInvocationInterceptor.invoke(ExposeInvocationInterceptor.java:97) [spring-aop-5.3.33.jar:5.3.33]
	at org.springframework.aop.framework.ReflectiveMethodInvocation.proceed(ReflectiveMethodInvocation.java:186) [spring-aop-5.3.33.jar:5.3.33]
	at org.springframework.aop.framework.JdkDynamicAopProxy.invoke(JdkDynamicAopProxy.java:241) [spring-aop-5.3.33.jar:5.3.33]
	at com.sun.proxy.$Proxy131.internalCheckDeadlines(Unknown Source) [?:?]
	at org.joget.workflow.shark.DeadlineChecker.runMe(DeadlineChecker.java:240) [wflow-wfengine-8.1.1.jar:?]
	at org.joget.workflow.shark.DeadlineChecker.run(DeadlineChecker.java:143) [wflow-wfengine-8.1.1.jar:?]
Caused by: java.sql.SQLException: Could not connect to address=(host=localhost)(port=3306)(type=master) : RSA public key is not available client side (option serverRsaPublicKeyFile)
	at org.mariadb.jdbc.internal.util.exceptions.ExceptionMapper.get(ExceptionMapper.java:262) ~[mariadb-java-client-2.5.0.jar:?]
	at org.mariadb.jdbc.internal.protocol.AbstractConnectProtocol.connectWithoutProxy(AbstractConnectProtocol.java:1241) ~[mariadb-java-client-2.5.0.jar:?]
	at org.mariadb.jdbc.internal.util.Utils.retrieveProxy(Utils.java:610) ~[mariadb-java-client-2.5.0.jar:?]
	at org.mariadb.jdbc.MariaDbConnection.newConnection(MariaDbConnection.java:142) ~[mariadb-java-client-2.5.0.jar:?]
	at org.mariadb.jdbc.Driver.connect_aroundBody0(Driver.java:86) ~[mariadb-java-client-2.5.0.jar:?]
	at org.mariadb.jdbc.Driver.connect_aroundBody1$advice(Driver.java:158) ~[mariadb-java-client-2.5.0.jar:?]
	at org.mariadb.jdbc.Driver.connect(Driver.java:1) ~[mariadb-java-client-2.5.0.jar:?]
	at java.sql.DriverManager.getConnection(DriverManager.java:677) ~[java.sql:?]
	at java.sql.DriverManager.getConnection(DriverManager.java:228) ~[java.sql:?]
	at jdk.internal.reflect.NativeMethodAccessorImpl.invoke0(Native Method) ~[?:?]
	at jdk.internal.reflect.NativeMethodAccessorImpl.invoke(NativeMethodAccessorImpl.java:62) ~[?:?]
	at jdk.internal.reflect.DelegatingMethodAccessorImpl.invoke(DelegatingMethodAccessorImpl.java:43) ~[?:?]
	at java.lang.reflect.Method.invoke(Method.java:566) ~[?:?]
	at bsh.Reflect.invokeMethod(Reflect.java:131) ~[bsh-2.0b6.jar:2.0b6 2016-02-05 05:16:19]
	at bsh.Reflect.invokeStaticMethod(Reflect.java:95) ~[bsh-2.0b6.jar:2.0b6 2016-02-05 05:16:19]
	at bsh.Name.invokeMethod(Name.java:868) ~[bsh-2.0b6.jar:2.0b6 2016-02-05 05:16:19]
	at bsh.BSHMethodInvocation.eval(BSHMethodInvocation.java:69) ~[bsh-2.0b6.jar:2.0b6 2016-02-05 05:16:19]
	... 57 more
Caused by: java.sql.SQLException: RSA public key is not available client side (option serverRsaPublicKeyFile)
	at org.mariadb.jdbc.internal.com.send.authentication.Sha256PasswordPlugin.process(Sha256PasswordPlugin.java:227) ~[mariadb-java-client-2.5.0.jar:?]
	at org.mariadb.jdbc.internal.protocol.AbstractConnectProtocol.authenticationHandler(AbstractConnectProtocol.java:703) ~[mariadb-java-client-2.5.0.jar:?]
	at org.mariadb.jdbc.internal.protocol.AbstractConnectProtocol.createConnection(AbstractConnectProtocol.java:507) ~[mariadb-java-client-2.5.0.jar:?]
	at org.mariadb.jdbc.internal.protocol.AbstractConnectProtocol.connectWithoutProxy(AbstractConnectProtocol.java:1236) ~[mariadb-java-client-2.5.0.jar:?]
	at org.mariadb.jdbc.internal.util.Utils.retrieveProxy(Utils.java:610) ~[mariadb-java-client-2.5.0.jar:?]
	at org.mariadb.jdbc.MariaDbConnection.newConnection(MariaDbConnection.java:142) ~[mariadb-java-client-2.5.0.jar:?]
	at org.mariadb.jdbc.Driver.connect_aroundBody0(Driver.java:86) ~[mariadb-java-client-2.5.0.jar:?]
	at org.mariadb.jdbc.Driver.connect_aroundBody1$advice(Driver.java:158) ~[mariadb-java-client-2.5.0.jar:?]
	at org.mariadb.jdbc.Driver.connect(Driver.java:1) ~[mariadb-java-client-2.5.0.jar:?]
	at java.sql.DriverManager.getConnection(DriverManager.java:677) ~[java.sql:?]
	at java.sql.DriverManager.getConnection(DriverManager.java:228) ~[java.sql:?]
	at jdk.internal.reflect.NativeMethodAccessorImpl.invoke0(Native Method) ~[?:?]
	at jdk.internal.reflect.NativeMethodAccessorImpl.invoke(NativeMethodAccessorImpl.java:62) ~[?:?]
	at jdk.internal.reflect.DelegatingMethodAccessorImpl.invoke(DelegatingMethodAccessorImpl.java:43) ~[?:?]
	at java.lang.reflect.Method.invoke(Method.java:566) ~[?:?]
	at bsh.Reflect.invokeMethod(Reflect.java:131) ~[bsh-2.0b6.jar:2.0b6 2016-02-05 05:16:19]
	at bsh.Reflect.invokeStaticMethod(Reflect.java:95) ~[bsh-2.0b6.jar:2.0b6 2016-02-05 05:16:19]
	at bsh.Name.invokeMethod(Name.java:868) ~[bsh-2.0b6.jar:2.0b6 2016-02-05 05:16:19]
	at bsh.BSHMethodInvocation.eval(BSHMethodInvocation.java:69) ~[bsh-2.0b6.jar:2.0b6 2016-02-05 05:16:19]
	... 57 more
INFO    02 Jul 2024 09:35:22 org.joget.apps.app.lib.JsonTool - POST : 
INFO    02 Jul 2024 09:35:22 org.joget.apps.app.lib.JsonTool - Adding param message : {     "11": "Aji Inisti Udma Wijaya",     "22": "WeSign request of [PTF] Rotation  a.n. Aji Inisti Udma Wijaya Need Your Approval as Current BU Head/Director/CEO",     "33": "https://wesign.sinarmasmining.com/jw/web/userview/ptfWorkflow/ptfWorkflowLog/_/FLog?u=inisti&activityId=1121442_49220_ptfWorkflow_ptf_approver3a" }
INFO    02 Jul 2024 09:35:22 org.joget.apps.app.lib.JsonTool - Adding param template_id : v5_hris_1
INFO    02 Jul 2024 09:35:22 org.joget.apps.app.lib.JsonTool - Adding param api_key : MzyVE4m1_P
INFO    02 Jul 2024 09:35:22 org.joget.apps.app.lib.JsonTool - Adding param shorten_url : 33
INFO    02 Jul 2024 09:35:22 org.joget.apps.app.lib.JsonTool - Adding param to_no : 6282213570143
INFO    02 Jul 2024 09:35:22 org.joget.apps.app.lib.JsonTool - Adding request header Content-Type : application/x-www-form-urlencoded
ERROR   02 Jul 2024 09:35:22 org.joget.apps.app.lib.JsonTool - org.apache.http.client.ClientProtocolException
org.apache.http.client.ClientProtocolException: null
	at org.apache.http.impl.client.InternalHttpClient.doExecute(InternalHttpClient.java:187) ~[httpclient-4.5.13.jar:4.5.13]
	at org.apache.http.impl.client.CloseableHttpClient.execute(CloseableHttpClient.java:83) ~[httpclient-4.5.13.jar:4.5.13]
	at org.apache.http.impl.client.CloseableHttpClient.execute(CloseableHttpClient.java:108) ~[httpclient-4.5.13.jar:4.5.13]
	at org.joget.apps.app.lib.JsonTool.execute_aroundBody12(JsonTool.java:146) [classes/:?]
	at org.joget.apps.app.lib.JsonTool.execute_aroundBody13$advice(JsonTool.java:102) [classes/:?]
	at org.joget.apps.app.lib.JsonTool.execute(JsonTool.java:1) [classes/:?]
	at org.joget.apps.app.service.AppWorkflowHelper.executeTool(AppWorkflowHelper.java:130) [classes/:?]
	at org.joget.workflow.shark.WorkflowToolActivityHandler.executeActivity(WorkflowToolActivityHandler.java:69) [wflow-wfengine-8.1.1.jar:?]
	at org.enhydra.shark.WfActivityImpl.runTool(WfActivityImpl.java:1487) [sharkkernel-standard-2.0.1.jar:2.0-1]
	at org.enhydra.shark.WfActivityImpl.startActivity(WfActivityImpl.java:1419) [sharkkernel-standard-2.0.1.jar:2.0-1]
	at org.enhydra.shark.WfActivityImpl.activate(WfActivityImpl.java:261) [sharkkernel-standard-2.0.1.jar:2.0-1]
	at org.enhydra.shark.WfProcessImpl.startActivity(WfProcessImpl.java:918) [sharkkernel-standard-2.0.1.jar:2.0-1]
	at org.enhydra.shark.WfProcessImpl.queueNext(WfProcessImpl.java:1134) [sharkkernel-standard-2.0.1.jar:2.0-1]
	at org.enhydra.shark.WfProcessImpl.run(WfProcessImpl.java:750) [sharkkernel-standard-2.0.1.jar:2.0-1]
	at org.enhydra.shark.WfProcessImpl.start(WfProcessImpl.java:422) [sharkkernel-standard-2.0.1.jar:2.0-1]
	at org.enhydra.shark.WfActivityImpl.runSubFlow(WfActivityImpl.java:1562) [sharkkernel-standard-2.0.1.jar:2.0-1]
	at org.enhydra.shark.CustomWfActivityImpl.runSubFlow(CustomWfActivityImpl.java:64) [wflow-wfengine-8.1.1.jar:2.0-1]
	at org.enhydra.shark.WfActivityImpl.startActivity(WfActivityImpl.java:1452) [sharkkernel-standard-2.0.1.jar:2.0-1]
	at org.enhydra.shark.WfActivityImpl.activate(WfActivityImpl.java:261) [sharkkernel-standard-2.0.1.jar:2.0-1]
	at org.enhydra.shark.WfProcessImpl.startActivity(WfProcessImpl.java:918) [sharkkernel-standard-2.0.1.jar:2.0-1]
	at org.enhydra.shark.WfProcessImpl.queueNext(WfProcessImpl.java:1134) [sharkkernel-standard-2.0.1.jar:2.0-1]
	at org.enhydra.shark.WfProcessImpl.run(WfProcessImpl.java:750) [sharkkernel-standard-2.0.1.jar:2.0-1]
	at org.enhydra.shark.WfProcessImpl.activity_complete(WfProcessImpl.java:969) [sharkkernel-standard-2.0.1.jar:2.0-1]
	at org.enhydra.shark.WfActivityImpl.finish(WfActivityImpl.java:441) [sharkkernel-standard-2.0.1.jar:2.0-1]
	at org.enhydra.shark.CustomWfActivityImpl.finish(CustomWfActivityImpl.java:113) [wflow-wfengine-8.1.1.jar:2.0-1]
	at org.enhydra.shark.WfActivityImpl.startActivity(WfActivityImpl.java:1407) [sharkkernel-standard-2.0.1.jar:2.0-1]
	at org.enhydra.shark.WfActivityImpl.activate(WfActivityImpl.java:261) [sharkkernel-standard-2.0.1.jar:2.0-1]
	at org.enhydra.shark.WfProcessImpl.startActivity(WfProcessImpl.java:918) [sharkkernel-standard-2.0.1.jar:2.0-1]
	at org.enhydra.shark.WfProcessImpl.handleBrokenAsyncDeadlines(WfProcessImpl.java:2000) [sharkkernel-standard-2.0.1.jar:2.0-1]
	at org.enhydra.shark.CustomWfProcessImpl.checkDeadlines(CustomWfProcessImpl.java:117) [wflow-wfengine-8.1.1.jar:2.0-1]
	at org.enhydra.shark.ExecutionAdmin.checkDeadlinesForProcesses(ExecutionAdmin.java:825) [sharkkernel-standard-2.0.1.jar:2.0-1]
	at org.joget.workflow.model.service.WorkflowManagerImpl.internalCheckDeadlines(WorkflowManagerImpl.java:5304) [wflow-wfengine-8.1.1.jar:?]
	at jdk.internal.reflect.GeneratedMethodAccessor283.invoke(Unknown Source) ~[?:?]
	at jdk.internal.reflect.DelegatingMethodAccessorImpl.invoke(DelegatingMethodAccessorImpl.java:43) ~[?:?]
	at java.lang.reflect.Method.invoke(Method.java:566) ~[?:?]
	at org.springframework.aop.support.AopUtils.invokeJoinpointUsingReflection(AopUtils.java:344) [spring-aop-5.3.33.jar:5.3.33]
	at org.springframework.aop.framework.ReflectiveMethodInvocation.invokeJoinpoint(ReflectiveMethodInvocation.java:198) [spring-aop-5.3.33.jar:5.3.33]
	at org.springframework.aop.framework.ReflectiveMethodInvocation.proceed(ReflectiveMethodInvocation.java:163) [spring-aop-5.3.33.jar:5.3.33]
	at org.springframework.transaction.interceptor.TransactionInterceptor$1.proceedWithInvocation(TransactionInterceptor.java:123) [spring-tx-5.3.33.jar:5.3.33]
	at org.springframework.transaction.interceptor.TransactionAspectSupport.invokeWithinTransaction(TransactionAspectSupport.java:388) [spring-tx-5.3.33.jar:5.3.33]
	at org.springframework.transaction.interceptor.TransactionInterceptor.invoke(TransactionInterceptor.java:119) [spring-tx-5.3.33.jar:5.3.33]
	at org.springframework.aop.framework.ReflectiveMethodInvocation.proceed(ReflectiveMethodInvocation.java:186) [spring-aop-5.3.33.jar:5.3.33]
	at org.joget.apps.app.service.SqlFilterAspect.invoke(SqlFilterAspect.java:38) [classes/:?]
	at org.springframework.aop.framework.ReflectiveMethodInvocation.proceed(ReflectiveMethodInvocation.java:186) [spring-aop-5.3.33.jar:5.3.33]
	at org.springframework.aop.interceptor.ExposeInvocationInterceptor.invoke(ExposeInvocationInterceptor.java:97) [spring-aop-5.3.33.jar:5.3.33]
	at org.springframework.aop.framework.ReflectiveMethodInvocation.proceed(ReflectiveMethodInvocation.java:186) [spring-aop-5.3.33.jar:5.3.33]
	at org.springframework.aop.framework.JdkDynamicAopProxy.invoke(JdkDynamicAopProxy.java:241) [spring-aop-5.3.33.jar:5.3.33]
	at com.sun.proxy.$Proxy131.internalCheckDeadlines(Unknown Source) [?:?]
	at org.joget.workflow.shark.DeadlineChecker.runMe(DeadlineChecker.java:240) [wflow-wfengine-8.1.1.jar:?]
	at org.joget.workflow.shark.DeadlineChecker.run(DeadlineChecker.java:143) [wflow-wfengine-8.1.1.jar:?]
Caused by: org.apache.http.ProtocolException: Target host is not specified
	at org.apache.http.impl.conn.DefaultRoutePlanner.determineRoute(DefaultRoutePlanner.java:71) ~[httpclient-4.5.13.jar:4.5.13]
	at org.apache.http.impl.client.InternalHttpClient.determineRoute(InternalHttpClient.java:125) ~[httpclient-4.5.13.jar:4.5.13]
	at org.apache.http.impl.client.InternalHttpClient.doExecute(InternalHttpClient.java:184) ~[httpclient-4.5.13.jar:4.5.13]
	... 49 more
INFO    03 Jul 2024 03:17:10 org.enhydra.shark.SharkUtilitiesAspect - Cache counter range for _activity_ : [1123455 - 1123655]
INFO    03 Jul 2024 03:17:10 org.enhydra.shark.SharkUtilitiesAspect - Cache object id range : [56207800 - 56208000]
INFO    03 Jul 2024 03:17:10 org.enhydra.shark.SharkUtilitiesAspect - Cache counter range for _activitydata_ : [52334760 - 52334960]
INFO    03 Jul 2024 03:17:12 org.enhydra.shark.SharkUtilitiesAspect - Cache object id range : [56208000 - 56208200]
INFO    03 Jul 2024 03:17:12 org.enhydra.shark.SharkUtilitiesAspect - Cache counter range for _activitydata_ : [52334960 - 52335160]
INFO    03 Jul 2024 03:17:14 org.enhydra.shark.SharkUtilitiesAspect - Cache object id range : [56208200 - 56208400]
INFO    03 Jul 2024 03:17:14 org.enhydra.shark.SharkUtilitiesAspect - Cache counter range for _activitydata_ : [52335160 - 52335360]
INFO    03 Jul 2024 03:17:19 org.enhydra.shark.SharkUtilitiesAspect - Cache object id range : [56208400 - 56208600]
INFO    03 Jul 2024 03:17:19 org.enhydra.shark.SharkUtilitiesAspect - Cache counter range for _activitydata_ : [52335360 - 52335560]
INFO    03 Jul 2024 03:17:20 org.enhydra.shark.SharkUtilitiesAspect - Cache counter range for _process_ : [50205 - 50405]
INFO    03 Jul 2024 03:17:20 org.enhydra.shark.SharkUtilitiesAspect - Cache counter range for _processdata_ : [1515252 - 1515452]
ERROR   03 Jul 2024 03:17:21 org.joget.apps.app.service.AppPluginUtil - Error executing script, line number: 13
bsh.TargetError: Sourced file: inline evaluation of: ``import org.joget.workflow.model.service.*; import org.joget.apps.form.model.*; i . . . '' : Method Invocation DriverManager.getConnection
	at bsh.BSHMethodInvocation.eval(BSHMethodInvocation.java:91) ~[bsh-2.0b6.jar:2.0b6 2016-02-05 05:16:19]
	at bsh.BSHPrimaryExpression.eval(BSHPrimaryExpression.java:96) ~[bsh-2.0b6.jar:2.0b6 2016-02-05 05:16:19]
	at bsh.BSHPrimaryExpression.eval(BSHPrimaryExpression.java:41) ~[bsh-2.0b6.jar:2.0b6 2016-02-05 05:16:19]
	at bsh.BSHAssignment.eval(BSHAssignment.java:71) ~[bsh-2.0b6.jar:2.0b6 2016-02-05 05:16:19]
	at bsh.Interpreter.eval(Interpreter.java:659) ~[bsh-2.0b6.jar:2.0b6 2016-02-05 05:16:19]
	at bsh.Interpreter.eval(Interpreter.java:750) ~[bsh-2.0b6.jar:2.0b6 2016-02-05 05:16:19]
	at bsh.Interpreter.eval(Interpreter.java:739) ~[bsh-2.0b6.jar:2.0b6 2016-02-05 05:16:19]
	at org.joget.apps.app.service.AppPluginUtil.executeScript(AppPluginUtil.java:225) [classes/:?]
	at org.joget.apps.app.service.AppPluginUtil.executeScript(AppPluginUtil.java:209) [classes/:?]
	at org.joget.apps.app.lib.BeanShellTool.executeScript_aroundBody16(BeanShellTool.java:59) [classes/:?]
	at org.joget.apps.app.lib.BeanShellTool.executeScript_aroundBody17$advice(BeanShellTool.java:102) [classes/:?]
	at org.joget.apps.app.lib.BeanShellTool.executeScript(BeanShellTool.java:1) [classes/:?]
	at org.joget.apps.app.lib.BeanShellTool.execute_aroundBody6(BeanShellTool.java:37) [classes/:?]
	at org.joget.apps.app.lib.BeanShellTool.execute_aroundBody7$advice(BeanShellTool.java:102) [classes/:?]
	at org.joget.apps.app.lib.BeanShellTool.execute(BeanShellTool.java:1) [classes/:?]
	at org.joget.apps.app.service.AppWorkflowHelper.executeTool(AppWorkflowHelper.java:130) [classes/:?]
	at org.joget.workflow.shark.WorkflowToolActivityHandler.executeActivity(WorkflowToolActivityHandler.java:69) [wflow-wfengine-8.1.1.jar:?]
	at org.enhydra.shark.WfActivityImpl.runTool(WfActivityImpl.java:1487) [sharkkernel-standard-2.0.1.jar:2.0-1]
	at org.enhydra.shark.WfActivityImpl.startActivity(WfActivityImpl.java:1419) [sharkkernel-standard-2.0.1.jar:2.0-1]
	at org.enhydra.shark.WfActivityImpl.activate(WfActivityImpl.java:261) [sharkkernel-standard-2.0.1.jar:2.0-1]
	at org.enhydra.shark.WfProcessImpl.startActivity(WfProcessImpl.java:918) [sharkkernel-standard-2.0.1.jar:2.0-1]
	at org.enhydra.shark.WfProcessImpl.run(WfProcessImpl.java:742) [sharkkernel-standard-2.0.1.jar:2.0-1]
	at org.enhydra.shark.WfProcessImpl.start(WfProcessImpl.java:422) [sharkkernel-standard-2.0.1.jar:2.0-1]
	at org.enhydra.shark.WfActivityImpl.runSubFlow(WfActivityImpl.java:1562) [sharkkernel-standard-2.0.1.jar:2.0-1]
	at org.enhydra.shark.CustomWfActivityImpl.runSubFlow(CustomWfActivityImpl.java:64) [wflow-wfengine-8.1.1.jar:2.0-1]
	at org.enhydra.shark.WfActivityImpl.startActivity(WfActivityImpl.java:1452) [sharkkernel-standard-2.0.1.jar:2.0-1]
	at org.enhydra.shark.WfActivityImpl.activate(WfActivityImpl.java:261) [sharkkernel-standard-2.0.1.jar:2.0-1]
	at org.enhydra.shark.WfProcessImpl.startActivity(WfProcessImpl.java:918) [sharkkernel-standard-2.0.1.jar:2.0-1]
	at org.enhydra.shark.WfProcessImpl.queueNext(WfProcessImpl.java:1134) [sharkkernel-standard-2.0.1.jar:2.0-1]
	at org.enhydra.shark.WfProcessImpl.run(WfProcessImpl.java:750) [sharkkernel-standard-2.0.1.jar:2.0-1]
	at org.enhydra.shark.WfProcessImpl.activity_complete(WfProcessImpl.java:969) [sharkkernel-standard-2.0.1.jar:2.0-1]
	at org.enhydra.shark.WfActivityImpl.finish(WfActivityImpl.java:441) [sharkkernel-standard-2.0.1.jar:2.0-1]
	at org.enhydra.shark.CustomWfActivityImpl.finish(CustomWfActivityImpl.java:113) [wflow-wfengine-8.1.1.jar:2.0-1]
	at org.enhydra.shark.WfActivityImpl.startActivity(WfActivityImpl.java:1407) [sharkkernel-standard-2.0.1.jar:2.0-1]
	at org.enhydra.shark.WfActivityImpl.activate(WfActivityImpl.java:261) [sharkkernel-standard-2.0.1.jar:2.0-1]
	at org.enhydra.shark.WfProcessImpl.startActivity(WfProcessImpl.java:918) [sharkkernel-standard-2.0.1.jar:2.0-1]
	at org.enhydra.shark.WfProcessImpl.handleBrokenAsyncDeadlines(WfProcessImpl.java:2000) [sharkkernel-standard-2.0.1.jar:2.0-1]
	at org.enhydra.shark.CustomWfProcessImpl.checkDeadlines(CustomWfProcessImpl.java:117) [wflow-wfengine-8.1.1.jar:2.0-1]
	at org.enhydra.shark.ExecutionAdmin.checkDeadlinesForProcesses(ExecutionAdmin.java:825) [sharkkernel-standard-2.0.1.jar:2.0-1]
	at org.joget.workflow.model.service.WorkflowManagerImpl.internalCheckDeadlines(WorkflowManagerImpl.java:5304) [wflow-wfengine-8.1.1.jar:?]
	at jdk.internal.reflect.GeneratedMethodAccessor279.invoke(Unknown Source) ~[?:?]
	at jdk.internal.reflect.DelegatingMethodAccessorImpl.invoke(DelegatingMethodAccessorImpl.java:43) ~[?:?]
	at java.lang.reflect.Method.invoke(Method.java:566) ~[?:?]
	at org.springframework.aop.support.AopUtils.invokeJoinpointUsingReflection(AopUtils.java:344) [spring-aop-5.3.33.jar:5.3.33]
	at org.springframework.aop.framework.ReflectiveMethodInvocation.invokeJoinpoint(ReflectiveMethodInvocation.java:198) [spring-aop-5.3.33.jar:5.3.33]
	at org.springframework.aop.framework.ReflectiveMethodInvocation.proceed(ReflectiveMethodInvocation.java:163) [spring-aop-5.3.33.jar:5.3.33]
	at org.springframework.transaction.interceptor.TransactionInterceptor$1.proceedWithInvocation(TransactionInterceptor.java:123) [spring-tx-5.3.33.jar:5.3.33]
	at org.springframework.transaction.interceptor.TransactionAspectSupport.invokeWithinTransaction(TransactionAspectSupport.java:388) [spring-tx-5.3.33.jar:5.3.33]
	at org.springframework.transaction.interceptor.TransactionInterceptor.invoke(TransactionInterceptor.java:119) [spring-tx-5.3.33.jar:5.3.33]
	at org.springframework.aop.framework.ReflectiveMethodInvocation.proceed(ReflectiveMethodInvocation.java:186) [spring-aop-5.3.33.jar:5.3.33]
	at org.joget.apps.app.service.SqlFilterAspect.invoke(SqlFilterAspect.java:38) [classes/:?]
	at org.springframework.aop.framework.ReflectiveMethodInvocation.proceed(ReflectiveMethodInvocation.java:186) [spring-aop-5.3.33.jar:5.3.33]
	at org.springframework.aop.interceptor.ExposeInvocationInterceptor.invoke(ExposeInvocationInterceptor.java:97) [spring-aop-5.3.33.jar:5.3.33]
	at org.springframework.aop.framework.ReflectiveMethodInvocation.proceed(ReflectiveMethodInvocation.java:186) [spring-aop-5.3.33.jar:5.3.33]
	at org.springframework.aop.framework.JdkDynamicAopProxy.invoke(JdkDynamicAopProxy.java:241) [spring-aop-5.3.33.jar:5.3.33]
	at com.sun.proxy.$Proxy134.internalCheckDeadlines(Unknown Source) [?:?]
	at org.joget.workflow.shark.DeadlineChecker.runMe(DeadlineChecker.java:240) [wflow-wfengine-8.1.1.jar:?]
	at org.joget.workflow.shark.DeadlineChecker.run(DeadlineChecker.java:143) [wflow-wfengine-8.1.1.jar:?]
Caused by: java.sql.SQLException: Could not connect to address=(host=localhost)(port=3306)(type=master) : RSA public key is not available client side (option serverRsaPublicKeyFile not set)
	at org.mariadb.jdbc.internal.util.exceptions.ExceptionMapper.get(ExceptionMapper.java:262) ~[mariadb-java-client-2.5.0.jar:?]
	at org.mariadb.jdbc.internal.protocol.AbstractConnectProtocol.connectWithoutProxy(AbstractConnectProtocol.java:1241) ~[mariadb-java-client-2.5.0.jar:?]
	at org.mariadb.jdbc.internal.util.Utils.retrieveProxy(Utils.java:610) ~[mariadb-java-client-2.5.0.jar:?]
	at org.mariadb.jdbc.MariaDbConnection.newConnection(MariaDbConnection.java:142) ~[mariadb-java-client-2.5.0.jar:?]
	at org.mariadb.jdbc.Driver.connect_aroundBody0(Driver.java:86) ~[mariadb-java-client-2.5.0.jar:?]
	at org.mariadb.jdbc.Driver.connect_aroundBody1$advice(Driver.java:158) ~[mariadb-java-client-2.5.0.jar:?]
	at org.mariadb.jdbc.Driver.connect(Driver.java:1) ~[mariadb-java-client-2.5.0.jar:?]
	at java.sql.DriverManager.getConnection(DriverManager.java:677) ~[java.sql:?]
	at java.sql.DriverManager.getConnection(DriverManager.java:228) ~[java.sql:?]
	at jdk.internal.reflect.NativeMethodAccessorImpl.invoke0(Native Method) ~[?:?]
	at jdk.internal.reflect.NativeMethodAccessorImpl.invoke(NativeMethodAccessorImpl.java:62) ~[?:?]
	at jdk.internal.reflect.DelegatingMethodAccessorImpl.invoke(DelegatingMethodAccessorImpl.java:43) ~[?:?]
	at java.lang.reflect.Method.invoke(Method.java:566) ~[?:?]
	at bsh.Reflect.invokeMethod(Reflect.java:131) ~[bsh-2.0b6.jar:2.0b6 2016-02-05 05:16:19]
	at bsh.Reflect.invokeStaticMethod(Reflect.java:95) ~[bsh-2.0b6.jar:2.0b6 2016-02-05 05:16:19]
	at bsh.Name.invokeMethod(Name.java:868) ~[bsh-2.0b6.jar:2.0b6 2016-02-05 05:16:19]
	at bsh.BSHMethodInvocation.eval(BSHMethodInvocation.java:69) ~[bsh-2.0b6.jar:2.0b6 2016-02-05 05:16:19]
	... 57 more
Caused by: java.sql.SQLException: RSA public key is not available client side (option serverRsaPublicKeyFile not set)
	at org.mariadb.jdbc.internal.com.send.authentication.CachingSha2PasswordPlugin.process(CachingSha2PasswordPlugin.java:176) ~[mariadb-java-client-2.5.0.jar:?]
	at org.mariadb.jdbc.internal.protocol.AbstractConnectProtocol.authenticationHandler(AbstractConnectProtocol.java:703) ~[mariadb-java-client-2.5.0.jar:?]
	at org.mariadb.jdbc.internal.protocol.AbstractConnectProtocol.createConnection(AbstractConnectProtocol.java:507) ~[mariadb-java-client-2.5.0.jar:?]
	at org.mariadb.jdbc.internal.protocol.AbstractConnectProtocol.connectWithoutProxy(AbstractConnectProtocol.java:1236) ~[mariadb-java-client-2.5.0.jar:?]
	at org.mariadb.jdbc.internal.util.Utils.retrieveProxy(Utils.java:610) ~[mariadb-java-client-2.5.0.jar:?]
	at org.mariadb.jdbc.MariaDbConnection.newConnection(MariaDbConnection.java:142) ~[mariadb-java-client-2.5.0.jar:?]
	at org.mariadb.jdbc.Driver.connect_aroundBody0(Driver.java:86) ~[mariadb-java-client-2.5.0.jar:?]
	at org.mariadb.jdbc.Driver.connect_aroundBody1$advice(Driver.java:158) ~[mariadb-java-client-2.5.0.jar:?]
	at org.mariadb.jdbc.Driver.connect(Driver.java:1) ~[mariadb-java-client-2.5.0.jar:?]
	at java.sql.DriverManager.getConnection(DriverManager.java:677) ~[java.sql:?]
	at java.sql.DriverManager.getConnection(DriverManager.java:228) ~[java.sql:?]
	at jdk.internal.reflect.NativeMethodAccessorImpl.invoke0(Native Method) ~[?:?]
	at jdk.internal.reflect.NativeMethodAccessorImpl.invoke(NativeMethodAccessorImpl.java:62) ~[?:?]
	at jdk.internal.reflect.DelegatingMethodAccessorImpl.invoke(DelegatingMethodAccessorImpl.java:43) ~[?:?]
	at java.lang.reflect.Method.invoke(Method.java:566) ~[?:?]
	at bsh.Reflect.invokeMethod(Reflect.java:131) ~[bsh-2.0b6.jar:2.0b6 2016-02-05 05:16:19]
	at bsh.Reflect.invokeStaticMethod(Reflect.java:95) ~[bsh-2.0b6.jar:2.0b6 2016-02-05 05:16:19]
	at bsh.Name.invokeMethod(Name.java:868) ~[bsh-2.0b6.jar:2.0b6 2016-02-05 05:16:19]
	at bsh.BSHMethodInvocation.eval(BSHMethodInvocation.java:69) ~[bsh-2.0b6.jar:2.0b6 2016-02-05 05:16:19]
	... 57 more
INFO    03 Jul 2024 03:17:22 org.enhydra.shark.SharkUtilitiesAspect - Cache object id range : [56208600 - 56208800]
INFO    03 Jul 2024 03:17:24 org.enhydra.shark.SharkUtilitiesAspect - Cache counter range for _activitydata_ : [52335560 - 52335760]
INFO    03 Jul 2024 03:17:24 org.joget.apps.app.lib.JsonTool - POST : 
INFO    03 Jul 2024 03:17:24 org.joget.apps.app.lib.JsonTool - Adding param message : {     "11": "HRIS SMM",     "22": "WeSign request of [PTF] Rotation  a.n. Aji Inisti Udma Wijaya Need Your Approval as Current HRBP",     "33": "https://wesign.sinarmasmining.com/jw/web/userview/ptfWorkflow/ptfWorkflowLog/_/FLog?u=admin&activityId=1121368_49216_ptfWorkflow_ptf_approver3" }
INFO    03 Jul 2024 03:17:24 org.joget.apps.app.lib.JsonTool - Adding param template_id : v5_hris_1
INFO    03 Jul 2024 03:17:24 org.joget.apps.app.lib.JsonTool - Adding param api_key : MzyVE4m1_P
INFO    03 Jul 2024 03:17:24 org.joget.apps.app.lib.JsonTool - Adding param shorten_url : 33
INFO    03 Jul 2024 03:17:24 org.joget.apps.app.lib.JsonTool - Adding param to_no : 6285315646257
INFO    03 Jul 2024 03:17:24 org.joget.apps.app.lib.JsonTool - Adding request header Content-Type : application/x-www-form-urlencoded
ERROR   03 Jul 2024 03:17:24 org.joget.apps.app.lib.JsonTool - org.apache.http.client.ClientProtocolException
org.apache.http.client.ClientProtocolException: null
	at org.apache.http.impl.client.InternalHttpClient.doExecute(InternalHttpClient.java:187) ~[httpclient-4.5.13.jar:4.5.13]
	at org.apache.http.impl.client.CloseableHttpClient.execute(CloseableHttpClient.java:83) ~[httpclient-4.5.13.jar:4.5.13]
	at org.apache.http.impl.client.CloseableHttpClient.execute(CloseableHttpClient.java:108) ~[httpclient-4.5.13.jar:4.5.13]
	at org.joget.apps.app.lib.JsonTool.execute_aroundBody12(JsonTool.java:146) [classes/:?]
	at org.joget.apps.app.lib.JsonTool.execute_aroundBody13$advice(JsonTool.java:102) [classes/:?]
	at org.joget.apps.app.lib.JsonTool.execute(JsonTool.java:1) [classes/:?]
	at org.joget.apps.app.service.AppWorkflowHelper.executeTool(AppWorkflowHelper.java:130) [classes/:?]
	at org.joget.workflow.shark.WorkflowToolActivityHandler.executeActivity(WorkflowToolActivityHandler.java:69) [wflow-wfengine-8.1.1.jar:?]
	at org.enhydra.shark.WfActivityImpl.runTool(WfActivityImpl.java:1487) [sharkkernel-standard-2.0.1.jar:2.0-1]
	at org.enhydra.shark.WfActivityImpl.startActivity(WfActivityImpl.java:1419) [sharkkernel-standard-2.0.1.jar:2.0-1]
	at org.enhydra.shark.WfActivityImpl.activate(WfActivityImpl.java:261) [sharkkernel-standard-2.0.1.jar:2.0-1]
	at org.enhydra.shark.WfProcessImpl.startActivity(WfProcessImpl.java:918) [sharkkernel-standard-2.0.1.jar:2.0-1]
	at org.enhydra.shark.WfProcessImpl.queueNext(WfProcessImpl.java:1134) [sharkkernel-standard-2.0.1.jar:2.0-1]
	at org.enhydra.shark.WfProcessImpl.run(WfProcessImpl.java:750) [sharkkernel-standard-2.0.1.jar:2.0-1]
	at org.enhydra.shark.WfProcessImpl.start(WfProcessImpl.java:422) [sharkkernel-standard-2.0.1.jar:2.0-1]
	at org.enhydra.shark.WfActivityImpl.runSubFlow(WfActivityImpl.java:1562) [sharkkernel-standard-2.0.1.jar:2.0-1]
	at org.enhydra.shark.CustomWfActivityImpl.runSubFlow(CustomWfActivityImpl.java:64) [wflow-wfengine-8.1.1.jar:2.0-1]
	at org.enhydra.shark.WfActivityImpl.startActivity(WfActivityImpl.java:1452) [sharkkernel-standard-2.0.1.jar:2.0-1]
	at org.enhydra.shark.WfActivityImpl.activate(WfActivityImpl.java:261) [sharkkernel-standard-2.0.1.jar:2.0-1]
	at org.enhydra.shark.WfProcessImpl.startActivity(WfProcessImpl.java:918) [sharkkernel-standard-2.0.1.jar:2.0-1]
	at org.enhydra.shark.WfProcessImpl.queueNext(WfProcessImpl.java:1134) [sharkkernel-standard-2.0.1.jar:2.0-1]
	at org.enhydra.shark.WfProcessImpl.run(WfProcessImpl.java:750) [sharkkernel-standard-2.0.1.jar:2.0-1]
	at org.enhydra.shark.WfProcessImpl.activity_complete(WfProcessImpl.java:969) [sharkkernel-standard-2.0.1.jar:2.0-1]
	at org.enhydra.shark.WfActivityImpl.finish(WfActivityImpl.java:441) [sharkkernel-standard-2.0.1.jar:2.0-1]
	at org.enhydra.shark.CustomWfActivityImpl.finish(CustomWfActivityImpl.java:113) [wflow-wfengine-8.1.1.jar:2.0-1]
	at org.enhydra.shark.WfActivityImpl.startActivity(WfActivityImpl.java:1407) [sharkkernel-standard-2.0.1.jar:2.0-1]
	at org.enhydra.shark.WfActivityImpl.activate(WfActivityImpl.java:261) [sharkkernel-standard-2.0.1.jar:2.0-1]
	at org.enhydra.shark.WfProcessImpl.startActivity(WfProcessImpl.java:918) [sharkkernel-standard-2.0.1.jar:2.0-1]
	at org.enhydra.shark.WfProcessImpl.handleBrokenAsyncDeadlines(WfProcessImpl.java:2000) [sharkkernel-standard-2.0.1.jar:2.0-1]
	at org.enhydra.shark.CustomWfProcessImpl.checkDeadlines(CustomWfProcessImpl.java:117) [wflow-wfengine-8.1.1.jar:2.0-1]
	at org.enhydra.shark.ExecutionAdmin.checkDeadlinesForProcesses(ExecutionAdmin.java:825) [sharkkernel-standard-2.0.1.jar:2.0-1]
	at org.joget.workflow.model.service.WorkflowManagerImpl.internalCheckDeadlines(WorkflowManagerImpl.java:5304) [wflow-wfengine-8.1.1.jar:?]
	at jdk.internal.reflect.GeneratedMethodAccessor279.invoke(Unknown Source) ~[?:?]
	at jdk.internal.reflect.DelegatingMethodAccessorImpl.invoke(DelegatingMethodAccessorImpl.java:43) ~[?:?]
	at java.lang.reflect.Method.invoke(Method.java:566) ~[?:?]
	at org.springframework.aop.support.AopUtils.invokeJoinpointUsingReflection(AopUtils.java:344) [spring-aop-5.3.33.jar:5.3.33]
	at org.springframework.aop.framework.ReflectiveMethodInvocation.invokeJoinpoint(ReflectiveMethodInvocation.java:198) [spring-aop-5.3.33.jar:5.3.33]
	at org.springframework.aop.framework.ReflectiveMethodInvocation.proceed(ReflectiveMethodInvocation.java:163) [spring-aop-5.3.33.jar:5.3.33]
	at org.springframework.transaction.interceptor.TransactionInterceptor$1.proceedWithInvocation(TransactionInterceptor.java:123) [spring-tx-5.3.33.jar:5.3.33]
	at org.springframework.transaction.interceptor.TransactionAspectSupport.invokeWithinTransaction(TransactionAspectSupport.java:388) [spring-tx-5.3.33.jar:5.3.33]
	at org.springframework.transaction.interceptor.TransactionInterceptor.invoke(TransactionInterceptor.java:119) [spring-tx-5.3.33.jar:5.3.33]
	at org.springframework.aop.framework.ReflectiveMethodInvocation.proceed(ReflectiveMethodInvocation.java:186) [spring-aop-5.3.33.jar:5.3.33]
	at org.joget.apps.app.service.SqlFilterAspect.invoke(SqlFilterAspect.java:38) [classes/:?]
	at org.springframework.aop.framework.ReflectiveMethodInvocation.proceed(ReflectiveMethodInvocation.java:186) [spring-aop-5.3.33.jar:5.3.33]
	at org.springframework.aop.interceptor.ExposeInvocationInterceptor.invoke(ExposeInvocationInterceptor.java:97) [spring-aop-5.3.33.jar:5.3.33]
	at org.springframework.aop.framework.ReflectiveMethodInvocation.proceed(ReflectiveMethodInvocation.java:186) [spring-aop-5.3.33.jar:5.3.33]
	at org.springframework.aop.framework.JdkDynamicAopProxy.invoke(JdkDynamicAopProxy.java:241) [spring-aop-5.3.33.jar:5.3.33]
	at com.sun.proxy.$Proxy134.internalCheckDeadlines(Unknown Source) [?:?]
	at org.joget.workflow.shark.DeadlineChecker.runMe(DeadlineChecker.java:240) [wflow-wfengine-8.1.1.jar:?]
	at org.joget.workflow.shark.DeadlineChecker.run(DeadlineChecker.java:143) [wflow-wfengine-8.1.1.jar:?]
Caused by: org.apache.http.ProtocolException: Target host is not specified
	at org.apache.http.impl.conn.DefaultRoutePlanner.determineRoute(DefaultRoutePlanner.java:71) ~[httpclient-4.5.13.jar:4.5.13]
	at org.apache.http.impl.client.InternalHttpClient.determineRoute(InternalHttpClient.java:125) ~[httpclient-4.5.13.jar:4.5.13]
	at org.apache.http.impl.client.InternalHttpClient.doExecute(InternalHttpClient.java:184) ~[httpclient-4.5.13.jar:4.5.13]
	... 49 more
INFO    03 Jul 2024 03:18:10 org.displaytag.export.ExportViewFactory - Initializing ExportViewFactory with type={csv,excel,xml,pdf}
INFO    03 Jul 2024 03:18:11 org.displaytag.properties.TableProperties - LocaleResolver initialized to org.joget.apps.app.web.LocalLocaleResolver.
INFO    03 Jul 2024 03:28:04 org.enhydra.shark.SharkUtilitiesAspect - Cache object id range : [56208800 - 56209000]
INFO    03 Jul 2024 03:28:04 org.enhydra.shark.SharkUtilitiesAspect - Cache counter range for _activitydata_ : [52335760 - 52335960]
INFO    03 Jul 2024 03:28:05 org.enhydra.shark.SharkUtilitiesAspect - Cache object id range : [56209000 - 56209200]
INFO    03 Jul 2024 03:28:05 org.enhydra.shark.SharkUtilitiesAspect - Cache counter range for _activitydata_ : [52335960 - 52336160]
INFO    03 Jul 2024 03:28:07 org.enhydra.shark.SharkUtilitiesAspect - Cache object id range : [56209200 - 56209400]
INFO    03 Jul 2024 03:28:07 org.enhydra.shark.SharkUtilitiesAspect - Cache counter range for _activitydata_ : [52336160 - 52336360]
ERROR   03 Jul 2024 03:28:08 org.joget.apps.app.service.AppPluginUtil - Error executing script, line number: 13
bsh.TargetError: Sourced file: inline evaluation of: ``import org.joget.workflow.model.service.*; import org.joget.apps.form.model.*; i . . . '' : Method Invocation DriverManager.getConnection
	at bsh.BSHMethodInvocation.eval(BSHMethodInvocation.java:91) ~[bsh-2.0b6.jar:2.0b6 2016-02-05 05:16:19]
	at bsh.BSHPrimaryExpression.eval(BSHPrimaryExpression.java:96) ~[bsh-2.0b6.jar:2.0b6 2016-02-05 05:16:19]
	at bsh.BSHPrimaryExpression.eval(BSHPrimaryExpression.java:41) ~[bsh-2.0b6.jar:2.0b6 2016-02-05 05:16:19]
	at bsh.BSHAssignment.eval(BSHAssignment.java:71) ~[bsh-2.0b6.jar:2.0b6 2016-02-05 05:16:19]
	at bsh.Interpreter.eval(Interpreter.java:659) ~[bsh-2.0b6.jar:2.0b6 2016-02-05 05:16:19]
	at bsh.Interpreter.eval(Interpreter.java:750) ~[bsh-2.0b6.jar:2.0b6 2016-02-05 05:16:19]
	at bsh.Interpreter.eval(Interpreter.java:739) ~[bsh-2.0b6.jar:2.0b6 2016-02-05 05:16:19]
	at org.joget.apps.app.service.AppPluginUtil.executeScript(AppPluginUtil.java:225) [classes/:?]
	at org.joget.apps.app.service.AppPluginUtil.executeScript(AppPluginUtil.java:209) [classes/:?]
	at org.joget.apps.app.lib.BeanShellTool.executeScript_aroundBody16(BeanShellTool.java:59) [classes/:?]
	at org.joget.apps.app.lib.BeanShellTool.executeScript_aroundBody17$advice(BeanShellTool.java:102) [classes/:?]
	at org.joget.apps.app.lib.BeanShellTool.executeScript(BeanShellTool.java:1) [classes/:?]
	at org.joget.apps.app.lib.BeanShellTool.execute_aroundBody6(BeanShellTool.java:37) [classes/:?]
	at org.joget.apps.app.lib.BeanShellTool.execute_aroundBody7$advice(BeanShellTool.java:102) [classes/:?]
	at org.joget.apps.app.lib.BeanShellTool.execute(BeanShellTool.java:1) [classes/:?]
	at org.joget.apps.app.service.AppWorkflowHelper.executeTool(AppWorkflowHelper.java:130) [classes/:?]
	at org.joget.workflow.shark.WorkflowToolActivityHandler.executeActivity(WorkflowToolActivityHandler.java:69) [wflow-wfengine-8.1.1.jar:?]
	at org.enhydra.shark.WfActivityImpl.runTool(WfActivityImpl.java:1487) [sharkkernel-standard-2.0.1.jar:2.0-1]
	at org.enhydra.shark.WfActivityImpl.startActivity(WfActivityImpl.java:1419) [sharkkernel-standard-2.0.1.jar:2.0-1]
	at org.enhydra.shark.WfActivityImpl.activate(WfActivityImpl.java:261) [sharkkernel-standard-2.0.1.jar:2.0-1]
	at org.enhydra.shark.WfProcessImpl.startActivity(WfProcessImpl.java:918) [sharkkernel-standard-2.0.1.jar:2.0-1]
	at org.enhydra.shark.WfProcessImpl.run(WfProcessImpl.java:742) [sharkkernel-standard-2.0.1.jar:2.0-1]
	at org.enhydra.shark.WfProcessImpl.start(WfProcessImpl.java:422) [sharkkernel-standard-2.0.1.jar:2.0-1]
	at org.enhydra.shark.WfActivityImpl.runSubFlow(WfActivityImpl.java:1562) [sharkkernel-standard-2.0.1.jar:2.0-1]
	at org.enhydra.shark.CustomWfActivityImpl.runSubFlow(CustomWfActivityImpl.java:64) [wflow-wfengine-8.1.1.jar:2.0-1]
	at org.enhydra.shark.WfActivityImpl.startActivity(WfActivityImpl.java:1452) [sharkkernel-standard-2.0.1.jar:2.0-1]
	at org.enhydra.shark.WfActivityImpl.activate(WfActivityImpl.java:261) [sharkkernel-standard-2.0.1.jar:2.0-1]
	at org.enhydra.shark.WfProcessImpl.startActivity(WfProcessImpl.java:918) [sharkkernel-standard-2.0.1.jar:2.0-1]
	at org.enhydra.shark.WfProcessImpl.queueNext(WfProcessImpl.java:1134) [sharkkernel-standard-2.0.1.jar:2.0-1]
	at org.enhydra.shark.WfProcessImpl.run(WfProcessImpl.java:750) [sharkkernel-standard-2.0.1.jar:2.0-1]
	at org.enhydra.shark.WfProcessImpl.activity_complete(WfProcessImpl.java:969) [sharkkernel-standard-2.0.1.jar:2.0-1]
	at org.enhydra.shark.WfActivityImpl.finish(WfActivityImpl.java:441) [sharkkernel-standard-2.0.1.jar:2.0-1]
	at org.enhydra.shark.CustomWfActivityImpl.finish(CustomWfActivityImpl.java:113) [wflow-wfengine-8.1.1.jar:2.0-1]
	at org.enhydra.shark.WfActivityImpl.startActivity(WfActivityImpl.java:1407) [sharkkernel-standard-2.0.1.jar:2.0-1]
	at org.enhydra.shark.WfActivityImpl.activate(WfActivityImpl.java:261) [sharkkernel-standard-2.0.1.jar:2.0-1]
	at org.enhydra.shark.WfProcessImpl.startActivity(WfProcessImpl.java:918) [sharkkernel-standard-2.0.1.jar:2.0-1]
	at org.enhydra.shark.WfProcessImpl.handleBrokenAsyncDeadlines(WfProcessImpl.java:2000) [sharkkernel-standard-2.0.1.jar:2.0-1]
	at org.enhydra.shark.CustomWfProcessImpl.checkDeadlines(CustomWfProcessImpl.java:117) [wflow-wfengine-8.1.1.jar:2.0-1]
	at org.enhydra.shark.ExecutionAdmin.checkDeadlinesForProcesses(ExecutionAdmin.java:825) [sharkkernel-standard-2.0.1.jar:2.0-1]
	at org.joget.workflow.model.service.WorkflowManagerImpl.internalCheckDeadlines(WorkflowManagerImpl.java:5304) [wflow-wfengine-8.1.1.jar:?]
	at jdk.internal.reflect.GeneratedMethodAccessor279.invoke(Unknown Source) ~[?:?]
	at jdk.internal.reflect.DelegatingMethodAccessorImpl.invoke(DelegatingMethodAccessorImpl.java:43) ~[?:?]
	at java.lang.reflect.Method.invoke(Method.java:566) ~[?:?]
	at org.springframework.aop.support.AopUtils.invokeJoinpointUsingReflection(AopUtils.java:344) [spring-aop-5.3.33.jar:5.3.33]
	at org.springframework.aop.framework.ReflectiveMethodInvocation.invokeJoinpoint(ReflectiveMethodInvocation.java:198) [spring-aop-5.3.33.jar:5.3.33]
	at org.springframework.aop.framework.ReflectiveMethodInvocation.proceed(ReflectiveMethodInvocation.java:163) [spring-aop-5.3.33.jar:5.3.33]
	at org.springframework.transaction.interceptor.TransactionInterceptor$1.proceedWithInvocation(TransactionInterceptor.java:123) [spring-tx-5.3.33.jar:5.3.33]
	at org.springframework.transaction.interceptor.TransactionAspectSupport.invokeWithinTransaction(TransactionAspectSupport.java:388) [spring-tx-5.3.33.jar:5.3.33]
	at org.springframework.transaction.interceptor.TransactionInterceptor.invoke(TransactionInterceptor.java:119) [spring-tx-5.3.33.jar:5.3.33]
	at org.springframework.aop.framework.ReflectiveMethodInvocation.proceed(ReflectiveMethodInvocation.java:186) [spring-aop-5.3.33.jar:5.3.33]
	at org.joget.apps.app.service.SqlFilterAspect.invoke(SqlFilterAspect.java:38) [classes/:?]
	at org.springframework.aop.framework.ReflectiveMethodInvocation.proceed(ReflectiveMethodInvocation.java:186) [spring-aop-5.3.33.jar:5.3.33]
	at org.springframework.aop.interceptor.ExposeInvocationInterceptor.invoke(ExposeInvocationInterceptor.java:97) [spring-aop-5.3.33.jar:5.3.33]
	at org.springframework.aop.framework.ReflectiveMethodInvocation.proceed(ReflectiveMethodInvocation.java:186) [spring-aop-5.3.33.jar:5.3.33]
	at org.springframework.aop.framework.JdkDynamicAopProxy.invoke(JdkDynamicAopProxy.java:241) [spring-aop-5.3.33.jar:5.3.33]
	at com.sun.proxy.$Proxy134.internalCheckDeadlines(Unknown Source) [?:?]
	at org.joget.workflow.shark.DeadlineChecker.runMe(DeadlineChecker.java:240) [wflow-wfengine-8.1.1.jar:?]
	at org.joget.workflow.shark.DeadlineChecker.run(DeadlineChecker.java:143) [wflow-wfengine-8.1.1.jar:?]
Caused by: java.sql.SQLException: Could not connect to address=(host=localhost)(port=3306)(type=master) : RSA public key is not available client side (option serverRsaPublicKeyFile not set)
	at org.mariadb.jdbc.internal.util.exceptions.ExceptionMapper.get(ExceptionMapper.java:262) ~[mariadb-java-client-2.5.0.jar:?]
	at org.mariadb.jdbc.internal.protocol.AbstractConnectProtocol.connectWithoutProxy(AbstractConnectProtocol.java:1241) ~[mariadb-java-client-2.5.0.jar:?]
	at org.mariadb.jdbc.internal.util.Utils.retrieveProxy(Utils.java:610) ~[mariadb-java-client-2.5.0.jar:?]
	at org.mariadb.jdbc.MariaDbConnection.newConnection(MariaDbConnection.java:142) ~[mariadb-java-client-2.5.0.jar:?]
	at org.mariadb.jdbc.Driver.connect_aroundBody0(Driver.java:86) ~[mariadb-java-client-2.5.0.jar:?]
	at org.mariadb.jdbc.Driver.connect_aroundBody1$advice(Driver.java:158) ~[mariadb-java-client-2.5.0.jar:?]
	at org.mariadb.jdbc.Driver.connect(Driver.java:1) ~[mariadb-java-client-2.5.0.jar:?]
	at java.sql.DriverManager.getConnection(DriverManager.java:677) ~[java.sql:?]
	at java.sql.DriverManager.getConnection(DriverManager.java:228) ~[java.sql:?]
	at jdk.internal.reflect.NativeMethodAccessorImpl.invoke0(Native Method) ~[?:?]
	at jdk.internal.reflect.NativeMethodAccessorImpl.invoke(NativeMethodAccessorImpl.java:62) ~[?:?]
	at jdk.internal.reflect.DelegatingMethodAccessorImpl.invoke(DelegatingMethodAccessorImpl.java:43) ~[?:?]
	at java.lang.reflect.Method.invoke(Method.java:566) ~[?:?]
	at bsh.Reflect.invokeMethod(Reflect.java:131) ~[bsh-2.0b6.jar:2.0b6 2016-02-05 05:16:19]
	at bsh.Reflect.invokeStaticMethod(Reflect.java:95) ~[bsh-2.0b6.jar:2.0b6 2016-02-05 05:16:19]
	at bsh.Name.invokeMethod(Name.java:868) ~[bsh-2.0b6.jar:2.0b6 2016-02-05 05:16:19]
	at bsh.BSHMethodInvocation.eval(BSHMethodInvocation.java:69) ~[bsh-2.0b6.jar:2.0b6 2016-02-05 05:16:19]
	... 57 more
Caused by: java.sql.SQLException: RSA public key is not available client side (option serverRsaPublicKeyFile not set)
	at org.mariadb.jdbc.internal.com.send.authentication.CachingSha2PasswordPlugin.process(CachingSha2PasswordPlugin.java:176) ~[mariadb-java-client-2.5.0.jar:?]
	at org.mariadb.jdbc.internal.protocol.AbstractConnectProtocol.authenticationHandler(AbstractConnectProtocol.java:703) ~[mariadb-java-client-2.5.0.jar:?]
	at org.mariadb.jdbc.internal.protocol.AbstractConnectProtocol.createConnection(AbstractConnectProtocol.java:507) ~[mariadb-java-client-2.5.0.jar:?]
	at org.mariadb.jdbc.internal.protocol.AbstractConnectProtocol.connectWithoutProxy(AbstractConnectProtocol.java:1236) ~[mariadb-java-client-2.5.0.jar:?]
	at org.mariadb.jdbc.internal.util.Utils.retrieveProxy(Utils.java:610) ~[mariadb-java-client-2.5.0.jar:?]
	at org.mariadb.jdbc.MariaDbConnection.newConnection(MariaDbConnection.java:142) ~[mariadb-java-client-2.5.0.jar:?]
	at org.mariadb.jdbc.Driver.connect_aroundBody0(Driver.java:86) ~[mariadb-java-client-2.5.0.jar:?]
	at org.mariadb.jdbc.Driver.connect_aroundBody1$advice(Driver.java:158) ~[mariadb-java-client-2.5.0.jar:?]
	at org.mariadb.jdbc.Driver.connect(Driver.java:1) ~[mariadb-java-client-2.5.0.jar:?]
	at java.sql.DriverManager.getConnection(DriverManager.java:677) ~[java.sql:?]
	at java.sql.DriverManager.getConnection(DriverManager.java:228) ~[java.sql:?]
	at jdk.internal.reflect.NativeMethodAccessorImpl.invoke0(Native Method) ~[?:?]
	at jdk.internal.reflect.NativeMethodAccessorImpl.invoke(NativeMethodAccessorImpl.java:62) ~[?:?]
	at jdk.internal.reflect.DelegatingMethodAccessorImpl.invoke(DelegatingMethodAccessorImpl.java:43) ~[?:?]
	at java.lang.reflect.Method.invoke(Method.java:566) ~[?:?]
	at bsh.Reflect.invokeMethod(Reflect.java:131) ~[bsh-2.0b6.jar:2.0b6 2016-02-05 05:16:19]
	at bsh.Reflect.invokeStaticMethod(Reflect.java:95) ~[bsh-2.0b6.jar:2.0b6 2016-02-05 05:16:19]
	at bsh.Name.invokeMethod(Name.java:868) ~[bsh-2.0b6.jar:2.0b6 2016-02-05 05:16:19]
	at bsh.BSHMethodInvocation.eval(BSHMethodInvocation.java:69) ~[bsh-2.0b6.jar:2.0b6 2016-02-05 05:16:19]
	... 57 more
INFO    03 Jul 2024 03:28:08 org.enhydra.shark.SharkUtilitiesAspect - Cache object id range : [56209400 - 56209600]
INFO    03 Jul 2024 03:28:09 org.enhydra.shark.SharkUtilitiesAspect - Cache counter range for _activitydata_ : [52336360 - 52336560]
INFO    03 Jul 2024 03:28:09 org.joget.apps.app.lib.JsonTool - POST : 
INFO    03 Jul 2024 03:28:09 org.joget.apps.app.lib.JsonTool - Adding param message : {     "11": "HRIS SMM",     "22": "WeSign request of [PTF] Test Dummy Movement Tittle By Itasoft Need Your Approval as Current HRBP",     "33": "https://wesign.sinarmasmining.com/jw/web/userview/ptfWorkflow/ptfWorkflowLog/_/FLog?u=admin&activityId=1123320_50005_ptfWorkflow_ptf_approver3Massal" }
INFO    03 Jul 2024 03:28:09 org.joget.apps.app.lib.JsonTool - Adding param template_id : v5_hris_1
INFO    03 Jul 2024 03:28:09 org.joget.apps.app.lib.JsonTool - Adding param api_key : MzyVE4m1_P
INFO    03 Jul 2024 03:28:09 org.joget.apps.app.lib.JsonTool - Adding param shorten_url : 33
INFO    03 Jul 2024 03:28:09 org.joget.apps.app.lib.JsonTool - Adding param to_no : 6285315646257
INFO    03 Jul 2024 03:28:09 org.joget.apps.app.lib.JsonTool - Adding request header Content-Type : application/x-www-form-urlencoded
ERROR   03 Jul 2024 03:28:09 org.joget.apps.app.lib.JsonTool - org.apache.http.client.ClientProtocolException
org.apache.http.client.ClientProtocolException: null
	at org.apache.http.impl.client.InternalHttpClient.doExecute(InternalHttpClient.java:187) ~[httpclient-4.5.13.jar:4.5.13]
	at org.apache.http.impl.client.CloseableHttpClient.execute(CloseableHttpClient.java:83) ~[httpclient-4.5.13.jar:4.5.13]
	at org.apache.http.impl.client.CloseableHttpClient.execute(CloseableHttpClient.java:108) ~[httpclient-4.5.13.jar:4.5.13]
	at org.joget.apps.app.lib.JsonTool.execute_aroundBody12(JsonTool.java:146) [classes/:?]
	at org.joget.apps.app.lib.JsonTool.execute_aroundBody13$advice(JsonTool.java:102) [classes/:?]
	at org.joget.apps.app.lib.JsonTool.execute(JsonTool.java:1) [classes/:?]
	at org.joget.apps.app.service.AppWorkflowHelper.executeTool(AppWorkflowHelper.java:130) [classes/:?]
	at org.joget.workflow.shark.WorkflowToolActivityHandler.executeActivity(WorkflowToolActivityHandler.java:69) [wflow-wfengine-8.1.1.jar:?]
	at org.enhydra.shark.WfActivityImpl.runTool(WfActivityImpl.java:1487) [sharkkernel-standard-2.0.1.jar:2.0-1]
	at org.enhydra.shark.WfActivityImpl.startActivity(WfActivityImpl.java:1419) [sharkkernel-standard-2.0.1.jar:2.0-1]
	at org.enhydra.shark.WfActivityImpl.activate(WfActivityImpl.java:261) [sharkkernel-standard-2.0.1.jar:2.0-1]
	at org.enhydra.shark.WfProcessImpl.startActivity(WfProcessImpl.java:918) [sharkkernel-standard-2.0.1.jar:2.0-1]
	at org.enhydra.shark.WfProcessImpl.queueNext(WfProcessImpl.java:1134) [sharkkernel-standard-2.0.1.jar:2.0-1]
	at org.enhydra.shark.WfProcessImpl.run(WfProcessImpl.java:750) [sharkkernel-standard-2.0.1.jar:2.0-1]
	at org.enhydra.shark.WfProcessImpl.start(WfProcessImpl.java:422) [sharkkernel-standard-2.0.1.jar:2.0-1]
	at org.enhydra.shark.WfActivityImpl.runSubFlow(WfActivityImpl.java:1562) [sharkkernel-standard-2.0.1.jar:2.0-1]
	at org.enhydra.shark.CustomWfActivityImpl.runSubFlow(CustomWfActivityImpl.java:64) [wflow-wfengine-8.1.1.jar:2.0-1]
	at org.enhydra.shark.WfActivityImpl.startActivity(WfActivityImpl.java:1452) [sharkkernel-standard-2.0.1.jar:2.0-1]
	at org.enhydra.shark.WfActivityImpl.activate(WfActivityImpl.java:261) [sharkkernel-standard-2.0.1.jar:2.0-1]
	at org.enhydra.shark.WfProcessImpl.startActivity(WfProcessImpl.java:918) [sharkkernel-standard-2.0.1.jar:2.0-1]
	at org.enhydra.shark.WfProcessImpl.queueNext(WfProcessImpl.java:1134) [sharkkernel-standard-2.0.1.jar:2.0-1]
	at org.enhydra.shark.WfProcessImpl.run(WfProcessImpl.java:750) [sharkkernel-standard-2.0.1.jar:2.0-1]
	at org.enhydra.shark.WfProcessImpl.activity_complete(WfProcessImpl.java:969) [sharkkernel-standard-2.0.1.jar:2.0-1]
	at org.enhydra.shark.WfActivityImpl.finish(WfActivityImpl.java:441) [sharkkernel-standard-2.0.1.jar:2.0-1]
	at org.enhydra.shark.CustomWfActivityImpl.finish(CustomWfActivityImpl.java:113) [wflow-wfengine-8.1.1.jar:2.0-1]
	at org.enhydra.shark.WfActivityImpl.startActivity(WfActivityImpl.java:1407) [sharkkernel-standard-2.0.1.jar:2.0-1]
	at org.enhydra.shark.WfActivityImpl.activate(WfActivityImpl.java:261) [sharkkernel-standard-2.0.1.jar:2.0-1]
	at org.enhydra.shark.WfProcessImpl.startActivity(WfProcessImpl.java:918) [sharkkernel-standard-2.0.1.jar:2.0-1]
	at org.enhydra.shark.WfProcessImpl.handleBrokenAsyncDeadlines(WfProcessImpl.java:2000) [sharkkernel-standard-2.0.1.jar:2.0-1]
	at org.enhydra.shark.CustomWfProcessImpl.checkDeadlines(CustomWfProcessImpl.java:117) [wflow-wfengine-8.1.1.jar:2.0-1]
	at org.enhydra.shark.ExecutionAdmin.checkDeadlinesForProcesses(ExecutionAdmin.java:825) [sharkkernel-standard-2.0.1.jar:2.0-1]
	at org.joget.workflow.model.service.WorkflowManagerImpl.internalCheckDeadlines(WorkflowManagerImpl.java:5304) [wflow-wfengine-8.1.1.jar:?]
	at jdk.internal.reflect.GeneratedMethodAccessor279.invoke(Unknown Source) ~[?:?]
	at jdk.internal.reflect.DelegatingMethodAccessorImpl.invoke(DelegatingMethodAccessorImpl.java:43) ~[?:?]
	at java.lang.reflect.Method.invoke(Method.java:566) ~[?:?]
	at org.springframework.aop.support.AopUtils.invokeJoinpointUsingReflection(AopUtils.java:344) [spring-aop-5.3.33.jar:5.3.33]
	at org.springframework.aop.framework.ReflectiveMethodInvocation.invokeJoinpoint(ReflectiveMethodInvocation.java:198) [spring-aop-5.3.33.jar:5.3.33]
	at org.springframework.aop.framework.ReflectiveMethodInvocation.proceed(ReflectiveMethodInvocation.java:163) [spring-aop-5.3.33.jar:5.3.33]
	at org.springframework.transaction.interceptor.TransactionInterceptor$1.proceedWithInvocation(TransactionInterceptor.java:123) [spring-tx-5.3.33.jar:5.3.33]
	at org.springframework.transaction.interceptor.TransactionAspectSupport.invokeWithinTransaction(TransactionAspectSupport.java:388) [spring-tx-5.3.33.jar:5.3.33]
	at org.springframework.transaction.interceptor.TransactionInterceptor.invoke(TransactionInterceptor.java:119) [spring-tx-5.3.33.jar:5.3.33]
	at org.springframework.aop.framework.ReflectiveMethodInvocation.proceed(ReflectiveMethodInvocation.java:186) [spring-aop-5.3.33.jar:5.3.33]
	at org.joget.apps.app.service.SqlFilterAspect.invoke(SqlFilterAspect.java:38) [classes/:?]
	at org.springframework.aop.framework.ReflectiveMethodInvocation.proceed(ReflectiveMethodInvocation.java:186) [spring-aop-5.3.33.jar:5.3.33]
	at org.springframework.aop.interceptor.ExposeInvocationInterceptor.invoke(ExposeInvocationInterceptor.java:97) [spring-aop-5.3.33.jar:5.3.33]
	at org.springframework.aop.framework.ReflectiveMethodInvocation.proceed(ReflectiveMethodInvocation.java:186) [spring-aop-5.3.33.jar:5.3.33]
	at org.springframework.aop.framework.JdkDynamicAopProxy.invoke(JdkDynamicAopProxy.java:241) [spring-aop-5.3.33.jar:5.3.33]
	at com.sun.proxy.$Proxy134.internalCheckDeadlines(Unknown Source) [?:?]
	at org.joget.workflow.shark.DeadlineChecker.runMe(DeadlineChecker.java:240) [wflow-wfengine-8.1.1.jar:?]
	at org.joget.workflow.shark.DeadlineChecker.run(DeadlineChecker.java:143) [wflow-wfengine-8.1.1.jar:?]
Caused by: org.apache.http.ProtocolException: Target host is not specified
	at org.apache.http.impl.conn.DefaultRoutePlanner.determineRoute(DefaultRoutePlanner.java:71) ~[httpclient-4.5.13.jar:4.5.13]
	at org.apache.http.impl.client.InternalHttpClient.determineRoute(InternalHttpClient.java:125) ~[httpclient-4.5.13.jar:4.5.13]
	at org.apache.http.impl.client.InternalHttpClient.doExecute(InternalHttpClient.java:184) ~[httpclient-4.5.13.jar:4.5.13]
	... 49 more
INFO    03 Jul 2024 03:39:47 org.enhydra.shark.SharkUtilitiesAspect - Cache object id range : [56209600 - 56209800]
INFO    03 Jul 2024 03:39:47 org.enhydra.shark.SharkUtilitiesAspect - Cache counter range for _activitydata_ : [52336560 - 52336760]
INFO    03 Jul 2024 03:39:48 org.enhydra.shark.SharkUtilitiesAspect - Cache object id range : [56209800 - 56210000]
INFO    03 Jul 2024 03:39:48 org.enhydra.shark.SharkUtilitiesAspect - Cache counter range for _activitydata_ : [52336760 - 52336960]
INFO    03 Jul 2024 03:39:49 org.enhydra.shark.SharkUtilitiesAspect - Cache object id range : [56210000 - 56210200]
INFO    03 Jul 2024 03:39:50 org.enhydra.shark.SharkUtilitiesAspect - Cache counter range for _activitydata_ : [52336960 - 52337160]
INFO    03 Jul 2024 03:39:51 org.enhydra.shark.SharkUtilitiesAspect - Cache object id range : [56210200 - 56210400]
ERROR   03 Jul 2024 03:39:51 org.joget.apps.app.service.AppPluginUtil - Error executing script, line number: 13
bsh.TargetError: Sourced file: inline evaluation of: ``import org.joget.workflow.model.service.*; import org.joget.apps.form.model.*; i . . . '' : Method Invocation DriverManager.getConnection
	at bsh.BSHMethodInvocation.eval(BSHMethodInvocation.java:91) ~[bsh-2.0b6.jar:2.0b6 2016-02-05 05:16:19]
	at bsh.BSHPrimaryExpression.eval(BSHPrimaryExpression.java:96) ~[bsh-2.0b6.jar:2.0b6 2016-02-05 05:16:19]
	at bsh.BSHPrimaryExpression.eval(BSHPrimaryExpression.java:41) ~[bsh-2.0b6.jar:2.0b6 2016-02-05 05:16:19]
	at bsh.BSHAssignment.eval(BSHAssignment.java:71) ~[bsh-2.0b6.jar:2.0b6 2016-02-05 05:16:19]
	at bsh.Interpreter.eval(Interpreter.java:659) ~[bsh-2.0b6.jar:2.0b6 2016-02-05 05:16:19]
	at bsh.Interpreter.eval(Interpreter.java:750) ~[bsh-2.0b6.jar:2.0b6 2016-02-05 05:16:19]
	at bsh.Interpreter.eval(Interpreter.java:739) ~[bsh-2.0b6.jar:2.0b6 2016-02-05 05:16:19]
	at org.joget.apps.app.service.AppPluginUtil.executeScript(AppPluginUtil.java:225) [classes/:?]
	at org.joget.apps.app.service.AppPluginUtil.executeScript(AppPluginUtil.java:209) [classes/:?]
	at org.joget.apps.app.lib.BeanShellTool.executeScript_aroundBody16(BeanShellTool.java:59) [classes/:?]
	at org.joget.apps.app.lib.BeanShellTool.executeScript_aroundBody17$advice(BeanShellTool.java:102) [classes/:?]
	at org.joget.apps.app.lib.BeanShellTool.executeScript(BeanShellTool.java:1) [classes/:?]
	at org.joget.apps.app.lib.BeanShellTool.execute_aroundBody6(BeanShellTool.java:37) [classes/:?]
	at org.joget.apps.app.lib.BeanShellTool.execute_aroundBody7$advice(BeanShellTool.java:102) [classes/:?]
	at org.joget.apps.app.lib.BeanShellTool.execute(BeanShellTool.java:1) [classes/:?]
	at org.joget.apps.app.service.AppWorkflowHelper.executeTool(AppWorkflowHelper.java:130) [classes/:?]
	at org.joget.workflow.shark.WorkflowToolActivityHandler.executeActivity(WorkflowToolActivityHandler.java:69) [wflow-wfengine-8.1.1.jar:?]
	at org.enhydra.shark.WfActivityImpl.runTool(WfActivityImpl.java:1487) [sharkkernel-standard-2.0.1.jar:2.0-1]
	at org.enhydra.shark.WfActivityImpl.startActivity(WfActivityImpl.java:1419) [sharkkernel-standard-2.0.1.jar:2.0-1]
	at org.enhydra.shark.WfActivityImpl.activate(WfActivityImpl.java:261) [sharkkernel-standard-2.0.1.jar:2.0-1]
	at org.enhydra.shark.WfProcessImpl.startActivity(WfProcessImpl.java:918) [sharkkernel-standard-2.0.1.jar:2.0-1]
	at org.enhydra.shark.WfProcessImpl.run(WfProcessImpl.java:742) [sharkkernel-standard-2.0.1.jar:2.0-1]
	at org.enhydra.shark.WfProcessImpl.start(WfProcessImpl.java:422) [sharkkernel-standard-2.0.1.jar:2.0-1]
	at org.enhydra.shark.WfActivityImpl.runSubFlow(WfActivityImpl.java:1562) [sharkkernel-standard-2.0.1.jar:2.0-1]
	at org.enhydra.shark.CustomWfActivityImpl.runSubFlow(CustomWfActivityImpl.java:64) [wflow-wfengine-8.1.1.jar:2.0-1]
	at org.enhydra.shark.WfActivityImpl.startActivity(WfActivityImpl.java:1452) [sharkkernel-standard-2.0.1.jar:2.0-1]
	at org.enhydra.shark.WfActivityImpl.activate(WfActivityImpl.java:261) [sharkkernel-standard-2.0.1.jar:2.0-1]
	at org.enhydra.shark.WfProcessImpl.startActivity(WfProcessImpl.java:918) [sharkkernel-standard-2.0.1.jar:2.0-1]
	at org.enhydra.shark.WfProcessImpl.queueNext(WfProcessImpl.java:1134) [sharkkernel-standard-2.0.1.jar:2.0-1]
	at org.enhydra.shark.WfProcessImpl.run(WfProcessImpl.java:750) [sharkkernel-standard-2.0.1.jar:2.0-1]
	at org.enhydra.shark.WfProcessImpl.activity_complete(WfProcessImpl.java:969) [sharkkernel-standard-2.0.1.jar:2.0-1]
	at org.enhydra.shark.WfActivityImpl.finish(WfActivityImpl.java:441) [sharkkernel-standard-2.0.1.jar:2.0-1]
	at org.enhydra.shark.CustomWfActivityImpl.finish(CustomWfActivityImpl.java:113) [wflow-wfengine-8.1.1.jar:2.0-1]
	at org.enhydra.shark.WfActivityImpl.startActivity(WfActivityImpl.java:1407) [sharkkernel-standard-2.0.1.jar:2.0-1]
	at org.enhydra.shark.WfActivityImpl.activate(WfActivityImpl.java:261) [sharkkernel-standard-2.0.1.jar:2.0-1]
	at org.enhydra.shark.WfProcessImpl.startActivity(WfProcessImpl.java:918) [sharkkernel-standard-2.0.1.jar:2.0-1]
	at org.enhydra.shark.WfProcessImpl.handleBrokenAsyncDeadlines(WfProcessImpl.java:2000) [sharkkernel-standard-2.0.1.jar:2.0-1]
	at org.enhydra.shark.CustomWfProcessImpl.checkDeadlines(CustomWfProcessImpl.java:117) [wflow-wfengine-8.1.1.jar:2.0-1]
	at org.enhydra.shark.ExecutionAdmin.checkDeadlinesForProcesses(ExecutionAdmin.java:825) [sharkkernel-standard-2.0.1.jar:2.0-1]
	at org.joget.workflow.model.service.WorkflowManagerImpl.internalCheckDeadlines(WorkflowManagerImpl.java:5304) [wflow-wfengine-8.1.1.jar:?]
	at jdk.internal.reflect.GeneratedMethodAccessor279.invoke(Unknown Source) ~[?:?]
	at jdk.internal.reflect.DelegatingMethodAccessorImpl.invoke(DelegatingMethodAccessorImpl.java:43) ~[?:?]
	at java.lang.reflect.Method.invoke(Method.java:566) ~[?:?]
	at org.springframework.aop.support.AopUtils.invokeJoinpointUsingReflection(AopUtils.java:344) [spring-aop-5.3.33.jar:5.3.33]
	at org.springframework.aop.framework.ReflectiveMethodInvocation.invokeJoinpoint(ReflectiveMethodInvocation.java:198) [spring-aop-5.3.33.jar:5.3.33]
	at org.springframework.aop.framework.ReflectiveMethodInvocation.proceed(ReflectiveMethodInvocation.java:163) [spring-aop-5.3.33.jar:5.3.33]
	at org.springframework.transaction.interceptor.TransactionInterceptor$1.proceedWithInvocation(TransactionInterceptor.java:123) [spring-tx-5.3.33.jar:5.3.33]
	at org.springframework.transaction.interceptor.TransactionAspectSupport.invokeWithinTransaction(TransactionAspectSupport.java:388) [spring-tx-5.3.33.jar:5.3.33]
	at org.springframework.transaction.interceptor.TransactionInterceptor.invoke(TransactionInterceptor.java:119) [spring-tx-5.3.33.jar:5.3.33]
	at org.springframework.aop.framework.ReflectiveMethodInvocation.proceed(ReflectiveMethodInvocation.java:186) [spring-aop-5.3.33.jar:5.3.33]
	at org.joget.apps.app.service.SqlFilterAspect.invoke(SqlFilterAspect.java:38) [classes/:?]
	at org.springframework.aop.framework.ReflectiveMethodInvocation.proceed(ReflectiveMethodInvocation.java:186) [spring-aop-5.3.33.jar:5.3.33]
	at org.springframework.aop.interceptor.ExposeInvocationInterceptor.invoke(ExposeInvocationInterceptor.java:97) [spring-aop-5.3.33.jar:5.3.33]
	at org.springframework.aop.framework.ReflectiveMethodInvocation.proceed(ReflectiveMethodInvocation.java:186) [spring-aop-5.3.33.jar:5.3.33]
	at org.springframework.aop.framework.JdkDynamicAopProxy.invoke(JdkDynamicAopProxy.java:241) [spring-aop-5.3.33.jar:5.3.33]
	at com.sun.proxy.$Proxy134.internalCheckDeadlines(Unknown Source) [?:?]
	at org.joget.workflow.shark.DeadlineChecker.runMe(DeadlineChecker.java:240) [wflow-wfengine-8.1.1.jar:?]
	at org.joget.workflow.shark.DeadlineChecker.run(DeadlineChecker.java:143) [wflow-wfengine-8.1.1.jar:?]
Caused by: java.sql.SQLException: Could not connect to address=(host=localhost)(port=3306)(type=master) : RSA public key is not available client side (option serverRsaPublicKeyFile not set)
	at org.mariadb.jdbc.internal.util.exceptions.ExceptionMapper.get(ExceptionMapper.java:262) ~[mariadb-java-client-2.5.0.jar:?]
	at org.mariadb.jdbc.internal.protocol.AbstractConnectProtocol.connectWithoutProxy(AbstractConnectProtocol.java:1241) ~[mariadb-java-client-2.5.0.jar:?]
	at org.mariadb.jdbc.internal.util.Utils.retrieveProxy(Utils.java:610) ~[mariadb-java-client-2.5.0.jar:?]
	at org.mariadb.jdbc.MariaDbConnection.newConnection(MariaDbConnection.java:142) ~[mariadb-java-client-2.5.0.jar:?]
	at org.mariadb.jdbc.Driver.connect_aroundBody0(Driver.java:86) ~[mariadb-java-client-2.5.0.jar:?]
	at org.mariadb.jdbc.Driver.connect_aroundBody1$advice(Driver.java:158) ~[mariadb-java-client-2.5.0.jar:?]
	at org.mariadb.jdbc.Driver.connect(Driver.java:1) ~[mariadb-java-client-2.5.0.jar:?]
	at java.sql.DriverManager.getConnection(DriverManager.java:677) ~[java.sql:?]
	at java.sql.DriverManager.getConnection(DriverManager.java:228) ~[java.sql:?]
	at jdk.internal.reflect.NativeMethodAccessorImpl.invoke0(Native Method) ~[?:?]
	at jdk.internal.reflect.NativeMethodAccessorImpl.invoke(NativeMethodAccessorImpl.java:62) ~[?:?]
	at jdk.internal.reflect.DelegatingMethodAccessorImpl.invoke(DelegatingMethodAccessorImpl.java:43) ~[?:?]
	at java.lang.reflect.Method.invoke(Method.java:566) ~[?:?]
	at bsh.Reflect.invokeMethod(Reflect.java:131) ~[bsh-2.0b6.jar:2.0b6 2016-02-05 05:16:19]
	at bsh.Reflect.invokeStaticMethod(Reflect.java:95) ~[bsh-2.0b6.jar:2.0b6 2016-02-05 05:16:19]
	at bsh.Name.invokeMethod(Name.java:868) ~[bsh-2.0b6.jar:2.0b6 2016-02-05 05:16:19]
	at bsh.BSHMethodInvocation.eval(BSHMethodInvocation.java:69) ~[bsh-2.0b6.jar:2.0b6 2016-02-05 05:16:19]
	... 57 more
Caused by: java.sql.SQLException: RSA public key is not available client side (option serverRsaPublicKeyFile not set)
	at org.mariadb.jdbc.internal.com.send.authentication.CachingSha2PasswordPlugin.process(CachingSha2PasswordPlugin.java:176) ~[mariadb-java-client-2.5.0.jar:?]
	at org.mariadb.jdbc.internal.protocol.AbstractConnectProtocol.authenticationHandler(AbstractConnectProtocol.java:703) ~[mariadb-java-client-2.5.0.jar:?]
	at org.mariadb.jdbc.internal.protocol.AbstractConnectProtocol.createConnection(AbstractConnectProtocol.java:507) ~[mariadb-java-client-2.5.0.jar:?]
	at org.mariadb.jdbc.internal.protocol.AbstractConnectProtocol.connectWithoutProxy(AbstractConnectProtocol.java:1236) ~[mariadb-java-client-2.5.0.jar:?]
	at org.mariadb.jdbc.internal.util.Utils.retrieveProxy(Utils.java:610) ~[mariadb-java-client-2.5.0.jar:?]
	at org.mariadb.jdbc.MariaDbConnection.newConnection(MariaDbConnection.java:142) ~[mariadb-java-client-2.5.0.jar:?]
	at org.mariadb.jdbc.Driver.connect_aroundBody0(Driver.java:86) ~[mariadb-java-client-2.5.0.jar:?]
	at org.mariadb.jdbc.Driver.connect_aroundBody1$advice(Driver.java:158) ~[mariadb-java-client-2.5.0.jar:?]
	at org.mariadb.jdbc.Driver.connect(Driver.java:1) ~[mariadb-java-client-2.5.0.jar:?]
	at java.sql.DriverManager.getConnection(DriverManager.java:677) ~[java.sql:?]
	at java.sql.DriverManager.getConnection(DriverManager.java:228) ~[java.sql:?]
	at jdk.internal.reflect.NativeMethodAccessorImpl.invoke0(Native Method) ~[?:?]
	at jdk.internal.reflect.NativeMethodAccessorImpl.invoke(NativeMethodAccessorImpl.java:62) ~[?:?]
	at jdk.internal.reflect.DelegatingMethodAccessorImpl.invoke(DelegatingMethodAccessorImpl.java:43) ~[?:?]
	at java.lang.reflect.Method.invoke(Method.java:566) ~[?:?]
	at bsh.Reflect.invokeMethod(Reflect.java:131) ~[bsh-2.0b6.jar:2.0b6 2016-02-05 05:16:19]
	at bsh.Reflect.invokeStaticMethod(Reflect.java:95) ~[bsh-2.0b6.jar:2.0b6 2016-02-05 05:16:19]
	at bsh.Name.invokeMethod(Name.java:868) ~[bsh-2.0b6.jar:2.0b6 2016-02-05 05:16:19]
	at bsh.BSHMethodInvocation.eval(BSHMethodInvocation.java:69) ~[bsh-2.0b6.jar:2.0b6 2016-02-05 05:16:19]
	... 57 more
INFO    03 Jul 2024 03:39:51 org.enhydra.shark.SharkUtilitiesAspect - Cache counter range for _activitydata_ : [52337160 - 52337360]
INFO    03 Jul 2024 03:39:52 org.joget.apps.app.lib.JsonTool - POST : 
INFO    03 Jul 2024 03:39:52 org.joget.apps.app.lib.JsonTool - Adding param message : {     "11": "HRIS SMM",     "22": "WeSign request of [PTF] Rotation  a.n. Aji Inisti Udma Wijaya Need Your Approval as Current HRBP",     "33": "https://wesign.sinarmasmining.com/jw/web/userview/ptfWorkflow/ptfWorkflowLog/_/FLog?u=admin&activityId=1121368_49216_ptfWorkflow_ptf_approver3" }
INFO    03 Jul 2024 03:39:52 org.joget.apps.app.lib.JsonTool - Adding param template_id : v5_hris_1
INFO    03 Jul 2024 03:39:52 org.joget.apps.app.lib.JsonTool - Adding param api_key : MzyVE4m1_P
INFO    03 Jul 2024 03:39:52 org.joget.apps.app.lib.JsonTool - Adding param shorten_url : 33
INFO    03 Jul 2024 03:39:52 org.joget.apps.app.lib.JsonTool - Adding param to_no : 6285315646257
INFO    03 Jul 2024 03:39:52 org.joget.apps.app.lib.JsonTool - Adding request header Content-Type : application/x-www-form-urlencoded
ERROR   03 Jul 2024 03:39:52 org.joget.apps.app.lib.JsonTool - org.apache.http.client.ClientProtocolException
org.apache.http.client.ClientProtocolException: null
	at org.apache.http.impl.client.InternalHttpClient.doExecute(InternalHttpClient.java:187) ~[httpclient-4.5.13.jar:4.5.13]
	at org.apache.http.impl.client.CloseableHttpClient.execute(CloseableHttpClient.java:83) ~[httpclient-4.5.13.jar:4.5.13]
	at org.apache.http.impl.client.CloseableHttpClient.execute(CloseableHttpClient.java:108) ~[httpclient-4.5.13.jar:4.5.13]
	at org.joget.apps.app.lib.JsonTool.execute_aroundBody12(JsonTool.java:146) [classes/:?]
	at org.joget.apps.app.lib.JsonTool.execute_aroundBody13$advice(JsonTool.java:102) [classes/:?]
	at org.joget.apps.app.lib.JsonTool.execute(JsonTool.java:1) [classes/:?]
	at org.joget.apps.app.service.AppWorkflowHelper.executeTool(AppWorkflowHelper.java:130) [classes/:?]
	at org.joget.workflow.shark.WorkflowToolActivityHandler.executeActivity(WorkflowToolActivityHandler.java:69) [wflow-wfengine-8.1.1.jar:?]
	at org.enhydra.shark.WfActivityImpl.runTool(WfActivityImpl.java:1487) [sharkkernel-standard-2.0.1.jar:2.0-1]
	at org.enhydra.shark.WfActivityImpl.startActivity(WfActivityImpl.java:1419) [sharkkernel-standard-2.0.1.jar:2.0-1]
	at org.enhydra.shark.WfActivityImpl.activate(WfActivityImpl.java:261) [sharkkernel-standard-2.0.1.jar:2.0-1]
	at org.enhydra.shark.WfProcessImpl.startActivity(WfProcessImpl.java:918) [sharkkernel-standard-2.0.1.jar:2.0-1]
	at org.enhydra.shark.WfProcessImpl.queueNext(WfProcessImpl.java:1134) [sharkkernel-standard-2.0.1.jar:2.0-1]
	at org.enhydra.shark.WfProcessImpl.run(WfProcessImpl.java:750) [sharkkernel-standard-2.0.1.jar:2.0-1]
	at org.enhydra.shark.WfProcessImpl.start(WfProcessImpl.java:422) [sharkkernel-standard-2.0.1.jar:2.0-1]
	at org.enhydra.shark.WfActivityImpl.runSubFlow(WfActivityImpl.java:1562) [sharkkernel-standard-2.0.1.jar:2.0-1]
	at org.enhydra.shark.CustomWfActivityImpl.runSubFlow(CustomWfActivityImpl.java:64) [wflow-wfengine-8.1.1.jar:2.0-1]
	at org.enhydra.shark.WfActivityImpl.startActivity(WfActivityImpl.java:1452) [sharkkernel-standard-2.0.1.jar:2.0-1]
	at org.enhydra.shark.WfActivityImpl.activate(WfActivityImpl.java:261) [sharkkernel-standard-2.0.1.jar:2.0-1]
	at org.enhydra.shark.WfProcessImpl.startActivity(WfProcessImpl.java:918) [sharkkernel-standard-2.0.1.jar:2.0-1]
	at org.enhydra.shark.WfProcessImpl.queueNext(WfProcessImpl.java:1134) [sharkkernel-standard-2.0.1.jar:2.0-1]
	at org.enhydra.shark.WfProcessImpl.run(WfProcessImpl.java:750) [sharkkernel-standard-2.0.1.jar:2.0-1]
	at org.enhydra.shark.WfProcessImpl.activity_complete(WfProcessImpl.java:969) [sharkkernel-standard-2.0.1.jar:2.0-1]
	at org.enhydra.shark.WfActivityImpl.finish(WfActivityImpl.java:441) [sharkkernel-standard-2.0.1.jar:2.0-1]
	at org.enhydra.shark.CustomWfActivityImpl.finish(CustomWfActivityImpl.java:113) [wflow-wfengine-8.1.1.jar:2.0-1]
	at org.enhydra.shark.WfActivityImpl.startActivity(WfActivityImpl.java:1407) [sharkkernel-standard-2.0.1.jar:2.0-1]
	at org.enhydra.shark.WfActivityImpl.activate(WfActivityImpl.java:261) [sharkkernel-standard-2.0.1.jar:2.0-1]
	at org.enhydra.shark.WfProcessImpl.startActivity(WfProcessImpl.java:918) [sharkkernel-standard-2.0.1.jar:2.0-1]
	at org.enhydra.shark.WfProcessImpl.handleBrokenAsyncDeadlines(WfProcessImpl.java:2000) [sharkkernel-standard-2.0.1.jar:2.0-1]
	at org.enhydra.shark.CustomWfProcessImpl.checkDeadlines(CustomWfProcessImpl.java:117) [wflow-wfengine-8.1.1.jar:2.0-1]
	at org.enhydra.shark.ExecutionAdmin.checkDeadlinesForProcesses(ExecutionAdmin.java:825) [sharkkernel-standard-2.0.1.jar:2.0-1]
	at org.joget.workflow.model.service.WorkflowManagerImpl.internalCheckDeadlines(WorkflowManagerImpl.java:5304) [wflow-wfengine-8.1.1.jar:?]
	at jdk.internal.reflect.GeneratedMethodAccessor279.invoke(Unknown Source) ~[?:?]
	at jdk.internal.reflect.DelegatingMethodAccessorImpl.invoke(DelegatingMethodAccessorImpl.java:43) ~[?:?]
	at java.lang.reflect.Method.invoke(Method.java:566) ~[?:?]
	at org.springframework.aop.support.AopUtils.invokeJoinpointUsingReflection(AopUtils.java:344) [spring-aop-5.3.33.jar:5.3.33]
	at org.springframework.aop.framework.ReflectiveMethodInvocation.invokeJoinpoint(ReflectiveMethodInvocation.java:198) [spring-aop-5.3.33.jar:5.3.33]
	at org.springframework.aop.framework.ReflectiveMethodInvocation.proceed(ReflectiveMethodInvocation.java:163) [spring-aop-5.3.33.jar:5.3.33]
	at org.springframework.transaction.interceptor.TransactionInterceptor$1.proceedWithInvocation(TransactionInterceptor.java:123) [spring-tx-5.3.33.jar:5.3.33]
	at org.springframework.transaction.interceptor.TransactionAspectSupport.invokeWithinTransaction(TransactionAspectSupport.java:388) [spring-tx-5.3.33.jar:5.3.33]
	at org.springframework.transaction.interceptor.TransactionInterceptor.invoke(TransactionInterceptor.java:119) [spring-tx-5.3.33.jar:5.3.33]
	at org.springframework.aop.framework.ReflectiveMethodInvocation.proceed(ReflectiveMethodInvocation.java:186) [spring-aop-5.3.33.jar:5.3.33]
	at org.joget.apps.app.service.SqlFilterAspect.invoke(SqlFilterAspect.java:38) [classes/:?]
	at org.springframework.aop.framework.ReflectiveMethodInvocation.proceed(ReflectiveMethodInvocation.java:186) [spring-aop-5.3.33.jar:5.3.33]
	at org.springframework.aop.interceptor.ExposeInvocationInterceptor.invoke(ExposeInvocationInterceptor.java:97) [spring-aop-5.3.33.jar:5.3.33]
	at org.springframework.aop.framework.ReflectiveMethodInvocation.proceed(ReflectiveMethodInvocation.java:186) [spring-aop-5.3.33.jar:5.3.33]
	at org.springframework.aop.framework.JdkDynamicAopProxy.invoke(JdkDynamicAopProxy.java:241) [spring-aop-5.3.33.jar:5.3.33]
	at com.sun.proxy.$Proxy134.internalCheckDeadlines(Unknown Source) [?:?]
	at org.joget.workflow.shark.DeadlineChecker.runMe(DeadlineChecker.java:240) [wflow-wfengine-8.1.1.jar:?]
	at org.joget.workflow.shark.DeadlineChecker.run(DeadlineChecker.java:143) [wflow-wfengine-8.1.1.jar:?]
Caused by: org.apache.http.ProtocolException: Target host is not specified
	at org.apache.http.impl.conn.DefaultRoutePlanner.determineRoute(DefaultRoutePlanner.java:71) ~[httpclient-4.5.13.jar:4.5.13]
	at org.apache.http.impl.client.InternalHttpClient.determineRoute(InternalHttpClient.java:125) ~[httpclient-4.5.13.jar:4.5.13]
	at org.apache.http.impl.client.InternalHttpClient.doExecute(InternalHttpClient.java:184) ~[httpclient-4.5.13.jar:4.5.13]
	... 49 more
