INFO    01 Jul 2024 06:25:57 org.displaytag.export.ExportViewFactory - Initializing ExportViewFactory with type={csv,excel,xml,pdf}
INFO    01 Jul 2024 06:25:57 org.displaytag.properties.TableProperties - LocaleResolver initialized to org.joget.apps.app.web.LocalLocaleResolver.
ERROR   02 Jul 2024 11:30:49 org.hibernate.engine.jdbc.spi.SqlExceptionHelper - (conn=227) Server shutdown in progress
ERROR   02 Jul 2024 11:30:49 org.joget.workflow.model.service.WorkflowManagerImpl - javax.persistence.PersistenceException: org.hibernate.exception.JDBCConnectionException: could not extract ResultSet
javax.persistence.PersistenceException: org.hibernate.exception.JDBCConnectionException: could not extract ResultSet
	at org.hibernate.internal.ExceptionConverterImpl.convert(ExceptionConverterImpl.java:154) ~[hibernate-core-5.6.15.Final.jar:5.6.15.Final]
	at org.hibernate.query.internal.AbstractProducedQuery.list(AbstractProducedQuery.java:1626) ~[hibernate-core-5.6.15.Final.jar:5.6.15.Final]
	at org.joget.apps.app.dao.PackageDefinitionDaoImpl.getAppDefinitionByPackage(PackageDefinitionDaoImpl.java:394) ~[classes/:?]
	at jdk.internal.reflect.GeneratedMethodAccessor219.invoke(Unknown Source) ~[?:?]
	at jdk.internal.reflect.DelegatingMethodAccessorImpl.invoke(DelegatingMethodAccessorImpl.java:43) ~[?:?]
	at java.lang.reflect.Method.invoke(Method.java:566) ~[?:?]
	at org.springframework.aop.support.AopUtils.invokeJoinpointUsingReflection(AopUtils.java:344) ~[spring-aop-5.3.33.jar:5.3.33]
	at org.springframework.aop.framework.ReflectiveMethodInvocation.invokeJoinpoint(ReflectiveMethodInvocation.java:198) ~[spring-aop-5.3.33.jar:5.3.33]
	at org.springframework.aop.framework.ReflectiveMethodInvocation.proceed(ReflectiveMethodInvocation.java:163) ~[spring-aop-5.3.33.jar:5.3.33]
	at org.springframework.transaction.interceptor.TransactionInterceptor$1.proceedWithInvocation(TransactionInterceptor.java:123) ~[spring-tx-5.3.33.jar:5.3.33]
	at org.springframework.transaction.interceptor.TransactionAspectSupport.invokeWithinTransaction(TransactionAspectSupport.java:388) ~[spring-tx-5.3.33.jar:5.3.33]
	at org.springframework.transaction.interceptor.TransactionInterceptor.invoke(TransactionInterceptor.java:119) ~[spring-tx-5.3.33.jar:5.3.33]
	at org.springframework.aop.framework.ReflectiveMethodInvocation.proceed(ReflectiveMethodInvocation.java:186) ~[spring-aop-5.3.33.jar:5.3.33]
	at org.springframework.aop.interceptor.ExposeInvocationInterceptor.invoke(ExposeInvocationInterceptor.java:97) ~[spring-aop-5.3.33.jar:5.3.33]
	at org.springframework.aop.framework.ReflectiveMethodInvocation.proceed(ReflectiveMethodInvocation.java:186) ~[spring-aop-5.3.33.jar:5.3.33]
	at org.springframework.aop.framework.JdkDynamicAopProxy.invoke(JdkDynamicAopProxy.java:241) ~[spring-aop-5.3.33.jar:5.3.33]
	at com.sun.proxy.$Proxy137.getAppDefinitionByPackage(Unknown Source) ~[?:?]
	at org.joget.apps.app.service.AppWorkflowHelper.updateAppDefinitionForDeadline(AppWorkflowHelper.java:854) ~[classes/:?]
	at org.enhydra.shark.CustomWfProcessImpl.checkDeadlines(CustomWfProcessImpl.java:90) ~[wflow-wfengine-8.1.1.jar:2.0-1]
	at org.enhydra.shark.ExecutionAdmin.checkDeadlinesForProcesses(ExecutionAdmin.java:825) ~[sharkkernel-standard-2.0.1.jar:2.0-1]
	at org.joget.workflow.model.service.WorkflowManagerImpl.internalCheckDeadlines(WorkflowManagerImpl.java:5304) [wflow-wfengine-8.1.1.jar:?]
	at jdk.internal.reflect.GeneratedMethodAccessor283.invoke(Unknown Source) ~[?:?]
	at jdk.internal.reflect.DelegatingMethodAccessorImpl.invoke(DelegatingMethodAccessorImpl.java:43) ~[?:?]
	at java.lang.reflect.Method.invoke(Method.java:566) ~[?:?]
	at org.springframework.aop.support.AopUtils.invokeJoinpointUsingReflection(AopUtils.java:344) [spring-aop-5.3.33.jar:5.3.33]
	at org.springframework.aop.framework.ReflectiveMethodInvocation.invokeJoinpoint(ReflectiveMethodInvocation.java:198) [spring-aop-5.3.33.jar:5.3.33]
	at org.springframework.aop.framework.ReflectiveMethodInvocation.proceed(ReflectiveMethodInvocation.java:163) [spring-aop-5.3.33.jar:5.3.33]
	at org.springframework.transaction.interceptor.TransactionInterceptor$1.proceedWithInvocation(TransactionInterceptor.java:123) [spring-tx-5.3.33.jar:5.3.33]
	at org.springframework.transaction.interceptor.TransactionAspectSupport.invokeWithinTransaction(TransactionAspectSupport.java:388) [spring-tx-5.3.33.jar:5.3.33]
	at org.springframework.transaction.interceptor.TransactionInterceptor.invoke(TransactionInterceptor.java:119) [spring-tx-5.3.33.jar:5.3.33]
	at org.springframework.aop.framework.ReflectiveMethodInvocation.proceed(ReflectiveMethodInvocation.java:186) [spring-aop-5.3.33.jar:5.3.33]
	at org.joget.apps.app.service.SqlFilterAspect.invoke(SqlFilterAspect.java:38) [classes/:?]
	at org.springframework.aop.framework.ReflectiveMethodInvocation.proceed(ReflectiveMethodInvocation.java:186) [spring-aop-5.3.33.jar:5.3.33]
	at org.springframework.aop.interceptor.ExposeInvocationInterceptor.invoke(ExposeInvocationInterceptor.java:97) [spring-aop-5.3.33.jar:5.3.33]
	at org.springframework.aop.framework.ReflectiveMethodInvocation.proceed(ReflectiveMethodInvocation.java:186) [spring-aop-5.3.33.jar:5.3.33]
	at org.springframework.aop.framework.JdkDynamicAopProxy.invoke(JdkDynamicAopProxy.java:241) [spring-aop-5.3.33.jar:5.3.33]
	at com.sun.proxy.$Proxy131.internalCheckDeadlines(Unknown Source) [?:?]
	at org.joget.workflow.shark.DeadlineChecker.runMe(DeadlineChecker.java:240) [wflow-wfengine-8.1.1.jar:?]
	at org.joget.workflow.shark.DeadlineChecker.run(DeadlineChecker.java:143) [wflow-wfengine-8.1.1.jar:?]
Caused by: org.hibernate.exception.JDBCConnectionException: could not extract ResultSet
	at org.hibernate.exception.internal.SQLExceptionTypeDelegate.convert(SQLExceptionTypeDelegate.java:48) ~[hibernate-core-5.6.15.Final.jar:5.6.15.Final]
	at org.hibernate.exception.internal.StandardSQLExceptionConverter.convert(StandardSQLExceptionConverter.java:37) ~[hibernate-core-5.6.15.Final.jar:5.6.15.Final]
	at org.hibernate.engine.jdbc.spi.SqlExceptionHelper.convert(SqlExceptionHelper.java:113) ~[hibernate-core-5.6.15.Final.jar:5.6.15.Final]
	at org.hibernate.engine.jdbc.spi.SqlExceptionHelper.convert(SqlExceptionHelper.java:99) ~[hibernate-core-5.6.15.Final.jar:5.6.15.Final]
	at org.hibernate.engine.jdbc.internal.ResultSetReturnImpl.extract(ResultSetReturnImpl.java:67) ~[hibernate-core-5.6.15.Final.jar:5.6.15.Final]
	at org.hibernate.loader.Loader.getResultSet(Loader.java:2322) ~[hibernate-core-5.6.15.Final.jar:5.6.15.Final]
	at org.hibernate.loader.Loader.executeQueryStatement(Loader.java:2075) ~[hibernate-core-5.6.15.Final.jar:5.6.15.Final]
	at org.hibernate.loader.Loader.executeQueryStatement(Loader.java:2037) ~[hibernate-core-5.6.15.Final.jar:5.6.15.Final]
	at org.hibernate.loader.Loader.doQuery(Loader.java:956) ~[hibernate-core-5.6.15.Final.jar:5.6.15.Final]
	at org.hibernate.loader.Loader.doQueryAndInitializeNonLazyCollections(Loader.java:357) ~[hibernate-core-5.6.15.Final.jar:5.6.15.Final]
	at org.hibernate.loader.Loader.doList(Loader.java:2868) ~[hibernate-core-5.6.15.Final.jar:5.6.15.Final]
	at org.hibernate.loader.Loader.doList(Loader.java:2850) ~[hibernate-core-5.6.15.Final.jar:5.6.15.Final]
	at org.hibernate.loader.Loader.listIgnoreQueryCache(Loader.java:2682) ~[hibernate-core-5.6.15.Final.jar:5.6.15.Final]
	at org.hibernate.loader.Loader.list(Loader.java:2677) ~[hibernate-core-5.6.15.Final.jar:5.6.15.Final]
	at org.hibernate.loader.hql.QueryLoader.list(QueryLoader.java:540) ~[hibernate-core-5.6.15.Final.jar:5.6.15.Final]
	at org.hibernate.hql.internal.ast.QueryTranslatorImpl.list(QueryTranslatorImpl.java:400) ~[hibernate-core-5.6.15.Final.jar:5.6.15.Final]
	at org.hibernate.engine.query.spi.HQLQueryPlan.performList(HQLQueryPlan.java:218) ~[hibernate-core-5.6.15.Final.jar:5.6.15.Final]
	at org.hibernate.internal.SessionImpl.list(SessionImpl.java:1459) ~[hibernate-core-5.6.15.Final.jar:5.6.15.Final]
	at org.hibernate.query.internal.AbstractProducedQuery.doList(AbstractProducedQuery.java:1649) ~[hibernate-core-5.6.15.Final.jar:5.6.15.Final]
	at org.hibernate.query.internal.AbstractProducedQuery.list(AbstractProducedQuery.java:1617) ~[hibernate-core-5.6.15.Final.jar:5.6.15.Final]
	... 37 more
Caused by: java.sql.SQLNonTransientConnectionException: (conn=227) Server shutdown in progress
	at org.mariadb.jdbc.internal.util.exceptions.ExceptionMapper.get(ExceptionMapper.java:241) ~[mariadb-java-client-2.5.0.jar:?]
	at org.mariadb.jdbc.internal.util.exceptions.ExceptionMapper.getException(ExceptionMapper.java:164) ~[mariadb-java-client-2.5.0.jar:?]
	at org.mariadb.jdbc.MariaDbStatement.executeExceptionEpilogue_aroundBody2(MariaDbStatement.java:244) ~[mariadb-java-client-2.5.0.jar:?]
	at org.mariadb.jdbc.MariaDbStatement.executeExceptionEpilogue_aroundBody3$advice(MariaDbStatement.java:130) ~[mariadb-java-client-2.5.0.jar:?]
	at org.mariadb.jdbc.MariaDbStatement.executeExceptionEpilogue(MariaDbStatement.java:1) ~[mariadb-java-client-2.5.0.jar:?]
	at org.mariadb.jdbc.ClientSidePreparedStatement.executeInternal_aroundBody6(ClientSidePreparedStatement.java:225) ~[mariadb-java-client-2.5.0.jar:?]
	at org.mariadb.jdbc.ClientSidePreparedStatement.executeInternal_aroundBody7$advice(ClientSidePreparedStatement.java:130) ~[mariadb-java-client-2.5.0.jar:?]
	at org.mariadb.jdbc.ClientSidePreparedStatement.executeInternal(ClientSidePreparedStatement.java:1) ~[mariadb-java-client-2.5.0.jar:?]
	at org.mariadb.jdbc.ClientSidePreparedStatement.execute_aroundBody0(ClientSidePreparedStatement.java:145) ~[mariadb-java-client-2.5.0.jar:?]
	at org.mariadb.jdbc.ClientSidePreparedStatement.execute_aroundBody1$advice(ClientSidePreparedStatement.java:130) ~[mariadb-java-client-2.5.0.jar:?]
	at org.mariadb.jdbc.ClientSidePreparedStatement.execute(ClientSidePreparedStatement.java:1) ~[mariadb-java-client-2.5.0.jar:?]
	at org.mariadb.jdbc.ClientSidePreparedStatement.executeQuery_aroundBody2(ClientSidePreparedStatement.java:159) ~[mariadb-java-client-2.5.0.jar:?]
	at org.mariadb.jdbc.ClientSidePreparedStatement.executeQuery_aroundBody3$advice(ClientSidePreparedStatement.java:130) ~[mariadb-java-client-2.5.0.jar:?]
	at org.mariadb.jdbc.ClientSidePreparedStatement.executeQuery(ClientSidePreparedStatement.java:1) ~[mariadb-java-client-2.5.0.jar:?]
	at jdk.internal.reflect.GeneratedMethodAccessor123.invoke(Unknown Source) ~[?:?]
	at jdk.internal.reflect.DelegatingMethodAccessorImpl.invoke(DelegatingMethodAccessorImpl.java:43) ~[?:?]
	at java.lang.reflect.Method.invoke(Method.java:566) ~[?:?]
	at org.apache.tomcat.jdbc.pool.StatementFacade$StatementProxy.invoke(StatementFacade.java:118) ~[tomcat-jdbc-9.0.86.jar:?]
	at com.sun.proxy.$Proxy105.executeQuery_aroundBody26(Unknown Source) ~[?:?]
	at com.sun.proxy.$Proxy105.executeQuery_aroundBody27$advice(Unknown Source) ~[?:?]
	at com.sun.proxy.$Proxy105.executeQuery(Unknown Source) ~[?:?]
	at org.hibernate.engine.jdbc.internal.ResultSetReturnImpl.extract(ResultSetReturnImpl.java:57) ~[hibernate-core-5.6.15.Final.jar:5.6.15.Final]
	at org.hibernate.loader.Loader.getResultSet(Loader.java:2322) ~[hibernate-core-5.6.15.Final.jar:5.6.15.Final]
	at org.hibernate.loader.Loader.executeQueryStatement(Loader.java:2075) ~[hibernate-core-5.6.15.Final.jar:5.6.15.Final]
	at org.hibernate.loader.Loader.executeQueryStatement(Loader.java:2037) ~[hibernate-core-5.6.15.Final.jar:5.6.15.Final]
	at org.hibernate.loader.Loader.doQuery(Loader.java:956) ~[hibernate-core-5.6.15.Final.jar:5.6.15.Final]
	at org.hibernate.loader.Loader.doQueryAndInitializeNonLazyCollections(Loader.java:357) ~[hibernate-core-5.6.15.Final.jar:5.6.15.Final]
	at org.hibernate.loader.Loader.doList(Loader.java:2868) ~[hibernate-core-5.6.15.Final.jar:5.6.15.Final]
	at org.hibernate.loader.Loader.doList(Loader.java:2850) ~[hibernate-core-5.6.15.Final.jar:5.6.15.Final]
	at org.hibernate.loader.Loader.listIgnoreQueryCache(Loader.java:2682) ~[hibernate-core-5.6.15.Final.jar:5.6.15.Final]
	at org.hibernate.loader.Loader.list(Loader.java:2677) ~[hibernate-core-5.6.15.Final.jar:5.6.15.Final]
	at org.hibernate.loader.hql.QueryLoader.list(QueryLoader.java:540) ~[hibernate-core-5.6.15.Final.jar:5.6.15.Final]
	at org.hibernate.hql.internal.ast.QueryTranslatorImpl.list(QueryTranslatorImpl.java:400) ~[hibernate-core-5.6.15.Final.jar:5.6.15.Final]
	at org.hibernate.engine.query.spi.HQLQueryPlan.performList(HQLQueryPlan.java:218) ~[hibernate-core-5.6.15.Final.jar:5.6.15.Final]
	at org.hibernate.internal.SessionImpl.list(SessionImpl.java:1459) ~[hibernate-core-5.6.15.Final.jar:5.6.15.Final]
	at org.hibernate.query.internal.AbstractProducedQuery.doList(AbstractProducedQuery.java:1649) ~[hibernate-core-5.6.15.Final.jar:5.6.15.Final]
	at org.hibernate.query.internal.AbstractProducedQuery.list(AbstractProducedQuery.java:1617) ~[hibernate-core-5.6.15.Final.jar:5.6.15.Final]
	... 37 more
Caused by: java.sql.SQLException: Server shutdown in progress
	at org.mariadb.jdbc.internal.protocol.AbstractQueryProtocol.readErrorPacket(AbstractQueryProtocol.java:1599) ~[mariadb-java-client-2.5.0.jar:?]
	at org.mariadb.jdbc.internal.protocol.AbstractQueryProtocol.readPacket(AbstractQueryProtocol.java:1461) ~[mariadb-java-client-2.5.0.jar:?]
	at org.mariadb.jdbc.internal.protocol.AbstractQueryProtocol.getResult(AbstractQueryProtocol.java:1424) ~[mariadb-java-client-2.5.0.jar:?]
	at org.mariadb.jdbc.internal.protocol.AbstractQueryProtocol.executeQuery(AbstractQueryProtocol.java:240) ~[mariadb-java-client-2.5.0.jar:?]
	at org.mariadb.jdbc.ClientSidePreparedStatement.executeInternal_aroundBody6(ClientSidePreparedStatement.java:216) ~[mariadb-java-client-2.5.0.jar:?]
	at org.mariadb.jdbc.ClientSidePreparedStatement.executeInternal_aroundBody7$advice(ClientSidePreparedStatement.java:130) ~[mariadb-java-client-2.5.0.jar:?]
	at org.mariadb.jdbc.ClientSidePreparedStatement.executeInternal(ClientSidePreparedStatement.java:1) ~[mariadb-java-client-2.5.0.jar:?]
	at org.mariadb.jdbc.ClientSidePreparedStatement.execute_aroundBody0(ClientSidePreparedStatement.java:145) ~[mariadb-java-client-2.5.0.jar:?]
	at org.mariadb.jdbc.ClientSidePreparedStatement.execute_aroundBody1$advice(ClientSidePreparedStatement.java:130) ~[mariadb-java-client-2.5.0.jar:?]
	at org.mariadb.jdbc.ClientSidePreparedStatement.execute(ClientSidePreparedStatement.java:1) ~[mariadb-java-client-2.5.0.jar:?]
	at org.mariadb.jdbc.ClientSidePreparedStatement.executeQuery_aroundBody2(ClientSidePreparedStatement.java:159) ~[mariadb-java-client-2.5.0.jar:?]
	at org.mariadb.jdbc.ClientSidePreparedStatement.executeQuery_aroundBody3$advice(ClientSidePreparedStatement.java:130) ~[mariadb-java-client-2.5.0.jar:?]
	at org.mariadb.jdbc.ClientSidePreparedStatement.executeQuery(ClientSidePreparedStatement.java:1) ~[mariadb-java-client-2.5.0.jar:?]
	at jdk.internal.reflect.GeneratedMethodAccessor123.invoke(Unknown Source) ~[?:?]
	at jdk.internal.reflect.DelegatingMethodAccessorImpl.invoke(DelegatingMethodAccessorImpl.java:43) ~[?:?]
	at java.lang.reflect.Method.invoke(Method.java:566) ~[?:?]
	at org.apache.tomcat.jdbc.pool.StatementFacade$StatementProxy.invoke(StatementFacade.java:118) ~[tomcat-jdbc-9.0.86.jar:?]
	at com.sun.proxy.$Proxy105.executeQuery_aroundBody26(Unknown Source) ~[?:?]
	at com.sun.proxy.$Proxy105.executeQuery_aroundBody27$advice(Unknown Source) ~[?:?]
	at com.sun.proxy.$Proxy105.executeQuery(Unknown Source) ~[?:?]
	at org.hibernate.engine.jdbc.internal.ResultSetReturnImpl.extract(ResultSetReturnImpl.java:57) ~[hibernate-core-5.6.15.Final.jar:5.6.15.Final]
	at org.hibernate.loader.Loader.getResultSet(Loader.java:2322) ~[hibernate-core-5.6.15.Final.jar:5.6.15.Final]
	at org.hibernate.loader.Loader.executeQueryStatement(Loader.java:2075) ~[hibernate-core-5.6.15.Final.jar:5.6.15.Final]
	at org.hibernate.loader.Loader.executeQueryStatement(Loader.java:2037) ~[hibernate-core-5.6.15.Final.jar:5.6.15.Final]
	at org.hibernate.loader.Loader.doQuery(Loader.java:956) ~[hibernate-core-5.6.15.Final.jar:5.6.15.Final]
	at org.hibernate.loader.Loader.doQueryAndInitializeNonLazyCollections(Loader.java:357) ~[hibernate-core-5.6.15.Final.jar:5.6.15.Final]
	at org.hibernate.loader.Loader.doList(Loader.java:2868) ~[hibernate-core-5.6.15.Final.jar:5.6.15.Final]
	at org.hibernate.loader.Loader.doList(Loader.java:2850) ~[hibernate-core-5.6.15.Final.jar:5.6.15.Final]
	at org.hibernate.loader.Loader.listIgnoreQueryCache(Loader.java:2682) ~[hibernate-core-5.6.15.Final.jar:5.6.15.Final]
	at org.hibernate.loader.Loader.list(Loader.java:2677) ~[hibernate-core-5.6.15.Final.jar:5.6.15.Final]
	at org.hibernate.loader.hql.QueryLoader.list(QueryLoader.java:540) ~[hibernate-core-5.6.15.Final.jar:5.6.15.Final]
	at org.hibernate.hql.internal.ast.QueryTranslatorImpl.list(QueryTranslatorImpl.java:400) ~[hibernate-core-5.6.15.Final.jar:5.6.15.Final]
	at org.hibernate.engine.query.spi.HQLQueryPlan.performList(HQLQueryPlan.java:218) ~[hibernate-core-5.6.15.Final.jar:5.6.15.Final]
	at org.hibernate.internal.SessionImpl.list(SessionImpl.java:1459) ~[hibernate-core-5.6.15.Final.jar:5.6.15.Final]
	at org.hibernate.query.internal.AbstractProducedQuery.doList(AbstractProducedQuery.java:1649) ~[hibernate-core-5.6.15.Final.jar:5.6.15.Final]
	at org.hibernate.query.internal.AbstractProducedQuery.list(AbstractProducedQuery.java:1617) ~[hibernate-core-5.6.15.Final.jar:5.6.15.Final]
	... 37 more
ERROR   02 Jul 2024 11:30:49 org.joget.workflow.shark.DeadlineChecker - Profile : sinarmas
org.springframework.transaction.UnexpectedRollbackException: JTA transaction unexpectedly rolled back (maybe due to a timeout); nested exception is bitronix.tm.internal.BitronixRollbackException: transaction was marked as rollback only and has been rolled back
	at org.springframework.transaction.jta.JtaTransactionManager.doCommit(JtaTransactionManager.java:1038) ~[spring-tx-5.3.33.jar:5.3.33]
	at org.springframework.transaction.support.AbstractPlatformTransactionManager.processCommit(AbstractPlatformTransactionManager.java:743) ~[spring-tx-5.3.33.jar:5.3.33]
	at org.springframework.transaction.support.AbstractPlatformTransactionManager.commit(AbstractPlatformTransactionManager.java:711) ~[spring-tx-5.3.33.jar:5.3.33]
	at org.springframework.transaction.interceptor.TransactionAspectSupport.commitTransactionAfterReturning(TransactionAspectSupport.java:654) ~[spring-tx-5.3.33.jar:5.3.33]
	at org.springframework.transaction.interceptor.TransactionAspectSupport.invokeWithinTransaction(TransactionAspectSupport.java:407) ~[spring-tx-5.3.33.jar:5.3.33]
	at org.springframework.transaction.interceptor.TransactionInterceptor.invoke(TransactionInterceptor.java:119) ~[spring-tx-5.3.33.jar:5.3.33]
	at org.springframework.aop.framework.ReflectiveMethodInvocation.proceed(ReflectiveMethodInvocation.java:186) ~[spring-aop-5.3.33.jar:5.3.33]
	at org.joget.apps.app.service.SqlFilterAspect.invoke(SqlFilterAspect.java:38) ~[classes/:?]
	at org.springframework.aop.framework.ReflectiveMethodInvocation.proceed(ReflectiveMethodInvocation.java:186) ~[spring-aop-5.3.33.jar:5.3.33]
	at org.springframework.aop.interceptor.ExposeInvocationInterceptor.invoke(ExposeInvocationInterceptor.java:97) ~[spring-aop-5.3.33.jar:5.3.33]
	at org.springframework.aop.framework.ReflectiveMethodInvocation.proceed(ReflectiveMethodInvocation.java:186) ~[spring-aop-5.3.33.jar:5.3.33]
	at org.springframework.aop.framework.JdkDynamicAopProxy.invoke(JdkDynamicAopProxy.java:241) ~[spring-aop-5.3.33.jar:5.3.33]
	at com.sun.proxy.$Proxy131.internalCheckDeadlines(Unknown Source) ~[?:?]
	at org.joget.workflow.shark.DeadlineChecker.runMe(DeadlineChecker.java:240) [wflow-wfengine-8.1.1.jar:?]
	at org.joget.workflow.shark.DeadlineChecker.run(DeadlineChecker.java:143) [wflow-wfengine-8.1.1.jar:?]
Caused by: bitronix.tm.internal.BitronixRollbackException: transaction was marked as rollback only and has been rolled back
	at bitronix.tm.BitronixTransaction.commit(BitronixTransaction.java:265) ~[btm-2.1.4.jar:2.1.4]
	at bitronix.tm.BitronixTransactionManager.commit(BitronixTransactionManager.java:143) ~[btm-2.1.4.jar:2.1.4]
	at org.springframework.transaction.jta.JtaTransactionManager.doCommit(JtaTransactionManager.java:1035) ~[spring-tx-5.3.33.jar:5.3.33]
	... 14 more
ERROR   02 Jul 2024 11:30:49 org.hibernate.engine.jdbc.spi.SqlExceptionHelper - (conn=209) Server shutdown in progress
ERROR   02 Jul 2024 11:30:49 org.hibernate.engine.jdbc.spi.SqlExceptionHelper - (conn=209) Connection is closed
ERROR   02 Jul 2024 11:30:49 org.joget.workflow.shark.DeadlineChecker - javax.persistence.PersistenceException: org.hibernate.exception.JDBCConnectionException: could not execute statement
javax.persistence.PersistenceException: org.hibernate.exception.JDBCConnectionException: could not execute statement
	at org.hibernate.internal.ExceptionConverterImpl.convert(ExceptionConverterImpl.java:154) ~[hibernate-core-5.6.15.Final.jar:5.6.15.Final]
	at org.hibernate.internal.ExceptionConverterImpl.convert(ExceptionConverterImpl.java:181) ~[hibernate-core-5.6.15.Final.jar:5.6.15.Final]
	at org.hibernate.internal.ExceptionConverterImpl.convert(ExceptionConverterImpl.java:188) ~[hibernate-core-5.6.15.Final.jar:5.6.15.Final]
	at org.hibernate.internal.SessionImpl.doFlush(SessionImpl.java:1411) ~[hibernate-core-5.6.15.Final.jar:5.6.15.Final]
	at org.hibernate.internal.SessionImpl.flush(SessionImpl.java:1394) ~[hibernate-core-5.6.15.Final.jar:5.6.15.Final]
	at org.joget.commons.spring.model.AbstractSpringDao.delete(AbstractSpringDao.java:49) ~[wflow-commons-8.1.1.jar:?]
	at org.joget.commons.util.SetupDao.delete(SetupDao.java:21) ~[wflow-commons-8.1.1.jar:?]
	at org.joget.commons.util.SetupDao$$FastClassBySpringCGLIB$$3a7fd694.invoke(<generated>) ~[wflow-commons-8.1.1.jar:?]
	at org.springframework.cglib.proxy.MethodProxy.invoke(MethodProxy.java:218) ~[spring-core-5.3.33.jar:5.3.33]
	at org.springframework.aop.framework.CglibAopProxy$CglibMethodInvocation.invokeJoinpoint(CglibAopProxy.java:792) ~[spring-aop-5.3.33.jar:5.3.33]
	at org.springframework.aop.framework.ReflectiveMethodInvocation.proceed(ReflectiveMethodInvocation.java:163) ~[spring-aop-5.3.33.jar:5.3.33]
	at org.springframework.aop.framework.CglibAopProxy$CglibMethodInvocation.proceed(CglibAopProxy.java:762) ~[spring-aop-5.3.33.jar:5.3.33]
	at org.springframework.transaction.interceptor.TransactionInterceptor$1.proceedWithInvocation(TransactionInterceptor.java:123) ~[spring-tx-5.3.33.jar:5.3.33]
	at org.springframework.transaction.interceptor.TransactionAspectSupport.invokeWithinTransaction(TransactionAspectSupport.java:388) ~[spring-tx-5.3.33.jar:5.3.33]
	at org.springframework.transaction.interceptor.TransactionInterceptor.invoke(TransactionInterceptor.java:119) ~[spring-tx-5.3.33.jar:5.3.33]
	at org.springframework.aop.framework.ReflectiveMethodInvocation.proceed(ReflectiveMethodInvocation.java:186) ~[spring-aop-5.3.33.jar:5.3.33]
	at org.springframework.aop.framework.CglibAopProxy$CglibMethodInvocation.proceed(CglibAopProxy.java:762) ~[spring-aop-5.3.33.jar:5.3.33]
	at org.springframework.aop.interceptor.ExposeInvocationInterceptor.invoke(ExposeInvocationInterceptor.java:97) ~[spring-aop-5.3.33.jar:5.3.33]
	at org.springframework.aop.framework.ReflectiveMethodInvocation.proceed(ReflectiveMethodInvocation.java:186) ~[spring-aop-5.3.33.jar:5.3.33]
	at org.springframework.aop.framework.CglibAopProxy$CglibMethodInvocation.proceed(CglibAopProxy.java:762) ~[spring-aop-5.3.33.jar:5.3.33]
	at org.springframework.aop.framework.CglibAopProxy$DynamicAdvisedInterceptor.intercept(CglibAopProxy.java:707) ~[spring-aop-5.3.33.jar:5.3.33]
	at org.joget.commons.util.SetupDao$$EnhancerBySpringCGLIB$$129f182d.delete(<generated>) ~[wflow-commons-8.1.1.jar:?]
	at org.joget.workflow.shark.DeadlineChecker.runMe(DeadlineChecker.java:253) [wflow-wfengine-8.1.1.jar:?]
	at org.joget.workflow.shark.DeadlineChecker.run(DeadlineChecker.java:143) [wflow-wfengine-8.1.1.jar:?]
Caused by: org.hibernate.exception.JDBCConnectionException: could not execute statement
	at org.hibernate.exception.internal.SQLExceptionTypeDelegate.convert(SQLExceptionTypeDelegate.java:48) ~[hibernate-core-5.6.15.Final.jar:5.6.15.Final]
	at org.hibernate.exception.internal.StandardSQLExceptionConverter.convert(StandardSQLExceptionConverter.java:37) ~[hibernate-core-5.6.15.Final.jar:5.6.15.Final]
	at org.hibernate.engine.jdbc.spi.SqlExceptionHelper.convert(SqlExceptionHelper.java:113) ~[hibernate-core-5.6.15.Final.jar:5.6.15.Final]
	at org.hibernate.engine.jdbc.spi.SqlExceptionHelper.convert(SqlExceptionHelper.java:99) ~[hibernate-core-5.6.15.Final.jar:5.6.15.Final]
	at org.hibernate.engine.jdbc.internal.ResultSetReturnImpl.executeUpdate(ResultSetReturnImpl.java:200) ~[hibernate-core-5.6.15.Final.jar:5.6.15.Final]
	at org.hibernate.engine.jdbc.batch.internal.NonBatchingBatch.addToBatch(NonBatchingBatch.java:46) ~[hibernate-core-5.6.15.Final.jar:5.6.15.Final]
	at org.hibernate.persister.entity.AbstractEntityPersister.delete(AbstractEntityPersister.java:3698) ~[hibernate-core-5.6.15.Final.jar:5.6.15.Final]
	at org.hibernate.persister.entity.AbstractEntityPersister.delete(AbstractEntityPersister.java:3987) ~[hibernate-core-5.6.15.Final.jar:5.6.15.Final]
	at org.hibernate.action.internal.EntityDeleteAction.execute(EntityDeleteAction.java:123) ~[hibernate-core-5.6.15.Final.jar:5.6.15.Final]
	at org.hibernate.engine.spi.ActionQueue.executeActions(ActionQueue.java:604) ~[hibernate-core-5.6.15.Final.jar:5.6.15.Final]
	at org.hibernate.engine.spi.ActionQueue.lambda$executeActions$1(ActionQueue.java:478) ~[hibernate-core-5.6.15.Final.jar:5.6.15.Final]
	at java.util.LinkedHashMap.forEach(LinkedHashMap.java:684) ~[?:?]
	at org.hibernate.engine.spi.ActionQueue.executeActions(ActionQueue.java:475) ~[hibernate-core-5.6.15.Final.jar:5.6.15.Final]
	at org.hibernate.event.internal.AbstractFlushingEventListener.performExecutions(AbstractFlushingEventListener.java:344) ~[hibernate-core-5.6.15.Final.jar:5.6.15.Final]
	at org.hibernate.event.internal.DefaultFlushEventListener.onFlush(DefaultFlushEventListener.java:40) ~[hibernate-core-5.6.15.Final.jar:5.6.15.Final]
	at org.hibernate.event.service.internal.EventListenerGroupImpl.fireEventOnEachListener(EventListenerGroupImpl.java:107) ~[hibernate-core-5.6.15.Final.jar:5.6.15.Final]
	at org.hibernate.internal.SessionImpl.doFlush(SessionImpl.java:1407) ~[hibernate-core-5.6.15.Final.jar:5.6.15.Final]
	... 20 more
Caused by: java.sql.SQLNonTransientConnectionException: (conn=209) Connection is closed
	at org.mariadb.jdbc.internal.util.exceptions.ExceptionMapper.get(ExceptionMapper.java:241) ~[mariadb-java-client-2.5.0.jar:?]
	at org.mariadb.jdbc.internal.util.exceptions.ExceptionMapper.getException(ExceptionMapper.java:164) ~[mariadb-java-client-2.5.0.jar:?]
	at org.mariadb.jdbc.MariaDbStatement.executeExceptionEpilogue_aroundBody2(MariaDbStatement.java:244) ~[mariadb-java-client-2.5.0.jar:?]
	at org.mariadb.jdbc.MariaDbStatement.executeExceptionEpilogue_aroundBody3$advice(MariaDbStatement.java:130) ~[mariadb-java-client-2.5.0.jar:?]
	at org.mariadb.jdbc.MariaDbStatement.executeExceptionEpilogue(MariaDbStatement.java:1) ~[mariadb-java-client-2.5.0.jar:?]
	at org.mariadb.jdbc.ClientSidePreparedStatement.executeInternal_aroundBody6(ClientSidePreparedStatement.java:225) ~[mariadb-java-client-2.5.0.jar:?]
	at org.mariadb.jdbc.ClientSidePreparedStatement.executeInternal_aroundBody7$advice(ClientSidePreparedStatement.java:130) ~[mariadb-java-client-2.5.0.jar:?]
	at org.mariadb.jdbc.ClientSidePreparedStatement.executeInternal(ClientSidePreparedStatement.java:1) ~[mariadb-java-client-2.5.0.jar:?]
	at org.mariadb.jdbc.ClientSidePreparedStatement.execute_aroundBody0(ClientSidePreparedStatement.java:145) ~[mariadb-java-client-2.5.0.jar:?]
	at org.mariadb.jdbc.ClientSidePreparedStatement.execute_aroundBody1$advice(ClientSidePreparedStatement.java:130) ~[mariadb-java-client-2.5.0.jar:?]
	at org.mariadb.jdbc.ClientSidePreparedStatement.execute(ClientSidePreparedStatement.java:1) ~[mariadb-java-client-2.5.0.jar:?]
	at org.mariadb.jdbc.ClientSidePreparedStatement.executeUpdate_aroundBody4(ClientSidePreparedStatement.java:176) ~[mariadb-java-client-2.5.0.jar:?]
	at org.mariadb.jdbc.ClientSidePreparedStatement.executeUpdate_aroundBody5$advice(ClientSidePreparedStatement.java:130) ~[mariadb-java-client-2.5.0.jar:?]
	at org.mariadb.jdbc.ClientSidePreparedStatement.executeUpdate(ClientSidePreparedStatement.java:1) ~[mariadb-java-client-2.5.0.jar:?]
	at jdk.internal.reflect.GeneratedMethodAccessor281.invoke(Unknown Source) ~[?:?]
	at jdk.internal.reflect.DelegatingMethodAccessorImpl.invoke(DelegatingMethodAccessorImpl.java:43) ~[?:?]
	at java.lang.reflect.Method.invoke(Method.java:566) ~[?:?]
	at org.apache.tomcat.jdbc.pool.StatementFacade$StatementProxy.invoke(StatementFacade.java:118) ~[tomcat-jdbc-9.0.86.jar:?]
	at com.sun.proxy.$Proxy105.executeUpdate_aroundBody16(Unknown Source) ~[?:?]
	at com.sun.proxy.$Proxy105.executeUpdate_aroundBody17$advice(Unknown Source) ~[?:?]
	at com.sun.proxy.$Proxy105.executeUpdate(Unknown Source) ~[?:?]
	at org.hibernate.engine.jdbc.internal.ResultSetReturnImpl.executeUpdate(ResultSetReturnImpl.java:197) ~[hibernate-core-5.6.15.Final.jar:5.6.15.Final]
	at org.hibernate.engine.jdbc.batch.internal.NonBatchingBatch.addToBatch(NonBatchingBatch.java:46) ~[hibernate-core-5.6.15.Final.jar:5.6.15.Final]
	at org.hibernate.persister.entity.AbstractEntityPersister.delete(AbstractEntityPersister.java:3698) ~[hibernate-core-5.6.15.Final.jar:5.6.15.Final]
	at org.hibernate.persister.entity.AbstractEntityPersister.delete(AbstractEntityPersister.java:3987) ~[hibernate-core-5.6.15.Final.jar:5.6.15.Final]
	at org.hibernate.action.internal.EntityDeleteAction.execute(EntityDeleteAction.java:123) ~[hibernate-core-5.6.15.Final.jar:5.6.15.Final]
	at org.hibernate.engine.spi.ActionQueue.executeActions(ActionQueue.java:604) ~[hibernate-core-5.6.15.Final.jar:5.6.15.Final]
	at org.hibernate.engine.spi.ActionQueue.lambda$executeActions$1(ActionQueue.java:478) ~[hibernate-core-5.6.15.Final.jar:5.6.15.Final]
	at java.util.LinkedHashMap.forEach(LinkedHashMap.java:684) ~[?:?]
	at org.hibernate.engine.spi.ActionQueue.executeActions(ActionQueue.java:475) ~[hibernate-core-5.6.15.Final.jar:5.6.15.Final]
	at org.hibernate.event.internal.AbstractFlushingEventListener.performExecutions(AbstractFlushingEventListener.java:344) ~[hibernate-core-5.6.15.Final.jar:5.6.15.Final]
	at org.hibernate.event.internal.DefaultFlushEventListener.onFlush(DefaultFlushEventListener.java:40) ~[hibernate-core-5.6.15.Final.jar:5.6.15.Final]
	at org.hibernate.event.service.internal.EventListenerGroupImpl.fireEventOnEachListener(EventListenerGroupImpl.java:107) ~[hibernate-core-5.6.15.Final.jar:5.6.15.Final]
	at org.hibernate.internal.SessionImpl.doFlush(SessionImpl.java:1407) ~[hibernate-core-5.6.15.Final.jar:5.6.15.Final]
	... 20 more
Caused by: java.sql.SQLException: Connection is closed
	at org.mariadb.jdbc.internal.protocol.AbstractQueryProtocol.cmdPrologue(AbstractQueryProtocol.java:1850) ~[mariadb-java-client-2.5.0.jar:?]
	at org.mariadb.jdbc.internal.protocol.AbstractQueryProtocol.executeQuery(AbstractQueryProtocol.java:225) ~[mariadb-java-client-2.5.0.jar:?]
	at org.mariadb.jdbc.ClientSidePreparedStatement.executeInternal_aroundBody6(ClientSidePreparedStatement.java:216) ~[mariadb-java-client-2.5.0.jar:?]
	at org.mariadb.jdbc.ClientSidePreparedStatement.executeInternal_aroundBody7$advice(ClientSidePreparedStatement.java:130) ~[mariadb-java-client-2.5.0.jar:?]
	at org.mariadb.jdbc.ClientSidePreparedStatement.executeInternal(ClientSidePreparedStatement.java:1) ~[mariadb-java-client-2.5.0.jar:?]
	at org.mariadb.jdbc.ClientSidePreparedStatement.execute_aroundBody0(ClientSidePreparedStatement.java:145) ~[mariadb-java-client-2.5.0.jar:?]
	at org.mariadb.jdbc.ClientSidePreparedStatement.execute_aroundBody1$advice(ClientSidePreparedStatement.java:130) ~[mariadb-java-client-2.5.0.jar:?]
	at org.mariadb.jdbc.ClientSidePreparedStatement.execute(ClientSidePreparedStatement.java:1) ~[mariadb-java-client-2.5.0.jar:?]
	at org.mariadb.jdbc.ClientSidePreparedStatement.executeUpdate_aroundBody4(ClientSidePreparedStatement.java:176) ~[mariadb-java-client-2.5.0.jar:?]
	at org.mariadb.jdbc.ClientSidePreparedStatement.executeUpdate_aroundBody5$advice(ClientSidePreparedStatement.java:130) ~[mariadb-java-client-2.5.0.jar:?]
	at org.mariadb.jdbc.ClientSidePreparedStatement.executeUpdate(ClientSidePreparedStatement.java:1) ~[mariadb-java-client-2.5.0.jar:?]
	at jdk.internal.reflect.GeneratedMethodAccessor281.invoke(Unknown Source) ~[?:?]
	at jdk.internal.reflect.DelegatingMethodAccessorImpl.invoke(DelegatingMethodAccessorImpl.java:43) ~[?:?]
	at java.lang.reflect.Method.invoke(Method.java:566) ~[?:?]
	at org.apache.tomcat.jdbc.pool.StatementFacade$StatementProxy.invoke(StatementFacade.java:118) ~[tomcat-jdbc-9.0.86.jar:?]
	at com.sun.proxy.$Proxy105.executeUpdate_aroundBody16(Unknown Source) ~[?:?]
	at com.sun.proxy.$Proxy105.executeUpdate_aroundBody17$advice(Unknown Source) ~[?:?]
	at com.sun.proxy.$Proxy105.executeUpdate(Unknown Source) ~[?:?]
	at org.hibernate.engine.jdbc.internal.ResultSetReturnImpl.executeUpdate(ResultSetReturnImpl.java:197) ~[hibernate-core-5.6.15.Final.jar:5.6.15.Final]
	at org.hibernate.engine.jdbc.batch.internal.NonBatchingBatch.addToBatch(NonBatchingBatch.java:46) ~[hibernate-core-5.6.15.Final.jar:5.6.15.Final]
	at org.hibernate.persister.entity.AbstractEntityPersister.delete(AbstractEntityPersister.java:3698) ~[hibernate-core-5.6.15.Final.jar:5.6.15.Final]
	at org.hibernate.persister.entity.AbstractEntityPersister.delete(AbstractEntityPersister.java:3987) ~[hibernate-core-5.6.15.Final.jar:5.6.15.Final]
	at org.hibernate.action.internal.EntityDeleteAction.execute(EntityDeleteAction.java:123) ~[hibernate-core-5.6.15.Final.jar:5.6.15.Final]
	at org.hibernate.engine.spi.ActionQueue.executeActions(ActionQueue.java:604) ~[hibernate-core-5.6.15.Final.jar:5.6.15.Final]
	at org.hibernate.engine.spi.ActionQueue.lambda$executeActions$1(ActionQueue.java:478) ~[hibernate-core-5.6.15.Final.jar:5.6.15.Final]
	at java.util.LinkedHashMap.forEach(LinkedHashMap.java:684) ~[?:?]
	at org.hibernate.engine.spi.ActionQueue.executeActions(ActionQueue.java:475) ~[hibernate-core-5.6.15.Final.jar:5.6.15.Final]
	at org.hibernate.event.internal.AbstractFlushingEventListener.performExecutions(AbstractFlushingEventListener.java:344) ~[hibernate-core-5.6.15.Final.jar:5.6.15.Final]
	at org.hibernate.event.internal.DefaultFlushEventListener.onFlush(DefaultFlushEventListener.java:40) ~[hibernate-core-5.6.15.Final.jar:5.6.15.Final]
	at org.hibernate.event.service.internal.EventListenerGroupImpl.fireEventOnEachListener(EventListenerGroupImpl.java:107) ~[hibernate-core-5.6.15.Final.jar:5.6.15.Final]
	at org.hibernate.internal.SessionImpl.doFlush(SessionImpl.java:1407) ~[hibernate-core-5.6.15.Final.jar:5.6.15.Final]
	... 20 more
