INFO    06 Jun 2024 09:20:45 PackageEventLogger - UTCTime=1717665645738,EventType=packageLoaded,PackageId=JogetDxShowcase,PackageVersion=1,EventPerformedBy=roleSystem
INFO    06 Jun 2024 09:20:45 org.joget.apps.app.service.AppServiceImpl - Imported xpdl
INFO    06 Jun 2024 09:20:45 org.joget.apps.app.service.AppServiceImpl - Imported process form mappings : 4
INFO    06 Jun 2024 09:20:46 org.joget.apps.app.service.AppServiceImpl - Imported process tool mappings : 9
INFO    06 Jun 2024 09:20:46 org.joget.apps.app.service.AppServiceImpl - Imported process participant mappings : 5
INFO    06 Jun 2024 09:20:46 org.joget.apps.app.service.AppServiceImpl - Imported app resources files : 3
INFO    06 Jun 2024 09:20:46 org.joget.apps.app.service.AppServiceImpl - Imported plugins : 0
INFO    06 Jun 2024 09:20:47 org.joget.apps.app.service.AppServiceImpl - Imported form datas - j_meeting_data : 11
INFO    06 Jun 2024 09:20:47 org.joget.apps.app.service.AppServiceImpl - Imported form datas - j_stock : 20
INFO    06 Jun 2024 09:20:47 org.joget.apps.app.service.AppServiceImpl - Imported form datas - j_chart_data : 7
INFO    06 Jun 2024 09:20:47 org.joget.apps.app.service.AppServiceImpl - Imported form datas - j_meeting_data : 11
INFO    06 Jun 2024 09:20:47 org.joget.apps.app.service.AppServiceImpl - Imported form datas - j_stock : 20
INFO    06 Jun 2024 09:20:47 org.joget.apps.app.service.AppServiceImpl - Imported form datas - j_chart_data : 7
INFO    06 Jun 2024 09:20:47 org.joget.apps.app.web.SetupServlet - Profile init complete: jwdb
INFO    06 Jun 2024 09:20:47 org.joget.apps.app.web.SetupServlet - ===== Database Setup Complete =====
ERROR   06 Jun 2024 09:22:00 org.joget.apm.APMUtil - java.lang.NullPointerException: target
java.lang.NullPointerException: target
	at java.util.Objects.requireNonNull(Objects.java:349) ~[?:?]
	at org.apache.commons.lang3.Validate.notNull(Validate.java:224) ~[commons-lang3-3.12.0.jar:3.12.0]
	at org.apache.commons.lang3.reflect.FieldUtils.readDeclaredField(FieldUtils.java:509) ~[commons-lang3-3.12.0.jar:3.12.0]
	at org.joget.apm.APMUtil.initUtilObjects(APMUtil.java:42) [classes/:?]
	at org.joget.apm.APMUtil.setTransactionName(APMUtil.java:497) [classes/:?]
	at org.joget.apps.app.web.ExpireFilter.doFilter(ExpireFilter.java:39) [classes/:?]
	at org.apache.catalina.core.ApplicationFilterChain.internalDoFilter(ApplicationFilterChain.java:178) [catalina.jar:9.0.86]
	at org.apache.catalina.core.ApplicationFilterChain.doFilter(ApplicationFilterChain.java:153) [catalina.jar:9.0.86]
	at org.springframework.web.filter.CharacterEncodingFilter.doFilterInternal(CharacterEncodingFilter.java:201) [spring-web-5.3.33.jar:5.3.33]
	at org.joget.apps.app.web.CustomCharacterEncodingFilter.doFilterInternal(CustomCharacterEncodingFilter.java:50) [classes/:?]
	at org.springframework.web.filter.OncePerRequestFilter.doFilter(OncePerRequestFilter.java:117) [spring-web-5.3.33.jar:5.3.33]
	at org.apache.catalina.core.ApplicationFilterChain.internalDoFilter(ApplicationFilterChain.java:178) [catalina.jar:9.0.86]
	at org.apache.catalina.core.ApplicationFilterChain.doFilter(ApplicationFilterChain.java:153) [catalina.jar:9.0.86]
	at org.apache.catalina.core.StandardWrapperValve.invoke(StandardWrapperValve.java:168) [catalina.jar:9.0.86]
	at org.apache.catalina.core.StandardContextValve.invoke(StandardContextValve.java:90) [catalina.jar:9.0.86]
	at org.apache.catalina.authenticator.AuthenticatorBase.invoke(AuthenticatorBase.java:481) [catalina.jar:9.0.86]
	at org.apache.catalina.core.StandardHostValve.invoke(StandardHostValve.java:130) [catalina.jar:9.0.86]
	at org.apache.catalina.valves.ErrorReportValve.invoke(ErrorReportValve.java:93) [catalina.jar:9.0.86]
	at org.apache.catalina.core.StandardEngineValve.invoke(StandardEngineValve.java:74) [catalina.jar:9.0.86]
	at org.apache.catalina.connector.CoyoteAdapter.service(CoyoteAdapter.java:346) [catalina.jar:9.0.86]
	at org.apache.coyote.http11.Http11Processor.service(Http11Processor.java:390) [tomcat-coyote.jar:9.0.86]
	at org.apache.coyote.AbstractProcessorLight.process(AbstractProcessorLight.java:63) [tomcat-coyote.jar:9.0.86]
	at org.apache.coyote.AbstractProtocol$ConnectionHandler.process(AbstractProtocol.java:928) [tomcat-coyote.jar:9.0.86]
	at org.apache.tomcat.util.net.NioEndpoint$SocketProcessor.doRun(NioEndpoint.java:1794) [tomcat-coyote.jar:9.0.86]
	at org.apache.tomcat.util.net.SocketProcessorBase.run(SocketProcessorBase.java:52) [tomcat-coyote.jar:9.0.86]
	at org.apache.tomcat.util.threads.ThreadPoolExecutor.runWorker(ThreadPoolExecutor.java:1191) [tomcat-util.jar:9.0.86]
	at org.apache.tomcat.util.threads.ThreadPoolExecutor$Worker.run(ThreadPoolExecutor.java:659) [tomcat-util.jar:9.0.86]
	at org.apache.tomcat.util.threads.TaskThread$WrappingRunnable.run(TaskThread.java:63) [tomcat-util.jar:9.0.86]
	at java.lang.Thread.run(Thread.java:829) [?:?]
ERROR   06 Jun 2024 09:22:00 org.joget.apm.APMUtil - java.lang.NullPointerException: target
java.lang.NullPointerException: target
	at java.util.Objects.requireNonNull(Objects.java:349) ~[?:?]
	at org.apache.commons.lang3.Validate.notNull(Validate.java:224) ~[commons-lang3-3.12.0.jar:3.12.0]
	at org.apache.commons.lang3.reflect.FieldUtils.readDeclaredField(FieldUtils.java:509) ~[commons-lang3-3.12.0.jar:3.12.0]
	at org.joget.apm.APMUtil.initUtilObjects(APMUtil.java:42) [classes/:?]
	at org.joget.apm.APMUtil.setTransactionName(APMUtil.java:497) [classes/:?]
	at org.joget.apps.app.controller.UserviewWebController.embedView(UserviewWebController.java:63) [classes/:?]
	at org.joget.apps.app.controller.UserviewWebController.view(UserviewWebController.java:45) [classes/:?]
	at jdk.internal.reflect.NativeMethodAccessorImpl.invoke0(Native Method) ~[?:?]
	at jdk.internal.reflect.NativeMethodAccessorImpl.invoke(NativeMethodAccessorImpl.java:62) ~[?:?]
	at jdk.internal.reflect.DelegatingMethodAccessorImpl.invoke(DelegatingMethodAccessorImpl.java:43) ~[?:?]
	at java.lang.reflect.Method.invoke(Method.java:566) ~[?:?]
	at org.springframework.web.method.support.InvocableHandlerMethod.doInvoke(InvocableHandlerMethod.java:205) [spring-web-5.3.33.jar:5.3.33]
	at org.springframework.web.method.support.InvocableHandlerMethod.invokeForRequest(InvocableHandlerMethod.java:150) [spring-web-5.3.33.jar:5.3.33]
	at org.springframework.web.servlet.mvc.method.annotation.ServletInvocableHandlerMethod.invokeAndHandle(ServletInvocableHandlerMethod.java:117) [spring-webmvc-5.3.33.jar:5.3.33]
	at org.springframework.web.servlet.mvc.method.annotation.RequestMappingHandlerAdapter.invokeHandlerMethod(RequestMappingHandlerAdapter.java:903) [spring-webmvc-5.3.33.jar:5.3.33]
	at org.springframework.web.servlet.mvc.method.annotation.RequestMappingHandlerAdapter.handleInternal(RequestMappingHandlerAdapter.java:809) [spring-webmvc-5.3.33.jar:5.3.33]
	at org.joget.commons.spring.web.ParameterizedAnnotationMethodHandlerAdapter.handleInternal(ParameterizedAnnotationMethodHandlerAdapter.java:32) [wflow-commons-8.1.1.jar:?]
	at org.springframework.web.servlet.mvc.method.AbstractHandlerMethodAdapter.handle(AbstractHandlerMethodAdapter.java:87) [spring-webmvc-5.3.33.jar:5.3.33]
	at org.springframework.web.servlet.DispatcherServlet.doDispatch(DispatcherServlet.java:1072) [spring-webmvc-5.3.33.jar:5.3.33]
	at org.springframework.web.servlet.DispatcherServlet.doService(DispatcherServlet.java:965) [spring-webmvc-5.3.33.jar:5.3.33]
	at org.springframework.web.servlet.FrameworkServlet.processRequest(FrameworkServlet.java:1006) [spring-webmvc-5.3.33.jar:5.3.33]
	at org.springframework.web.servlet.FrameworkServlet.doGet(FrameworkServlet.java:898) [spring-webmvc-5.3.33.jar:5.3.33]
	at javax.servlet.http.HttpServlet.service(HttpServlet.java:529) [servlet-api.jar:4.0.FR]
	at org.springframework.web.servlet.FrameworkServlet.service(FrameworkServlet.java:883) [spring-webmvc-5.3.33.jar:5.3.33]
	at javax.servlet.http.HttpServlet.service(HttpServlet.java:623) [servlet-api.jar:4.0.FR]
	at org.apache.catalina.core.ApplicationFilterChain.internalDoFilter(ApplicationFilterChain.java:209) [catalina.jar:9.0.86]
	at org.apache.catalina.core.ApplicationFilterChain.doFilter(ApplicationFilterChain.java:153) [catalina.jar:9.0.86]
	at org.apache.tomcat.websocket.server.WsFilter.doFilter(WsFilter.java:51) [tomcat-websocket.jar:9.0.86]
	at org.apache.catalina.core.ApplicationFilterChain.internalDoFilter(ApplicationFilterChain.java:178) [catalina.jar:9.0.86]
	at org.apache.catalina.core.ApplicationFilterChain.doFilter(ApplicationFilterChain.java:153) [catalina.jar:9.0.86]
	at org.joget.apps.app.web.GitRequestFilter.doFilter(GitRequestFilter.java:42) [classes/:?]
	at org.apache.catalina.core.ApplicationFilterChain.internalDoFilter(ApplicationFilterChain.java:178) [catalina.jar:9.0.86]
	at org.apache.catalina.core.ApplicationFilterChain.doFilter(ApplicationFilterChain.java:153) [catalina.jar:9.0.86]
	at org.joget.commons.util.AnalyzerFilter.doFilter_aroundBody0(AnalyzerFilter.java:17) [classes/:?]
	at org.joget.commons.util.AnalyzerFilter$AjcClosure1.run(AnalyzerFilter.java:1) [classes/:?]
	at org.aspectj.runtime.reflect.JoinPointImpl.proceed(JoinPointImpl.java:167) [aspectjrt-1.9.7.jar:?]
	at org.joget.commons.util.AnalyzerAspect.analyzeRequests(AnalyzerAspect.java:57) [classes/:?]
	at org.joget.commons.util.AnalyzerFilter.doFilter(AnalyzerFilter.java:17) [classes/:?]
	at org.apache.catalina.core.ApplicationFilterChain.internalDoFilter(ApplicationFilterChain.java:178) [catalina.jar:9.0.86]
	at org.apache.catalina.core.ApplicationFilterChain.doFilter(ApplicationFilterChain.java:153) [catalina.jar:9.0.86]
	at org.displaytag.filter.ResponseOverrideFilter.doFilter(ResponseOverrideFilter.java:125) [displaytag-patched-1.2.jar:?]
	at org.apache.catalina.core.ApplicationFilterChain.internalDoFilter(ApplicationFilterChain.java:178) [catalina.jar:9.0.86]
	at org.apache.catalina.core.ApplicationFilterChain.doFilter(ApplicationFilterChain.java:153) [catalina.jar:9.0.86]
	at org.owasp.csrfguard.CsrfGuardFilter.handleSession(CsrfGuardFilter.java:107) [csrfguard-4.2.0.jar:4.2.0]
	at org.owasp.csrfguard.CsrfGuardFilter.doFilter(CsrfGuardFilter.java:97) [csrfguard-4.2.0.jar:4.2.0]
	at org.owasp.csrfguard.CsrfGuardFilter.doFilter(CsrfGuardFilter.java:68) [csrfguard-4.2.0.jar:4.2.0]
	at org.apache.catalina.core.ApplicationFilterChain.internalDoFilter(ApplicationFilterChain.java:178) [catalina.jar:9.0.86]
	at org.apache.catalina.core.ApplicationFilterChain.doFilter(ApplicationFilterChain.java:153) [catalina.jar:9.0.86]
	at org.springframework.web.multipart.support.MultipartFilter.doFilterInternal(MultipartFilter.java:125) [spring-web-5.3.33.jar:5.3.33]
	at org.springframework.web.filter.OncePerRequestFilter.doFilter(OncePerRequestFilter.java:117) [spring-web-5.3.33.jar:5.3.33]
	at org.apache.catalina.core.ApplicationFilterChain.internalDoFilter(ApplicationFilterChain.java:178) [catalina.jar:9.0.86]
	at org.apache.catalina.core.ApplicationFilterChain.doFilter(ApplicationFilterChain.java:153) [catalina.jar:9.0.86]
	at org.springframework.security.web.FilterChainProxy$VirtualFilterChain.doFilter(FilterChainProxy.java:352) [spring-security-web-5.8.11.jar:5.8.11]
	at org.springframework.security.web.access.intercept.FilterSecurityInterceptor.invoke(FilterSecurityInterceptor.java:117) [spring-security-web-5.8.11.jar:5.8.11]
	at org.springframework.security.web.access.intercept.FilterSecurityInterceptor.doFilter(FilterSecurityInterceptor.java:83) [spring-security-web-5.8.11.jar:5.8.11]
	at org.springframework.security.web.FilterChainProxy$VirtualFilterChain.doFilter(FilterChainProxy.java:361) [spring-security-web-5.8.11.jar:5.8.11]
	at org.springframework.security.web.access.ExceptionTranslationFilter.doFilter(ExceptionTranslationFilter.java:126) [spring-security-web-5.8.11.jar:5.8.11]
	at org.springframework.security.web.access.ExceptionTranslationFilter.doFilter(ExceptionTranslationFilter.java:120) [spring-security-web-5.8.11.jar:5.8.11]
	at org.springframework.security.web.FilterChainProxy$VirtualFilterChain.doFilter(FilterChainProxy.java:361) [spring-security-web-5.8.11.jar:5.8.11]
	at org.springframework.security.web.session.SessionManagementFilter.doFilter(SessionManagementFilter.java:131) [spring-security-web-5.8.11.jar:5.8.11]
	at org.springframework.security.web.session.SessionManagementFilter.doFilter(SessionManagementFilter.java:85) [spring-security-web-5.8.11.jar:5.8.11]
	at org.springframework.security.web.FilterChainProxy$VirtualFilterChain.doFilter(FilterChainProxy.java:361) [spring-security-web-5.8.11.jar:5.8.11]
	at org.springframework.security.web.authentication.AnonymousAuthenticationFilter.doFilter(AnonymousAuthenticationFilter.java:100) [spring-security-web-5.8.11.jar:5.8.11]
	at org.springframework.security.web.FilterChainProxy$VirtualFilterChain.doFilter(FilterChainProxy.java:361) [spring-security-web-5.8.11.jar:5.8.11]
	at org.springframework.security.web.savedrequest.RequestCacheAwareFilter.doFilter(RequestCacheAwareFilter.java:63) [spring-security-web-5.8.11.jar:5.8.11]
	at org.springframework.security.web.FilterChainProxy$VirtualFilterChain.doFilter(FilterChainProxy.java:361) [spring-security-web-5.8.11.jar:5.8.11]
	at org.springframework.security.web.authentication.AbstractAuthenticationProcessingFilter.doFilter(AbstractAuthenticationProcessingFilter.java:227) [spring-security-web-5.8.11.jar:5.8.11]
	at org.springframework.security.web.authentication.AbstractAuthenticationProcessingFilter.doFilter(AbstractAuthenticationProcessingFilter.java:221) [spring-security-web-5.8.11.jar:5.8.11]
	at org.joget.apps.workflow.security.WorkflowHttpAuthProcessingFilter.doFilter(WorkflowHttpAuthProcessingFilter.java:88) [classes/:?]
	at org.springframework.security.web.FilterChainProxy$VirtualFilterChain.doFilter(FilterChainProxy.java:361) [spring-security-web-5.8.11.jar:5.8.11]
	at org.springframework.security.web.authentication.www.BasicAuthenticationFilter.doFilterInternal(BasicAuthenticationFilter.java:168) [spring-security-web-5.8.11.jar:5.8.11]
	at org.springframework.web.filter.OncePerRequestFilter.doFilter(OncePerRequestFilter.java:117) [spring-web-5.3.33.jar:5.3.33]
	at org.springframework.security.web.FilterChainProxy$VirtualFilterChain.doFilter(FilterChainProxy.java:361) [spring-security-web-5.8.11.jar:5.8.11]
	at org.springframework.security.web.authentication.AbstractAuthenticationProcessingFilter.doFilter(AbstractAuthenticationProcessingFilter.java:227) [spring-security-web-5.8.11.jar:5.8.11]
	at org.springframework.security.web.authentication.AbstractAuthenticationProcessingFilter.doFilter(AbstractAuthenticationProcessingFilter.java:221) [spring-security-web-5.8.11.jar:5.8.11]
	at org.springframework.security.web.FilterChainProxy$VirtualFilterChain.doFilter(FilterChainProxy.java:361) [spring-security-web-5.8.11.jar:5.8.11]
	at org.springframework.security.web.authentication.logout.LogoutFilter.doFilter(LogoutFilter.java:107) [spring-security-web-5.8.11.jar:5.8.11]
	at org.springframework.security.web.authentication.logout.LogoutFilter.doFilter(LogoutFilter.java:93) [spring-security-web-5.8.11.jar:5.8.11]
	at org.springframework.security.web.FilterChainProxy$VirtualFilterChain.doFilter(FilterChainProxy.java:361) [spring-security-web-5.8.11.jar:5.8.11]
	at org.springframework.security.web.header.HeaderWriterFilter.doHeadersAfter(HeaderWriterFilter.java:90) [spring-security-web-5.8.11.jar:5.8.11]
	at org.springframework.security.web.header.HeaderWriterFilter.doFilterInternal(HeaderWriterFilter.java:75) [spring-security-web-5.8.11.jar:5.8.11]
	at org.springframework.web.filter.OncePerRequestFilter.doFilter(OncePerRequestFilter.java:117) [spring-web-5.3.33.jar:5.3.33]
	at org.springframework.security.web.FilterChainProxy$VirtualFilterChain.doFilter(FilterChainProxy.java:361) [spring-security-web-5.8.11.jar:5.8.11]
	at org.springframework.security.web.context.request.async.WebAsyncManagerIntegrationFilter.doFilterInternal(WebAsyncManagerIntegrationFilter.java:62) [spring-security-web-5.8.11.jar:5.8.11]
	at org.springframework.web.filter.OncePerRequestFilter.doFilter(OncePerRequestFilter.java:117) [spring-web-5.3.33.jar:5.3.33]
	at org.springframework.security.web.FilterChainProxy$VirtualFilterChain.doFilter(FilterChainProxy.java:361) [spring-security-web-5.8.11.jar:5.8.11]
	at org.springframework.security.web.context.SecurityContextPersistenceFilter.doFilter(SecurityContextPersistenceFilter.java:117) [spring-security-web-5.8.11.jar:5.8.11]
	at org.springframework.security.web.context.SecurityContextPersistenceFilter.doFilter(SecurityContextPersistenceFilter.java:87) [spring-security-web-5.8.11.jar:5.8.11]
	at org.springframework.security.web.FilterChainProxy$VirtualFilterChain.doFilter(FilterChainProxy.java:361) [spring-security-web-5.8.11.jar:5.8.11]
	at org.springframework.security.web.session.DisableEncodeUrlFilter.doFilterInternal(DisableEncodeUrlFilter.java:42) [spring-security-web-5.8.11.jar:5.8.11]
	at org.springframework.web.filter.OncePerRequestFilter.doFilter(OncePerRequestFilter.java:117) [spring-web-5.3.33.jar:5.3.33]
	at org.springframework.security.web.FilterChainProxy$VirtualFilterChain.doFilter(FilterChainProxy.java:361) [spring-security-web-5.8.11.jar:5.8.11]
	at org.springframework.security.web.FilterChainProxy.doFilterInternal(FilterChainProxy.java:225) [spring-security-web-5.8.11.jar:5.8.11]
	at org.springframework.security.web.FilterChainProxy.doFilter(FilterChainProxy.java:190) [spring-security-web-5.8.11.jar:5.8.11]
	at org.springframework.web.filter.DelegatingFilterProxy.invokeDelegate(DelegatingFilterProxy.java:354) [spring-web-5.3.33.jar:5.3.33]
	at org.springframework.web.filter.DelegatingFilterProxy.doFilter(DelegatingFilterProxy.java:267) [spring-web-5.3.33.jar:5.3.33]
	at org.joget.commons.spring.web.CustomDelegatingFilterProxy.doFilter(CustomDelegatingFilterProxy.java:31) [classes/:?]
	at org.apache.catalina.core.ApplicationFilterChain.internalDoFilter(ApplicationFilterChain.java:178) [catalina.jar:9.0.86]
	at org.apache.catalina.core.ApplicationFilterChain.doFilter(ApplicationFilterChain.java:153) [catalina.jar:9.0.86]
	at org.joget.apps.app.web.ExpireFilter.doFilter(ExpireFilter.java:48) [classes/:?]
	at org.apache.catalina.core.ApplicationFilterChain.internalDoFilter(ApplicationFilterChain.java:178) [catalina.jar:9.0.86]
	at org.apache.catalina.core.ApplicationFilterChain.doFilter(ApplicationFilterChain.java:153) [catalina.jar:9.0.86]
	at org.springframework.web.filter.CharacterEncodingFilter.doFilterInternal(CharacterEncodingFilter.java:201) [spring-web-5.3.33.jar:5.3.33]
	at org.joget.apps.app.web.CustomCharacterEncodingFilter.doFilterInternal(CustomCharacterEncodingFilter.java:50) [classes/:?]
	at org.springframework.web.filter.OncePerRequestFilter.doFilter(OncePerRequestFilter.java:117) [spring-web-5.3.33.jar:5.3.33]
	at org.apache.catalina.core.ApplicationFilterChain.internalDoFilter(ApplicationFilterChain.java:178) [catalina.jar:9.0.86]
	at org.apache.catalina.core.ApplicationFilterChain.doFilter(ApplicationFilterChain.java:153) [catalina.jar:9.0.86]
	at org.apache.catalina.core.StandardWrapperValve.invoke(StandardWrapperValve.java:168) [catalina.jar:9.0.86]
	at org.apache.catalina.core.StandardContextValve.invoke(StandardContextValve.java:90) [catalina.jar:9.0.86]
	at org.apache.catalina.authenticator.AuthenticatorBase.invoke(AuthenticatorBase.java:481) [catalina.jar:9.0.86]
	at org.apache.catalina.core.StandardHostValve.invoke(StandardHostValve.java:130) [catalina.jar:9.0.86]
	at org.apache.catalina.valves.ErrorReportValve.invoke(ErrorReportValve.java:93) [catalina.jar:9.0.86]
	at org.apache.catalina.core.StandardEngineValve.invoke(StandardEngineValve.java:74) [catalina.jar:9.0.86]
	at org.apache.catalina.connector.CoyoteAdapter.service(CoyoteAdapter.java:346) [catalina.jar:9.0.86]
	at org.apache.coyote.http11.Http11Processor.service(Http11Processor.java:390) [tomcat-coyote.jar:9.0.86]
	at org.apache.coyote.AbstractProcessorLight.process(AbstractProcessorLight.java:63) [tomcat-coyote.jar:9.0.86]
	at org.apache.coyote.AbstractProtocol$ConnectionHandler.process(AbstractProtocol.java:928) [tomcat-coyote.jar:9.0.86]
	at org.apache.tomcat.util.net.NioEndpoint$SocketProcessor.doRun(NioEndpoint.java:1794) [tomcat-coyote.jar:9.0.86]
	at org.apache.tomcat.util.net.SocketProcessorBase.run(SocketProcessorBase.java:52) [tomcat-coyote.jar:9.0.86]
	at org.apache.tomcat.util.threads.ThreadPoolExecutor.runWorker(ThreadPoolExecutor.java:1191) [tomcat-util.jar:9.0.86]
	at org.apache.tomcat.util.threads.ThreadPoolExecutor$Worker.run(ThreadPoolExecutor.java:659) [tomcat-util.jar:9.0.86]
	at org.apache.tomcat.util.threads.TaskThread$WrappingRunnable.run(TaskThread.java:63) [tomcat-util.jar:9.0.86]
	at java.lang.Thread.run(Thread.java:829) [?:?]
