INFO    01 Jul 2024 03:58:35 org.enhydra.shark.SharkUtilitiesAspect - Cache object id range : [56045200 - 56045400]
INFO    01 Jul 2024 03:58:35 org.enhydra.shark.SharkUtilitiesAspect - Cache counter range for _activitydata_ : [52179360 - 52179560]
INFO    01 Jul 2024 03:58:36 org.joget.apps.app.lib.JsonTool - POST : 
INFO    01 Jul 2024 03:58:36 org.joget.apps.app.lib.JsonTool - Custom JSON Payload : {_    "pernr" : "75000859",_    "bukrs" : "5500",_    "monat" : "6",_    "gjahr" : "2024",_    "skTypeDesc" : "PTF",_    "pdfUrl" : "https://wesign.sinarmasmining.com/jw/web/json/plugin/org.joget.plugin.enterprise.JasperReportsMenu/service?action=report&menuId=sk_assignment&appVersion=52&userviewId=ptfWorkflowLog&key=_&appId=ptfWorkflow&id=49205_ptfWorkflow_ptf&type=pdf"_}
INFO    01 Jul 2024 03:58:36 org.joget.apps.app.lib.JsonTool - Adding request header Content-Type : application/json
ERROR   01 Jul 2024 03:58:36 org.joget.apps.app.lib.JsonTool - org.apache.http.client.ClientProtocolException
org.apache.http.client.ClientProtocolException: null
	at org.apache.http.impl.client.InternalHttpClient.doExecute(InternalHttpClient.java:187) ~[httpclient-4.5.13.jar:4.5.13]
	at org.apache.http.impl.client.CloseableHttpClient.execute(CloseableHttpClient.java:83) ~[httpclient-4.5.13.jar:4.5.13]
	at org.apache.http.impl.client.CloseableHttpClient.execute(CloseableHttpClient.java:108) ~[httpclient-4.5.13.jar:4.5.13]
	at org.joget.apps.app.lib.JsonTool.execute_aroundBody12(JsonTool.java:146) [classes/:?]
	at org.joget.apps.app.lib.JsonTool.execute_aroundBody13$advice(JsonTool.java:102) [classes/:?]
	at org.joget.apps.app.lib.JsonTool.execute(JsonTool.java:1) [classes/:?]
	at org.joget.apps.app.service.AppWorkflowHelper.executeTool(AppWorkflowHelper.java:130) [classes/:?]
	at org.joget.workflow.shark.WorkflowToolActivityHandler.executeActivity(WorkflowToolActivityHandler.java:69) [wflow-wfengine-8.1.1.jar:?]
	at org.enhydra.shark.WfActivityImpl.runTool(WfActivityImpl.java:1487) [sharkkernel-standard-2.0.1.jar:2.0-1]
	at org.enhydra.shark.WfActivityImpl.startActivity(WfActivityImpl.java:1419) [sharkkernel-standard-2.0.1.jar:2.0-1]
	at org.enhydra.shark.WfActivityImpl.activate(WfActivityImpl.java:261) [sharkkernel-standard-2.0.1.jar:2.0-1]
	at org.enhydra.shark.WfProcessImpl.startActivity(WfProcessImpl.java:918) [sharkkernel-standard-2.0.1.jar:2.0-1]
	at org.enhydra.shark.WfProcessImpl.queueNext(WfProcessImpl.java:1134) [sharkkernel-standard-2.0.1.jar:2.0-1]
	at org.enhydra.shark.WfProcessImpl.run(WfProcessImpl.java:750) [sharkkernel-standard-2.0.1.jar:2.0-1]
	at org.enhydra.shark.WfProcessImpl.activity_terminate(WfProcessImpl.java:1006) [sharkkernel-standard-2.0.1.jar:2.0-1]
	at org.enhydra.shark.WfActivityImpl.finishImproperlyAndNotifyProcess(WfActivityImpl.java:1664) [sharkkernel-standard-2.0.1.jar:2.0-1]
	at org.enhydra.shark.CustomWfActivityImpl.checkDeadlines(CustomWfActivityImpl.java:329) [wflow-wfengine-8.1.1.jar:2.0-1]
	at org.enhydra.shark.CustomWfProcessImpl.checkDeadlines(CustomWfProcessImpl.java:106) [wflow-wfengine-8.1.1.jar:2.0-1]
	at org.enhydra.shark.ExecutionAdmin.checkDeadlinesForProcesses(ExecutionAdmin.java:825) [sharkkernel-standard-2.0.1.jar:2.0-1]
	at org.joget.workflow.model.service.WorkflowManagerImpl.internalCheckDeadlines(WorkflowManagerImpl.java:5304) [wflow-wfengine-8.1.1.jar:?]
	at jdk.internal.reflect.GeneratedMethodAccessor362.invoke(Unknown Source) ~[?:?]
	at jdk.internal.reflect.DelegatingMethodAccessorImpl.invoke(DelegatingMethodAccessorImpl.java:43) ~[?:?]
	at java.lang.reflect.Method.invoke(Method.java:566) ~[?:?]
	at org.springframework.aop.support.AopUtils.invokeJoinpointUsingReflection(AopUtils.java:344) [spring-aop-5.3.33.jar:5.3.33]
	at org.springframework.aop.framework.ReflectiveMethodInvocation.invokeJoinpoint(ReflectiveMethodInvocation.java:198) [spring-aop-5.3.33.jar:5.3.33]
	at org.springframework.aop.framework.ReflectiveMethodInvocation.proceed(ReflectiveMethodInvocation.java:163) [spring-aop-5.3.33.jar:5.3.33]
	at org.springframework.transaction.interceptor.TransactionInterceptor$1.proceedWithInvocation(TransactionInterceptor.java:123) [spring-tx-5.3.33.jar:5.3.33]
	at org.springframework.transaction.interceptor.TransactionAspectSupport.invokeWithinTransaction(TransactionAspectSupport.java:388) [spring-tx-5.3.33.jar:5.3.33]
	at org.springframework.transaction.interceptor.TransactionInterceptor.invoke(TransactionInterceptor.java:119) [spring-tx-5.3.33.jar:5.3.33]
	at org.springframework.aop.framework.ReflectiveMethodInvocation.proceed(ReflectiveMethodInvocation.java:186) [spring-aop-5.3.33.jar:5.3.33]
	at org.joget.apps.app.service.SqlFilterAspect.invoke(SqlFilterAspect.java:38) [classes/:?]
	at org.springframework.aop.framework.ReflectiveMethodInvocation.proceed(ReflectiveMethodInvocation.java:186) [spring-aop-5.3.33.jar:5.3.33]
	at org.springframework.aop.interceptor.ExposeInvocationInterceptor.invoke(ExposeInvocationInterceptor.java:97) [spring-aop-5.3.33.jar:5.3.33]
	at org.springframework.aop.framework.ReflectiveMethodInvocation.proceed(ReflectiveMethodInvocation.java:186) [spring-aop-5.3.33.jar:5.3.33]
	at org.springframework.aop.framework.JdkDynamicAopProxy.invoke(JdkDynamicAopProxy.java:241) [spring-aop-5.3.33.jar:5.3.33]
	at com.sun.proxy.$Proxy131.internalCheckDeadlines(Unknown Source) [?:?]
	at org.joget.workflow.shark.DeadlineChecker.runMe(DeadlineChecker.java:240) [wflow-wfengine-8.1.1.jar:?]
	at org.joget.workflow.shark.DeadlineChecker.run(DeadlineChecker.java:143) [wflow-wfengine-8.1.1.jar:?]
Caused by: org.apache.http.ProtocolException: Target host is not specified
	at org.apache.http.impl.conn.DefaultRoutePlanner.determineRoute(DefaultRoutePlanner.java:71) ~[httpclient-4.5.13.jar:4.5.13]
	at org.apache.http.impl.client.InternalHttpClient.determineRoute(InternalHttpClient.java:125) ~[httpclient-4.5.13.jar:4.5.13]
	at org.apache.http.impl.client.InternalHttpClient.doExecute(InternalHttpClient.java:184) ~[httpclient-4.5.13.jar:4.5.13]
	... 37 more
INFO    01 Jul 2024 03:58:37 org.enhydra.shark.SharkUtilitiesAspect - Cache object id range : [56045400 - 56045600]
INFO    01 Jul 2024 03:58:37 org.enhydra.shark.SharkUtilitiesAspect - Cache counter range for _activitydata_ : [52179560 - 52179760]
INFO    01 Jul 2024 03:58:38 org.enhydra.shark.SharkUtilitiesAspect - Cache object id range : [56045600 - 56045800]
INFO    01 Jul 2024 03:58:38 org.enhydra.shark.SharkUtilitiesAspect - Cache counter range for _activitydata_ : [52179760 - 52179960]
ERROR   01 Jul 2024 03:58:39 org.joget.apps.app.lib.EmailTool - org.joget.plugin.base.PluginException: no email specified
org.joget.plugin.base.PluginException: no email specified
	at org.joget.apps.app.lib.EmailTool.execute_aroundBody6(EmailTool.java:123) [classes/:?]
	at org.joget.apps.app.lib.EmailTool.execute_aroundBody7$advice(EmailTool.java:102) [classes/:?]
	at org.joget.apps.app.lib.EmailTool.execute(EmailTool.java:1) [classes/:?]
	at org.joget.apps.app.service.AppWorkflowHelper.executeTool(AppWorkflowHelper.java:130) [classes/:?]
	at org.joget.workflow.shark.WorkflowToolActivityHandler.executeActivity(WorkflowToolActivityHandler.java:69) [wflow-wfengine-8.1.1.jar:?]
	at org.enhydra.shark.WfActivityImpl.runTool(WfActivityImpl.java:1487) [sharkkernel-standard-2.0.1.jar:2.0-1]
	at org.enhydra.shark.WfActivityImpl.startActivity(WfActivityImpl.java:1419) [sharkkernel-standard-2.0.1.jar:2.0-1]
	at org.enhydra.shark.WfActivityImpl.activate(WfActivityImpl.java:261) [sharkkernel-standard-2.0.1.jar:2.0-1]
	at org.enhydra.shark.WfProcessImpl.startActivity(WfProcessImpl.java:918) [sharkkernel-standard-2.0.1.jar:2.0-1]
	at org.enhydra.shark.WfProcessImpl.queueNext(WfProcessImpl.java:1134) [sharkkernel-standard-2.0.1.jar:2.0-1]
	at org.enhydra.shark.WfProcessImpl.run(WfProcessImpl.java:750) [sharkkernel-standard-2.0.1.jar:2.0-1]
	at org.enhydra.shark.WfProcessImpl.activity_terminate(WfProcessImpl.java:1006) [sharkkernel-standard-2.0.1.jar:2.0-1]
	at org.enhydra.shark.WfActivityImpl.finishImproperlyAndNotifyProcess(WfActivityImpl.java:1664) [sharkkernel-standard-2.0.1.jar:2.0-1]
	at org.enhydra.shark.CustomWfActivityImpl.checkDeadlines(CustomWfActivityImpl.java:329) [wflow-wfengine-8.1.1.jar:2.0-1]
	at org.enhydra.shark.CustomWfProcessImpl.checkDeadlines(CustomWfProcessImpl.java:106) [wflow-wfengine-8.1.1.jar:2.0-1]
	at org.enhydra.shark.ExecutionAdmin.checkDeadlinesForProcesses(ExecutionAdmin.java:825) [sharkkernel-standard-2.0.1.jar:2.0-1]
	at org.joget.workflow.model.service.WorkflowManagerImpl.internalCheckDeadlines(WorkflowManagerImpl.java:5304) [wflow-wfengine-8.1.1.jar:?]
	at jdk.internal.reflect.GeneratedMethodAccessor362.invoke(Unknown Source) ~[?:?]
	at jdk.internal.reflect.DelegatingMethodAccessorImpl.invoke(DelegatingMethodAccessorImpl.java:43) ~[?:?]
	at java.lang.reflect.Method.invoke(Method.java:566) ~[?:?]
	at org.springframework.aop.support.AopUtils.invokeJoinpointUsingReflection(AopUtils.java:344) [spring-aop-5.3.33.jar:5.3.33]
	at org.springframework.aop.framework.ReflectiveMethodInvocation.invokeJoinpoint(ReflectiveMethodInvocation.java:198) [spring-aop-5.3.33.jar:5.3.33]
	at org.springframework.aop.framework.ReflectiveMethodInvocation.proceed(ReflectiveMethodInvocation.java:163) [spring-aop-5.3.33.jar:5.3.33]
	at org.springframework.transaction.interceptor.TransactionInterceptor$1.proceedWithInvocation(TransactionInterceptor.java:123) [spring-tx-5.3.33.jar:5.3.33]
	at org.springframework.transaction.interceptor.TransactionAspectSupport.invokeWithinTransaction(TransactionAspectSupport.java:388) [spring-tx-5.3.33.jar:5.3.33]
	at org.springframework.transaction.interceptor.TransactionInterceptor.invoke(TransactionInterceptor.java:119) [spring-tx-5.3.33.jar:5.3.33]
	at org.springframework.aop.framework.ReflectiveMethodInvocation.proceed(ReflectiveMethodInvocation.java:186) [spring-aop-5.3.33.jar:5.3.33]
	at org.joget.apps.app.service.SqlFilterAspect.invoke(SqlFilterAspect.java:38) [classes/:?]
	at org.springframework.aop.framework.ReflectiveMethodInvocation.proceed(ReflectiveMethodInvocation.java:186) [spring-aop-5.3.33.jar:5.3.33]
	at org.springframework.aop.interceptor.ExposeInvocationInterceptor.invoke(ExposeInvocationInterceptor.java:97) [spring-aop-5.3.33.jar:5.3.33]
	at org.springframework.aop.framework.ReflectiveMethodInvocation.proceed(ReflectiveMethodInvocation.java:186) [spring-aop-5.3.33.jar:5.3.33]
	at org.springframework.aop.framework.JdkDynamicAopProxy.invoke(JdkDynamicAopProxy.java:241) [spring-aop-5.3.33.jar:5.3.33]
	at com.sun.proxy.$Proxy131.internalCheckDeadlines(Unknown Source) [?:?]
	at org.joget.workflow.shark.DeadlineChecker.runMe(DeadlineChecker.java:240) [wflow-wfengine-8.1.1.jar:?]
	at org.joget.workflow.shark.DeadlineChecker.run(DeadlineChecker.java:143) [wflow-wfengine-8.1.1.jar:?]
INFO    01 Jul 2024 03:58:40 org.enhydra.shark.SharkUtilitiesAspect - Cache object id range : [56045800 - 56046000]
INFO    01 Jul 2024 03:58:40 org.enhydra.shark.SharkUtilitiesAspect - Cache counter range for _activitydata_ : [52179960 - 52180160]
INFO    01 Jul 2024 03:58:41 org.enhydra.shark.SharkUtilitiesAspect - Cache counter range for deadline : [62350 - 62550]
INFO    01 Jul 2024 03:58:41 org.joget.workflow.shark.WorkflowAssignmentManager - [processId=49205_ptfWorkflow_ptf, processDefId=ptfWorkflow#107#ptf, participantId=rpaAdmin, next user=[rpa1]]
INFO    01 Jul 2024 03:58:42 org.enhydra.shark.SharkUtilitiesAspect - Cache object id range : [56046000 - 56046200]
INFO    01 Jul 2024 03:58:42 org.enhydra.shark.SharkUtilitiesAspect - Cache counter range for _activitydata_ : [52180160 - 52180360]
INFO    01 Jul 2024 03:58:42 org.joget.apps.app.lib.JsonTool - POST : 
INFO    01 Jul 2024 03:58:42 org.joget.apps.app.lib.JsonTool - Custom JSON Payload : {_    "pernr" : "10001206",_    "bukrs" : "1000",_    "monat" : "6",_    "gjahr" : "2024",_    "skTypeDesc" : "PTF",_    "pdfUrl" : "https://wesign.sinarmasmining.com/jw/web/json/plugin/org.joget.plugin.enterprise.JasperReportsMenu/service?action=report&menuId=ptf_sk_rotation&appVersion=52&userviewId=ptfWorkflowLog&key=_&appId=ptfWorkflow&id=49011_ptfWorkflow_ptf&type=pdf"_}
INFO    01 Jul 2024 03:58:42 org.joget.apps.app.lib.JsonTool - Adding request header Content-Type : application/json
ERROR   01 Jul 2024 03:58:42 org.joget.apps.app.lib.JsonTool - org.apache.http.client.ClientProtocolException
org.apache.http.client.ClientProtocolException: null
	at org.apache.http.impl.client.InternalHttpClient.doExecute(InternalHttpClient.java:187) ~[httpclient-4.5.13.jar:4.5.13]
	at org.apache.http.impl.client.CloseableHttpClient.execute(CloseableHttpClient.java:83) ~[httpclient-4.5.13.jar:4.5.13]
	at org.apache.http.impl.client.CloseableHttpClient.execute(CloseableHttpClient.java:108) ~[httpclient-4.5.13.jar:4.5.13]
	at org.joget.apps.app.lib.JsonTool.execute_aroundBody12(JsonTool.java:146) [classes/:?]
	at org.joget.apps.app.lib.JsonTool.execute_aroundBody13$advice(JsonTool.java:102) [classes/:?]
	at org.joget.apps.app.lib.JsonTool.execute(JsonTool.java:1) [classes/:?]
	at org.joget.apps.app.service.AppWorkflowHelper.executeTool(AppWorkflowHelper.java:130) [classes/:?]
	at org.joget.workflow.shark.WorkflowToolActivityHandler.executeActivity(WorkflowToolActivityHandler.java:69) [wflow-wfengine-8.1.1.jar:?]
	at org.enhydra.shark.WfActivityImpl.runTool(WfActivityImpl.java:1487) [sharkkernel-standard-2.0.1.jar:2.0-1]
	at org.enhydra.shark.WfActivityImpl.startActivity(WfActivityImpl.java:1419) [sharkkernel-standard-2.0.1.jar:2.0-1]
	at org.enhydra.shark.WfActivityImpl.activate(WfActivityImpl.java:261) [sharkkernel-standard-2.0.1.jar:2.0-1]
	at org.enhydra.shark.WfProcessImpl.startActivity(WfProcessImpl.java:918) [sharkkernel-standard-2.0.1.jar:2.0-1]
	at org.enhydra.shark.WfProcessImpl.queueNext(WfProcessImpl.java:1134) [sharkkernel-standard-2.0.1.jar:2.0-1]
	at org.enhydra.shark.WfProcessImpl.run(WfProcessImpl.java:750) [sharkkernel-standard-2.0.1.jar:2.0-1]
	at org.enhydra.shark.WfProcessImpl.activity_terminate(WfProcessImpl.java:1006) [sharkkernel-standard-2.0.1.jar:2.0-1]
	at org.enhydra.shark.WfActivityImpl.finishImproperlyAndNotifyProcess(WfActivityImpl.java:1664) [sharkkernel-standard-2.0.1.jar:2.0-1]
	at org.enhydra.shark.CustomWfActivityImpl.checkDeadlines(CustomWfActivityImpl.java:329) [wflow-wfengine-8.1.1.jar:2.0-1]
	at org.enhydra.shark.CustomWfProcessImpl.checkDeadlines(CustomWfProcessImpl.java:106) [wflow-wfengine-8.1.1.jar:2.0-1]
	at org.enhydra.shark.ExecutionAdmin.checkDeadlinesForProcesses(ExecutionAdmin.java:825) [sharkkernel-standard-2.0.1.jar:2.0-1]
	at org.joget.workflow.model.service.WorkflowManagerImpl.internalCheckDeadlines(WorkflowManagerImpl.java:5304) [wflow-wfengine-8.1.1.jar:?]
	at jdk.internal.reflect.GeneratedMethodAccessor362.invoke(Unknown Source) ~[?:?]
	at jdk.internal.reflect.DelegatingMethodAccessorImpl.invoke(DelegatingMethodAccessorImpl.java:43) ~[?:?]
	at java.lang.reflect.Method.invoke(Method.java:566) ~[?:?]
	at org.springframework.aop.support.AopUtils.invokeJoinpointUsingReflection(AopUtils.java:344) [spring-aop-5.3.33.jar:5.3.33]
	at org.springframework.aop.framework.ReflectiveMethodInvocation.invokeJoinpoint(ReflectiveMethodInvocation.java:198) [spring-aop-5.3.33.jar:5.3.33]
	at org.springframework.aop.framework.ReflectiveMethodInvocation.proceed(ReflectiveMethodInvocation.java:163) [spring-aop-5.3.33.jar:5.3.33]
	at org.springframework.transaction.interceptor.TransactionInterceptor$1.proceedWithInvocation(TransactionInterceptor.java:123) [spring-tx-5.3.33.jar:5.3.33]
	at org.springframework.transaction.interceptor.TransactionAspectSupport.invokeWithinTransaction(TransactionAspectSupport.java:388) [spring-tx-5.3.33.jar:5.3.33]
	at org.springframework.transaction.interceptor.TransactionInterceptor.invoke(TransactionInterceptor.java:119) [spring-tx-5.3.33.jar:5.3.33]
	at org.springframework.aop.framework.ReflectiveMethodInvocation.proceed(ReflectiveMethodInvocation.java:186) [spring-aop-5.3.33.jar:5.3.33]
	at org.joget.apps.app.service.SqlFilterAspect.invoke(SqlFilterAspect.java:38) [classes/:?]
	at org.springframework.aop.framework.ReflectiveMethodInvocation.proceed(ReflectiveMethodInvocation.java:186) [spring-aop-5.3.33.jar:5.3.33]
	at org.springframework.aop.interceptor.ExposeInvocationInterceptor.invoke(ExposeInvocationInterceptor.java:97) [spring-aop-5.3.33.jar:5.3.33]
	at org.springframework.aop.framework.ReflectiveMethodInvocation.proceed(ReflectiveMethodInvocation.java:186) [spring-aop-5.3.33.jar:5.3.33]
	at org.springframework.aop.framework.JdkDynamicAopProxy.invoke(JdkDynamicAopProxy.java:241) [spring-aop-5.3.33.jar:5.3.33]
	at com.sun.proxy.$Proxy131.internalCheckDeadlines(Unknown Source) [?:?]
	at org.joget.workflow.shark.DeadlineChecker.runMe(DeadlineChecker.java:240) [wflow-wfengine-8.1.1.jar:?]
	at org.joget.workflow.shark.DeadlineChecker.run(DeadlineChecker.java:143) [wflow-wfengine-8.1.1.jar:?]
Caused by: org.apache.http.ProtocolException: Target host is not specified
	at org.apache.http.impl.conn.DefaultRoutePlanner.determineRoute(DefaultRoutePlanner.java:71) ~[httpclient-4.5.13.jar:4.5.13]
	at org.apache.http.impl.client.InternalHttpClient.determineRoute(InternalHttpClient.java:125) ~[httpclient-4.5.13.jar:4.5.13]
	at org.apache.http.impl.client.InternalHttpClient.doExecute(InternalHttpClient.java:184) ~[httpclient-4.5.13.jar:4.5.13]
	... 37 more
INFO    01 Jul 2024 03:58:43 org.enhydra.shark.SharkUtilitiesAspect - Cache object id range : [56046200 - 56046400]
INFO    01 Jul 2024 03:58:44 org.enhydra.shark.SharkUtilitiesAspect - Cache counter range for _activitydata_ : [52180360 - 52180560]
ERROR   01 Jul 2024 03:58:45 org.joget.apps.app.lib.EmailTool - org.joget.plugin.base.PluginException: no email specified
org.joget.plugin.base.PluginException: no email specified
	at org.joget.apps.app.lib.EmailTool.execute_aroundBody6(EmailTool.java:123) [classes/:?]
	at org.joget.apps.app.lib.EmailTool.execute_aroundBody7$advice(EmailTool.java:102) [classes/:?]
	at org.joget.apps.app.lib.EmailTool.execute(EmailTool.java:1) [classes/:?]
	at org.joget.apps.app.service.AppWorkflowHelper.executeTool(AppWorkflowHelper.java:130) [classes/:?]
	at org.joget.workflow.shark.WorkflowToolActivityHandler.executeActivity(WorkflowToolActivityHandler.java:69) [wflow-wfengine-8.1.1.jar:?]
	at org.enhydra.shark.WfActivityImpl.runTool(WfActivityImpl.java:1487) [sharkkernel-standard-2.0.1.jar:2.0-1]
	at org.enhydra.shark.WfActivityImpl.startActivity(WfActivityImpl.java:1419) [sharkkernel-standard-2.0.1.jar:2.0-1]
	at org.enhydra.shark.WfActivityImpl.activate(WfActivityImpl.java:261) [sharkkernel-standard-2.0.1.jar:2.0-1]
	at org.enhydra.shark.WfProcessImpl.startActivity(WfProcessImpl.java:918) [sharkkernel-standard-2.0.1.jar:2.0-1]
	at org.enhydra.shark.WfProcessImpl.queueNext(WfProcessImpl.java:1134) [sharkkernel-standard-2.0.1.jar:2.0-1]
	at org.enhydra.shark.WfProcessImpl.run(WfProcessImpl.java:750) [sharkkernel-standard-2.0.1.jar:2.0-1]
	at org.enhydra.shark.WfProcessImpl.activity_terminate(WfProcessImpl.java:1006) [sharkkernel-standard-2.0.1.jar:2.0-1]
	at org.enhydra.shark.WfActivityImpl.finishImproperlyAndNotifyProcess(WfActivityImpl.java:1664) [sharkkernel-standard-2.0.1.jar:2.0-1]
	at org.enhydra.shark.CustomWfActivityImpl.checkDeadlines(CustomWfActivityImpl.java:329) [wflow-wfengine-8.1.1.jar:2.0-1]
	at org.enhydra.shark.CustomWfProcessImpl.checkDeadlines(CustomWfProcessImpl.java:106) [wflow-wfengine-8.1.1.jar:2.0-1]
	at org.enhydra.shark.ExecutionAdmin.checkDeadlinesForProcesses(ExecutionAdmin.java:825) [sharkkernel-standard-2.0.1.jar:2.0-1]
	at org.joget.workflow.model.service.WorkflowManagerImpl.internalCheckDeadlines(WorkflowManagerImpl.java:5304) [wflow-wfengine-8.1.1.jar:?]
	at jdk.internal.reflect.GeneratedMethodAccessor362.invoke(Unknown Source) ~[?:?]
	at jdk.internal.reflect.DelegatingMethodAccessorImpl.invoke(DelegatingMethodAccessorImpl.java:43) ~[?:?]
	at java.lang.reflect.Method.invoke(Method.java:566) ~[?:?]
	at org.springframework.aop.support.AopUtils.invokeJoinpointUsingReflection(AopUtils.java:344) [spring-aop-5.3.33.jar:5.3.33]
	at org.springframework.aop.framework.ReflectiveMethodInvocation.invokeJoinpoint(ReflectiveMethodInvocation.java:198) [spring-aop-5.3.33.jar:5.3.33]
	at org.springframework.aop.framework.ReflectiveMethodInvocation.proceed(ReflectiveMethodInvocation.java:163) [spring-aop-5.3.33.jar:5.3.33]
	at org.springframework.transaction.interceptor.TransactionInterceptor$1.proceedWithInvocation(TransactionInterceptor.java:123) [spring-tx-5.3.33.jar:5.3.33]
	at org.springframework.transaction.interceptor.TransactionAspectSupport.invokeWithinTransaction(TransactionAspectSupport.java:388) [spring-tx-5.3.33.jar:5.3.33]
	at org.springframework.transaction.interceptor.TransactionInterceptor.invoke(TransactionInterceptor.java:119) [spring-tx-5.3.33.jar:5.3.33]
	at org.springframework.aop.framework.ReflectiveMethodInvocation.proceed(ReflectiveMethodInvocation.java:186) [spring-aop-5.3.33.jar:5.3.33]
	at org.joget.apps.app.service.SqlFilterAspect.invoke(SqlFilterAspect.java:38) [classes/:?]
	at org.springframework.aop.framework.ReflectiveMethodInvocation.proceed(ReflectiveMethodInvocation.java:186) [spring-aop-5.3.33.jar:5.3.33]
	at org.springframework.aop.interceptor.ExposeInvocationInterceptor.invoke(ExposeInvocationInterceptor.java:97) [spring-aop-5.3.33.jar:5.3.33]
	at org.springframework.aop.framework.ReflectiveMethodInvocation.proceed(ReflectiveMethodInvocation.java:186) [spring-aop-5.3.33.jar:5.3.33]
	at org.springframework.aop.framework.JdkDynamicAopProxy.invoke(JdkDynamicAopProxy.java:241) [spring-aop-5.3.33.jar:5.3.33]
	at com.sun.proxy.$Proxy131.internalCheckDeadlines(Unknown Source) [?:?]
	at org.joget.workflow.shark.DeadlineChecker.runMe(DeadlineChecker.java:240) [wflow-wfengine-8.1.1.jar:?]
	at org.joget.workflow.shark.DeadlineChecker.run(DeadlineChecker.java:143) [wflow-wfengine-8.1.1.jar:?]
INFO    01 Jul 2024 03:58:45 org.enhydra.shark.SharkUtilitiesAspect - Cache object id range : [56046400 - 56046600]
INFO    01 Jul 2024 03:58:45 org.enhydra.shark.SharkUtilitiesAspect - Cache counter range for _activitydata_ : [52180560 - 52180760]
INFO    01 Jul 2024 03:58:46 org.joget.workflow.shark.WorkflowAssignmentManager - [processId=49011_ptfWorkflow_ptf, processDefId=ptfWorkflow#107#ptf, participantId=rpaAdmin, next user=[rpa1]]
INFO    01 Jul 2024 03:58:47 org.enhydra.shark.SharkUtilitiesAspect - Cache object id range : [56046600 - 56046800]
INFO    01 Jul 2024 03:58:47 org.enhydra.shark.SharkUtilitiesAspect - Cache counter range for _activitydata_ : [52180760 - 52180960]
INFO    01 Jul 2024 03:58:48 org.joget.apps.app.lib.JsonTool - POST : 
INFO    01 Jul 2024 03:58:48 org.joget.apps.app.lib.JsonTool - Custom JSON Payload : {_    "pernr" : "10001206",_    "bukrs" : "1000",_    "monat" : "6",_    "gjahr" : "2024",_    "skTypeDesc" : "PTF",_    "pdfUrl" : "https://wesign.sinarmasmining.com/jw/web/json/plugin/org.joget.plugin.enterprise.JasperReportsMenu/service?action=report&menuId=ptf_sk_rotation&appVersion=52&userviewId=ptfWorkflowLog&key=_&appId=ptfWorkflow&id=49027_ptfWorkflow_ptf&type=pdf"_}
INFO    01 Jul 2024 03:58:48 org.joget.apps.app.lib.JsonTool - Adding request header Content-Type : application/json
ERROR   01 Jul 2024 03:58:48 org.joget.apps.app.lib.JsonTool - org.apache.http.client.ClientProtocolException
org.apache.http.client.ClientProtocolException: null
	at org.apache.http.impl.client.InternalHttpClient.doExecute(InternalHttpClient.java:187) ~[httpclient-4.5.13.jar:4.5.13]
	at org.apache.http.impl.client.CloseableHttpClient.execute(CloseableHttpClient.java:83) ~[httpclient-4.5.13.jar:4.5.13]
	at org.apache.http.impl.client.CloseableHttpClient.execute(CloseableHttpClient.java:108) ~[httpclient-4.5.13.jar:4.5.13]
	at org.joget.apps.app.lib.JsonTool.execute_aroundBody12(JsonTool.java:146) [classes/:?]
	at org.joget.apps.app.lib.JsonTool.execute_aroundBody13$advice(JsonTool.java:102) [classes/:?]
	at org.joget.apps.app.lib.JsonTool.execute(JsonTool.java:1) [classes/:?]
	at org.joget.apps.app.service.AppWorkflowHelper.executeTool(AppWorkflowHelper.java:130) [classes/:?]
	at org.joget.workflow.shark.WorkflowToolActivityHandler.executeActivity(WorkflowToolActivityHandler.java:69) [wflow-wfengine-8.1.1.jar:?]
	at org.enhydra.shark.WfActivityImpl.runTool(WfActivityImpl.java:1487) [sharkkernel-standard-2.0.1.jar:2.0-1]
	at org.enhydra.shark.WfActivityImpl.startActivity(WfActivityImpl.java:1419) [sharkkernel-standard-2.0.1.jar:2.0-1]
	at org.enhydra.shark.WfActivityImpl.activate(WfActivityImpl.java:261) [sharkkernel-standard-2.0.1.jar:2.0-1]
	at org.enhydra.shark.WfProcessImpl.startActivity(WfProcessImpl.java:918) [sharkkernel-standard-2.0.1.jar:2.0-1]
	at org.enhydra.shark.WfProcessImpl.queueNext(WfProcessImpl.java:1134) [sharkkernel-standard-2.0.1.jar:2.0-1]
	at org.enhydra.shark.WfProcessImpl.run(WfProcessImpl.java:750) [sharkkernel-standard-2.0.1.jar:2.0-1]
	at org.enhydra.shark.WfProcessImpl.activity_terminate(WfProcessImpl.java:1006) [sharkkernel-standard-2.0.1.jar:2.0-1]
	at org.enhydra.shark.WfActivityImpl.finishImproperlyAndNotifyProcess(WfActivityImpl.java:1664) [sharkkernel-standard-2.0.1.jar:2.0-1]
	at org.enhydra.shark.CustomWfActivityImpl.checkDeadlines(CustomWfActivityImpl.java:329) [wflow-wfengine-8.1.1.jar:2.0-1]
	at org.enhydra.shark.CustomWfProcessImpl.checkDeadlines(CustomWfProcessImpl.java:106) [wflow-wfengine-8.1.1.jar:2.0-1]
	at org.enhydra.shark.ExecutionAdmin.checkDeadlinesForProcesses(ExecutionAdmin.java:825) [sharkkernel-standard-2.0.1.jar:2.0-1]
	at org.joget.workflow.model.service.WorkflowManagerImpl.internalCheckDeadlines(WorkflowManagerImpl.java:5304) [wflow-wfengine-8.1.1.jar:?]
	at jdk.internal.reflect.GeneratedMethodAccessor362.invoke(Unknown Source) ~[?:?]
	at jdk.internal.reflect.DelegatingMethodAccessorImpl.invoke(DelegatingMethodAccessorImpl.java:43) ~[?:?]
	at java.lang.reflect.Method.invoke(Method.java:566) ~[?:?]
	at org.springframework.aop.support.AopUtils.invokeJoinpointUsingReflection(AopUtils.java:344) [spring-aop-5.3.33.jar:5.3.33]
	at org.springframework.aop.framework.ReflectiveMethodInvocation.invokeJoinpoint(ReflectiveMethodInvocation.java:198) [spring-aop-5.3.33.jar:5.3.33]
	at org.springframework.aop.framework.ReflectiveMethodInvocation.proceed(ReflectiveMethodInvocation.java:163) [spring-aop-5.3.33.jar:5.3.33]
	at org.springframework.transaction.interceptor.TransactionInterceptor$1.proceedWithInvocation(TransactionInterceptor.java:123) [spring-tx-5.3.33.jar:5.3.33]
	at org.springframework.transaction.interceptor.TransactionAspectSupport.invokeWithinTransaction(TransactionAspectSupport.java:388) [spring-tx-5.3.33.jar:5.3.33]
	at org.springframework.transaction.interceptor.TransactionInterceptor.invoke(TransactionInterceptor.java:119) [spring-tx-5.3.33.jar:5.3.33]
	at org.springframework.aop.framework.ReflectiveMethodInvocation.proceed(ReflectiveMethodInvocation.java:186) [spring-aop-5.3.33.jar:5.3.33]
	at org.joget.apps.app.service.SqlFilterAspect.invoke(SqlFilterAspect.java:38) [classes/:?]
	at org.springframework.aop.framework.ReflectiveMethodInvocation.proceed(ReflectiveMethodInvocation.java:186) [spring-aop-5.3.33.jar:5.3.33]
	at org.springframework.aop.interceptor.ExposeInvocationInterceptor.invoke(ExposeInvocationInterceptor.java:97) [spring-aop-5.3.33.jar:5.3.33]
	at org.springframework.aop.framework.ReflectiveMethodInvocation.proceed(ReflectiveMethodInvocation.java:186) [spring-aop-5.3.33.jar:5.3.33]
	at org.springframework.aop.framework.JdkDynamicAopProxy.invoke(JdkDynamicAopProxy.java:241) [spring-aop-5.3.33.jar:5.3.33]
	at com.sun.proxy.$Proxy131.internalCheckDeadlines(Unknown Source) [?:?]
	at org.joget.workflow.shark.DeadlineChecker.runMe(DeadlineChecker.java:240) [wflow-wfengine-8.1.1.jar:?]
	at org.joget.workflow.shark.DeadlineChecker.run(DeadlineChecker.java:143) [wflow-wfengine-8.1.1.jar:?]
Caused by: org.apache.http.ProtocolException: Target host is not specified
	at org.apache.http.impl.conn.DefaultRoutePlanner.determineRoute(DefaultRoutePlanner.java:71) ~[httpclient-4.5.13.jar:4.5.13]
	at org.apache.http.impl.client.InternalHttpClient.determineRoute(InternalHttpClient.java:125) ~[httpclient-4.5.13.jar:4.5.13]
	at org.apache.http.impl.client.InternalHttpClient.doExecute(InternalHttpClient.java:184) ~[httpclient-4.5.13.jar:4.5.13]
	... 37 more
INFO    01 Jul 2024 03:58:48 org.enhydra.shark.SharkUtilitiesAspect - Cache object id range : [56046800 - 56047000]
INFO    01 Jul 2024 03:58:49 org.enhydra.shark.SharkUtilitiesAspect - Cache counter range for _activitydata_ : [52180960 - 52181160]
INFO    01 Jul 2024 03:58:50 org.enhydra.shark.SharkUtilitiesAspect - Cache object id range : [56047000 - 56047200]
INFO    01 Jul 2024 03:58:50 org.enhydra.shark.SharkUtilitiesAspect - Cache counter range for _activitydata_ : [52181160 - 52181360]
ERROR   01 Jul 2024 03:58:51 org.joget.apps.app.lib.EmailTool - org.joget.plugin.base.PluginException: no email specified
org.joget.plugin.base.PluginException: no email specified
	at org.joget.apps.app.lib.EmailTool.execute_aroundBody6(EmailTool.java:123) [classes/:?]
	at org.joget.apps.app.lib.EmailTool.execute_aroundBody7$advice(EmailTool.java:102) [classes/:?]
	at org.joget.apps.app.lib.EmailTool.execute(EmailTool.java:1) [classes/:?]
	at org.joget.apps.app.service.AppWorkflowHelper.executeTool(AppWorkflowHelper.java:130) [classes/:?]
	at org.joget.workflow.shark.WorkflowToolActivityHandler.executeActivity(WorkflowToolActivityHandler.java:69) [wflow-wfengine-8.1.1.jar:?]
	at org.enhydra.shark.WfActivityImpl.runTool(WfActivityImpl.java:1487) [sharkkernel-standard-2.0.1.jar:2.0-1]
	at org.enhydra.shark.WfActivityImpl.startActivity(WfActivityImpl.java:1419) [sharkkernel-standard-2.0.1.jar:2.0-1]
	at org.enhydra.shark.WfActivityImpl.activate(WfActivityImpl.java:261) [sharkkernel-standard-2.0.1.jar:2.0-1]
	at org.enhydra.shark.WfProcessImpl.startActivity(WfProcessImpl.java:918) [sharkkernel-standard-2.0.1.jar:2.0-1]
	at org.enhydra.shark.WfProcessImpl.queueNext(WfProcessImpl.java:1134) [sharkkernel-standard-2.0.1.jar:2.0-1]
	at org.enhydra.shark.WfProcessImpl.run(WfProcessImpl.java:750) [sharkkernel-standard-2.0.1.jar:2.0-1]
	at org.enhydra.shark.WfProcessImpl.activity_terminate(WfProcessImpl.java:1006) [sharkkernel-standard-2.0.1.jar:2.0-1]
	at org.enhydra.shark.WfActivityImpl.finishImproperlyAndNotifyProcess(WfActivityImpl.java:1664) [sharkkernel-standard-2.0.1.jar:2.0-1]
	at org.enhydra.shark.CustomWfActivityImpl.checkDeadlines(CustomWfActivityImpl.java:329) [wflow-wfengine-8.1.1.jar:2.0-1]
	at org.enhydra.shark.CustomWfProcessImpl.checkDeadlines(CustomWfProcessImpl.java:106) [wflow-wfengine-8.1.1.jar:2.0-1]
	at org.enhydra.shark.ExecutionAdmin.checkDeadlinesForProcesses(ExecutionAdmin.java:825) [sharkkernel-standard-2.0.1.jar:2.0-1]
	at org.joget.workflow.model.service.WorkflowManagerImpl.internalCheckDeadlines(WorkflowManagerImpl.java:5304) [wflow-wfengine-8.1.1.jar:?]
	at jdk.internal.reflect.GeneratedMethodAccessor362.invoke(Unknown Source) ~[?:?]
	at jdk.internal.reflect.DelegatingMethodAccessorImpl.invoke(DelegatingMethodAccessorImpl.java:43) ~[?:?]
	at java.lang.reflect.Method.invoke(Method.java:566) ~[?:?]
	at org.springframework.aop.support.AopUtils.invokeJoinpointUsingReflection(AopUtils.java:344) [spring-aop-5.3.33.jar:5.3.33]
	at org.springframework.aop.framework.ReflectiveMethodInvocation.invokeJoinpoint(ReflectiveMethodInvocation.java:198) [spring-aop-5.3.33.jar:5.3.33]
	at org.springframework.aop.framework.ReflectiveMethodInvocation.proceed(ReflectiveMethodInvocation.java:163) [spring-aop-5.3.33.jar:5.3.33]
	at org.springframework.transaction.interceptor.TransactionInterceptor$1.proceedWithInvocation(TransactionInterceptor.java:123) [spring-tx-5.3.33.jar:5.3.33]
	at org.springframework.transaction.interceptor.TransactionAspectSupport.invokeWithinTransaction(TransactionAspectSupport.java:388) [spring-tx-5.3.33.jar:5.3.33]
	at org.springframework.transaction.interceptor.TransactionInterceptor.invoke(TransactionInterceptor.java:119) [spring-tx-5.3.33.jar:5.3.33]
	at org.springframework.aop.framework.ReflectiveMethodInvocation.proceed(ReflectiveMethodInvocation.java:186) [spring-aop-5.3.33.jar:5.3.33]
	at org.joget.apps.app.service.SqlFilterAspect.invoke(SqlFilterAspect.java:38) [classes/:?]
	at org.springframework.aop.framework.ReflectiveMethodInvocation.proceed(ReflectiveMethodInvocation.java:186) [spring-aop-5.3.33.jar:5.3.33]
	at org.springframework.aop.interceptor.ExposeInvocationInterceptor.invoke(ExposeInvocationInterceptor.java:97) [spring-aop-5.3.33.jar:5.3.33]
	at org.springframework.aop.framework.ReflectiveMethodInvocation.proceed(ReflectiveMethodInvocation.java:186) [spring-aop-5.3.33.jar:5.3.33]
	at org.springframework.aop.framework.JdkDynamicAopProxy.invoke(JdkDynamicAopProxy.java:241) [spring-aop-5.3.33.jar:5.3.33]
	at com.sun.proxy.$Proxy131.internalCheckDeadlines(Unknown Source) [?:?]
	at org.joget.workflow.shark.DeadlineChecker.runMe(DeadlineChecker.java:240) [wflow-wfengine-8.1.1.jar:?]
	at org.joget.workflow.shark.DeadlineChecker.run(DeadlineChecker.java:143) [wflow-wfengine-8.1.1.jar:?]
INFO    01 Jul 2024 03:58:52 org.enhydra.shark.SharkUtilitiesAspect - Cache object id range : [56047200 - 56047400]
INFO    01 Jul 2024 03:58:52 org.enhydra.shark.SharkUtilitiesAspect - Cache counter range for _activitydata_ : [52181360 - 52181560]
INFO    01 Jul 2024 03:58:52 org.joget.workflow.shark.WorkflowAssignmentManager - [processId=49027_ptfWorkflow_ptf, processDefId=ptfWorkflow#107#ptf, participantId=rpaAdmin, next user=[rpa1]]
INFO    01 Jul 2024 04:00:22 org.enhydra.shark.SharkUtilitiesAspect - Cache counter range for _processdata_ : [1509452 - 1509652]
INFO    01 Jul 2024 04:00:23 org.enhydra.shark.SharkUtilitiesAspect - Cache object id range : [56047400 - 56047600]
WARN    01 Jul 2024 04:00:24 org.joget.workflow.model.service.WorkflowManagerImpl - Process [key=49607_ptfWorkflow_ptf,mgrname=ptfWorkflow#107#ptf] - context attribute IJPCompanyCode does not exist in process context - adding new attributes to the process context is not allowed
INFO    01 Jul 2024 04:00:25 org.enhydra.shark.SharkUtilitiesAspect - Cache object id range : [56047600 - 56047800]
INFO    01 Jul 2024 04:00:25 org.enhydra.shark.SharkUtilitiesAspect - Cache counter range for _activitydata_ : [52181560 - 52181760]
INFO    01 Jul 2024 04:00:26 org.enhydra.shark.SharkUtilitiesAspect - Cache object id range : [56047800 - 56048000]
INFO    01 Jul 2024 04:00:26 org.enhydra.shark.SharkUtilitiesAspect - Cache counter range for _activitydata_ : [52181760 - 52181960]
INFO    01 Jul 2024 04:00:28 org.enhydra.shark.SharkUtilitiesAspect - Cache object id range : [56048000 - 56048200]
INFO    01 Jul 2024 04:00:28 org.enhydra.shark.SharkUtilitiesAspect - Cache counter range for _activitydata_ : [52181960 - 52182160]
INFO    01 Jul 2024 04:00:29 org.enhydra.shark.SharkUtilitiesAspect - Cache object id range : [56048200 - 56048400]
INFO    01 Jul 2024 04:00:30 org.joget.apps.app.lib.JsonTool - GET : https://fiori.sinarmasmining.com/sap/SMM_API/LMS/GETDETAIL_EMPLOYEE/75000859?sap-client=300
INFO    01 Jul 2024 04:00:30 org.joget.apps.app.lib.JsonTool - Adding request header Content-Type : application/x-www-form-urlencoded
INFO    01 Jul 2024 04:00:30 org.joget.apps.app.lib.JsonTool - Adding request header Authorization : Basic U0FQX0VSUDpHcjMzbkFwcGxlJA==
INFO    01 Jul 2024 04:00:30 org.joget.apps.app.lib.JsonTool - https://fiori.sinarmasmining.com/sap/SMM_API/LMS/GETDETAIL_EMPLOYEE/75000859?sap-client=300 returned with status : 200
INFO    01 Jul 2024 04:00:30 org.joget.apps.app.lib.JsonTool - {"PERNR":75000859,"FULLNAME":"Vinzen Ferryl Yuwanto","JOIN_DATE":"2018-02-01","COMPANY_CODE":"5500","COMPANY_CODE_DESC":"PT. BANK SINARMAS","EMPLOYEE_STATUS":"Permanent","ORG_STRUCTURE_ID":60055625,"ORG_STRUCTURE_DESC":"BANK SINARMAS","END_CONTRACT":"9999-12-31","CONTRACT_TYPE":"Z1","CONTRACT_TEXT":"Permanent","ID_POSITION":"60059440","POSITION_NAME":"Developer 1.2.","POSITION_COMPANY":"PT. BANK SINARMAS","POSITION_START":"2023-01-01","POSITION_END":"9999-12-31","ID_POSITION1":"99999999","POSITION_NAME1":"","POSITION_COMPANY1":"PT. BANK SINARMAS","POSITION_START1":"2018-02-01","POSITION_END1":"2022-12-31","ID_POSITION2":"","POSITION_NAME2":"","POSITION_COMPANY2":"","POSITION_START2":"0000-00-00","POSITION_END2":"0000-00-00","ID_POSITION3":"","POSITION_NAME3":"","POSITION_COMPANY3":"","POSITION_START3":"0000-00-00","POSITION_END3":"0000-00-00","ID_POSITION4":"","POSITION_NAME4":"","POSITION_COMPANY4":"","POSITION_START4":"0000-00-00","POSITION_END4":"0000-00-00","PAT_1":"B+","YEAR_OF_PAT_1":"2022","PAT_2":"B+","YEAR_OF_PAT_2":"2021","DIVISION_ID":60055828,"DIVISION_NAME":"Engineering Division 1","DEPT_ID":60058694,"DEPT_NAME":"Engineering 1.2.","SECT_ID":0,"SECT_NAME":"","CURRENT_SPV":"irwan.wijaya","CURRENT_HEAD":"sendy","CURR_HRBP":"martha.setiawati","CURR_BU_HEAD":"frenky.t.susilo","HP":"6281995550907","AGE":"27","LAST_EDU_ID":"","LAST_EDU":"","LAST_EDU_JUR":"","LAST_EDU_IPK":"","LAST_EDU_START":"0000-00-00","LAST_EDU_END":"0000-00-00","LAST_EDU_ID1":"","LAST_EDU1":"","LAST_EDU_JUR1":"","LAST_EDU_IPK1":"","LAST_EDU_START1":"0000-00-00","LAST_EDU_END1":"0000-00-00","LAST_EDU_ID2":"","LAST_EDU2":"","LAST_EDU_JUR2":"","LAST_EDU_IPK2":"","LAST_EDU_START2":"0000-00-00","LAST_EDU_END2":"0000-00-00","LAST_EDU_ID3":"","LAST_EDU3":"","LAST_EDU_JUR3":"","LAST_EDU_IPK3":"","LAST_EDU_START3":"0000-00-00","LAST_EDU_END3":"0000-00-00","GROUP_BU_ID":"","GROUP_BU_DESC":"","ORG_UNIT_ID":60058694,"ORG_UNIT_DESC":"Engineering 1.2.","LEVEL_ID":"","LEVEL_DESC":"","WORK_LOC_ID":"55AA","WORK_LOC_NAME":"KPNO","INSTI":"","INSTI1":"","INSTI2":"","INSTI3":"","MAJOR1":"","MAJOR2":"","SPVEMAIL":"irwan.wijaya@banksinarmas.com","SCHKZ":"N5D1","SPVNAME":"IRWAN WIJAYA","HEADNAME":"SENDY","HEADNAME_EMAIL":"sendy@banksinarmas.com","HRBPNAME":"MARTHA.SETIAWATI@TECHCONNECT.CO.ID","BUHEADNAME":"FRENKY TIRTOWIJOYO","PERS_AREA_ID":"55A0","PERS_AREA":"BSIM KP Non Operasional (KPNO)","WORK_SCHEDULE_ID":"N101","BIRTH_PLACE":"Pangkalpinang","BIRTH_DATE":"1997-04-01","SEX":"LAKI-LAKI","ADDRESS":"","ID_NUMBER":"86765475347375800","TELP_RUMAH":"","ZTRAINC1":"Sosialisasi Brcm","ZSTEMC1":"Non-STEM Legal","ZPARAMC1":" - Sosialisasi Brcm","ZPROVIDE1":"","ZTRAIN_START1":"2022-08-02","ZTRAIN_END1":"2022-12-11","ZTRAINC2":"Sosialisasi Anti Fraud Dan Kode Etik","ZSTEMC2":"Non-STEM Legal","ZPARAMC2":" - Sosialisasi Anti Fraud Dan Kode Etik","ZPROVIDE2":"","ZTRAIN_START2":"2022-08-01","ZTRAIN_END2":"2022-08-01","ZTRAINC3":"Progressive Web Apps (pwa) - The Complete Guide","ZSTEMC3":"Non-STEM General Management & Leadership","ZPARAMC3":" - Progressive Web Apps (pwa) - The Complete Guide","ZPROVIDE3":"","ZTRAIN_START3":"2022-07-01","ZTRAIN_END3":"2022-07-31","ZTRAINC4":"Progressive Web Apps (pwa) - The Complete Guide","ZSTEMC4":"Technology","ZPARAMC4":" - Progressive Web Apps (pwa) - The Complete Guide","ZPROVIDE4":"","ZTRAIN_START4":"2022-04-03","ZTRAIN_END4":"2022-06-30","ZTRAINC5":"Complete React Developer In 2022 (w/ Redux, Hooks, Graphql)","ZSTEMC5":"Technology","ZPARAMC5":" - Complete React Developer In 2022 (w/ Redux, Hooks, Graphql)","ZPROVIDE5":"","ZTRAIN_START5":"2022-04-02","ZTRAIN_END5":"2022-04-02","ZPASSPORT":"","ZKITAS":"","ZEND_KITAS":"0000-00-00","ZPOH":"A1","ZSCORE":0,"ZINT":0,"ZPOS":0,"ZKOM":0,"ZIMPROVE":0,"ZINOVASI":0,"ZLOYAL":0,"BU_GRP_ID":0,"BU_GRP_DESC":"","USERNAME_OF_TM":"","PS_GROUP":""}
INFO    01 Jul 2024 04:00:31 org.enhydra.shark.SharkUtilitiesAspect - Cache counter range for _activitydata_ : [52182160 - 52182360]
INFO    01 Jul 2024 04:00:33 org.enhydra.shark.SharkUtilitiesAspect - Cache object id range : [56048400 - 56048600]
INFO    01 Jul 2024 04:00:33 org.enhydra.shark.SharkUtilitiesAspect - Cache counter range for _activitydata_ : [52182360 - 52182560]
INFO    01 Jul 2024 04:00:35 org.enhydra.shark.SharkUtilitiesAspect - Cache object id range : [56048600 - 56048800]
INFO    01 Jul 2024 04:00:35 org.enhydra.shark.SharkUtilitiesAspect - Cache counter range for _activitydata_ : [52182560 - 52182760]
INFO    01 Jul 2024 04:00:36 org.enhydra.shark.SharkUtilitiesAspect - Cache object id range : [56048800 - 56049000]
INFO    01 Jul 2024 04:00:36 org.enhydra.shark.SharkUtilitiesAspect - Cache counter range for _activitydata_ : [52182760 - 52182960]
INFO    01 Jul 2024 04:00:37 org.joget.apps.app.lib.JsonTool - GET : https://fiori.sinarmasmining.com/sap/SMM_API/LMS/GETDETAIL_EMPLOYEE/10001206?sap-client=300
INFO    01 Jul 2024 04:00:37 org.joget.apps.app.lib.JsonTool - Adding request header Content-Type : application/x-www-form-urlencoded
INFO    01 Jul 2024 04:00:37 org.joget.apps.app.lib.JsonTool - Adding request header Authorization : Basic U0FQX0VSUDpHcjMzbkFwcGxlJA==
INFO    01 Jul 2024 04:00:37 org.joget.apps.app.lib.JsonTool - https://fiori.sinarmasmining.com/sap/SMM_API/LMS/GETDETAIL_EMPLOYEE/10001206?sap-client=300 returned with status : 200
INFO    01 Jul 2024 04:00:37 org.joget.apps.app.lib.JsonTool - {"PERNR":10001206,"FULLNAME":"Aji Inisti Udma Wijaya","JOIN_DATE":"2022-12-23","COMPANY_CODE":"1000","COMPANY_CODE_DESC":"PT.Berau Coal Energy Tbk.","EMPLOYEE_STATUS":"Contract 1","ORG_STRUCTURE_ID":0,"ORG_STRUCTURE_DESC":"","END_CONTRACT":"2024-01-18","CONTRACT_TYPE":"Y3","CONTRACT_TEXT":"Contract 1 - 12 mo","ID_POSITION":"99999999","POSITION_NAME":"","POSITION_COMPANY":"PT.Berau Coal Energy Tbk.","POSITION_START":"2024-02-24","POSITION_END":"9999-12-31","ID_POSITION1":"60041279","POSITION_NAME1":"ITDP","POSITION_COMPANY1":"PT.Berau Coal Energy Tbk.","POSITION_START1":"2023-01-01","POSITION_END1":"2024-02-23","ID_POSITION2":"","POSITION_NAME2":"","POSITION_COMPANY2":"","POSITION_START2":"0000-00-00","POSITION_END2":"0000-00-00","ID_POSITION3":"","POSITION_NAME3":"","POSITION_COMPANY3":"","POSITION_START3":"0000-00-00","POSITION_END3":"0000-00-00","ID_POSITION4":"","POSITION_NAME4":"","POSITION_COMPANY4":"","POSITION_START4":"0000-00-00","POSITION_END4":"0000-00-00","PAT_1":"-","YEAR_OF_PAT_1":"-","PAT_2":"-","YEAR_OF_PAT_2":"-","DIVISION_ID":0,"DIVISION_NAME":"","DEPT_ID":0,"DEPT_NAME":"","SECT_ID":0,"SECT_NAME":"","CURRENT_SPV":"","CURRENT_HEAD":"","CURR_HRBP":"hermawan.hermawan","CURR_BU_HEAD":"","HP":"","AGE":"23","LAST_EDU_ID":"Z9","LAST_EDU":"S1","LAST_EDU_JUR":"Fakultas Ilmu Komputer","LAST_EDU_IPK":"","LAST_EDU_START":"2018-01-01","LAST_EDU_END":"2022-01-01","LAST_EDU_ID1":"","LAST_EDU1":"","LAST_EDU_JUR1":"","LAST_EDU_IPK1":"","LAST_EDU_START1":"0000-00-00","LAST_EDU_END1":"0000-00-00","LAST_EDU_ID2":"","LAST_EDU2":"","LAST_EDU_JUR2":"","LAST_EDU_IPK2":"","LAST_EDU_START2":"0000-00-00","LAST_EDU_END2":"0000-00-00","LAST_EDU_ID3":"","LAST_EDU3":"","LAST_EDU_JUR3":"","LAST_EDU_IPK3":"","LAST_EDU_START3":"0000-00-00","LAST_EDU_END3":"0000-00-00","GROUP_BU_ID":"BA03","GROUP_BU_DESC":"CSS Group","ORG_UNIT_ID":60031034,"ORG_UNIT_DESC":"TECHNOLOGY DEVELOPMENT PR","LEVEL_ID":"","LEVEL_DESC":"","WORK_LOC_ID":"A100","WORK_LOC_NAME":"JAKARTA","INSTI":"Universitas Indonesia","INSTI1":"","INSTI2":"","INSTI3":"","MAJOR1":"Teknik Komputer","MAJOR2":"","SPVEMAIL":"","SCHKZ":"JKN1","SPVNAME":"","HEADNAME":"","HEADNAME_EMAIL":"","HRBPNAME":"HERMAWAN.HERMAWAN@PARTNERS97.COM","BUHEADNAME":"","PERS_AREA_ID":"12A0","PERS_AREA":"Corporate","WORK_SCHEDULE_ID":"JKN1","BIRTH_PLACE":"Bogor","BIRTH_DATE":"2000-12-08","SEX":"LAKI-LAKI","ADDRESS":"","ID_NUMBER":"","TELP_RUMAH":"","ZTRAINC1":"","ZSTEMC1":"","ZPARAMC1":"","ZPROVIDE1":"","ZTRAIN_START1":"0000-00-00","ZTRAIN_END1":"0000-00-00","ZTRAINC2":"","ZSTEMC2":"","ZPARAMC2":"","ZPROVIDE2":"","ZTRAIN_START2":"0000-00-00","ZTRAIN_END2":"0000-00-00","ZTRAINC3":"","ZSTEMC3":"","ZPARAMC3":"","ZPROVIDE3":"","ZTRAIN_START3":"0000-00-00","ZTRAIN_END3":"0000-00-00","ZTRAINC4":"","ZSTEMC4":"","ZPARAMC4":"","ZPROVIDE4":"","ZTRAIN_START4":"0000-00-00","ZTRAIN_END4":"0000-00-00","ZTRAINC5":"","ZSTEMC5":"","ZPARAMC5":"","ZPROVIDE5":"","ZTRAIN_START5":"0000-00-00","ZTRAIN_END5":"0000-00-00","ZPASSPORT":"","ZKITAS":"","ZEND_KITAS":"0000-00-00","ZPOH":"A1","ZSCORE":0,"ZINT":0,"ZPOS":0,"ZKOM":0,"ZIMPROVE":0,"ZINOVASI":0,"ZLOYAL":0,"BU_GRP_ID":0,"BU_GRP_DESC":"","USERNAME_OF_TM":"karina.aswida","PS_GROUP":""}
INFO    01 Jul 2024 04:00:39 org.enhydra.shark.SharkUtilitiesAspect - Cache object id range : [56049000 - 56049200]
INFO    01 Jul 2024 04:00:39 org.enhydra.shark.SharkUtilitiesAspect - Cache counter range for _activitydata_ : [52182960 - 52183160]
INFO    01 Jul 2024 04:00:41 org.enhydra.shark.SharkUtilitiesAspect - Cache object id range : [56049200 - 56049400]
INFO    01 Jul 2024 04:00:41 org.enhydra.shark.SharkUtilitiesAspect - Cache counter range for _activitydata_ : [52183160 - 52183360]
INFO    01 Jul 2024 04:00:42 org.enhydra.shark.SharkUtilitiesAspect - Cache object id range : [56049400 - 56049600]
INFO    01 Jul 2024 04:00:43 org.enhydra.shark.SharkUtilitiesAspect - Cache counter range for _activitydata_ : [52183360 - 52183560]
INFO    01 Jul 2024 04:00:44 org.enhydra.shark.SharkUtilitiesAspect - Cache object id range : [56049600 - 56049800]
INFO    01 Jul 2024 04:00:44 org.enhydra.shark.SharkUtilitiesAspect - Cache counter range for _activitydata_ : [52183560 - 52183760]
INFO    01 Jul 2024 04:00:44 org.joget.workflow.shark.WorkflowAssignmentManager - [processId=49607_ptfWorkflow_ptf, processDefId=ptfWorkflow#107#ptf, participantId=requester, next user=[gde]]
INFO    01 Jul 2024 04:35:38 org.enhydra.shark.SharkUtilitiesAspect - Cache counter range for _processdata_ : [1509652 - 1509852]
INFO    01 Jul 2024 04:35:39 org.enhydra.shark.SharkUtilitiesAspect - Cache object id range : [56049800 - 56050000]
WARN    01 Jul 2024 04:35:39 org.joget.workflow.model.service.WorkflowManagerImpl - Process [key=49608_ptfWorkflow_ptf,mgrname=ptfWorkflow#107#ptf] - context attribute IJPCompanyCode does not exist in process context - adding new attributes to the process context is not allowed
INFO    01 Jul 2024 04:35:40 org.enhydra.shark.SharkUtilitiesAspect - Cache object id range : [56050000 - 56050200]
INFO    01 Jul 2024 04:35:40 org.enhydra.shark.SharkUtilitiesAspect - Cache counter range for _activitydata_ : [52183760 - 52183960]
INFO    01 Jul 2024 04:35:42 org.enhydra.shark.SharkUtilitiesAspect - Cache object id range : [56050200 - 56050400]
INFO    01 Jul 2024 04:35:43 org.enhydra.shark.SharkUtilitiesAspect - Cache counter range for _activitydata_ : [52183960 - 52184160]
INFO    01 Jul 2024 04:35:45 org.enhydra.shark.SharkUtilitiesAspect - Cache object id range : [56050400 - 56050600]
INFO    01 Jul 2024 04:35:45 org.enhydra.shark.SharkUtilitiesAspect - Cache counter range for _activitydata_ : [52184160 - 52184360]
INFO    01 Jul 2024 04:35:47 org.enhydra.shark.SharkUtilitiesAspect - Cache object id range : [56050600 - 56050800]
INFO    01 Jul 2024 04:35:47 org.enhydra.shark.SharkUtilitiesAspect - Cache counter range for _activitydata_ : [52184360 - 52184560]
INFO    01 Jul 2024 04:35:48 org.joget.workflow.shark.WorkflowAssignmentManager - [processId=49608_ptfWorkflow_ptf, processDefId=ptfWorkflow#107#ptf, participantId=requester, next user=[gde]]
INFO    01 Jul 2024 04:58:43 org.enhydra.shark.SharkUtilitiesAspect - Cache object id range : [56050800 - 56051000]
INFO    01 Jul 2024 04:58:44 org.enhydra.shark.SharkUtilitiesAspect - Cache counter range for _activitydata_ : [52184560 - 52184760]
INFO    01 Jul 2024 04:58:44 org.joget.apps.app.lib.JsonTool - POST : 
INFO    01 Jul 2024 04:58:44 org.joget.apps.app.lib.JsonTool - Custom JSON Payload : {_    "pernr" : "75000859",_    "bukrs" : "5500",_    "monat" : "6",_    "gjahr" : "2024",_    "skTypeDesc" : "PTF",_    "pdfUrl" : "https://wesign.sinarmasmining.com/jw/web/json/plugin/org.joget.plugin.enterprise.JasperReportsMenu/service?action=report&menuId=sk_assignment&appVersion=52&userviewId=ptfWorkflowLog&key=_&appId=ptfWorkflow&id=49205_ptfWorkflow_ptf&type=pdf"_}
INFO    01 Jul 2024 04:58:44 org.joget.apps.app.lib.JsonTool - Adding request header Content-Type : application/json
ERROR   01 Jul 2024 04:58:44 org.joget.apps.app.lib.JsonTool - org.apache.http.client.ClientProtocolException
org.apache.http.client.ClientProtocolException: null
	at org.apache.http.impl.client.InternalHttpClient.doExecute(InternalHttpClient.java:187) ~[httpclient-4.5.13.jar:4.5.13]
	at org.apache.http.impl.client.CloseableHttpClient.execute(CloseableHttpClient.java:83) ~[httpclient-4.5.13.jar:4.5.13]
	at org.apache.http.impl.client.CloseableHttpClient.execute(CloseableHttpClient.java:108) ~[httpclient-4.5.13.jar:4.5.13]
	at org.joget.apps.app.lib.JsonTool.execute_aroundBody12(JsonTool.java:146) [classes/:?]
	at org.joget.apps.app.lib.JsonTool.execute_aroundBody13$advice(JsonTool.java:102) [classes/:?]
	at org.joget.apps.app.lib.JsonTool.execute(JsonTool.java:1) [classes/:?]
	at org.joget.apps.app.service.AppWorkflowHelper.executeTool(AppWorkflowHelper.java:130) [classes/:?]
	at org.joget.workflow.shark.WorkflowToolActivityHandler.executeActivity(WorkflowToolActivityHandler.java:69) [wflow-wfengine-8.1.1.jar:?]
	at org.enhydra.shark.WfActivityImpl.runTool(WfActivityImpl.java:1487) [sharkkernel-standard-2.0.1.jar:2.0-1]
	at org.enhydra.shark.WfActivityImpl.startActivity(WfActivityImpl.java:1419) [sharkkernel-standard-2.0.1.jar:2.0-1]
	at org.enhydra.shark.WfActivityImpl.activate(WfActivityImpl.java:261) [sharkkernel-standard-2.0.1.jar:2.0-1]
	at org.enhydra.shark.WfProcessImpl.startActivity(WfProcessImpl.java:918) [sharkkernel-standard-2.0.1.jar:2.0-1]
	at org.enhydra.shark.WfProcessImpl.queueNext(WfProcessImpl.java:1134) [sharkkernel-standard-2.0.1.jar:2.0-1]
	at org.enhydra.shark.WfProcessImpl.run(WfProcessImpl.java:750) [sharkkernel-standard-2.0.1.jar:2.0-1]
	at org.enhydra.shark.WfProcessImpl.activity_terminate(WfProcessImpl.java:1006) [sharkkernel-standard-2.0.1.jar:2.0-1]
	at org.enhydra.shark.WfActivityImpl.finishImproperlyAndNotifyProcess(WfActivityImpl.java:1664) [sharkkernel-standard-2.0.1.jar:2.0-1]
	at org.enhydra.shark.CustomWfActivityImpl.checkDeadlines(CustomWfActivityImpl.java:329) [wflow-wfengine-8.1.1.jar:2.0-1]
	at org.enhydra.shark.CustomWfProcessImpl.checkDeadlines(CustomWfProcessImpl.java:106) [wflow-wfengine-8.1.1.jar:2.0-1]
	at org.enhydra.shark.ExecutionAdmin.checkDeadlinesForProcesses(ExecutionAdmin.java:825) [sharkkernel-standard-2.0.1.jar:2.0-1]
	at org.joget.workflow.model.service.WorkflowManagerImpl.internalCheckDeadlines(WorkflowManagerImpl.java:5304) [wflow-wfengine-8.1.1.jar:?]
	at jdk.internal.reflect.GeneratedMethodAccessor362.invoke(Unknown Source) ~[?:?]
	at jdk.internal.reflect.DelegatingMethodAccessorImpl.invoke(DelegatingMethodAccessorImpl.java:43) ~[?:?]
	at java.lang.reflect.Method.invoke(Method.java:566) ~[?:?]
	at org.springframework.aop.support.AopUtils.invokeJoinpointUsingReflection(AopUtils.java:344) [spring-aop-5.3.33.jar:5.3.33]
	at org.springframework.aop.framework.ReflectiveMethodInvocation.invokeJoinpoint(ReflectiveMethodInvocation.java:198) [spring-aop-5.3.33.jar:5.3.33]
	at org.springframework.aop.framework.ReflectiveMethodInvocation.proceed(ReflectiveMethodInvocation.java:163) [spring-aop-5.3.33.jar:5.3.33]
	at org.springframework.transaction.interceptor.TransactionInterceptor$1.proceedWithInvocation(TransactionInterceptor.java:123) [spring-tx-5.3.33.jar:5.3.33]
	at org.springframework.transaction.interceptor.TransactionAspectSupport.invokeWithinTransaction(TransactionAspectSupport.java:388) [spring-tx-5.3.33.jar:5.3.33]
	at org.springframework.transaction.interceptor.TransactionInterceptor.invoke(TransactionInterceptor.java:119) [spring-tx-5.3.33.jar:5.3.33]
	at org.springframework.aop.framework.ReflectiveMethodInvocation.proceed(ReflectiveMethodInvocation.java:186) [spring-aop-5.3.33.jar:5.3.33]
	at org.joget.apps.app.service.SqlFilterAspect.invoke(SqlFilterAspect.java:38) [classes/:?]
	at org.springframework.aop.framework.ReflectiveMethodInvocation.proceed(ReflectiveMethodInvocation.java:186) [spring-aop-5.3.33.jar:5.3.33]
	at org.springframework.aop.interceptor.ExposeInvocationInterceptor.invoke(ExposeInvocationInterceptor.java:97) [spring-aop-5.3.33.jar:5.3.33]
	at org.springframework.aop.framework.ReflectiveMethodInvocation.proceed(ReflectiveMethodInvocation.java:186) [spring-aop-5.3.33.jar:5.3.33]
	at org.springframework.aop.framework.JdkDynamicAopProxy.invoke(JdkDynamicAopProxy.java:241) [spring-aop-5.3.33.jar:5.3.33]
	at com.sun.proxy.$Proxy131.internalCheckDeadlines(Unknown Source) [?:?]
	at org.joget.workflow.shark.DeadlineChecker.runMe(DeadlineChecker.java:240) [wflow-wfengine-8.1.1.jar:?]
	at org.joget.workflow.shark.DeadlineChecker.run(DeadlineChecker.java:143) [wflow-wfengine-8.1.1.jar:?]
Caused by: org.apache.http.ProtocolException: Target host is not specified
	at org.apache.http.impl.conn.DefaultRoutePlanner.determineRoute(DefaultRoutePlanner.java:71) ~[httpclient-4.5.13.jar:4.5.13]
	at org.apache.http.impl.client.InternalHttpClient.determineRoute(InternalHttpClient.java:125) ~[httpclient-4.5.13.jar:4.5.13]
	at org.apache.http.impl.client.InternalHttpClient.doExecute(InternalHttpClient.java:184) ~[httpclient-4.5.13.jar:4.5.13]
	... 37 more
INFO    01 Jul 2024 04:58:45 org.enhydra.shark.SharkUtilitiesAspect - Cache object id range : [56051000 - 56051200]
INFO    01 Jul 2024 04:58:45 org.enhydra.shark.SharkUtilitiesAspect - Cache counter range for _activitydata_ : [52184760 - 52184960]
INFO    01 Jul 2024 04:58:47 org.enhydra.shark.SharkUtilitiesAspect - Cache object id range : [56051200 - 56051400]
INFO    01 Jul 2024 04:58:47 org.enhydra.shark.SharkUtilitiesAspect - Cache counter range for _activitydata_ : [52184960 - 52185160]
ERROR   01 Jul 2024 04:58:47 org.joget.apps.app.lib.EmailTool - org.joget.plugin.base.PluginException: no email specified
org.joget.plugin.base.PluginException: no email specified
	at org.joget.apps.app.lib.EmailTool.execute_aroundBody6(EmailTool.java:123) [classes/:?]
	at org.joget.apps.app.lib.EmailTool.execute_aroundBody7$advice(EmailTool.java:102) [classes/:?]
	at org.joget.apps.app.lib.EmailTool.execute(EmailTool.java:1) [classes/:?]
	at org.joget.apps.app.service.AppWorkflowHelper.executeTool(AppWorkflowHelper.java:130) [classes/:?]
	at org.joget.workflow.shark.WorkflowToolActivityHandler.executeActivity(WorkflowToolActivityHandler.java:69) [wflow-wfengine-8.1.1.jar:?]
	at org.enhydra.shark.WfActivityImpl.runTool(WfActivityImpl.java:1487) [sharkkernel-standard-2.0.1.jar:2.0-1]
	at org.enhydra.shark.WfActivityImpl.startActivity(WfActivityImpl.java:1419) [sharkkernel-standard-2.0.1.jar:2.0-1]
	at org.enhydra.shark.WfActivityImpl.activate(WfActivityImpl.java:261) [sharkkernel-standard-2.0.1.jar:2.0-1]
	at org.enhydra.shark.WfProcessImpl.startActivity(WfProcessImpl.java:918) [sharkkernel-standard-2.0.1.jar:2.0-1]
	at org.enhydra.shark.WfProcessImpl.queueNext(WfProcessImpl.java:1134) [sharkkernel-standard-2.0.1.jar:2.0-1]
	at org.enhydra.shark.WfProcessImpl.run(WfProcessImpl.java:750) [sharkkernel-standard-2.0.1.jar:2.0-1]
	at org.enhydra.shark.WfProcessImpl.activity_terminate(WfProcessImpl.java:1006) [sharkkernel-standard-2.0.1.jar:2.0-1]
	at org.enhydra.shark.WfActivityImpl.finishImproperlyAndNotifyProcess(WfActivityImpl.java:1664) [sharkkernel-standard-2.0.1.jar:2.0-1]
	at org.enhydra.shark.CustomWfActivityImpl.checkDeadlines(CustomWfActivityImpl.java:329) [wflow-wfengine-8.1.1.jar:2.0-1]
	at org.enhydra.shark.CustomWfProcessImpl.checkDeadlines(CustomWfProcessImpl.java:106) [wflow-wfengine-8.1.1.jar:2.0-1]
	at org.enhydra.shark.ExecutionAdmin.checkDeadlinesForProcesses(ExecutionAdmin.java:825) [sharkkernel-standard-2.0.1.jar:2.0-1]
	at org.joget.workflow.model.service.WorkflowManagerImpl.internalCheckDeadlines(WorkflowManagerImpl.java:5304) [wflow-wfengine-8.1.1.jar:?]
	at jdk.internal.reflect.GeneratedMethodAccessor362.invoke(Unknown Source) ~[?:?]
	at jdk.internal.reflect.DelegatingMethodAccessorImpl.invoke(DelegatingMethodAccessorImpl.java:43) ~[?:?]
	at java.lang.reflect.Method.invoke(Method.java:566) ~[?:?]
	at org.springframework.aop.support.AopUtils.invokeJoinpointUsingReflection(AopUtils.java:344) [spring-aop-5.3.33.jar:5.3.33]
	at org.springframework.aop.framework.ReflectiveMethodInvocation.invokeJoinpoint(ReflectiveMethodInvocation.java:198) [spring-aop-5.3.33.jar:5.3.33]
	at org.springframework.aop.framework.ReflectiveMethodInvocation.proceed(ReflectiveMethodInvocation.java:163) [spring-aop-5.3.33.jar:5.3.33]
	at org.springframework.transaction.interceptor.TransactionInterceptor$1.proceedWithInvocation(TransactionInterceptor.java:123) [spring-tx-5.3.33.jar:5.3.33]
	at org.springframework.transaction.interceptor.TransactionAspectSupport.invokeWithinTransaction(TransactionAspectSupport.java:388) [spring-tx-5.3.33.jar:5.3.33]
	at org.springframework.transaction.interceptor.TransactionInterceptor.invoke(TransactionInterceptor.java:119) [spring-tx-5.3.33.jar:5.3.33]
	at org.springframework.aop.framework.ReflectiveMethodInvocation.proceed(ReflectiveMethodInvocation.java:186) [spring-aop-5.3.33.jar:5.3.33]
	at org.joget.apps.app.service.SqlFilterAspect.invoke(SqlFilterAspect.java:38) [classes/:?]
	at org.springframework.aop.framework.ReflectiveMethodInvocation.proceed(ReflectiveMethodInvocation.java:186) [spring-aop-5.3.33.jar:5.3.33]
	at org.springframework.aop.interceptor.ExposeInvocationInterceptor.invoke(ExposeInvocationInterceptor.java:97) [spring-aop-5.3.33.jar:5.3.33]
	at org.springframework.aop.framework.ReflectiveMethodInvocation.proceed(ReflectiveMethodInvocation.java:186) [spring-aop-5.3.33.jar:5.3.33]
	at org.springframework.aop.framework.JdkDynamicAopProxy.invoke(JdkDynamicAopProxy.java:241) [spring-aop-5.3.33.jar:5.3.33]
	at com.sun.proxy.$Proxy131.internalCheckDeadlines(Unknown Source) [?:?]
	at org.joget.workflow.shark.DeadlineChecker.runMe(DeadlineChecker.java:240) [wflow-wfengine-8.1.1.jar:?]
	at org.joget.workflow.shark.DeadlineChecker.run(DeadlineChecker.java:143) [wflow-wfengine-8.1.1.jar:?]
INFO    01 Jul 2024 04:58:48 org.enhydra.shark.SharkUtilitiesAspect - Cache object id range : [56051400 - 56051600]
INFO    01 Jul 2024 04:58:48 org.enhydra.shark.SharkUtilitiesAspect - Cache counter range for _activitydata_ : [52185160 - 52185360]
INFO    01 Jul 2024 04:58:49 org.joget.workflow.shark.WorkflowAssignmentManager - [processId=49205_ptfWorkflow_ptf, processDefId=ptfWorkflow#107#ptf, participantId=rpaAdmin, next user=[rpa1]]
INFO    01 Jul 2024 04:59:24 org.enhydra.shark.SharkUtilitiesAspect - Cache object id range : [56051600 - 56051800]
INFO    01 Jul 2024 04:59:24 org.enhydra.shark.SharkUtilitiesAspect - Cache counter range for _activitydata_ : [52185360 - 52185560]
INFO    01 Jul 2024 04:59:24 org.joget.apps.app.lib.JsonTool - POST : 
INFO    01 Jul 2024 04:59:24 org.joget.apps.app.lib.JsonTool - Custom JSON Payload : {_    "pernr" : "10001206",_    "bukrs" : "1000",_    "monat" : "6",_    "gjahr" : "2024",_    "skTypeDesc" : "PTF",_    "pdfUrl" : "https://wesign.sinarmasmining.com/jw/web/json/plugin/org.joget.plugin.enterprise.JasperReportsMenu/service?action=report&menuId=ptf_sk_rotation&appVersion=52&userviewId=ptfWorkflowLog&key=_&appId=ptfWorkflow&id=49011_ptfWorkflow_ptf&type=pdf"_}
INFO    01 Jul 2024 04:59:24 org.joget.apps.app.lib.JsonTool - Adding request header Content-Type : application/json
ERROR   01 Jul 2024 04:59:24 org.joget.apps.app.lib.JsonTool - org.apache.http.client.ClientProtocolException
org.apache.http.client.ClientProtocolException: null
	at org.apache.http.impl.client.InternalHttpClient.doExecute(InternalHttpClient.java:187) ~[httpclient-4.5.13.jar:4.5.13]
	at org.apache.http.impl.client.CloseableHttpClient.execute(CloseableHttpClient.java:83) ~[httpclient-4.5.13.jar:4.5.13]
	at org.apache.http.impl.client.CloseableHttpClient.execute(CloseableHttpClient.java:108) ~[httpclient-4.5.13.jar:4.5.13]
	at org.joget.apps.app.lib.JsonTool.execute_aroundBody12(JsonTool.java:146) [classes/:?]
	at org.joget.apps.app.lib.JsonTool.execute_aroundBody13$advice(JsonTool.java:102) [classes/:?]
	at org.joget.apps.app.lib.JsonTool.execute(JsonTool.java:1) [classes/:?]
	at org.joget.apps.app.service.AppWorkflowHelper.executeTool(AppWorkflowHelper.java:130) [classes/:?]
	at org.joget.workflow.shark.WorkflowToolActivityHandler.executeActivity(WorkflowToolActivityHandler.java:69) [wflow-wfengine-8.1.1.jar:?]
	at org.enhydra.shark.WfActivityImpl.runTool(WfActivityImpl.java:1487) [sharkkernel-standard-2.0.1.jar:2.0-1]
	at org.enhydra.shark.WfActivityImpl.startActivity(WfActivityImpl.java:1419) [sharkkernel-standard-2.0.1.jar:2.0-1]
	at org.enhydra.shark.WfActivityImpl.activate(WfActivityImpl.java:261) [sharkkernel-standard-2.0.1.jar:2.0-1]
	at org.enhydra.shark.WfProcessImpl.startActivity(WfProcessImpl.java:918) [sharkkernel-standard-2.0.1.jar:2.0-1]
	at org.enhydra.shark.WfProcessImpl.queueNext(WfProcessImpl.java:1134) [sharkkernel-standard-2.0.1.jar:2.0-1]
	at org.enhydra.shark.WfProcessImpl.run(WfProcessImpl.java:750) [sharkkernel-standard-2.0.1.jar:2.0-1]
	at org.enhydra.shark.WfProcessImpl.activity_terminate(WfProcessImpl.java:1006) [sharkkernel-standard-2.0.1.jar:2.0-1]
	at org.enhydra.shark.WfActivityImpl.finishImproperlyAndNotifyProcess(WfActivityImpl.java:1664) [sharkkernel-standard-2.0.1.jar:2.0-1]
	at org.enhydra.shark.CustomWfActivityImpl.checkDeadlines(CustomWfActivityImpl.java:329) [wflow-wfengine-8.1.1.jar:2.0-1]
	at org.enhydra.shark.CustomWfProcessImpl.checkDeadlines(CustomWfProcessImpl.java:106) [wflow-wfengine-8.1.1.jar:2.0-1]
	at org.enhydra.shark.ExecutionAdmin.checkDeadlinesForProcesses(ExecutionAdmin.java:825) [sharkkernel-standard-2.0.1.jar:2.0-1]
	at org.joget.workflow.model.service.WorkflowManagerImpl.internalCheckDeadlines(WorkflowManagerImpl.java:5304) [wflow-wfengine-8.1.1.jar:?]
	at jdk.internal.reflect.GeneratedMethodAccessor362.invoke(Unknown Source) ~[?:?]
	at jdk.internal.reflect.DelegatingMethodAccessorImpl.invoke(DelegatingMethodAccessorImpl.java:43) ~[?:?]
	at java.lang.reflect.Method.invoke(Method.java:566) ~[?:?]
	at org.springframework.aop.support.AopUtils.invokeJoinpointUsingReflection(AopUtils.java:344) [spring-aop-5.3.33.jar:5.3.33]
	at org.springframework.aop.framework.ReflectiveMethodInvocation.invokeJoinpoint(ReflectiveMethodInvocation.java:198) [spring-aop-5.3.33.jar:5.3.33]
	at org.springframework.aop.framework.ReflectiveMethodInvocation.proceed(ReflectiveMethodInvocation.java:163) [spring-aop-5.3.33.jar:5.3.33]
	at org.springframework.transaction.interceptor.TransactionInterceptor$1.proceedWithInvocation(TransactionInterceptor.java:123) [spring-tx-5.3.33.jar:5.3.33]
	at org.springframework.transaction.interceptor.TransactionAspectSupport.invokeWithinTransaction(TransactionAspectSupport.java:388) [spring-tx-5.3.33.jar:5.3.33]
	at org.springframework.transaction.interceptor.TransactionInterceptor.invoke(TransactionInterceptor.java:119) [spring-tx-5.3.33.jar:5.3.33]
	at org.springframework.aop.framework.ReflectiveMethodInvocation.proceed(ReflectiveMethodInvocation.java:186) [spring-aop-5.3.33.jar:5.3.33]
	at org.joget.apps.app.service.SqlFilterAspect.invoke(SqlFilterAspect.java:38) [classes/:?]
	at org.springframework.aop.framework.ReflectiveMethodInvocation.proceed(ReflectiveMethodInvocation.java:186) [spring-aop-5.3.33.jar:5.3.33]
	at org.springframework.aop.interceptor.ExposeInvocationInterceptor.invoke(ExposeInvocationInterceptor.java:97) [spring-aop-5.3.33.jar:5.3.33]
	at org.springframework.aop.framework.ReflectiveMethodInvocation.proceed(ReflectiveMethodInvocation.java:186) [spring-aop-5.3.33.jar:5.3.33]
	at org.springframework.aop.framework.JdkDynamicAopProxy.invoke(JdkDynamicAopProxy.java:241) [spring-aop-5.3.33.jar:5.3.33]
	at com.sun.proxy.$Proxy131.internalCheckDeadlines(Unknown Source) [?:?]
	at org.joget.workflow.shark.DeadlineChecker.runMe(DeadlineChecker.java:240) [wflow-wfengine-8.1.1.jar:?]
	at org.joget.workflow.shark.DeadlineChecker.run(DeadlineChecker.java:143) [wflow-wfengine-8.1.1.jar:?]
Caused by: org.apache.http.ProtocolException: Target host is not specified
	at org.apache.http.impl.conn.DefaultRoutePlanner.determineRoute(DefaultRoutePlanner.java:71) ~[httpclient-4.5.13.jar:4.5.13]
	at org.apache.http.impl.client.InternalHttpClient.determineRoute(InternalHttpClient.java:125) ~[httpclient-4.5.13.jar:4.5.13]
	at org.apache.http.impl.client.InternalHttpClient.doExecute(InternalHttpClient.java:184) ~[httpclient-4.5.13.jar:4.5.13]
	... 37 more
INFO    01 Jul 2024 04:59:25 org.enhydra.shark.SharkUtilitiesAspect - Cache object id range : [56051800 - 56052000]
INFO    01 Jul 2024 04:59:25 org.enhydra.shark.SharkUtilitiesAspect - Cache counter range for _activitydata_ : [52185560 - 52185760]
INFO    01 Jul 2024 04:59:27 org.enhydra.shark.SharkUtilitiesAspect - Cache object id range : [56052000 - 56052200]
ERROR   01 Jul 2024 04:59:27 org.joget.apps.app.lib.EmailTool - org.joget.plugin.base.PluginException: no email specified
org.joget.plugin.base.PluginException: no email specified
	at org.joget.apps.app.lib.EmailTool.execute_aroundBody6(EmailTool.java:123) [classes/:?]
	at org.joget.apps.app.lib.EmailTool.execute_aroundBody7$advice(EmailTool.java:102) [classes/:?]
	at org.joget.apps.app.lib.EmailTool.execute(EmailTool.java:1) [classes/:?]
	at org.joget.apps.app.service.AppWorkflowHelper.executeTool(AppWorkflowHelper.java:130) [classes/:?]
	at org.joget.workflow.shark.WorkflowToolActivityHandler.executeActivity(WorkflowToolActivityHandler.java:69) [wflow-wfengine-8.1.1.jar:?]
	at org.enhydra.shark.WfActivityImpl.runTool(WfActivityImpl.java:1487) [sharkkernel-standard-2.0.1.jar:2.0-1]
	at org.enhydra.shark.WfActivityImpl.startActivity(WfActivityImpl.java:1419) [sharkkernel-standard-2.0.1.jar:2.0-1]
	at org.enhydra.shark.WfActivityImpl.activate(WfActivityImpl.java:261) [sharkkernel-standard-2.0.1.jar:2.0-1]
	at org.enhydra.shark.WfProcessImpl.startActivity(WfProcessImpl.java:918) [sharkkernel-standard-2.0.1.jar:2.0-1]
	at org.enhydra.shark.WfProcessImpl.queueNext(WfProcessImpl.java:1134) [sharkkernel-standard-2.0.1.jar:2.0-1]
	at org.enhydra.shark.WfProcessImpl.run(WfProcessImpl.java:750) [sharkkernel-standard-2.0.1.jar:2.0-1]
	at org.enhydra.shark.WfProcessImpl.activity_terminate(WfProcessImpl.java:1006) [sharkkernel-standard-2.0.1.jar:2.0-1]
	at org.enhydra.shark.WfActivityImpl.finishImproperlyAndNotifyProcess(WfActivityImpl.java:1664) [sharkkernel-standard-2.0.1.jar:2.0-1]
	at org.enhydra.shark.CustomWfActivityImpl.checkDeadlines(CustomWfActivityImpl.java:329) [wflow-wfengine-8.1.1.jar:2.0-1]
	at org.enhydra.shark.CustomWfProcessImpl.checkDeadlines(CustomWfProcessImpl.java:106) [wflow-wfengine-8.1.1.jar:2.0-1]
	at org.enhydra.shark.ExecutionAdmin.checkDeadlinesForProcesses(ExecutionAdmin.java:825) [sharkkernel-standard-2.0.1.jar:2.0-1]
	at org.joget.workflow.model.service.WorkflowManagerImpl.internalCheckDeadlines(WorkflowManagerImpl.java:5304) [wflow-wfengine-8.1.1.jar:?]
	at jdk.internal.reflect.GeneratedMethodAccessor362.invoke(Unknown Source) ~[?:?]
	at jdk.internal.reflect.DelegatingMethodAccessorImpl.invoke(DelegatingMethodAccessorImpl.java:43) ~[?:?]
	at java.lang.reflect.Method.invoke(Method.java:566) ~[?:?]
	at org.springframework.aop.support.AopUtils.invokeJoinpointUsingReflection(AopUtils.java:344) [spring-aop-5.3.33.jar:5.3.33]
	at org.springframework.aop.framework.ReflectiveMethodInvocation.invokeJoinpoint(ReflectiveMethodInvocation.java:198) [spring-aop-5.3.33.jar:5.3.33]
	at org.springframework.aop.framework.ReflectiveMethodInvocation.proceed(ReflectiveMethodInvocation.java:163) [spring-aop-5.3.33.jar:5.3.33]
	at org.springframework.transaction.interceptor.TransactionInterceptor$1.proceedWithInvocation(TransactionInterceptor.java:123) [spring-tx-5.3.33.jar:5.3.33]
	at org.springframework.transaction.interceptor.TransactionAspectSupport.invokeWithinTransaction(TransactionAspectSupport.java:388) [spring-tx-5.3.33.jar:5.3.33]
	at org.springframework.transaction.interceptor.TransactionInterceptor.invoke(TransactionInterceptor.java:119) [spring-tx-5.3.33.jar:5.3.33]
	at org.springframework.aop.framework.ReflectiveMethodInvocation.proceed(ReflectiveMethodInvocation.java:186) [spring-aop-5.3.33.jar:5.3.33]
	at org.joget.apps.app.service.SqlFilterAspect.invoke(SqlFilterAspect.java:38) [classes/:?]
	at org.springframework.aop.framework.ReflectiveMethodInvocation.proceed(ReflectiveMethodInvocation.java:186) [spring-aop-5.3.33.jar:5.3.33]
	at org.springframework.aop.interceptor.ExposeInvocationInterceptor.invoke(ExposeInvocationInterceptor.java:97) [spring-aop-5.3.33.jar:5.3.33]
	at org.springframework.aop.framework.ReflectiveMethodInvocation.proceed(ReflectiveMethodInvocation.java:186) [spring-aop-5.3.33.jar:5.3.33]
	at org.springframework.aop.framework.JdkDynamicAopProxy.invoke(JdkDynamicAopProxy.java:241) [spring-aop-5.3.33.jar:5.3.33]
	at com.sun.proxy.$Proxy131.internalCheckDeadlines(Unknown Source) [?:?]
	at org.joget.workflow.shark.DeadlineChecker.runMe(DeadlineChecker.java:240) [wflow-wfengine-8.1.1.jar:?]
	at org.joget.workflow.shark.DeadlineChecker.run(DeadlineChecker.java:143) [wflow-wfengine-8.1.1.jar:?]
INFO    01 Jul 2024 04:59:27 org.enhydra.shark.SharkUtilitiesAspect - Cache counter range for _activitydata_ : [52185760 - 52185960]
INFO    01 Jul 2024 04:59:28 org.joget.workflow.shark.WorkflowAssignmentManager - [processId=49011_ptfWorkflow_ptf, processDefId=ptfWorkflow#107#ptf, participantId=rpaAdmin, next user=[rpa1]]
INFO    01 Jul 2024 04:59:28 org.enhydra.shark.SharkUtilitiesAspect - Cache object id range : [56052200 - 56052400]
INFO    01 Jul 2024 04:59:29 org.enhydra.shark.SharkUtilitiesAspect - Cache counter range for _activitydata_ : [52185960 - 52186160]
INFO    01 Jul 2024 04:59:30 org.joget.apps.app.lib.JsonTool - POST : 
INFO    01 Jul 2024 04:59:30 org.joget.apps.app.lib.JsonTool - Custom JSON Payload : {_    "pernr" : "10001206",_    "bukrs" : "1000",_    "monat" : "6",_    "gjahr" : "2024",_    "skTypeDesc" : "PTF",_    "pdfUrl" : "https://wesign.sinarmasmining.com/jw/web/json/plugin/org.joget.plugin.enterprise.JasperReportsMenu/service?action=report&menuId=ptf_sk_rotation&appVersion=52&userviewId=ptfWorkflowLog&key=_&appId=ptfWorkflow&id=49027_ptfWorkflow_ptf&type=pdf"_}
INFO    01 Jul 2024 04:59:30 org.joget.apps.app.lib.JsonTool - Adding request header Content-Type : application/json
ERROR   01 Jul 2024 04:59:30 org.joget.apps.app.lib.JsonTool - org.apache.http.client.ClientProtocolException
org.apache.http.client.ClientProtocolException: null
	at org.apache.http.impl.client.InternalHttpClient.doExecute(InternalHttpClient.java:187) ~[httpclient-4.5.13.jar:4.5.13]
	at org.apache.http.impl.client.CloseableHttpClient.execute(CloseableHttpClient.java:83) ~[httpclient-4.5.13.jar:4.5.13]
	at org.apache.http.impl.client.CloseableHttpClient.execute(CloseableHttpClient.java:108) ~[httpclient-4.5.13.jar:4.5.13]
	at org.joget.apps.app.lib.JsonTool.execute_aroundBody12(JsonTool.java:146) [classes/:?]
	at org.joget.apps.app.lib.JsonTool.execute_aroundBody13$advice(JsonTool.java:102) [classes/:?]
	at org.joget.apps.app.lib.JsonTool.execute(JsonTool.java:1) [classes/:?]
	at org.joget.apps.app.service.AppWorkflowHelper.executeTool(AppWorkflowHelper.java:130) [classes/:?]
	at org.joget.workflow.shark.WorkflowToolActivityHandler.executeActivity(WorkflowToolActivityHandler.java:69) [wflow-wfengine-8.1.1.jar:?]
	at org.enhydra.shark.WfActivityImpl.runTool(WfActivityImpl.java:1487) [sharkkernel-standard-2.0.1.jar:2.0-1]
	at org.enhydra.shark.WfActivityImpl.startActivity(WfActivityImpl.java:1419) [sharkkernel-standard-2.0.1.jar:2.0-1]
	at org.enhydra.shark.WfActivityImpl.activate(WfActivityImpl.java:261) [sharkkernel-standard-2.0.1.jar:2.0-1]
	at org.enhydra.shark.WfProcessImpl.startActivity(WfProcessImpl.java:918) [sharkkernel-standard-2.0.1.jar:2.0-1]
	at org.enhydra.shark.WfProcessImpl.queueNext(WfProcessImpl.java:1134) [sharkkernel-standard-2.0.1.jar:2.0-1]
	at org.enhydra.shark.WfProcessImpl.run(WfProcessImpl.java:750) [sharkkernel-standard-2.0.1.jar:2.0-1]
	at org.enhydra.shark.WfProcessImpl.activity_terminate(WfProcessImpl.java:1006) [sharkkernel-standard-2.0.1.jar:2.0-1]
	at org.enhydra.shark.WfActivityImpl.finishImproperlyAndNotifyProcess(WfActivityImpl.java:1664) [sharkkernel-standard-2.0.1.jar:2.0-1]
	at org.enhydra.shark.CustomWfActivityImpl.checkDeadlines(CustomWfActivityImpl.java:329) [wflow-wfengine-8.1.1.jar:2.0-1]
	at org.enhydra.shark.CustomWfProcessImpl.checkDeadlines(CustomWfProcessImpl.java:106) [wflow-wfengine-8.1.1.jar:2.0-1]
	at org.enhydra.shark.ExecutionAdmin.checkDeadlinesForProcesses(ExecutionAdmin.java:825) [sharkkernel-standard-2.0.1.jar:2.0-1]
	at org.joget.workflow.model.service.WorkflowManagerImpl.internalCheckDeadlines(WorkflowManagerImpl.java:5304) [wflow-wfengine-8.1.1.jar:?]
	at jdk.internal.reflect.GeneratedMethodAccessor362.invoke(Unknown Source) ~[?:?]
	at jdk.internal.reflect.DelegatingMethodAccessorImpl.invoke(DelegatingMethodAccessorImpl.java:43) ~[?:?]
	at java.lang.reflect.Method.invoke(Method.java:566) ~[?:?]
	at org.springframework.aop.support.AopUtils.invokeJoinpointUsingReflection(AopUtils.java:344) [spring-aop-5.3.33.jar:5.3.33]
	at org.springframework.aop.framework.ReflectiveMethodInvocation.invokeJoinpoint(ReflectiveMethodInvocation.java:198) [spring-aop-5.3.33.jar:5.3.33]
	at org.springframework.aop.framework.ReflectiveMethodInvocation.proceed(ReflectiveMethodInvocation.java:163) [spring-aop-5.3.33.jar:5.3.33]
	at org.springframework.transaction.interceptor.TransactionInterceptor$1.proceedWithInvocation(TransactionInterceptor.java:123) [spring-tx-5.3.33.jar:5.3.33]
	at org.springframework.transaction.interceptor.TransactionAspectSupport.invokeWithinTransaction(TransactionAspectSupport.java:388) [spring-tx-5.3.33.jar:5.3.33]
	at org.springframework.transaction.interceptor.TransactionInterceptor.invoke(TransactionInterceptor.java:119) [spring-tx-5.3.33.jar:5.3.33]
	at org.springframework.aop.framework.ReflectiveMethodInvocation.proceed(ReflectiveMethodInvocation.java:186) [spring-aop-5.3.33.jar:5.3.33]
	at org.joget.apps.app.service.SqlFilterAspect.invoke(SqlFilterAspect.java:38) [classes/:?]
	at org.springframework.aop.framework.ReflectiveMethodInvocation.proceed(ReflectiveMethodInvocation.java:186) [spring-aop-5.3.33.jar:5.3.33]
	at org.springframework.aop.interceptor.ExposeInvocationInterceptor.invoke(ExposeInvocationInterceptor.java:97) [spring-aop-5.3.33.jar:5.3.33]
	at org.springframework.aop.framework.ReflectiveMethodInvocation.proceed(ReflectiveMethodInvocation.java:186) [spring-aop-5.3.33.jar:5.3.33]
	at org.springframework.aop.framework.JdkDynamicAopProxy.invoke(JdkDynamicAopProxy.java:241) [spring-aop-5.3.33.jar:5.3.33]
	at com.sun.proxy.$Proxy131.internalCheckDeadlines(Unknown Source) [?:?]
	at org.joget.workflow.shark.DeadlineChecker.runMe(DeadlineChecker.java:240) [wflow-wfengine-8.1.1.jar:?]
	at org.joget.workflow.shark.DeadlineChecker.run(DeadlineChecker.java:143) [wflow-wfengine-8.1.1.jar:?]
Caused by: org.apache.http.ProtocolException: Target host is not specified
	at org.apache.http.impl.conn.DefaultRoutePlanner.determineRoute(DefaultRoutePlanner.java:71) ~[httpclient-4.5.13.jar:4.5.13]
	at org.apache.http.impl.client.InternalHttpClient.determineRoute(InternalHttpClient.java:125) ~[httpclient-4.5.13.jar:4.5.13]
	at org.apache.http.impl.client.InternalHttpClient.doExecute(InternalHttpClient.java:184) ~[httpclient-4.5.13.jar:4.5.13]
	... 37 more
INFO    01 Jul 2024 04:59:30 org.enhydra.shark.SharkUtilitiesAspect - Cache object id range : [56052400 - 56052600]
INFO    01 Jul 2024 04:59:30 org.enhydra.shark.SharkUtilitiesAspect - Cache counter range for _activitydata_ : [52186160 - 52186360]
INFO    01 Jul 2024 04:59:32 org.enhydra.shark.SharkUtilitiesAspect - Cache object id range : [56052600 - 56052800]
INFO    01 Jul 2024 04:59:32 org.enhydra.shark.SharkUtilitiesAspect - Cache counter range for _activitydata_ : [52186360 - 52186560]
ERROR   01 Jul 2024 04:59:33 org.joget.apps.app.lib.EmailTool - org.joget.plugin.base.PluginException: no email specified
org.joget.plugin.base.PluginException: no email specified
	at org.joget.apps.app.lib.EmailTool.execute_aroundBody6(EmailTool.java:123) [classes/:?]
	at org.joget.apps.app.lib.EmailTool.execute_aroundBody7$advice(EmailTool.java:102) [classes/:?]
	at org.joget.apps.app.lib.EmailTool.execute(EmailTool.java:1) [classes/:?]
	at org.joget.apps.app.service.AppWorkflowHelper.executeTool(AppWorkflowHelper.java:130) [classes/:?]
	at org.joget.workflow.shark.WorkflowToolActivityHandler.executeActivity(WorkflowToolActivityHandler.java:69) [wflow-wfengine-8.1.1.jar:?]
	at org.enhydra.shark.WfActivityImpl.runTool(WfActivityImpl.java:1487) [sharkkernel-standard-2.0.1.jar:2.0-1]
	at org.enhydra.shark.WfActivityImpl.startActivity(WfActivityImpl.java:1419) [sharkkernel-standard-2.0.1.jar:2.0-1]
	at org.enhydra.shark.WfActivityImpl.activate(WfActivityImpl.java:261) [sharkkernel-standard-2.0.1.jar:2.0-1]
	at org.enhydra.shark.WfProcessImpl.startActivity(WfProcessImpl.java:918) [sharkkernel-standard-2.0.1.jar:2.0-1]
	at org.enhydra.shark.WfProcessImpl.queueNext(WfProcessImpl.java:1134) [sharkkernel-standard-2.0.1.jar:2.0-1]
	at org.enhydra.shark.WfProcessImpl.run(WfProcessImpl.java:750) [sharkkernel-standard-2.0.1.jar:2.0-1]
	at org.enhydra.shark.WfProcessImpl.activity_terminate(WfProcessImpl.java:1006) [sharkkernel-standard-2.0.1.jar:2.0-1]
	at org.enhydra.shark.WfActivityImpl.finishImproperlyAndNotifyProcess(WfActivityImpl.java:1664) [sharkkernel-standard-2.0.1.jar:2.0-1]
	at org.enhydra.shark.CustomWfActivityImpl.checkDeadlines(CustomWfActivityImpl.java:329) [wflow-wfengine-8.1.1.jar:2.0-1]
	at org.enhydra.shark.CustomWfProcessImpl.checkDeadlines(CustomWfProcessImpl.java:106) [wflow-wfengine-8.1.1.jar:2.0-1]
	at org.enhydra.shark.ExecutionAdmin.checkDeadlinesForProcesses(ExecutionAdmin.java:825) [sharkkernel-standard-2.0.1.jar:2.0-1]
	at org.joget.workflow.model.service.WorkflowManagerImpl.internalCheckDeadlines(WorkflowManagerImpl.java:5304) [wflow-wfengine-8.1.1.jar:?]
	at jdk.internal.reflect.GeneratedMethodAccessor362.invoke(Unknown Source) ~[?:?]
	at jdk.internal.reflect.DelegatingMethodAccessorImpl.invoke(DelegatingMethodAccessorImpl.java:43) ~[?:?]
	at java.lang.reflect.Method.invoke(Method.java:566) ~[?:?]
	at org.springframework.aop.support.AopUtils.invokeJoinpointUsingReflection(AopUtils.java:344) [spring-aop-5.3.33.jar:5.3.33]
	at org.springframework.aop.framework.ReflectiveMethodInvocation.invokeJoinpoint(ReflectiveMethodInvocation.java:198) [spring-aop-5.3.33.jar:5.3.33]
	at org.springframework.aop.framework.ReflectiveMethodInvocation.proceed(ReflectiveMethodInvocation.java:163) [spring-aop-5.3.33.jar:5.3.33]
	at org.springframework.transaction.interceptor.TransactionInterceptor$1.proceedWithInvocation(TransactionInterceptor.java:123) [spring-tx-5.3.33.jar:5.3.33]
	at org.springframework.transaction.interceptor.TransactionAspectSupport.invokeWithinTransaction(TransactionAspectSupport.java:388) [spring-tx-5.3.33.jar:5.3.33]
	at org.springframework.transaction.interceptor.TransactionInterceptor.invoke(TransactionInterceptor.java:119) [spring-tx-5.3.33.jar:5.3.33]
	at org.springframework.aop.framework.ReflectiveMethodInvocation.proceed(ReflectiveMethodInvocation.java:186) [spring-aop-5.3.33.jar:5.3.33]
	at org.joget.apps.app.service.SqlFilterAspect.invoke(SqlFilterAspect.java:38) [classes/:?]
	at org.springframework.aop.framework.ReflectiveMethodInvocation.proceed(ReflectiveMethodInvocation.java:186) [spring-aop-5.3.33.jar:5.3.33]
	at org.springframework.aop.interceptor.ExposeInvocationInterceptor.invoke(ExposeInvocationInterceptor.java:97) [spring-aop-5.3.33.jar:5.3.33]
	at org.springframework.aop.framework.ReflectiveMethodInvocation.proceed(ReflectiveMethodInvocation.java:186) [spring-aop-5.3.33.jar:5.3.33]
	at org.springframework.aop.framework.JdkDynamicAopProxy.invoke(JdkDynamicAopProxy.java:241) [spring-aop-5.3.33.jar:5.3.33]
	at com.sun.proxy.$Proxy131.internalCheckDeadlines(Unknown Source) [?:?]
	at org.joget.workflow.shark.DeadlineChecker.runMe(DeadlineChecker.java:240) [wflow-wfengine-8.1.1.jar:?]
	at org.joget.workflow.shark.DeadlineChecker.run(DeadlineChecker.java:143) [wflow-wfengine-8.1.1.jar:?]
INFO    01 Jul 2024 04:59:33 org.enhydra.shark.SharkUtilitiesAspect - Cache object id range : [56052800 - 56053000]
INFO    01 Jul 2024 04:59:34 org.enhydra.shark.SharkUtilitiesAspect - Cache counter range for _activitydata_ : [52186560 - 52186760]
INFO    01 Jul 2024 04:59:34 org.joget.workflow.shark.WorkflowAssignmentManager - [processId=49027_ptfWorkflow_ptf, processDefId=ptfWorkflow#107#ptf, participantId=rpaAdmin, next user=[rpa1]]
